

================================================================
== Vivado HLS Report for 'drop_ooo_ibh_512_s'
================================================================
* Date:           Mon Mar  1 13:04:12 2021

* Version:        2019.1 (Build 2552052 on Fri May 24 15:28:33 MDT 2019)
* Project:        rocev2_prj
* Solution:       solution1
* Product family: zynquplus
* Target device:  xczu7eg-ffvc1156-2-i


================================================================
== Performance Estimates
================================================================
+ Timing (ns): 
    * Summary: 
    +--------+-------+----------+------------+
    |  Clock | Target| Estimated| Uncertainty|
    +--------+-------+----------+------------+
    |ap_clk  |   8.00|     2.673|        1.00|
    +--------+-------+----------+------------+

+ Latency (clock cycles): 
    * Summary: 
    +-----+-----+-----+-----+----------+
    |  Latency  |  Interval | Pipeline |
    | min | max | min | max |   Type   |
    +-----+-----+-----+-----+----------+
    |    1|    1|    1|    1| function |
    +-----+-----+-----+-----+----------+

    + Detail: 
        * Instance: 
        N/A

        * Loop: 
        N/A



================================================================
== Utilization Estimates
================================================================
* Summary: 
+-----------------+---------+-------+--------+--------+-----+
|       Name      | BRAM_18K| DSP48E|   FF   |   LUT  | URAM|
+-----------------+---------+-------+--------+--------+-----+
|DSP              |        -|      -|       -|       -|    -|
|Expression       |        -|      -|       0|      25|    -|
|FIFO             |        -|      -|       -|       -|    -|
|Instance         |        -|      -|       -|       -|    -|
|Memory           |        -|      -|       -|       -|    -|
|Multiplexer      |        -|      -|       -|      81|    -|
|Register         |        -|      -|     585|       -|    -|
+-----------------+---------+-------+--------+--------+-----+
|Total            |        0|      0|     585|     106|    0|
+-----------------+---------+-------+--------+--------+-----+
|Available        |      624|   1728|  460800|  230400|   96|
+-----------------+---------+-------+--------+--------+-----+
|Utilization (%)  |        0|      0|   ~0   |   ~0   |    0|
+-----------------+---------+-------+--------+--------+-----+

+ Detail: 
    * Instance: 
    N/A

    * DSP48E: 
    N/A

    * Memory: 
    N/A

    * FIFO: 
    N/A

    * Expression: 
    +----------------------------------+----------+-------+---+----+------------+------------+
    |           Variable Name          | Operation| DSP48E| FF| LUT| Bitwidth P0| Bitwidth P1|
    +----------------------------------+----------+-------+---+----+------------+------------+
    |ap_block_state2_pp0_stage0_iter1  |    and   |      0|  0|   2|           1|           1|
    |ap_predicate_op11_read_state1     |    and   |      0|  0|   2|           1|           1|
    |ap_predicate_op18_read_state1     |    and   |      0|  0|   2|           1|           1|
    |ap_predicate_op34_write_state2    |    and   |      0|  0|   2|           1|           1|
    |ap_predicate_op6_read_state1      |    and   |      0|  0|   2|           1|           1|
    |grp_nbreadreq_fu_50_p5            |    and   |      0|  0|   2|           1|           1|
    |io_acc_block_signal_op34          |    and   |      0|  0|   2|           1|           1|
    |tmp_nbreadreq_fu_72_p3            |    and   |      0|  0|   2|           1|           0|
    |ap_block_pp0_stage0_01001         |    or    |      0|  0|   2|           1|           1|
    |ap_block_state1_pp0_stage0_iter0  |    or    |      0|  0|   2|           1|           1|
    |select_ln600_fu_121_p3            |  select  |      0|  0|   3|           1|           3|
    |ap_enable_pp0                     |    xor   |      0|  0|   2|           1|           2|
    +----------------------------------+----------+-------+---+----+------------+------------+
    |Total                             |          |      0|  0|  25|          12|          14|
    +----------------------------------+----------+-------+---+----+------------+------------+

    * Multiplexer: 
    +------------------------------+----+-----------+-----+-----------+
    |             Name             | LUT| Input Size| Bits| Total Bits|
    +------------------------------+----+-----------+-----+-----------+
    |ap_done                       |   9|          2|    1|          2|
    |rx_exh2dropFifo_V_da_blk_n    |   9|          2|    1|          2|
    |rx_exh2dropFifo_V_ke_blk_n    |   9|          2|    1|          2|
    |rx_exh2dropFifo_V_la_blk_n    |   9|          2|    1|          2|
    |rx_ibhDrop2exhFifo_V_1_blk_n  |   9|          2|    1|          2|
    |rx_ibhDrop2exhFifo_V_2_blk_n  |   9|          2|    1|          2|
    |rx_ibhDrop2exhFifo_V_blk_n    |   9|          2|    1|          2|
    |rx_ibhDropFifo_V_blk_n        |   9|          2|    1|          2|
    |state_5                       |   9|          2|    2|          4|
    +------------------------------+----+-----------+-----+-----------+
    |Total                         |  81|         18|   10|         20|
    +------------------------------+----+-----------+-----+-----------+

    * Register: 
    +-------------------------+-----+----+-----+-----------+
    |           Name          |  FF | LUT| Bits| Const Bits|
    +-------------------------+-----+----+-----+-----------+
    |ap_CS_fsm                |    1|   0|    1|          0|
    |ap_done_reg              |    1|   0|    1|          0|
    |ap_enable_reg_pp0_iter1  |    1|   0|    1|          0|
    |state_5                  |    2|   0|    2|          0|
    |state_5_load_reg_135     |    2|   0|    2|          0|
    |tmp_107_reg_147          |    1|   0|    1|          0|
    |tmp_data_V_reg_151       |  512|   0|  512|          0|
    |tmp_keep_V_reg_156       |   64|   0|   64|          0|
    |tmp_last_V_reg_161       |    1|   0|    1|          0|
    +-------------------------+-----+----+-----+-----------+
    |Total                    |  585|   0|  585|          0|
    +-------------------------+-----+----+-----+-----------+



================================================================
== Interface
================================================================
* Summary: 
+-------------------------------+-----+-----+------------+------------------------+--------------+
|           RTL Ports           | Dir | Bits|  Protocol  |      Source Object     |    C Type    |
+-------------------------------+-----+-----+------------+------------------------+--------------+
|ap_clk                         |  in |    1| ap_ctrl_hs |    drop_ooo_ibh<512>   | return value |
|ap_rst                         |  in |    1| ap_ctrl_hs |    drop_ooo_ibh<512>   | return value |
|ap_start                       |  in |    1| ap_ctrl_hs |    drop_ooo_ibh<512>   | return value |
|ap_done                        | out |    1| ap_ctrl_hs |    drop_ooo_ibh<512>   | return value |
|ap_continue                    |  in |    1| ap_ctrl_hs |    drop_ooo_ibh<512>   | return value |
|ap_idle                        | out |    1| ap_ctrl_hs |    drop_ooo_ibh<512>   | return value |
|ap_ready                       | out |    1| ap_ctrl_hs |    drop_ooo_ibh<512>   | return value |
|rx_exh2dropFifo_V_da_dout      |  in |  512|   ap_fifo  |  rx_exh2dropFifo_V_da  |    pointer   |
|rx_exh2dropFifo_V_da_empty_n   |  in |    1|   ap_fifo  |  rx_exh2dropFifo_V_da  |    pointer   |
|rx_exh2dropFifo_V_da_read      | out |    1|   ap_fifo  |  rx_exh2dropFifo_V_da  |    pointer   |
|rx_exh2dropFifo_V_ke_dout      |  in |   64|   ap_fifo  |  rx_exh2dropFifo_V_ke  |    pointer   |
|rx_exh2dropFifo_V_ke_empty_n   |  in |    1|   ap_fifo  |  rx_exh2dropFifo_V_ke  |    pointer   |
|rx_exh2dropFifo_V_ke_read      | out |    1|   ap_fifo  |  rx_exh2dropFifo_V_ke  |    pointer   |
|rx_exh2dropFifo_V_la_dout      |  in |    1|   ap_fifo  |  rx_exh2dropFifo_V_la  |    pointer   |
|rx_exh2dropFifo_V_la_empty_n   |  in |    1|   ap_fifo  |  rx_exh2dropFifo_V_la  |    pointer   |
|rx_exh2dropFifo_V_la_read      | out |    1|   ap_fifo  |  rx_exh2dropFifo_V_la  |    pointer   |
|rx_ibhDropFifo_V_dout          |  in |    1|   ap_fifo  |    rx_ibhDropFifo_V    |    pointer   |
|rx_ibhDropFifo_V_empty_n       |  in |    1|   ap_fifo  |    rx_ibhDropFifo_V    |    pointer   |
|rx_ibhDropFifo_V_read          | out |    1|   ap_fifo  |    rx_ibhDropFifo_V    |    pointer   |
|rx_ibhDrop2exhFifo_V_1_din     | out |  512|   ap_fifo  | rx_ibhDrop2exhFifo_V_1 |    pointer   |
|rx_ibhDrop2exhFifo_V_1_full_n  |  in |    1|   ap_fifo  | rx_ibhDrop2exhFifo_V_1 |    pointer   |
|rx_ibhDrop2exhFifo_V_1_write   | out |    1|   ap_fifo  | rx_ibhDrop2exhFifo_V_1 |    pointer   |
|rx_ibhDrop2exhFifo_V_2_din     | out |   64|   ap_fifo  | rx_ibhDrop2exhFifo_V_2 |    pointer   |
|rx_ibhDrop2exhFifo_V_2_full_n  |  in |    1|   ap_fifo  | rx_ibhDrop2exhFifo_V_2 |    pointer   |
|rx_ibhDrop2exhFifo_V_2_write   | out |    1|   ap_fifo  | rx_ibhDrop2exhFifo_V_2 |    pointer   |
|rx_ibhDrop2exhFifo_V_din       | out |    1|   ap_fifo  |  rx_ibhDrop2exhFifo_V  |    pointer   |
|rx_ibhDrop2exhFifo_V_full_n    |  in |    1|   ap_fifo  |  rx_ibhDrop2exhFifo_V  |    pointer   |
|rx_ibhDrop2exhFifo_V_write     | out |    1|   ap_fifo  |  rx_ibhDrop2exhFifo_V  |    pointer   |
+-------------------------------+-----+-----+------------+------------------------+--------------+

