

================================================================
== Vivado HLS Report for 'ipUdpMetaHandler'
================================================================
* Date:           Mon Mar  1 13:04:12 2021

* Version:        2019.1 (Build 2552052 on Fri May 24 15:28:33 MDT 2019)
* Project:        rocev2_prj
* Solution:       solution1
* Product family: zynquplus
* Target device:  xczu7eg-ffvc1156-2-i


================================================================
== Performance Estimates
================================================================
+ Timing (ns): 
    * Summary: 
    +--------+-------+----------+------------+
    |  Clock | Target| Estimated| Uncertainty|
    +--------+-------+----------+------------+
    |ap_clk  |   8.00|     1.838|        1.00|
    +--------+-------+----------+------------+

+ Latency (clock cycles): 
    * Summary: 
    +-----+-----+-----+-----+----------+
    |  Latency  |  Interval | Pipeline |
    | min | max | min | max |   Type   |
    +-----+-----+-----+-----+----------+
    |    1|    1|    1|    1| function |
    +-----+-----+-----+-----+----------+

    + Detail: 
        * Instance: 
        N/A

        * Loop: 
        N/A



================================================================
== Utilization Estimates
================================================================
* Summary: 
+-----------------+---------+-------+--------+--------+-----+
|       Name      | BRAM_18K| DSP48E|   FF   |   LUT  | URAM|
+-----------------+---------+-------+--------+--------+-----+
|DSP              |        -|      -|       -|       -|    -|
|Expression       |        -|      -|       0|      18|    -|
|FIFO             |        -|      -|       -|       -|    -|
|Instance         |        -|      -|       -|       -|    -|
|Memory           |        -|      -|       -|       -|    -|
|Multiplexer      |        -|      -|       -|      81|    -|
|Register         |        -|      -|     265|       -|    -|
+-----------------+---------+-------+--------+--------+-----+
|Total            |        0|      0|     265|      99|    0|
+-----------------+---------+-------+--------+--------+-----+
|Available        |      624|   1728|  460800|  230400|   96|
+-----------------+---------+-------+--------+--------+-----+
|Utilization (%)  |        0|      0|   ~0   |   ~0   |    0|
+-----------------+---------+-------+--------+--------+-----+

+ Detail: 
    * Instance: 
    N/A

    * DSP48E: 
    N/A

    * Memory: 
    N/A

    * FIFO: 
    N/A

    * Expression: 
    +----------------------------------+----------+-------+---+----+------------+------------+
    |           Variable Name          | Operation| DSP48E| FF| LUT| Bitwidth P0| Bitwidth P1|
    +----------------------------------+----------+-------+---+----+------------+------------+
    |ap_predicate_op11_read_state1     |    and   |      0|  0|   2|           1|           1|
    |ap_predicate_op26_write_state2    |    and   |      0|  0|   2|           1|           1|
    |io_acc_block_signal_op9           |    and   |      0|  0|   2|           1|           1|
    |tmp_80_nbreadreq_fu_66_p3         |    and   |      0|  0|   2|           1|           0|
    |tmp_81_nbreadreq_fu_74_p3         |    and   |      0|  0|   2|           1|           0|
    |ap_block_pp0_stage0_01001         |    or    |      0|  0|   2|           1|           1|
    |ap_block_state1_pp0_stage0_iter0  |    or    |      0|  0|   2|           1|           1|
    |ap_block_state2_pp0_stage0_iter1  |    or    |      0|  0|   2|           1|           1|
    |ap_enable_pp0                     |    xor   |      0|  0|   2|           1|           2|
    +----------------------------------+----------+-------+---+----+------------+------------+
    |Total                             |          |      0|  0|  18|           9|           8|
    +----------------------------------+----------+-------+---+----+------------+------------+

    * Multiplexer: 
    +------------------------------+----+-----------+-----+-----------+
    |             Name             | LUT| Input Size| Bits| Total Bits|
    +------------------------------+----+-----------+-----+-----------+
    |ap_done                       |   9|          2|    1|          2|
    |exh_lengthFifo_V_V_blk_n      |   9|          2|    1|          2|
    |rx_drop2exhFsm_MetaF_1_blk_n  |   9|          2|    1|          2|
    |rx_exh2drop_MetaFifo_1_blk_n  |   9|          2|    1|          2|
    |rx_ibhDropMetaFifo_V_blk_n    |   9|          2|    1|          2|
    |rx_ipUdpMetaFifo_V_l_blk_n    |   9|          2|    1|          2|
    |rx_ipUdpMetaFifo_V_m_blk_n    |   9|          2|    1|          2|
    |rx_ipUdpMetaFifo_V_t_1_blk_n  |   9|          2|    1|          2|
    |rx_ipUdpMetaFifo_V_t_blk_n    |   9|          2|    1|          2|
    +------------------------------+----+-----------+-----+-----------+
    |Total                         |  81|         18|    9|         18|
    +------------------------------+----+-----------+-----+-----------+

    * Register: 
    +-------------------------+-----+----+-----+-----------+
    |           Name          |  FF | LUT| Bits| Const Bits|
    +-------------------------+-----+----+-----+-----------+
    |ap_CS_fsm                |    1|   0|    1|          0|
    |ap_done_reg              |    1|   0|    1|          0|
    |ap_enable_reg_pp0_iter1  |    1|   0|    1|          0|
    |tmp53_reg_153            |  241|   0|  241|          0|
    |tmp_80_reg_140           |    1|   0|    1|          0|
    |tmp_81_reg_144           |    1|   0|    1|          0|
    |tmp_82_reg_162           |    1|   0|    1|          0|
    |tmp_length_V_reg_148     |   16|   0|   16|          0|
    |tmp_reg_136              |    1|   0|    1|          0|
    |trunc_ln135_reg_158      |    1|   0|    1|          0|
    +-------------------------+-----+----+-----+-----------+
    |Total                    |  265|   0|  265|          0|
    +-------------------------+-----+----+-----+-----------+



================================================================
== Interface
================================================================
* Summary: 
+--------------------------------+-----+-----+------------+------------------------+--------------+
|            RTL Ports           | Dir | Bits|  Protocol  |      Source Object     |    C Type    |
+--------------------------------+-----+-----+------------+------------------------+--------------+
|ap_clk                          |  in |    1| ap_ctrl_hs |    ipUdpMetaHandler    | return value |
|ap_rst                          |  in |    1| ap_ctrl_hs |    ipUdpMetaHandler    | return value |
|ap_start                        |  in |    1| ap_ctrl_hs |    ipUdpMetaHandler    | return value |
|ap_done                         | out |    1| ap_ctrl_hs |    ipUdpMetaHandler    | return value |
|ap_continue                     |  in |    1| ap_ctrl_hs |    ipUdpMetaHandler    | return value |
|ap_idle                         | out |    1| ap_ctrl_hs |    ipUdpMetaHandler    | return value |
|ap_ready                        | out |    1| ap_ctrl_hs |    ipUdpMetaHandler    | return value |
|rx_ipUdpMetaFifo_V_t_1_dout     |  in |  128|   ap_fifo  | rx_ipUdpMetaFifo_V_t_1 |    pointer   |
|rx_ipUdpMetaFifo_V_t_1_empty_n  |  in |    1|   ap_fifo  | rx_ipUdpMetaFifo_V_t_1 |    pointer   |
|rx_ipUdpMetaFifo_V_t_1_read     | out |    1|   ap_fifo  | rx_ipUdpMetaFifo_V_t_1 |    pointer   |
|rx_ipUdpMetaFifo_V_t_dout       |  in |   16|   ap_fifo  |  rx_ipUdpMetaFifo_V_t  |    pointer   |
|rx_ipUdpMetaFifo_V_t_empty_n    |  in |    1|   ap_fifo  |  rx_ipUdpMetaFifo_V_t  |    pointer   |
|rx_ipUdpMetaFifo_V_t_read       | out |    1|   ap_fifo  |  rx_ipUdpMetaFifo_V_t  |    pointer   |
|rx_ipUdpMetaFifo_V_m_dout       |  in |   16|   ap_fifo  |  rx_ipUdpMetaFifo_V_m  |    pointer   |
|rx_ipUdpMetaFifo_V_m_empty_n    |  in |    1|   ap_fifo  |  rx_ipUdpMetaFifo_V_m  |    pointer   |
|rx_ipUdpMetaFifo_V_m_read       | out |    1|   ap_fifo  |  rx_ipUdpMetaFifo_V_m  |    pointer   |
|rx_ipUdpMetaFifo_V_l_dout       |  in |   16|   ap_fifo  |  rx_ipUdpMetaFifo_V_l  |    pointer   |
|rx_ipUdpMetaFifo_V_l_empty_n    |  in |    1|   ap_fifo  |  rx_ipUdpMetaFifo_V_l  |    pointer   |
|rx_ipUdpMetaFifo_V_l_read       | out |    1|   ap_fifo  |  rx_ipUdpMetaFifo_V_l  |    pointer   |
|rx_exh2drop_MetaFifo_1_dout     |  in |  241|   ap_fifo  | rx_exh2drop_MetaFifo_1 |    pointer   |
|rx_exh2drop_MetaFifo_1_empty_n  |  in |    1|   ap_fifo  | rx_exh2drop_MetaFifo_1 |    pointer   |
|rx_exh2drop_MetaFifo_1_read     | out |    1|   ap_fifo  | rx_exh2drop_MetaFifo_1 |    pointer   |
|rx_ibhDropMetaFifo_V_dout       |  in |    2|   ap_fifo  |  rx_ibhDropMetaFifo_V  |    pointer   |
|rx_ibhDropMetaFifo_V_empty_n    |  in |    1|   ap_fifo  |  rx_ibhDropMetaFifo_V  |    pointer   |
|rx_ibhDropMetaFifo_V_read       | out |    1|   ap_fifo  |  rx_ibhDropMetaFifo_V  |    pointer   |
|exh_lengthFifo_V_V_din          | out |   16|   ap_fifo  |   exh_lengthFifo_V_V   |    pointer   |
|exh_lengthFifo_V_V_full_n       |  in |    1|   ap_fifo  |   exh_lengthFifo_V_V   |    pointer   |
|exh_lengthFifo_V_V_write        | out |    1|   ap_fifo  |   exh_lengthFifo_V_V   |    pointer   |
|rx_drop2exhFsm_MetaF_1_din      | out |  241|   ap_fifo  | rx_drop2exhFsm_MetaF_1 |    pointer   |
|rx_drop2exhFsm_MetaF_1_full_n   |  in |    1|   ap_fifo  | rx_drop2exhFsm_MetaF_1 |    pointer   |
|rx_drop2exhFsm_MetaF_1_write    | out |    1|   ap_fifo  | rx_drop2exhFsm_MetaF_1 |    pointer   |
+--------------------------------+-----+-----+------------+------------------------+--------------+

