

================================================================
== Vivado HLS Report for 'ipv4_drop_optional_i'
================================================================
* Date:           Mon Mar  1 13:04:08 2021

* Version:        2019.1 (Build 2552052 on Fri May 24 15:28:33 MDT 2019)
* Project:        rocev2_prj
* Solution:       solution1
* Product family: zynquplus
* Target device:  xczu7eg-ffvc1156-2-i


================================================================
== Performance Estimates
================================================================
+ Timing (ns): 
    * Summary: 
    +--------+-------+----------+------------+
    |  Clock | Target| Estimated| Uncertainty|
    +--------+-------+----------+------------+
    |ap_clk  |   8.00|     2.777|        1.00|
    +--------+-------+----------+------------+

+ Latency (clock cycles): 
    * Summary: 
    +-----+-----+-----+-----+----------+
    |  Latency  |  Interval | Pipeline |
    | min | max | min | max |   Type   |
    +-----+-----+-----+-----+----------+
    |    1|    1|    1|    1| function |
    +-----+-----+-----+-----+----------+

    + Detail: 
        * Instance: 
        N/A

        * Loop: 
        N/A



================================================================
== Utilization Estimates
================================================================
* Summary: 
+-----------------+---------+-------+--------+--------+-----+
|       Name      | BRAM_18K| DSP48E|   FF   |   LUT  | URAM|
+-----------------+---------+-------+--------+--------+-----+
|DSP              |        -|      -|       -|       -|    -|
|Expression       |        -|      -|       0|      82|    -|
|FIFO             |        -|      -|       -|       -|    -|
|Instance         |        -|      -|       -|       -|    -|
|Memory           |        -|      -|       -|       -|    -|
|Multiplexer      |        -|      -|       -|     207|    -|
|Register         |        -|      -|    1963|       -|    -|
+-----------------+---------+-------+--------+--------+-----+
|Total            |        0|      0|    1963|     289|    0|
+-----------------+---------+-------+--------+--------+-----+
|Available        |      624|   1728|  460800|  230400|   96|
+-----------------+---------+-------+--------+--------+-----+
|Utilization (%)  |        0|      0|   ~0   |   ~0   |    0|
+-----------------+---------+-------+--------+--------+-----+

+ Detail: 
    * Instance: 
    N/A

    * DSP48E: 
    N/A

    * Memory: 
    N/A

    * FIFO: 
    N/A

    * Expression: 
    +----------------------------------+----------+-------+---+----+------------+------------+
    |           Variable Name          | Operation| DSP48E| FF| LUT| Bitwidth P0| Bitwidth P1|
    +----------------------------------+----------+-------+---+----+------------+------------+
    |add_ln701_fu_288_p2               |     +    |      0|  0|  12|           4|           3|
    |ap_condition_346                  |    and   |      0|  0|   2|           1|           1|
    |ap_condition_521                  |    and   |      0|  0|   2|           1|           1|
    |ap_predicate_op102_write_state2   |    and   |      0|  0|   2|           1|           1|
    |ap_predicate_op114_write_state2   |    and   |      0|  0|   2|           1|           1|
    |ap_predicate_op121_write_state2   |    and   |      0|  0|   2|           1|           1|
    |ap_predicate_op13_read_state1     |    and   |      0|  0|   2|           1|           1|
    |ap_predicate_op27_read_state1     |    and   |      0|  0|   2|           1|           1|
    |ap_predicate_op41_read_state1     |    and   |      0|  0|   2|           1|           1|
    |ap_predicate_op48_read_state1     |    and   |      0|  0|   2|           1|           1|
    |ap_predicate_op65_read_state1     |    and   |      0|  0|   2|           1|           1|
    |ap_predicate_op69_read_state1     |    and   |      0|  0|   2|           1|           1|
    |grp_nbreadreq_fu_108_p5           |    and   |      0|  0|   2|           1|           1|
    |io_acc_block_signal_op102         |    and   |      0|  0|   2|           1|           1|
    |tmp_nbreadreq_fu_130_p3           |    and   |      0|  0|   2|           1|           0|
    |icmp_ln879_7_fu_330_p2            |   icmp   |      0|  0|   9|           4|           3|
    |icmp_ln879_8_fu_306_p2            |   icmp   |      0|  0|   9|           4|           1|
    |icmp_ln879_fu_300_p2              |   icmp   |      0|  0|   9|           4|           1|
    |ap_block_pp0_stage0_01001         |    or    |      0|  0|   2|           1|           1|
    |ap_block_state1_pp0_stage0_iter0  |    or    |      0|  0|   2|           1|           1|
    |ap_block_state2_pp0_stage0_iter1  |    or    |      0|  0|   2|           1|           1|
    |select_ln239_fu_340_p3            |  select  |      0|  0|   3|           1|           3|
    |ap_enable_pp0                     |    xor   |      0|  0|   2|           1|           2|
    |tmp_last_V_33_fu_428_p2           |    xor   |      0|  0|   2|           1|           2|
    |tmp_last_V_35_fu_406_p2           |    xor   |      0|  0|   2|           1|           2|
    +----------------------------------+----------+-------+---+----+------------+------------+
    |Total                             |          |      0|  0|  82|          37|          33|
    +----------------------------------+----------+-------+---+----+------------+------------+

    * Multiplexer: 
    +-------------------------------+----+-----------+-----+-----------+
    |              Name             | LUT| Input Size| Bits| Total Bits|
    +-------------------------------+----+-----------+-----+-----------+
    |ap_done                        |   9|          2|    1|          2|
    |doh_state                      |  33|          6|    3|         18|
    |length_V                       |   9|          2|    4|          8|
    |rx_ip2udpFifo_V_data_blk_n     |   9|          2|    1|          2|
    |rx_ip2udpFifo_V_data_din       |  33|          6|  512|       3072|
    |rx_ip2udpFifo_V_keep_blk_n     |   9|          2|    1|          2|
    |rx_ip2udpFifo_V_keep_din       |  33|          6|   64|        384|
    |rx_ip2udpFifo_V_last_blk_n     |   9|          2|    1|          2|
    |rx_ip2udpFifo_V_last_din       |  27|          5|    1|          5|
    |rx_process2dropFifo_1_5_blk_n  |   9|          2|    1|          2|
    |rx_process2dropFifo_2_4_blk_n  |   9|          2|    1|          2|
    |rx_process2dropFifo_s_6_blk_n  |   9|          2|    1|          2|
    |rx_process2dropLengt_1_blk_n   |   9|          2|    1|          2|
    +-------------------------------+----+-----------+-----+-----------+
    |Total                          | 207|         41|  592|       3503|
    +-------------------------------+----+-----------+-----+-----------+

    * Register: 
    +-------------------------+-----+----+-----+-----------+
    |           Name          |  FF | LUT| Bits| Const Bits|
    +-------------------------+-----+----+-----+-----------+
    |ap_CS_fsm                |    1|   0|    1|          0|
    |ap_done_reg              |    1|   0|    1|          0|
    |ap_enable_reg_pp0_iter1  |    1|   0|    1|          0|
    |doh_state                |    3|   0|    3|          0|
    |doh_state_load_reg_434   |    3|   0|    3|          0|
    |length_V                 |    4|   0|    4|          0|
    |p_Val2_42_reg_444        |   64|   0|   64|          0|
    |p_Val2_s_reg_438         |  512|   0|  512|          0|
    |prevWord_data_V          |  512|   0|  512|          0|
    |prevWord_keep_V          |   64|   0|   64|          0|
    |tmp_74_reg_496           |    1|   0|    1|          0|
    |tmp_75_reg_473           |    1|   0|    1|          0|
    |tmp_76_reg_450           |    1|   0|    1|          0|
    |tmp_78_reg_491           |    1|   0|    1|          0|
    |tmp_79_reg_468           |    1|   0|    1|          0|
    |tmp_data_V_46_reg_500    |  512|   0|  512|          0|
    |tmp_keep_V_43_reg_505    |   64|   0|   64|          0|
    |tmp_last_V_reg_510       |    1|   0|    1|          0|
    |trunc_ln647_13_reg_486   |    4|   0|    4|          0|
    |trunc_ln647_14_reg_458   |  160|   0|  160|          0|
    |trunc_ln647_15_reg_463   |   20|   0|   20|          0|
    |trunc_ln647_reg_481      |   32|   0|   32|          0|
    +-------------------------+-----+----+-----+-----------+
    |Total                    | 1963|   0| 1963|          0|
    +-------------------------+-----+----+-----+-----------+



================================================================
== Interface
================================================================
* Summary: 
+---------------------------------+-----+-----+------------+-------------------------+--------------+
|            RTL Ports            | Dir | Bits|  Protocol  |      Source Object      |    C Type    |
+---------------------------------+-----+-----+------------+-------------------------+--------------+
|ap_clk                           |  in |    1| ap_ctrl_hs |   ipv4_drop_optional_i  | return value |
|ap_rst                           |  in |    1| ap_ctrl_hs |   ipv4_drop_optional_i  | return value |
|ap_start                         |  in |    1| ap_ctrl_hs |   ipv4_drop_optional_i  | return value |
|ap_done                          | out |    1| ap_ctrl_hs |   ipv4_drop_optional_i  | return value |
|ap_continue                      |  in |    1| ap_ctrl_hs |   ipv4_drop_optional_i  | return value |
|ap_idle                          | out |    1| ap_ctrl_hs |   ipv4_drop_optional_i  | return value |
|ap_ready                         | out |    1| ap_ctrl_hs |   ipv4_drop_optional_i  | return value |
|rx_process2dropFifo_1_5_dout     |  in |  512|   ap_fifo  | rx_process2dropFifo_1_5 |    pointer   |
|rx_process2dropFifo_1_5_empty_n  |  in |    1|   ap_fifo  | rx_process2dropFifo_1_5 |    pointer   |
|rx_process2dropFifo_1_5_read     | out |    1|   ap_fifo  | rx_process2dropFifo_1_5 |    pointer   |
|rx_process2dropFifo_2_4_dout     |  in |   64|   ap_fifo  | rx_process2dropFifo_2_4 |    pointer   |
|rx_process2dropFifo_2_4_empty_n  |  in |    1|   ap_fifo  | rx_process2dropFifo_2_4 |    pointer   |
|rx_process2dropFifo_2_4_read     | out |    1|   ap_fifo  | rx_process2dropFifo_2_4 |    pointer   |
|rx_process2dropFifo_s_6_dout     |  in |    1|   ap_fifo  | rx_process2dropFifo_s_6 |    pointer   |
|rx_process2dropFifo_s_6_empty_n  |  in |    1|   ap_fifo  | rx_process2dropFifo_s_6 |    pointer   |
|rx_process2dropFifo_s_6_read     | out |    1|   ap_fifo  | rx_process2dropFifo_s_6 |    pointer   |
|rx_process2dropLengt_1_dout      |  in |    4|   ap_fifo  |  rx_process2dropLengt_1 |    pointer   |
|rx_process2dropLengt_1_empty_n   |  in |    1|   ap_fifo  |  rx_process2dropLengt_1 |    pointer   |
|rx_process2dropLengt_1_read      | out |    1|   ap_fifo  |  rx_process2dropLengt_1 |    pointer   |
|rx_ip2udpFifo_V_data_din         | out |  512|   ap_fifo  |   rx_ip2udpFifo_V_data  |    pointer   |
|rx_ip2udpFifo_V_data_full_n      |  in |    1|   ap_fifo  |   rx_ip2udpFifo_V_data  |    pointer   |
|rx_ip2udpFifo_V_data_write       | out |    1|   ap_fifo  |   rx_ip2udpFifo_V_data  |    pointer   |
|rx_ip2udpFifo_V_keep_din         | out |   64|   ap_fifo  |   rx_ip2udpFifo_V_keep  |    pointer   |
|rx_ip2udpFifo_V_keep_full_n      |  in |    1|   ap_fifo  |   rx_ip2udpFifo_V_keep  |    pointer   |
|rx_ip2udpFifo_V_keep_write       | out |    1|   ap_fifo  |   rx_ip2udpFifo_V_keep  |    pointer   |
|rx_ip2udpFifo_V_last_din         | out |    1|   ap_fifo  |   rx_ip2udpFifo_V_last  |    pointer   |
|rx_ip2udpFifo_V_last_full_n      |  in |    1|   ap_fifo  |   rx_ip2udpFifo_V_last  |    pointer   |
|rx_ip2udpFifo_V_last_write       | out |    1|   ap_fifo  |   rx_ip2udpFifo_V_last  |    pointer   |
+---------------------------------+-----+-----+------------+-------------------------+--------------+

