

================================================================
== Vivado HLS Report for 'ipv4_generate_ipv421'
================================================================
* Date:           Mon Mar  1 13:04:08 2021

* Version:        2019.1 (Build 2552052 on Fri May 24 15:28:33 MDT 2019)
* Project:        rocev2_prj
* Solution:       solution1
* Product family: zynquplus
* Target device:  xczu7eg-ffvc1156-2-i


================================================================
== Performance Estimates
================================================================
+ Timing (ns): 
    * Summary: 
    +--------+-------+----------+------------+
    |  Clock | Target| Estimated| Uncertainty|
    +--------+-------+----------+------------+
    |ap_clk  |   8.00|     3.967|        1.00|
    +--------+-------+----------+------------+

+ Latency (clock cycles): 
    * Summary: 
    +-----+-----+-----+-----+----------+
    |  Latency  |  Interval | Pipeline |
    | min | max | min | max |   Type   |
    +-----+-----+-----+-----+----------+
    |    1|    1|    1|    1| function |
    +-----+-----+-----+-----+----------+

    + Detail: 
        * Instance: 
        N/A

        * Loop: 
        N/A



================================================================
== Utilization Estimates
================================================================
* Summary: 
+-----------------+---------+-------+--------+--------+-----+
|       Name      | BRAM_18K| DSP48E|   FF   |   LUT  | URAM|
+-----------------+---------+-------+--------+--------+-----+
|DSP              |        -|      -|       -|       -|    -|
|Expression       |        -|      -|       0|    1040|    -|
|FIFO             |        -|      -|       -|       -|    -|
|Instance         |        -|      -|       -|       -|    -|
|Memory           |        -|      -|       -|       -|    -|
|Multiplexer      |        -|      -|       -|     144|    -|
|Register         |        -|      -|     764|       -|    -|
+-----------------+---------+-------+--------+--------+-----+
|Total            |        0|      0|     764|    1184|    0|
+-----------------+---------+-------+--------+--------+-----+
|Available        |      624|   1728|  460800|  230400|   96|
+-----------------+---------+-------+--------+--------+-----+
|Utilization (%)  |        0|      0|   ~0   |   ~0   |    0|
+-----------------+---------+-------+--------+--------+-----+

+ Detail: 
    * Instance: 
    N/A

    * DSP48E: 
    N/A

    * Memory: 
    N/A

    * FIFO: 
    N/A

    * Expression: 
    +----------------------------------+----------+-------+---+-----+------------+------------+
    |           Variable Name          | Operation| DSP48E| FF| LUT | Bitwidth P0| Bitwidth P1|
    +----------------------------------+----------+-------+---+-----+------------+------------+
    |add_ln87_fu_425_p2                |     +    |      0|  0|   23|          16|           1|
    |length_V_1_fu_247_p2              |     +    |      0|  0|   23|           5|          16|
    |ap_condition_140                  |    and   |      0|  0|    2|           1|           1|
    |ap_condition_194                  |    and   |      0|  0|    2|           1|           1|
    |ap_condition_199                  |    and   |      0|  0|    2|           1|           1|
    |ap_condition_230                  |    and   |      0|  0|    2|           1|           1|
    |ap_predicate_op16_read_state1     |    and   |      0|  0|    2|           1|           1|
    |ap_predicate_op23_read_state1     |    and   |      0|  0|    2|           1|           1|
    |ap_predicate_op73_write_state2    |    and   |      0|  0|    2|           1|           1|
    |ap_predicate_op77_write_state2    |    and   |      0|  0|    2|           1|           1|
    |ap_predicate_op8_read_state1      |    and   |      0|  0|    2|           1|           1|
    |grp_nbreadreq_fu_124_p5           |    and   |      0|  0|    2|           1|           1|
    |io_acc_block_signal_op23          |    and   |      0|  0|    2|           1|           1|
    |io_acc_block_signal_op73          |    and   |      0|  0|    2|           1|           1|
    |p_Result_50_fu_407_p2             |    and   |      0|  0|  160|         160|         160|
    |icmp_ln647_fu_361_p2              |   icmp   |      0|  0|   20|          25|           8|
    |icmp_ln84_fu_355_p2               |   icmp   |      0|  0|   20|          25|           8|
    |ap_block_pp0_stage0_01001         |    or    |      0|  0|    2|           1|           1|
    |ap_block_state1_pp0_stage0_iter0  |    or    |      0|  0|    2|           1|           1|
    |ap_block_state2_pp0_stage0_iter1  |    or    |      0|  0|    2|           1|           1|
    |currWord_data_V_1_fu_439_p3       |  select  |      0|  0|  505|           1|         512|
    |select_ln312_fu_219_p3            |  select  |      0|  0|    2|           1|           2|
    |select_ln647_3_fu_391_p3          |  select  |      0|  0|  136|           1|         160|
    |select_ln647_4_fu_399_p3          |  select  |      0|  0|   99|           1|          98|
    |select_ln647_fu_379_p3            |  select  |      0|  0|    2|           1|           1|
    |select_ln84_fu_431_p3             |  select  |      0|  0|   16|           1|          16|
    |ap_enable_pp0                     |    xor   |      0|  0|    2|           1|           2|
    |xor_ln312_fu_213_p2               |    xor   |      0|  0|    2|           1|           2|
    +----------------------------------+----------+-------+---+-----+------------+------------+
    |Total                             |          |      0|  0| 1040|         254|        1001|
    +----------------------------------+----------+-------+---+-----+------------+------------+

    * Multiplexer: 
    +-----------------------------+----+-----------+-----+-----------+
    |             Name            | LUT| Input Size| Bits| Total Bits|
    +-----------------------------+----+-----------+-----+-----------+
    |ap_done                      |   9|          2|    1|          2|
    |gi_state                     |  15|          3|    2|          6|
    |header_idx_4                 |   9|          2|   16|         32|
    |ip2checksum_V_data_V_blk_n   |   9|          2|    1|          2|
    |ip2checksum_V_data_V_din     |  15|          3|  512|       1536|
    |ip2checksum_V_keep_V_blk_n   |   9|          2|    1|          2|
    |ip2checksum_V_last_V_blk_n   |   9|          2|    1|          2|
    |ip2checksum_V_last_V_din     |  15|          3|    1|          3|
    |local_ip_address_V_blk_n     |   9|          2|    1|          2|
    |tx_shift2ipv4Fifo_V_1_blk_n  |   9|          2|    1|          2|
    |tx_shift2ipv4Fifo_V_2_blk_n  |   9|          2|    1|          2|
    |tx_shift2ipv4Fifo_V_s_blk_n  |   9|          2|    1|          2|
    |tx_udp2ipMetaFifo_V_1_blk_n  |   9|          2|    1|          2|
    |tx_udp2ipMetaFifo_V_s_blk_n  |   9|          2|    1|          2|
    +-----------------------------+----+-----------+-----+-----------+
    |Total                        | 144|         31|  541|       1597|
    +-----------------------------+----+-----------+-----+-----------+

    * Register: 
    +-------------------------+-----+----+-----+-----------+
    |           Name          |  FF | LUT| Bits| Const Bits|
    +-------------------------+-----+----+-----+-----------+
    |ap_CS_fsm                |    1|   0|    1|          0|
    |ap_done_reg              |    1|   0|    1|          0|
    |ap_enable_reg_pp0_iter1  |    1|   0|    1|          0|
    |gi_state                 |    2|   0|    2|          0|
    |gi_state_load_reg_460    |    2|   0|    2|          0|
    |header_header_V_5        |  160|   0|  160|          0|
    |header_idx_4             |   16|   0|   16|          0|
    |reg_189                  |  512|   0|  512|          0|
    |reg_194                  |   64|   0|   64|          0|
    |tmp_70_reg_473           |    1|   0|    1|          0|
    |tmp_71_reg_464           |    1|   0|    1|          0|
    |tmp_last_V_31_reg_468    |    1|   0|    1|          0|
    |tmp_last_V_reg_477       |    1|   0|    1|          0|
    |tmp_reg_482              |    1|   0|    1|          0|
    +-------------------------+-----+----+-----+-----------+
    |Total                    |  764|   0|  764|          0|
    +-------------------------+-----+----+-----+-----------+



================================================================
== Interface
================================================================
* Summary: 
+-------------------------------+-----+-----+------------+-----------------------+--------------+
|           RTL Ports           | Dir | Bits|  Protocol  |     Source Object     |    C Type    |
+-------------------------------+-----+-----+------------+-----------------------+--------------+
|ap_clk                         |  in |    1| ap_ctrl_hs |  ipv4_generate_ipv421 | return value |
|ap_rst                         |  in |    1| ap_ctrl_hs |  ipv4_generate_ipv421 | return value |
|ap_start                       |  in |    1| ap_ctrl_hs |  ipv4_generate_ipv421 | return value |
|ap_done                        | out |    1| ap_ctrl_hs |  ipv4_generate_ipv421 | return value |
|ap_continue                    |  in |    1| ap_ctrl_hs |  ipv4_generate_ipv421 | return value |
|ap_idle                        | out |    1| ap_ctrl_hs |  ipv4_generate_ipv421 | return value |
|ap_ready                       | out |    1| ap_ctrl_hs |  ipv4_generate_ipv421 | return value |
|local_ip_address_V_dout        |  in |  128|   ap_fifo  |   local_ip_address_V  |    pointer   |
|local_ip_address_V_empty_n     |  in |    1|   ap_fifo  |   local_ip_address_V  |    pointer   |
|local_ip_address_V_read        | out |    1|   ap_fifo  |   local_ip_address_V  |    pointer   |
|tx_shift2ipv4Fifo_V_1_dout     |  in |  512|   ap_fifo  | tx_shift2ipv4Fifo_V_1 |    pointer   |
|tx_shift2ipv4Fifo_V_1_empty_n  |  in |    1|   ap_fifo  | tx_shift2ipv4Fifo_V_1 |    pointer   |
|tx_shift2ipv4Fifo_V_1_read     | out |    1|   ap_fifo  | tx_shift2ipv4Fifo_V_1 |    pointer   |
|tx_shift2ipv4Fifo_V_2_dout     |  in |   64|   ap_fifo  | tx_shift2ipv4Fifo_V_2 |    pointer   |
|tx_shift2ipv4Fifo_V_2_empty_n  |  in |    1|   ap_fifo  | tx_shift2ipv4Fifo_V_2 |    pointer   |
|tx_shift2ipv4Fifo_V_2_read     | out |    1|   ap_fifo  | tx_shift2ipv4Fifo_V_2 |    pointer   |
|tx_shift2ipv4Fifo_V_s_dout     |  in |    1|   ap_fifo  | tx_shift2ipv4Fifo_V_s |    pointer   |
|tx_shift2ipv4Fifo_V_s_empty_n  |  in |    1|   ap_fifo  | tx_shift2ipv4Fifo_V_s |    pointer   |
|tx_shift2ipv4Fifo_V_s_read     | out |    1|   ap_fifo  | tx_shift2ipv4Fifo_V_s |    pointer   |
|tx_udp2ipMetaFifo_V_s_dout     |  in |   32|   ap_fifo  | tx_udp2ipMetaFifo_V_s |    pointer   |
|tx_udp2ipMetaFifo_V_s_empty_n  |  in |    1|   ap_fifo  | tx_udp2ipMetaFifo_V_s |    pointer   |
|tx_udp2ipMetaFifo_V_s_read     | out |    1|   ap_fifo  | tx_udp2ipMetaFifo_V_s |    pointer   |
|tx_udp2ipMetaFifo_V_1_dout     |  in |   16|   ap_fifo  | tx_udp2ipMetaFifo_V_1 |    pointer   |
|tx_udp2ipMetaFifo_V_1_empty_n  |  in |    1|   ap_fifo  | tx_udp2ipMetaFifo_V_1 |    pointer   |
|tx_udp2ipMetaFifo_V_1_read     | out |    1|   ap_fifo  | tx_udp2ipMetaFifo_V_1 |    pointer   |
|ip2checksum_V_data_V_din       | out |  512|   ap_fifo  |  ip2checksum_V_data_V |    pointer   |
|ip2checksum_V_data_V_full_n    |  in |    1|   ap_fifo  |  ip2checksum_V_data_V |    pointer   |
|ip2checksum_V_data_V_write     | out |    1|   ap_fifo  |  ip2checksum_V_data_V |    pointer   |
|ip2checksum_V_keep_V_din       | out |   64|   ap_fifo  |  ip2checksum_V_keep_V |    pointer   |
|ip2checksum_V_keep_V_full_n    |  in |    1|   ap_fifo  |  ip2checksum_V_keep_V |    pointer   |
|ip2checksum_V_keep_V_write     | out |    1|   ap_fifo  |  ip2checksum_V_keep_V |    pointer   |
|ip2checksum_V_last_V_din       | out |    1|   ap_fifo  |  ip2checksum_V_last_V |    pointer   |
|ip2checksum_V_last_V_full_n    |  in |    1|   ap_fifo  |  ip2checksum_V_last_V |    pointer   |
|ip2checksum_V_last_V_write     | out |    1|   ap_fifo  |  ip2checksum_V_last_V |    pointer   |
+-------------------------------+-----+-----+------------+-----------------------+--------------+

