

================================================================
== Vivado HLS Report for 'rshiftWordByOctet'
================================================================
* Date:           Mon Mar  1 13:04:14 2021

* Version:        2019.1 (Build 2552052 on Fri May 24 15:28:33 MDT 2019)
* Project:        rocev2_prj
* Solution:       solution1
* Product family: zynquplus
* Target device:  xczu7eg-ffvc1156-2-i


================================================================
== Performance Estimates
================================================================
+ Timing (ns): 
    * Summary: 
    +--------+-------+----------+------------+
    |  Clock | Target| Estimated| Uncertainty|
    +--------+-------+----------+------------+
    |ap_clk  |   8.00|     3.633|        1.00|
    +--------+-------+----------+------------+

+ Latency (clock cycles): 
    * Summary: 
    +-----+-----+-----+-----+----------+
    |  Latency  |  Interval | Pipeline |
    | min | max | min | max |   Type   |
    +-----+-----+-----+-----+----------+
    |    1|    1|    1|    1| function |
    +-----+-----+-----+-----+----------+

    + Detail: 
        * Instance: 
        N/A

        * Loop: 
        N/A



================================================================
== Utilization Estimates
================================================================
* Summary: 
+-----------------+---------+-------+--------+--------+-----+
|       Name      | BRAM_18K| DSP48E|   FF   |   LUT  | URAM|
+-----------------+---------+-------+--------+--------+-----+
|DSP              |        -|      -|       -|       -|    -|
|Expression       |        -|      -|       0|      48|    -|
|FIFO             |        -|      -|       -|       -|    -|
|Instance         |        -|      -|       -|       -|    -|
|Memory           |        -|      -|       -|       -|    -|
|Multiplexer      |        -|      -|       -|     171|    -|
|Register         |        -|      -|    1162|       -|    -|
+-----------------+---------+-------+--------+--------+-----+
|Total            |        0|      0|    1162|     219|    0|
+-----------------+---------+-------+--------+--------+-----+
|Available        |      624|   1728|  460800|  230400|   96|
+-----------------+---------+-------+--------+--------+-----+
|Utilization (%)  |        0|      0|   ~0   |   ~0   |    0|
+-----------------+---------+-------+--------+--------+-----+

+ Detail: 
    * Instance: 
    N/A

    * DSP48E: 
    N/A

    * Memory: 
    N/A

    * FIFO: 
    N/A

    * Expression: 
    +----------------------------------+----------+-------+---+----+------------+------------+
    |           Variable Name          | Operation| DSP48E| FF| LUT| Bitwidth P0| Bitwidth P1|
    +----------------------------------+----------+-------+---+----+------------+------------+
    |ap_condition_111                  |    and   |      0|  0|   2|           1|           1|
    |ap_condition_182                  |    and   |      0|  0|   2|           1|           1|
    |ap_condition_195                  |    and   |      0|  0|   2|           1|           1|
    |ap_condition_206                  |    and   |      0|  0|   2|           1|           1|
    |ap_predicate_op42_write_state2    |    and   |      0|  0|   2|           1|           1|
    |ap_predicate_op7_read_state1      |    and   |      0|  0|   2|           1|           1|
    |io_acc_block_signal_op42          |    and   |      0|  0|   2|           1|           1|
    |io_acc_block_signal_op7           |    and   |      0|  0|   2|           1|           1|
    |tmp_last_V_fu_192_p2              |   icmp   |      0|  0|  24|          48|           1|
    |ap_block_pp0_stage0_01001         |    or    |      0|  0|   2|           1|           1|
    |ap_block_state1_pp0_stage0_iter0  |    or    |      0|  0|   2|           1|           1|
    |ap_block_state2_pp0_stage0_iter1  |    or    |      0|  0|   2|           1|           1|
    |ap_enable_pp0                     |    xor   |      0|  0|   2|           1|           2|
    +----------------------------------+----------+-------+---+----+------------+------------+
    |Total                             |          |      0|  0|  48|          60|          14|
    +----------------------------------+----------+-------+---+----+------------+------------+

    * Multiplexer: 
    +-----------------------------------------------+----+-----------+-----+-----------+
    |                      Name                     | LUT| Input Size| Bits| Total Bits|
    +-----------------------------------------------+----+-----------+-----+-----------+
    |ap_done                                        |   9|          2|    1|          2|
    |ap_phi_mux_rs_firstWord_5_new_0_phi_fu_132_p4  |  15|          3|    1|          3|
    |ap_phi_mux_sendWord_last_V_0_i_phi_fu_121_p4   |  15|          3|    1|          3|
    |rx_exh2rethShiftFifo_4_blk_n                   |   9|          2|    1|          2|
    |rx_exh2rethShiftFifo_6_blk_n                   |   9|          2|    1|          2|
    |rx_exh2rethShiftFifo_7_blk_n                   |   9|          2|    1|          2|
    |rx_exh2rethShiftFifo_8_blk_n                   |   9|          2|    1|          2|
    |rx_rethSift2mergerFi_4_blk_n                   |   9|          2|    1|          2|
    |rx_rethSift2mergerFi_4_din                     |  15|          3|    1|          3|
    |rx_rethSift2mergerFi_6_blk_n                   |   9|          2|    1|          2|
    |rx_rethSift2mergerFi_6_din                     |  15|          3|   64|        192|
    |rx_rethSift2mergerFi_7_blk_n                   |   9|          2|    1|          2|
    |rx_rethSift2mergerFi_7_din                     |  15|          3|    1|          3|
    |rx_rethSift2mergerFi_8_blk_n                   |   9|          2|    1|          2|
    |rx_rethSift2mergerFi_8_din                     |  15|          3|  512|       1536|
    +-----------------------------------------------+----+-----------+-----+-----------+
    |Total                                          | 171|         36|  589|       1758|
    +-----------------------------------------------+----+-----------+-----+-----------+

    * Register: 
    +-----------------------------+-----+----+-----+-----------+
    |             Name            |  FF | LUT| Bits| Const Bits|
    +-----------------------------+-----+----+-----+-----------+
    |ap_CS_fsm                    |    1|   0|    1|          0|
    |ap_done_reg                  |    1|   0|    1|          0|
    |ap_enable_reg_pp0_iter1      |    1|   0|    1|          0|
    |fsmState_1                   |    1|   0|    1|          0|
    |fsmState_1_load_reg_279      |    1|   0|    1|          0|
    |prevWord_data_V_19           |  512|   0|  512|          0|
    |prevWord_keep_V_16           |   64|   0|   64|          0|
    |rs_firstWord_1               |    1|   0|    1|          0|
    |rs_firstWord_1_load_reg_308  |    1|   0|    1|          0|
    |tmp_data_V_25_reg_287        |  512|   0|  512|          0|
    |tmp_dest_V_reg_303           |    1|   0|    1|          0|
    |tmp_keep_V_25_reg_293        |   64|   0|   64|          0|
    |tmp_last_V_reg_312           |    1|   0|    1|          0|
    |tmp_reg_283                  |    1|   0|    1|          0|
    +-----------------------------+-----+----+-----+-----------+
    |Total                        | 1162|   0| 1162|          0|
    +-----------------------------+-----+----+-----+-----------+



================================================================
== Interface
================================================================
* Summary: 
+--------------------------------+-----+-----+------------+------------------------+--------------+
|            RTL Ports           | Dir | Bits|  Protocol  |      Source Object     |    C Type    |
+--------------------------------+-----+-----+------------+------------------------+--------------+
|ap_clk                          |  in |    1| ap_ctrl_hs |    rshiftWordByOctet   | return value |
|ap_rst                          |  in |    1| ap_ctrl_hs |    rshiftWordByOctet   | return value |
|ap_start                        |  in |    1| ap_ctrl_hs |    rshiftWordByOctet   | return value |
|ap_done                         | out |    1| ap_ctrl_hs |    rshiftWordByOctet   | return value |
|ap_continue                     |  in |    1| ap_ctrl_hs |    rshiftWordByOctet   | return value |
|ap_idle                         | out |    1| ap_ctrl_hs |    rshiftWordByOctet   | return value |
|ap_ready                        | out |    1| ap_ctrl_hs |    rshiftWordByOctet   | return value |
|rx_exh2rethShiftFifo_8_dout     |  in |  512|   ap_fifo  | rx_exh2rethShiftFifo_8 |    pointer   |
|rx_exh2rethShiftFifo_8_empty_n  |  in |    1|   ap_fifo  | rx_exh2rethShiftFifo_8 |    pointer   |
|rx_exh2rethShiftFifo_8_read     | out |    1|   ap_fifo  | rx_exh2rethShiftFifo_8 |    pointer   |
|rx_exh2rethShiftFifo_6_dout     |  in |   64|   ap_fifo  | rx_exh2rethShiftFifo_6 |    pointer   |
|rx_exh2rethShiftFifo_6_empty_n  |  in |    1|   ap_fifo  | rx_exh2rethShiftFifo_6 |    pointer   |
|rx_exh2rethShiftFifo_6_read     | out |    1|   ap_fifo  | rx_exh2rethShiftFifo_6 |    pointer   |
|rx_exh2rethShiftFifo_7_dout     |  in |    1|   ap_fifo  | rx_exh2rethShiftFifo_7 |    pointer   |
|rx_exh2rethShiftFifo_7_empty_n  |  in |    1|   ap_fifo  | rx_exh2rethShiftFifo_7 |    pointer   |
|rx_exh2rethShiftFifo_7_read     | out |    1|   ap_fifo  | rx_exh2rethShiftFifo_7 |    pointer   |
|rx_exh2rethShiftFifo_4_dout     |  in |    1|   ap_fifo  | rx_exh2rethShiftFifo_4 |    pointer   |
|rx_exh2rethShiftFifo_4_empty_n  |  in |    1|   ap_fifo  | rx_exh2rethShiftFifo_4 |    pointer   |
|rx_exh2rethShiftFifo_4_read     | out |    1|   ap_fifo  | rx_exh2rethShiftFifo_4 |    pointer   |
|rx_rethSift2mergerFi_8_din      | out |  512|   ap_fifo  | rx_rethSift2mergerFi_8 |    pointer   |
|rx_rethSift2mergerFi_8_full_n   |  in |    1|   ap_fifo  | rx_rethSift2mergerFi_8 |    pointer   |
|rx_rethSift2mergerFi_8_write    | out |    1|   ap_fifo  | rx_rethSift2mergerFi_8 |    pointer   |
|rx_rethSift2mergerFi_6_din      | out |   64|   ap_fifo  | rx_rethSift2mergerFi_6 |    pointer   |
|rx_rethSift2mergerFi_6_full_n   |  in |    1|   ap_fifo  | rx_rethSift2mergerFi_6 |    pointer   |
|rx_rethSift2mergerFi_6_write    | out |    1|   ap_fifo  | rx_rethSift2mergerFi_6 |    pointer   |
|rx_rethSift2mergerFi_7_din      | out |    1|   ap_fifo  | rx_rethSift2mergerFi_7 |    pointer   |
|rx_rethSift2mergerFi_7_full_n   |  in |    1|   ap_fifo  | rx_rethSift2mergerFi_7 |    pointer   |
|rx_rethSift2mergerFi_7_write    | out |    1|   ap_fifo  | rx_rethSift2mergerFi_7 |    pointer   |
|rx_rethSift2mergerFi_4_din      | out |    1|   ap_fifo  | rx_rethSift2mergerFi_4 |    pointer   |
|rx_rethSift2mergerFi_4_full_n   |  in |    1|   ap_fifo  | rx_rethSift2mergerFi_4 |    pointer   |
|rx_rethSift2mergerFi_4_write    | out |    1|   ap_fifo  | rx_rethSift2mergerFi_4 |    pointer   |
+--------------------------------+-----+-----+------------+------------------------+--------------+

