

================================================================
== Vivado HLS Report for 'rx_exh_payload_512_s'
================================================================
* Date:           Mon Mar  1 13:04:14 2021

* Version:        2019.1 (Build 2552052 on Fri May 24 15:28:33 MDT 2019)
* Project:        rocev2_prj
* Solution:       solution1
* Product family: zynquplus
* Target device:  xczu7eg-ffvc1156-2-i


================================================================
== Performance Estimates
================================================================
+ Timing (ns): 
    * Summary: 
    +--------+-------+----------+------------+
    |  Clock | Target| Estimated| Uncertainty|
    +--------+-------+----------+------------+
    |ap_clk  |   8.00|     1.838|        1.00|
    +--------+-------+----------+------------+

+ Latency (clock cycles): 
    * Summary: 
    +-----+-----+-----+-----+----------+
    |  Latency  |  Interval | Pipeline |
    | min | max | min | max |   Type   |
    +-----+-----+-----+-----+----------+
    |    1|    1|    1|    1| function |
    +-----+-----+-----+-----+----------+

    + Detail: 
        * Instance: 
        N/A

        * Loop: 
        N/A



================================================================
== Utilization Estimates
================================================================
* Summary: 
+-----------------+---------+-------+--------+--------+-----+
|       Name      | BRAM_18K| DSP48E|   FF   |   LUT  | URAM|
+-----------------+---------+-------+--------+--------+-----+
|DSP              |        -|      -|       -|       -|    -|
|Expression       |        -|      -|       0|      69|    -|
|FIFO             |        -|      -|       -|       -|    -|
|Instance         |        -|      -|       0|     153|    -|
|Memory           |        -|      -|       -|       -|    -|
|Multiplexer      |        -|      -|       -|     144|    -|
|Register         |        -|      -|     593|       -|    -|
+-----------------+---------+-------+--------+--------+-----+
|Total            |        0|      0|     593|     366|    0|
+-----------------+---------+-------+--------+--------+-----+
|Available        |      624|   1728|  460800|  230400|   96|
+-----------------+---------+-------+--------+--------+-----+
|Utilization (%)  |        0|      0|   ~0   |   ~0   |    0|
+-----------------+---------+-------+--------+--------+-----+

+ Detail: 
    * Instance: 
    +-------------------------------+--------------------------+---------+-------+---+-----+-----+
    |            Instance           |          Module          | BRAM_18K| DSP48E| FF| LUT | URAM|
    +-------------------------------+--------------------------+---------+-------+---+-----+-----+
    |rocev2_top_mux_325_1_1_1_U160  |rocev2_top_mux_325_1_1_1  |        0|      0|  0|  153|    0|
    +-------------------------------+--------------------------+---------+-------+---+-----+-----+
    |Total                          |                          |        0|      0|  0|  153|    0|
    +-------------------------------+--------------------------+---------+-------+---+-----+-----+

    * DSP48E: 
    N/A

    * Memory: 
    N/A

    * FIFO: 
    N/A

    * Expression: 
    +----------------------------------+----------+-------+---+----+------------+------------+
    |           Variable Name          | Operation| DSP48E| FF| LUT| Bitwidth P0| Bitwidth P1|
    +----------------------------------+----------+-------+---+----+------------+------------+
    |ap_condition_164                  |    and   |      0|  0|   2|           1|           1|
    |ap_condition_223                  |    and   |      0|  0|   2|           1|           1|
    |ap_predicate_op15_read_state1     |    and   |      0|  0|   2|           1|           1|
    |ap_predicate_op48_write_state2    |    and   |      0|  0|   2|           1|           1|
    |ap_predicate_op50_write_state2    |    and   |      0|  0|   2|           1|           1|
    |ap_predicate_op53_write_state2    |    and   |      0|  0|   2|           1|           1|
    |ap_predicate_op8_read_state1      |    and   |      0|  0|   2|           1|           1|
    |io_acc_block_signal_op15          |    and   |      0|  0|   2|           1|           1|
    |io_acc_block_signal_op48          |    and   |      0|  0|   2|           1|           1|
    |io_acc_block_signal_op50          |    and   |      0|  0|   2|           1|           1|
    |io_acc_block_signal_op53          |    and   |      0|  0|   2|           1|           1|
    |tmp_29_nbreadreq_fu_82_p3         |    and   |      0|  0|   2|           1|           0|
    |empty_221_fu_277_p2               |   icmp   |      0|  0|  11|           5|           6|
    |empty_222_fu_283_p2               |   icmp   |      0|  0|  11|           5|           4|
    |empty_224_fu_295_p2               |   icmp   |      0|  0|  11|           5|           4|
    |ap_block_pp0_stage0_01001         |    or    |      0|  0|   2|           1|           1|
    |ap_block_state1_pp0_stage0_iter0  |    or    |      0|  0|   2|           1|           1|
    |ap_block_state2_pp0_stage0_iter1  |    or    |      0|  0|   2|           1|           1|
    |empty_223_fu_289_p2               |    or    |      0|  0|   2|           1|           1|
    |empty_225_fu_301_p2               |    or    |      0|  0|   2|           1|           1|
    |ap_enable_pp0                     |    xor   |      0|  0|   2|           1|           2|
    +----------------------------------+----------+-------+---+----+------------+------------+
    |Total                             |          |      0|  0|  69|          33|          32|
    +----------------------------------+----------+-------+---+----+------------+------------+

    * Multiplexer: 
    +-------------------------------+----+-----------+-----+-----------+
    |              Name             | LUT| Input Size| Bits| Total Bits|
    +-------------------------------+----+-----------+-----+-----------+
    |ap_done                        |   9|          2|    1|          2|
    |rx_exh2aethShiftFifo_3_blk_n   |   9|          2|    1|          2|
    |rx_exh2aethShiftFifo_5_blk_n   |   9|          2|    1|          2|
    |rx_exh2aethShiftFifo_6_blk_n   |   9|          2|    1|          2|
    |rx_exh2rethShiftFifo_4_blk_n   |   9|          2|    1|          2|
    |rx_exh2rethShiftFifo_6_blk_n   |   9|          2|    1|          2|
    |rx_exh2rethShiftFifo_7_blk_n   |   9|          2|    1|          2|
    |rx_exh2rethShiftFifo_8_blk_n   |   9|          2|    1|          2|
    |rx_exhNoShiftFifo_V_1_blk_n    |   9|          2|    1|          2|
    |rx_exhNoShiftFifo_V_3_blk_n    |   9|          2|    1|          2|
    |rx_exhNoShiftFifo_V_4_blk_n    |   9|          2|    1|          2|
    |rx_exhNoShiftFifo_V_s_blk_n    |   9|          2|    1|          2|
    |rx_ibhDrop2exhFifo_V_1_blk_n   |   9|          2|    1|          2|
    |rx_ibhDrop2exhFifo_V_2_blk_n   |   9|          2|    1|          2|
    |rx_ibhDrop2exhFifo_V_blk_n     |   9|          2|    1|          2|
    |rx_pkgSplitTypeFifo_s_7_blk_n  |   9|          2|    1|          2|
    +-------------------------------+----+-----------+-----+-----------+
    |Total                          | 144|         32|   16|         32|
    +-------------------------------+----+-----------+-----+-----------+

    * Register: 
    +-------------------------+-----+----+-----+-----------+
    |           Name          |  FF | LUT| Bits| Const Bits|
    +-------------------------+-----+----+-----+-----------+
    |ap_CS_fsm                |    1|   0|    1|          0|
    |ap_done_reg              |    1|   0|    1|          0|
    |ap_enable_reg_pp0_iter1  |    1|   0|    1|          0|
    |empty_225_reg_366        |    1|   0|    1|          0|
    |meta_op_code_5           |    5|   0|    5|          0|
    |meta_route               |    1|   0|    1|          0|
    |rep_state                |    1|   0|    1|          0|
    |rep_state_load_reg_324   |    1|   0|    1|          0|
    |tmp_29_reg_328           |    1|   0|    1|          0|
    |tmp_30_reg_332           |    1|   0|    1|          0|
    |tmp_data_V_reg_341       |  512|   0|  512|          0|
    |tmp_i_i_reg_362          |    1|   0|    1|          0|
    |tmp_keep_V_reg_348       |   64|   0|   64|          0|
    |tmp_last_V_reg_355       |    1|   0|    1|          0|
    |tmp_reg_337              |    1|   0|    1|          0|
    +-------------------------+-----+----+-----+-----------+
    |Total                    |  593|   0|  593|          0|
    +-------------------------+-----+----+-----+-----------+



================================================================
== Interface
================================================================
* Summary: 
+---------------------------------+-----+-----+------------+-------------------------+--------------+
|            RTL Ports            | Dir | Bits|  Protocol  |      Source Object      |    C Type    |
+---------------------------------+-----+-----+------------+-------------------------+--------------+
|ap_clk                           |  in |    1| ap_ctrl_hs |   rx_exh_payload<512>   | return value |
|ap_rst                           |  in |    1| ap_ctrl_hs |   rx_exh_payload<512>   | return value |
|ap_start                         |  in |    1| ap_ctrl_hs |   rx_exh_payload<512>   | return value |
|ap_done                          | out |    1| ap_ctrl_hs |   rx_exh_payload<512>   | return value |
|ap_continue                      |  in |    1| ap_ctrl_hs |   rx_exh_payload<512>   | return value |
|ap_idle                          | out |    1| ap_ctrl_hs |   rx_exh_payload<512>   | return value |
|ap_ready                         | out |    1| ap_ctrl_hs |   rx_exh_payload<512>   | return value |
|rx_pkgSplitTypeFifo_s_7_dout     |  in |    6|   ap_fifo  | rx_pkgSplitTypeFifo_s_7 |    pointer   |
|rx_pkgSplitTypeFifo_s_7_empty_n  |  in |    1|   ap_fifo  | rx_pkgSplitTypeFifo_s_7 |    pointer   |
|rx_pkgSplitTypeFifo_s_7_read     | out |    1|   ap_fifo  | rx_pkgSplitTypeFifo_s_7 |    pointer   |
|rx_ibhDrop2exhFifo_V_1_dout      |  in |  512|   ap_fifo  |  rx_ibhDrop2exhFifo_V_1 |    pointer   |
|rx_ibhDrop2exhFifo_V_1_empty_n   |  in |    1|   ap_fifo  |  rx_ibhDrop2exhFifo_V_1 |    pointer   |
|rx_ibhDrop2exhFifo_V_1_read      | out |    1|   ap_fifo  |  rx_ibhDrop2exhFifo_V_1 |    pointer   |
|rx_ibhDrop2exhFifo_V_2_dout      |  in |   64|   ap_fifo  |  rx_ibhDrop2exhFifo_V_2 |    pointer   |
|rx_ibhDrop2exhFifo_V_2_empty_n   |  in |    1|   ap_fifo  |  rx_ibhDrop2exhFifo_V_2 |    pointer   |
|rx_ibhDrop2exhFifo_V_2_read      | out |    1|   ap_fifo  |  rx_ibhDrop2exhFifo_V_2 |    pointer   |
|rx_ibhDrop2exhFifo_V_dout        |  in |    1|   ap_fifo  |   rx_ibhDrop2exhFifo_V  |    pointer   |
|rx_ibhDrop2exhFifo_V_empty_n     |  in |    1|   ap_fifo  |   rx_ibhDrop2exhFifo_V  |    pointer   |
|rx_ibhDrop2exhFifo_V_read        | out |    1|   ap_fifo  |   rx_ibhDrop2exhFifo_V  |    pointer   |
|rx_exhNoShiftFifo_V_1_din        | out |  512|   ap_fifo  |  rx_exhNoShiftFifo_V_1  |    pointer   |
|rx_exhNoShiftFifo_V_1_full_n     |  in |    1|   ap_fifo  |  rx_exhNoShiftFifo_V_1  |    pointer   |
|rx_exhNoShiftFifo_V_1_write      | out |    1|   ap_fifo  |  rx_exhNoShiftFifo_V_1  |    pointer   |
|rx_exhNoShiftFifo_V_4_din        | out |   64|   ap_fifo  |  rx_exhNoShiftFifo_V_4  |    pointer   |
|rx_exhNoShiftFifo_V_4_full_n     |  in |    1|   ap_fifo  |  rx_exhNoShiftFifo_V_4  |    pointer   |
|rx_exhNoShiftFifo_V_4_write      | out |    1|   ap_fifo  |  rx_exhNoShiftFifo_V_4  |    pointer   |
|rx_exhNoShiftFifo_V_s_din        | out |    1|   ap_fifo  |  rx_exhNoShiftFifo_V_s  |    pointer   |
|rx_exhNoShiftFifo_V_s_full_n     |  in |    1|   ap_fifo  |  rx_exhNoShiftFifo_V_s  |    pointer   |
|rx_exhNoShiftFifo_V_s_write      | out |    1|   ap_fifo  |  rx_exhNoShiftFifo_V_s  |    pointer   |
|rx_exhNoShiftFifo_V_3_din        | out |    1|   ap_fifo  |  rx_exhNoShiftFifo_V_3  |    pointer   |
|rx_exhNoShiftFifo_V_3_full_n     |  in |    1|   ap_fifo  |  rx_exhNoShiftFifo_V_3  |    pointer   |
|rx_exhNoShiftFifo_V_3_write      | out |    1|   ap_fifo  |  rx_exhNoShiftFifo_V_3  |    pointer   |
|rx_exh2aethShiftFifo_3_din       | out |  512|   ap_fifo  |  rx_exh2aethShiftFifo_3 |    pointer   |
|rx_exh2aethShiftFifo_3_full_n    |  in |    1|   ap_fifo  |  rx_exh2aethShiftFifo_3 |    pointer   |
|rx_exh2aethShiftFifo_3_write     | out |    1|   ap_fifo  |  rx_exh2aethShiftFifo_3 |    pointer   |
|rx_exh2aethShiftFifo_5_din       | out |   64|   ap_fifo  |  rx_exh2aethShiftFifo_5 |    pointer   |
|rx_exh2aethShiftFifo_5_full_n    |  in |    1|   ap_fifo  |  rx_exh2aethShiftFifo_5 |    pointer   |
|rx_exh2aethShiftFifo_5_write     | out |    1|   ap_fifo  |  rx_exh2aethShiftFifo_5 |    pointer   |
|rx_exh2aethShiftFifo_6_din       | out |    1|   ap_fifo  |  rx_exh2aethShiftFifo_6 |    pointer   |
|rx_exh2aethShiftFifo_6_full_n    |  in |    1|   ap_fifo  |  rx_exh2aethShiftFifo_6 |    pointer   |
|rx_exh2aethShiftFifo_6_write     | out |    1|   ap_fifo  |  rx_exh2aethShiftFifo_6 |    pointer   |
|rx_exh2rethShiftFifo_8_din       | out |  512|   ap_fifo  |  rx_exh2rethShiftFifo_8 |    pointer   |
|rx_exh2rethShiftFifo_8_full_n    |  in |    1|   ap_fifo  |  rx_exh2rethShiftFifo_8 |    pointer   |
|rx_exh2rethShiftFifo_8_write     | out |    1|   ap_fifo  |  rx_exh2rethShiftFifo_8 |    pointer   |
|rx_exh2rethShiftFifo_6_din       | out |   64|   ap_fifo  |  rx_exh2rethShiftFifo_6 |    pointer   |
|rx_exh2rethShiftFifo_6_full_n    |  in |    1|   ap_fifo  |  rx_exh2rethShiftFifo_6 |    pointer   |
|rx_exh2rethShiftFifo_6_write     | out |    1|   ap_fifo  |  rx_exh2rethShiftFifo_6 |    pointer   |
|rx_exh2rethShiftFifo_7_din       | out |    1|   ap_fifo  |  rx_exh2rethShiftFifo_7 |    pointer   |
|rx_exh2rethShiftFifo_7_full_n    |  in |    1|   ap_fifo  |  rx_exh2rethShiftFifo_7 |    pointer   |
|rx_exh2rethShiftFifo_7_write     | out |    1|   ap_fifo  |  rx_exh2rethShiftFifo_7 |    pointer   |
|rx_exh2rethShiftFifo_4_din       | out |    1|   ap_fifo  |  rx_exh2rethShiftFifo_4 |    pointer   |
|rx_exh2rethShiftFifo_4_full_n    |  in |    1|   ap_fifo  |  rx_exh2rethShiftFifo_4 |    pointer   |
|rx_exh2rethShiftFifo_4_write     | out |    1|   ap_fifo  |  rx_exh2rethShiftFifo_4 |    pointer   |
+---------------------------------+-----+-----+------------+-------------------------+--------------+

