

================================================================
== Vivado HLS Report for 'udp_rshiftWordByOcte'
================================================================
* Date:           Mon Mar  1 13:04:09 2021

* Version:        2019.1 (Build 2552052 on Fri May 24 15:28:33 MDT 2019)
* Project:        rocev2_prj
* Solution:       solution1
* Product family: zynquplus
* Target device:  xczu7eg-ffvc1156-2-i


================================================================
== Performance Estimates
================================================================
+ Timing (ns): 
    * Summary: 
    +--------+-------+----------+------------+
    |  Clock | Target| Estimated| Uncertainty|
    +--------+-------+----------+------------+
    |ap_clk  |   8.00|     3.633|        1.00|
    +--------+-------+----------+------------+

+ Latency (clock cycles): 
    * Summary: 
    +-----+-----+-----+-----+----------+
    |  Latency  |  Interval | Pipeline |
    | min | max | min | max |   Type   |
    +-----+-----+-----+-----+----------+
    |    1|    1|    1|    1| function |
    +-----+-----+-----+-----+----------+

    + Detail: 
        * Instance: 
        N/A

        * Loop: 
        N/A



================================================================
== Utilization Estimates
================================================================
* Summary: 
+-----------------+---------+-------+--------+--------+-----+
|       Name      | BRAM_18K| DSP48E|   FF   |   LUT  | URAM|
+-----------------+---------+-------+--------+--------+-----+
|DSP              |        -|      -|       -|       -|    -|
|Expression       |        -|      -|       0|      53|    -|
|FIFO             |        -|      -|       -|       -|    -|
|Instance         |        -|      -|       -|       -|    -|
|Memory           |        -|      -|       -|       -|    -|
|Multiplexer      |        -|      -|       -|     138|    -|
|Register         |        -|      -|    1161|       -|    -|
+-----------------+---------+-------+--------+--------+-----+
|Total            |        0|      0|    1161|     191|    0|
+-----------------+---------+-------+--------+--------+-----+
|Available        |      624|   1728|  460800|  230400|   96|
+-----------------+---------+-------+--------+--------+-----+
|Utilization (%)  |        0|      0|   ~0   |   ~0   |    0|
+-----------------+---------+-------+--------+--------+-----+

+ Detail: 
    * Instance: 
    N/A

    * DSP48E: 
    N/A

    * Memory: 
    N/A

    * FIFO: 
    N/A

    * Expression: 
    +----------------------------------+----------+-------+---+----+------------+------------+
    |           Variable Name          | Operation| DSP48E| FF| LUT| Bitwidth P0| Bitwidth P1|
    +----------------------------------+----------+-------+---+----+------------+------------+
    |ap_condition_103                  |    and   |      0|  0|   2|           1|           1|
    |ap_condition_170                  |    and   |      0|  0|   2|           1|           1|
    |ap_condition_183                  |    and   |      0|  0|   2|           1|           1|
    |ap_condition_193                  |    and   |      0|  0|   2|           1|           1|
    |ap_predicate_op39_write_state2    |    and   |      0|  0|   2|           1|           1|
    |ap_predicate_op7_read_state1      |    and   |      0|  0|   2|           1|           1|
    |io_acc_block_signal_op39          |    and   |      0|  0|   2|           1|           1|
    |io_acc_block_signal_op7           |    and   |      0|  0|   2|           1|           1|
    |tmp_last_V_1_fu_176_p2            |   icmp   |      0|  0|  29|          56|           1|
    |ap_block_pp0_stage0_01001         |    or    |      0|  0|   2|           1|           1|
    |ap_block_state1_pp0_stage0_iter0  |    or    |      0|  0|   2|           1|           1|
    |ap_block_state2_pp0_stage0_iter1  |    or    |      0|  0|   2|           1|           1|
    |ap_enable_pp0                     |    xor   |      0|  0|   2|           1|           2|
    +----------------------------------+----------+-------+---+----+------------+------------+
    |Total                             |          |      0|  0|  53|          68|          14|
    +----------------------------------+----------+-------+---+----+------------+------------+

    * Multiplexer: 
    +-----------------------------------------------+----+-----------+-----+-----------+
    |                      Name                     | LUT| Input Size| Bits| Total Bits|
    +-----------------------------------------------+----+-----------+-----+-----------+
    |ap_done                                        |   9|          2|    1|          2|
    |ap_phi_mux_p_0256_2_0_i_phi_fu_109_p4          |  15|          3|    1|          3|
    |ap_phi_mux_rs_firstWord_new_0_i_phi_fu_120_p4  |  15|          3|    1|          3|
    |rx_udp2ibFifo_V_data_blk_n                     |   9|          2|    1|          2|
    |rx_udp2ibFifo_V_data_din                       |  15|          3|  512|       1536|
    |rx_udp2ibFifo_V_keep_blk_n                     |   9|          2|    1|          2|
    |rx_udp2ibFifo_V_keep_din                       |  15|          3|   64|        192|
    |rx_udp2ibFifo_V_last_blk_n                     |   9|          2|    1|          2|
    |rx_udp2ibFifo_V_last_din                       |  15|          3|    1|          3|
    |rx_udp2shiftFifo_V_d_blk_n                     |   9|          2|    1|          2|
    |rx_udp2shiftFifo_V_k_blk_n                     |   9|          2|    1|          2|
    |rx_udp2shiftFifo_V_l_blk_n                     |   9|          2|    1|          2|
    +-----------------------------------------------+----+-----------+-----+-----------+
    |Total                                          | 138|         29|  586|       1751|
    +-----------------------------------------------+----+-----------+-----+-----------+

    * Register: 
    +---------------------------+-----+----+-----+-----------+
    |            Name           |  FF | LUT| Bits| Const Bits|
    +---------------------------+-----+----+-----+-----------+
    |ap_CS_fsm                  |    1|   0|    1|          0|
    |ap_done_reg                |    1|   0|    1|          0|
    |ap_enable_reg_pp0_iter1    |    1|   0|    1|          0|
    |fsmState                   |    1|   0|    1|          0|
    |fsmState_load_reg_263      |    1|   0|    1|          0|
    |prevWord_data_V_14         |  512|   0|  512|          0|
    |prevWord_keep_V_15         |   64|   0|   64|          0|
    |rs_firstWord               |    1|   0|    1|          0|
    |rs_firstWord_load_reg_287  |    1|   0|    1|          0|
    |tmp_data_V_3_reg_271       |  512|   0|  512|          0|
    |tmp_keep_V_3_reg_277       |   64|   0|   64|          0|
    |tmp_last_V_1_reg_291       |    1|   0|    1|          0|
    |tmp_reg_267                |    1|   0|    1|          0|
    +---------------------------+-----+----+-----+-----------+
    |Total                      | 1161|   0| 1161|          0|
    +---------------------------+-----+----+-----+-----------+



================================================================
== Interface
================================================================
* Summary: 
+------------------------------+-----+-----+------------+----------------------+--------------+
|           RTL Ports          | Dir | Bits|  Protocol  |     Source Object    |    C Type    |
+------------------------------+-----+-----+------------+----------------------+--------------+
|ap_clk                        |  in |    1| ap_ctrl_hs | udp_rshiftWordByOcte | return value |
|ap_rst                        |  in |    1| ap_ctrl_hs | udp_rshiftWordByOcte | return value |
|ap_start                      |  in |    1| ap_ctrl_hs | udp_rshiftWordByOcte | return value |
|ap_done                       | out |    1| ap_ctrl_hs | udp_rshiftWordByOcte | return value |
|ap_continue                   |  in |    1| ap_ctrl_hs | udp_rshiftWordByOcte | return value |
|ap_idle                       | out |    1| ap_ctrl_hs | udp_rshiftWordByOcte | return value |
|ap_ready                      | out |    1| ap_ctrl_hs | udp_rshiftWordByOcte | return value |
|rx_udp2shiftFifo_V_d_dout     |  in |  512|   ap_fifo  | rx_udp2shiftFifo_V_d |    pointer   |
|rx_udp2shiftFifo_V_d_empty_n  |  in |    1|   ap_fifo  | rx_udp2shiftFifo_V_d |    pointer   |
|rx_udp2shiftFifo_V_d_read     | out |    1|   ap_fifo  | rx_udp2shiftFifo_V_d |    pointer   |
|rx_udp2shiftFifo_V_k_dout     |  in |   64|   ap_fifo  | rx_udp2shiftFifo_V_k |    pointer   |
|rx_udp2shiftFifo_V_k_empty_n  |  in |    1|   ap_fifo  | rx_udp2shiftFifo_V_k |    pointer   |
|rx_udp2shiftFifo_V_k_read     | out |    1|   ap_fifo  | rx_udp2shiftFifo_V_k |    pointer   |
|rx_udp2shiftFifo_V_l_dout     |  in |    1|   ap_fifo  | rx_udp2shiftFifo_V_l |    pointer   |
|rx_udp2shiftFifo_V_l_empty_n  |  in |    1|   ap_fifo  | rx_udp2shiftFifo_V_l |    pointer   |
|rx_udp2shiftFifo_V_l_read     | out |    1|   ap_fifo  | rx_udp2shiftFifo_V_l |    pointer   |
|rx_udp2ibFifo_V_data_din      | out |  512|   ap_fifo  | rx_udp2ibFifo_V_data |    pointer   |
|rx_udp2ibFifo_V_data_full_n   |  in |    1|   ap_fifo  | rx_udp2ibFifo_V_data |    pointer   |
|rx_udp2ibFifo_V_data_write    | out |    1|   ap_fifo  | rx_udp2ibFifo_V_data |    pointer   |
|rx_udp2ibFifo_V_keep_din      | out |   64|   ap_fifo  | rx_udp2ibFifo_V_keep |    pointer   |
|rx_udp2ibFifo_V_keep_full_n   |  in |    1|   ap_fifo  | rx_udp2ibFifo_V_keep |    pointer   |
|rx_udp2ibFifo_V_keep_write    | out |    1|   ap_fifo  | rx_udp2ibFifo_V_keep |    pointer   |
|rx_udp2ibFifo_V_last_din      | out |    1|   ap_fifo  | rx_udp2ibFifo_V_last |    pointer   |
|rx_udp2ibFifo_V_last_full_n   |  in |    1|   ap_fifo  | rx_udp2ibFifo_V_last |    pointer   |
|rx_udp2ibFifo_V_last_write    | out |    1|   ap_fifo  | rx_udp2ibFifo_V_last |    pointer   |
+------------------------------+-----+-----+------------+----------------------+--------------+

