

================================================================
== Vivado HLS Report for 'udp_lshiftWordByOcte'
================================================================
* Date:           Mon Mar  1 13:04:10 2021

* Version:        2019.1 (Build 2552052 on Fri May 24 15:28:33 MDT 2019)
* Project:        rocev2_prj
* Solution:       solution1
* Product family: zynquplus
* Target device:  xczu7eg-ffvc1156-2-i


================================================================
== Performance Estimates
================================================================
+ Timing (ns): 
    * Summary: 
    +--------+-------+----------+------------+
    |  Clock | Target| Estimated| Uncertainty|
    +--------+-------+----------+------------+
    |ap_clk  |   8.00|     3.630|        1.00|
    +--------+-------+----------+------------+

+ Latency (clock cycles): 
    * Summary: 
    +-----+-----+-----+-----+----------+
    |  Latency  |  Interval | Pipeline |
    | min | max | min | max |   Type   |
    +-----+-----+-----+-----+----------+
    |    1|    1|    1|    1| function |
    +-----+-----+-----+-----+----------+

    + Detail: 
        * Instance: 
        N/A

        * Loop: 
        N/A



================================================================
== Utilization Estimates
================================================================
* Summary: 
+-----------------+---------+-------+--------+--------+-----+
|       Name      | BRAM_18K| DSP48E|   FF   |   LUT  | URAM|
+-----------------+---------+-------+--------+--------+-----+
|DSP              |        -|      -|       -|       -|    -|
|Expression       |        -|      -|       0|     606|    -|
|FIFO             |        -|      -|       -|       -|    -|
|Instance         |        -|      -|       -|       -|    -|
|Memory           |        -|      -|       -|       -|    -|
|Multiplexer      |        -|      -|       -|     132|    -|
|Register         |        -|      -|    1232|       -|    -|
+-----------------+---------+-------+--------+--------+-----+
|Total            |        0|      0|    1232|     738|    0|
+-----------------+---------+-------+--------+--------+-----+
|Available        |      624|   1728|  460800|  230400|   96|
+-----------------+---------+-------+--------+--------+-----+
|Utilization (%)  |        0|      0|   ~0   |   ~0   |    0|
+-----------------+---------+-------+--------+--------+-----+

+ Detail: 
    * Instance: 
    N/A

    * DSP48E: 
    N/A

    * Memory: 
    N/A

    * FIFO: 
    N/A

    * Expression: 
    +----------------------------------+----------+-------+---+-----+------------+------------+
    |           Variable Name          | Operation| DSP48E| FF| LUT | Bitwidth P0| Bitwidth P1|
    +----------------------------------+----------+-------+---+-----+------------+------------+
    |ap_condition_100                  |    and   |      0|  0|    2|           1|           1|
    |ap_condition_151                  |    and   |      0|  0|    2|           1|           1|
    |ap_condition_169                  |    and   |      0|  0|    2|           1|           1|
    |ap_condition_178                  |    and   |      0|  0|    2|           1|           1|
    |ap_predicate_op44_write_state2    |    and   |      0|  0|    2|           1|           1|
    |ap_predicate_op9_read_state1      |    and   |      0|  0|    2|           1|           1|
    |io_acc_block_signal_op44          |    and   |      0|  0|    2|           1|           1|
    |io_acc_block_signal_op9           |    and   |      0|  0|    2|           1|           1|
    |sendWord_last_V_fu_233_p2         |   icmp   |      0|  0|   11|           8|           1|
    |ap_block_pp0_stage0_01001         |    or    |      0|  0|    2|           1|           1|
    |ap_block_state1_pp0_stage0_iter0  |    or    |      0|  0|    2|           1|           1|
    |ap_block_state2_pp0_stage0_iter1  |    or    |      0|  0|    2|           1|           1|
    |sendWord_data_V_fu_225_p3         |  select  |      0|  0|  505|           1|         512|
    |sendWord_keep_V_fu_217_p3         |  select  |      0|  0|   64|           1|          64|
    |ap_enable_pp0                     |    xor   |      0|  0|    2|           1|           2|
    |xor_ln761_fu_251_p2               |    xor   |      0|  0|    2|           1|           2|
    +----------------------------------+----------+-------+---+-----+------------+------------+
    |Total                             |          |      0|  0|  606|          23|         592|
    +----------------------------------+----------+-------+---+-----+------------+------------+

    * Multiplexer: 
    +-----------------------------------------------+----+-----------+-----+-----------+
    |                      Name                     | LUT| Input Size| Bits| Total Bits|
    +-----------------------------------------------+----+-----------+-----+-----------+
    |ap_done                                        |   9|          2|    1|          2|
    |ap_phi_mux_ls_firstWord_new_0_i_phi_fu_113_p4  |  15|          3|    1|          3|
    |ls_writeRemainder                              |   9|          2|    1|          2|
    |tx_ib2udpFifo_V_data_blk_n                     |   9|          2|    1|          2|
    |tx_ib2udpFifo_V_keep_blk_n                     |   9|          2|    1|          2|
    |tx_ib2udpFifo_V_last_blk_n                     |   9|          2|    1|          2|
    |tx_shift2udpFifo_V_d_blk_n                     |   9|          2|    1|          2|
    |tx_shift2udpFifo_V_d_din                       |  15|          3|  512|       1536|
    |tx_shift2udpFifo_V_k_blk_n                     |   9|          2|    1|          2|
    |tx_shift2udpFifo_V_k_din                       |  15|          3|   64|        192|
    |tx_shift2udpFifo_V_l_blk_n                     |   9|          2|    1|          2|
    |tx_shift2udpFifo_V_l_din                       |  15|          3|    1|          3|
    +-----------------------------------------------+----+-----------+-----+-----------+
    |Total                                          | 132|         28|  586|       1750|
    +-----------------------------------------------+----+-----------+-----+-----------+

    * Register: 
    +------------------------------+-----+----+-----+-----------+
    |             Name             |  FF | LUT| Bits| Const Bits|
    +------------------------------+-----+----+-----+-----------+
    |ap_CS_fsm                     |    1|   0|    1|          0|
    |ap_done_reg                   |    1|   0|    1|          0|
    |ap_enable_reg_pp0_iter1       |    1|   0|    1|          0|
    |ls_firstWord                  |    1|   0|    1|          0|
    |ls_writeRemainder             |    1|   0|    1|          0|
    |ls_writeRemainder_lo_reg_301  |    1|   0|    1|          0|
    |p_Result_i_197_reg_332        |    8|   0|    8|          0|
    |p_Result_i_reg_327            |   64|   0|   64|          0|
    |prevWord_data_V_17            |  512|   0|  512|          0|
    |prevWord_keep_V_13            |   64|   0|   64|          0|
    |sendWord_data_V_reg_317       |  512|   0|  512|          0|
    |sendWord_keep_V_reg_312       |   64|   0|   64|          0|
    |sendWord_last_V_reg_322       |    1|   0|    1|          0|
    |tmp_reg_305                   |    1|   0|    1|          0|
    +------------------------------+-----+----+-----+-----------+
    |Total                         | 1232|   0| 1232|          0|
    +------------------------------+-----+----+-----+-----------+



================================================================
== Interface
================================================================
* Summary: 
+------------------------------+-----+-----+------------+----------------------+--------------+
|           RTL Ports          | Dir | Bits|  Protocol  |     Source Object    |    C Type    |
+------------------------------+-----+-----+------------+----------------------+--------------+
|ap_clk                        |  in |    1| ap_ctrl_hs | udp_lshiftWordByOcte | return value |
|ap_rst                        |  in |    1| ap_ctrl_hs | udp_lshiftWordByOcte | return value |
|ap_start                      |  in |    1| ap_ctrl_hs | udp_lshiftWordByOcte | return value |
|ap_done                       | out |    1| ap_ctrl_hs | udp_lshiftWordByOcte | return value |
|ap_continue                   |  in |    1| ap_ctrl_hs | udp_lshiftWordByOcte | return value |
|ap_idle                       | out |    1| ap_ctrl_hs | udp_lshiftWordByOcte | return value |
|ap_ready                      | out |    1| ap_ctrl_hs | udp_lshiftWordByOcte | return value |
|tx_ib2udpFifo_V_data_dout     |  in |  512|   ap_fifo  | tx_ib2udpFifo_V_data |    pointer   |
|tx_ib2udpFifo_V_data_empty_n  |  in |    1|   ap_fifo  | tx_ib2udpFifo_V_data |    pointer   |
|tx_ib2udpFifo_V_data_read     | out |    1|   ap_fifo  | tx_ib2udpFifo_V_data |    pointer   |
|tx_ib2udpFifo_V_keep_dout     |  in |   64|   ap_fifo  | tx_ib2udpFifo_V_keep |    pointer   |
|tx_ib2udpFifo_V_keep_empty_n  |  in |    1|   ap_fifo  | tx_ib2udpFifo_V_keep |    pointer   |
|tx_ib2udpFifo_V_keep_read     | out |    1|   ap_fifo  | tx_ib2udpFifo_V_keep |    pointer   |
|tx_ib2udpFifo_V_last_dout     |  in |    1|   ap_fifo  | tx_ib2udpFifo_V_last |    pointer   |
|tx_ib2udpFifo_V_last_empty_n  |  in |    1|   ap_fifo  | tx_ib2udpFifo_V_last |    pointer   |
|tx_ib2udpFifo_V_last_read     | out |    1|   ap_fifo  | tx_ib2udpFifo_V_last |    pointer   |
|tx_shift2udpFifo_V_d_din      | out |  512|   ap_fifo  | tx_shift2udpFifo_V_d |    pointer   |
|tx_shift2udpFifo_V_d_full_n   |  in |    1|   ap_fifo  | tx_shift2udpFifo_V_d |    pointer   |
|tx_shift2udpFifo_V_d_write    | out |    1|   ap_fifo  | tx_shift2udpFifo_V_d |    pointer   |
|tx_shift2udpFifo_V_k_din      | out |   64|   ap_fifo  | tx_shift2udpFifo_V_k |    pointer   |
|tx_shift2udpFifo_V_k_full_n   |  in |    1|   ap_fifo  | tx_shift2udpFifo_V_k |    pointer   |
|tx_shift2udpFifo_V_k_write    | out |    1|   ap_fifo  | tx_shift2udpFifo_V_k |    pointer   |
|tx_shift2udpFifo_V_l_din      | out |    1|   ap_fifo  | tx_shift2udpFifo_V_l |    pointer   |
|tx_shift2udpFifo_V_l_full_n   |  in |    1|   ap_fifo  | tx_shift2udpFifo_V_l |    pointer   |
|tx_shift2udpFifo_V_l_write    | out |    1|   ap_fifo  | tx_shift2udpFifo_V_l |    pointer   |
+------------------------------+-----+-----+------------+----------------------+--------------+

