

================================================================
== Vivado HLS Report for 'conn_table'
================================================================
* Date:           Mon Mar  1 13:04:21 2021

* Version:        2019.1 (Build 2552052 on Fri May 24 15:28:33 MDT 2019)
* Project:        rocev2_prj
* Solution:       solution1
* Product family: zynquplus
* Target device:  xczu7eg-ffvc1156-2-i


================================================================
== Performance Estimates
================================================================
+ Timing (ns): 
    * Summary: 
    +--------+-------+----------+------------+
    |  Clock | Target| Estimated| Uncertainty|
    +--------+-------+----------+------------+
    |ap_clk  |   8.00|     3.075|        1.00|
    +--------+-------+----------+------------+

+ Latency (clock cycles): 
    * Summary: 
    +-----+-----+-----+-----+----------+
    |  Latency  |  Interval | Pipeline |
    | min | max | min | max |   Type   |
    +-----+-----+-----+-----+----------+
    |    1|    1|    1|    1| function |
    +-----+-----+-----+-----+----------+

    + Detail: 
        * Instance: 
        N/A

        * Loop: 
        N/A



================================================================
== Utilization Estimates
================================================================
* Summary: 
+-----------------+---------+-------+--------+--------+-----+
|       Name      | BRAM_18K| DSP48E|   FF   |   LUT  | URAM|
+-----------------+---------+-------+--------+--------+-----+
|DSP              |        -|      -|       -|       -|    -|
|Expression       |        -|      -|       0|      16|    -|
|FIFO             |        -|      -|       -|       -|    -|
|Instance         |        -|      -|       -|       -|    -|
|Memory           |        6|      -|       0|       0|    0|
|Multiplexer      |        -|      -|       -|      81|    -|
|Register         |        -|      -|       4|       -|    -|
+-----------------+---------+-------+--------+--------+-----+
|Total            |        6|      0|       4|      97|    0|
+-----------------+---------+-------+--------+--------+-----+
|Available        |      624|   1728|  460800|  230400|   96|
+-----------------+---------+-------+--------+--------+-----+
|Utilization (%)  |    ~0   |      0|   ~0   |   ~0   |    0|
+-----------------+---------+-------+--------+--------+-----+

+ Detail: 
    * Instance: 
    N/A

    * DSP48E: 
    N/A

    * Memory: 
    +------------------------+---------------------------------+---------+---+----+-----+------+-----+------+-------------+
    |         Memory         |              Module             | BRAM_18K| FF| LUT| URAM| Words| Bits| Banks| W*Bits*Banks|
    +------------------------+---------------------------------+---------+---+----+-----+------+-----+------+-------------+
    |conn_table_remote_ip_U  |conn_table_conn_table_remote_ip  |        4|  0|   0|    0|   500|  128|     1|        64000|
    |conn_table_remote_qp_U  |conn_table_conn_table_remote_qp  |        1|  0|   0|    0|   500|   24|     1|        12000|
    |conn_table_remote_ud_U  |conn_table_conn_table_remote_ud  |        1|  0|   0|    0|   500|   16|     1|         8000|
    +------------------------+---------------------------------+---------+---+----+-----+------+-----+------+-------------+
    |Total                   |                                 |        6|  0|   0|    0|  1500|  168|     3|        84000|
    +------------------------+---------------------------------+---------+---+----+-----+------+-----+------+-------------+

    * FIFO: 
    N/A

    * Expression: 
    +----------------------------------+----------+-------+---+----+------------+------------+
    |           Variable Name          | Operation| DSP48E| FF| LUT| Bitwidth P0| Bitwidth P1|
    +----------------------------------+----------+-------+---+----+------------+------------+
    |ap_block_state2_pp0_stage0_iter1  |    and   |      0|  0|   2|           1|           1|
    |ap_condition_113                  |    and   |      0|  0|   2|           1|           1|
    |ap_predicate_op7_read_state1      |    and   |      0|  0|   2|           1|           1|
    |tmp_111_nbreadreq_fu_74_p3        |    and   |      0|  0|   2|           1|           0|
    |tmp_nbreadreq_fu_66_p3            |    and   |      0|  0|   2|           1|           0|
    |ap_block_pp0_stage0_01001         |    or    |      0|  0|   2|           1|           1|
    |ap_block_state1_pp0_stage0_iter0  |    or    |      0|  0|   2|           1|           1|
    |ap_enable_pp0                     |    xor   |      0|  0|   2|           1|           2|
    +----------------------------------+----------+-------+---+----+------------+------------+
    |Total                             |          |      0|  0|  16|           8|           7|
    +----------------------------------+----------+-------+---+----+------------+------------+

    * Multiplexer: 
    +---------------------------------+----+-----------+-----+-----------+
    |               Name              | LUT| Input Size| Bits| Total Bits|
    +---------------------------------+----+-----------+-----+-----------+
    |ap_done                          |   9|          2|    1|          2|
    |conn_table_remote_ip_address0    |  15|          3|    9|         27|
    |conn_table_remote_qp_address0    |  15|          3|    9|         27|
    |conn_table_remote_ud_address0    |  15|          3|    9|         27|
    |qpi2connTable_req_V_TDATA_blk_n  |   9|          2|    1|          2|
    |tx_connTable2ibh_rsp_1_blk_n     |   9|          2|    1|          2|
    |tx_ibhconnTable_req_s_3_blk_n    |   9|          2|    1|          2|
    +---------------------------------+----+-----------+-----+-----------+
    |Total                            |  81|         17|   31|         89|
    +---------------------------------+----+-----------+-----+-----------+

    * Register: 
    +-------------------------+---+----+-----+-----------+
    |           Name          | FF| LUT| Bits| Const Bits|
    +-------------------------+---+----+-----+-----------+
    |ap_CS_fsm                |  1|   0|    1|          0|
    |ap_done_reg              |  1|   0|    1|          0|
    |ap_enable_reg_pp0_iter1  |  1|   0|    1|          0|
    |tmp_reg_226              |  1|   0|    1|          0|
    +-------------------------+---+----+-----+-----------+
    |Total                    |  4|   0|    4|          0|
    +-------------------------+---+----+-----+-----------+



================================================================
== Interface
================================================================
* Summary: 
+---------------------------------+-----+-----+------------+-------------------------+--------------+
|            RTL Ports            | Dir | Bits|  Protocol  |      Source Object      |    C Type    |
+---------------------------------+-----+-----+------------+-------------------------+--------------+
|ap_clk                           |  in |    1| ap_ctrl_hs |        conn_table       | return value |
|ap_rst                           |  in |    1| ap_ctrl_hs |        conn_table       | return value |
|ap_start                         |  in |    1| ap_ctrl_hs |        conn_table       | return value |
|ap_done                          | out |    1| ap_ctrl_hs |        conn_table       | return value |
|ap_continue                      |  in |    1| ap_ctrl_hs |        conn_table       | return value |
|ap_idle                          | out |    1| ap_ctrl_hs |        conn_table       | return value |
|ap_ready                         | out |    1| ap_ctrl_hs |        conn_table       | return value |
|qpi2connTable_req_V_TVALID       |  in |    1|    axis    |   qpi2connTable_req_V   |    pointer   |
|qpi2connTable_req_V_TDATA        |  in |  184|    axis    |   qpi2connTable_req_V   |    pointer   |
|qpi2connTable_req_V_TREADY       | out |    1|    axis    |   qpi2connTable_req_V   |    pointer   |
|tx_ibhconnTable_req_s_3_dout     |  in |   16|   ap_fifo  | tx_ibhconnTable_req_s_3 |    pointer   |
|tx_ibhconnTable_req_s_3_empty_n  |  in |    1|   ap_fifo  | tx_ibhconnTable_req_s_3 |    pointer   |
|tx_ibhconnTable_req_s_3_read     | out |    1|   ap_fifo  | tx_ibhconnTable_req_s_3 |    pointer   |
|tx_connTable2ibh_rsp_1_din       | out |  168|   ap_fifo  |  tx_connTable2ibh_rsp_1 |    pointer   |
|tx_connTable2ibh_rsp_1_full_n    |  in |    1|   ap_fifo  |  tx_connTable2ibh_rsp_1 |    pointer   |
|tx_connTable2ibh_rsp_1_write     | out |    1|   ap_fifo  |  tx_connTable2ibh_rsp_1 |    pointer   |
+---------------------------------+-----+-----+------------+-------------------------+--------------+

============================================================
+ Verbose Summary: Synthesis Manager
============================================================
InlineROM: 1
ExposeGlobal: 0
============================================================
+ Verbose Summary: CDFG Model
============================================================
IsTopModel: 0
ResetActiveHigh: 1
IsCombinational: 2
IsDatapathOnly: 0
HasWiredReturn: 1
HasMFsm: 2
HasVarLatency: 0
IsPipeline: 1
IsRtlPipelined: 1
IsInstanceOverlapped: 0
IsDontTouch: 0
HasImplIP: 0
IsGatedGlobalClock: 0

+ Individual pipeline summary: 
  * Pipeline-0: initiation interval (II) = 1, depth = 2


============================================================
+ Verbose Summary: Schedule
============================================================
* Number of FSM states : 2
* Pipeline : 1
  Pipeline-0 : II = 1, D = 2, States = { 1 2 }
* Dataflow Pipeline: 0

* FSM state transitions: 
1 --> 2 
2 --> 

* FSM state operations: 

State 1 <SV = 0> <Delay = 3.07>
ST_1 : Operation 3 [1/1] (0.00ns)   --->   "%tmp = call i1 @_ssdm_op_NbReadReq.ap_fifo.i16P(i16* @tx_ibhconnTable_req_s_3, i32 1)" [/home/embed/Desktop/xkjiang/Github_Version/EthernetSSD-System-main/RX_receiveWriteReadRequest_genACK/hls/rocev2/../ib_transport_protocol/conn_table.cpp:45]   --->   Operation 3 'nbreadreq' 'tmp' <Predicate = true> <Delay = 0.00> <Core = "FIFO">   --->   Core 32 'FIFO' <Latency = 0> <II = 1> <Delay = 1.83> <Storage> <Opcode : 'read' 'write' 'nbread' 'nbwrite'> <Ports = 0> <Width = 32> <Depth = 2> <FIFO>
ST_1 : Operation 4 [1/1] (0.00ns)   --->   "br i1 %tmp, label %0, label %1" [/home/embed/Desktop/xkjiang/Github_Version/EthernetSSD-System-main/RX_receiveWriteReadRequest_genACK/hls/rocev2/../ib_transport_protocol/conn_table.cpp:45]   --->   Operation 4 'br' <Predicate = true> <Delay = 0.00>
ST_1 : Operation 5 [1/1] (0.00ns)   --->   "%tmp_111 = call i1 @_ssdm_op_NbReadReq.axis.i184P(i184* %qpi2connTable_req_V, i32 1)" [/home/embed/Desktop/xkjiang/Github_Version/EthernetSSD-System-main/RX_receiveWriteReadRequest_genACK/hls/rocev2/../ib_transport_protocol/conn_table.cpp:51]   --->   Operation 5 'nbreadreq' 'tmp_111' <Predicate = (!tmp)> <Delay = 0.00> <Core = "AXI4Stream">   --->   Core 5 'AXI4Stream' <Latency = 0> <II = 1> <Delay = 1.00> <Adapter> <Opcode : >
ST_1 : Operation 6 [1/1] (0.00ns)   --->   "br i1 %tmp_111, label %2, label %._crit_edge1.i" [/home/embed/Desktop/xkjiang/Github_Version/EthernetSSD-System-main/RX_receiveWriteReadRequest_genACK/hls/rocev2/../ib_transport_protocol/conn_table.cpp:51]   --->   Operation 6 'br' <Predicate = (!tmp)> <Delay = 0.00>
ST_1 : Operation 7 [1/1] (0.00ns)   --->   "%tmp_1 = call i184 @_ssdm_op_Read.axis.volatile.i184P(i184* %qpi2connTable_req_V)" [/home/embed/Desktop/xkjiang/Github_Version/EthernetSSD-System-main/RX_receiveWriteReadRequest_genACK/hls/rocev2/../ib_transport_protocol/conn_table.cpp:53]   --->   Operation 7 'read' 'tmp_1' <Predicate = (!tmp & tmp_111)> <Delay = 0.00> <Core = "AXI4Stream">   --->   Core 5 'AXI4Stream' <Latency = 0> <II = 1> <Delay = 1.00> <Adapter> <Opcode : >
ST_1 : Operation 8 [1/1] (0.00ns)   --->   "%trunc_ln321 = trunc i184 %tmp_1 to i16" [/home/embed/Desktop/xkjiang/Github_Version/EthernetSSD-System-main/RX_receiveWriteReadRequest_genACK/hls/rocev2/../ib_transport_protocol/../ib_transport_protocol/ib_transport_protocol.hpp:119->/home/embed/Desktop/xkjiang/Github_Version/EthernetSSD-System-main/RX_receiveWriteReadRequest_genACK/hls/rocev2/../ib_transport_protocol/conn_table.cpp:53]   --->   Operation 8 'trunc' 'trunc_ln321' <Predicate = (!tmp & tmp_111)> <Delay = 0.00>
ST_1 : Operation 9 [1/1] (0.00ns)   --->   "%tmp_remote_qpn_V_1_l = call i24 @_ssdm_op_PartSelect.i24.i184.i32.i32(i184 %tmp_1, i32 16, i32 39)" [/home/embed/Desktop/xkjiang/Github_Version/EthernetSSD-System-main/RX_receiveWriteReadRequest_genACK/hls/rocev2/../ib_transport_protocol/../ib_transport_protocol/ib_transport_protocol.hpp:119->/home/embed/Desktop/xkjiang/Github_Version/EthernetSSD-System-main/RX_receiveWriteReadRequest_genACK/hls/rocev2/../ib_transport_protocol/conn_table.cpp:53]   --->   Operation 9 'partselect' 'tmp_remote_qpn_V_1_l' <Predicate = (!tmp & tmp_111)> <Delay = 0.00>
ST_1 : Operation 10 [1/1] (0.00ns)   --->   "%tmp_remote_ip_addres_1 = call i128 @_ssdm_op_PartSelect.i128.i184.i32.i32(i184 %tmp_1, i32 40, i32 167)" [/home/embed/Desktop/xkjiang/Github_Version/EthernetSSD-System-main/RX_receiveWriteReadRequest_genACK/hls/rocev2/../ib_transport_protocol/../ib_transport_protocol/ib_transport_protocol.hpp:119->/home/embed/Desktop/xkjiang/Github_Version/EthernetSSD-System-main/RX_receiveWriteReadRequest_genACK/hls/rocev2/../ib_transport_protocol/conn_table.cpp:53]   --->   Operation 10 'partselect' 'tmp_remote_ip_addres_1' <Predicate = (!tmp & tmp_111)> <Delay = 0.00>
ST_1 : Operation 11 [1/1] (0.00ns)   --->   "%tmp_remote_udp_port_1 = call i16 @_ssdm_op_PartSelect.i16.i184.i32.i32(i184 %tmp_1, i32 168, i32 183)" [/home/embed/Desktop/xkjiang/Github_Version/EthernetSSD-System-main/RX_receiveWriteReadRequest_genACK/hls/rocev2/../ib_transport_protocol/../ib_transport_protocol/ib_transport_protocol.hpp:119->/home/embed/Desktop/xkjiang/Github_Version/EthernetSSD-System-main/RX_receiveWriteReadRequest_genACK/hls/rocev2/../ib_transport_protocol/conn_table.cpp:53]   --->   Operation 11 'partselect' 'tmp_remote_udp_port_1' <Predicate = (!tmp & tmp_111)> <Delay = 0.00>
ST_1 : Operation 12 [1/1] (0.00ns)   --->   "%zext_ln544_8 = zext i16 %trunc_ln321 to i64" [/home/embed/Desktop/xkjiang/Github_Version/EthernetSSD-System-main/RX_receiveWriteReadRequest_genACK/hls/rocev2/../ib_transport_protocol/conn_table.cpp:55]   --->   Operation 12 'zext' 'zext_ln544_8' <Predicate = (!tmp & tmp_111)> <Delay = 0.00>
ST_1 : Operation 13 [1/1] (0.00ns)   --->   "%conn_table_remote_qp_2 = getelementptr [500 x i24]* @conn_table_remote_qp, i64 0, i64 %zext_ln544_8" [/home/embed/Desktop/xkjiang/Github_Version/EthernetSSD-System-main/RX_receiveWriteReadRequest_genACK/hls/rocev2/../ib_transport_protocol/conn_table.cpp:55]   --->   Operation 13 'getelementptr' 'conn_table_remote_qp_2' <Predicate = (!tmp & tmp_111)> <Delay = 0.00>
ST_1 : Operation 14 [1/1] (1.23ns)   --->   "store i24 %tmp_remote_qpn_V_1_l, i24* %conn_table_remote_qp_2, align 16" [/home/embed/Desktop/xkjiang/Github_Version/EthernetSSD-System-main/RX_receiveWriteReadRequest_genACK/hls/rocev2/../ib_transport_protocol/conn_table.cpp:55]   --->   Operation 14 'store' <Predicate = (!tmp & tmp_111)> <Delay = 1.23> <Core = "RAM">   --->   Core 37 'RAM' <Latency = 1> <II = 1> <Delay = 1.23> <Storage> <Opcode : 'load' 'store'> <Ports = 2> <Width = 16> <Depth = 500> <RAM>
ST_1 : Operation 15 [1/1] (0.00ns)   --->   "%conn_table_remote_ip_2 = getelementptr [500 x i128]* @conn_table_remote_ip, i64 0, i64 %zext_ln544_8" [/home/embed/Desktop/xkjiang/Github_Version/EthernetSSD-System-main/RX_receiveWriteReadRequest_genACK/hls/rocev2/../ib_transport_protocol/conn_table.cpp:56]   --->   Operation 15 'getelementptr' 'conn_table_remote_ip_2' <Predicate = (!tmp & tmp_111)> <Delay = 0.00>
ST_1 : Operation 16 [1/1] (1.23ns)   --->   "store i128 %tmp_remote_ip_addres_1, i128* %conn_table_remote_ip_2, align 16" [/home/embed/Desktop/xkjiang/Github_Version/EthernetSSD-System-main/RX_receiveWriteReadRequest_genACK/hls/rocev2/../ib_transport_protocol/conn_table.cpp:56]   --->   Operation 16 'store' <Predicate = (!tmp & tmp_111)> <Delay = 1.23> <Core = "RAM">   --->   Core 37 'RAM' <Latency = 1> <II = 1> <Delay = 1.23> <Storage> <Opcode : 'load' 'store'> <Ports = 2> <Width = 16> <Depth = 500> <RAM>
ST_1 : Operation 17 [1/1] (0.00ns)   --->   "%conn_table_remote_ud_2 = getelementptr [500 x i16]* @conn_table_remote_ud, i64 0, i64 %zext_ln544_8" [/home/embed/Desktop/xkjiang/Github_Version/EthernetSSD-System-main/RX_receiveWriteReadRequest_genACK/hls/rocev2/../ib_transport_protocol/conn_table.cpp:57]   --->   Operation 17 'getelementptr' 'conn_table_remote_ud_2' <Predicate = (!tmp & tmp_111)> <Delay = 0.00>
ST_1 : Operation 18 [1/1] (1.23ns)   --->   "store i16 %tmp_remote_udp_port_1, i16* %conn_table_remote_ud_2, align 8" [/home/embed/Desktop/xkjiang/Github_Version/EthernetSSD-System-main/RX_receiveWriteReadRequest_genACK/hls/rocev2/../ib_transport_protocol/conn_table.cpp:57]   --->   Operation 18 'store' <Predicate = (!tmp & tmp_111)> <Delay = 1.23> <Core = "RAM">   --->   Core 37 'RAM' <Latency = 1> <II = 1> <Delay = 1.23> <Storage> <Opcode : 'load' 'store'> <Ports = 2> <Width = 16> <Depth = 500> <RAM>
ST_1 : Operation 19 [1/1] (1.83ns)   --->   "%tmp_V = call i16 @_ssdm_op_Read.ap_fifo.volatile.i16P(i16* @tx_ibhconnTable_req_s_3)" [/home/embed/Desktop/xkjiang/Github_Version/EthernetSSD-System-main/RX_receiveWriteReadRequest_genACK/hls/rocev2/../ib_transport_protocol/conn_table.cpp:47]   --->   Operation 19 'read' 'tmp_V' <Predicate = (tmp)> <Delay = 1.83> <Core = "FIFO">   --->   Core 32 'FIFO' <Latency = 0> <II = 1> <Delay = 1.83> <Storage> <Opcode : 'read' 'write' 'nbread' 'nbwrite'> <Ports = 0> <Width = 32> <Depth = 2> <FIFO>
ST_1 : Operation 20 [1/1] (0.00ns)   --->   "%zext_ln544 = zext i16 %tmp_V to i64" [/home/embed/Desktop/xkjiang/Github_Version/EthernetSSD-System-main/RX_receiveWriteReadRequest_genACK/hls/rocev2/../ib_transport_protocol/conn_table.cpp:49]   --->   Operation 20 'zext' 'zext_ln544' <Predicate = (tmp)> <Delay = 0.00>
ST_1 : Operation 21 [1/1] (0.00ns)   --->   "%conn_table_remote_qp_1 = getelementptr [500 x i24]* @conn_table_remote_qp, i64 0, i64 %zext_ln544" [/home/embed/Desktop/xkjiang/Github_Version/EthernetSSD-System-main/RX_receiveWriteReadRequest_genACK/hls/rocev2/../ib_transport_protocol/conn_table.cpp:49]   --->   Operation 21 'getelementptr' 'conn_table_remote_qp_1' <Predicate = (tmp)> <Delay = 0.00>
ST_1 : Operation 22 [2/2] (1.23ns)   --->   "%tmp_remote_qpn_V = load i24* %conn_table_remote_qp_1, align 16" [/home/embed/Desktop/xkjiang/Github_Version/EthernetSSD-System-main/RX_receiveWriteReadRequest_genACK/hls/rocev2/../ib_transport_protocol/conn_table.cpp:49]   --->   Operation 22 'load' 'tmp_remote_qpn_V' <Predicate = (tmp)> <Delay = 1.23> <Core = "RAM">   --->   Core 37 'RAM' <Latency = 1> <II = 1> <Delay = 1.23> <Storage> <Opcode : 'load' 'store'> <Ports = 2> <Width = 16> <Depth = 500> <RAM>
ST_1 : Operation 23 [1/1] (0.00ns)   --->   "%conn_table_remote_ip_1 = getelementptr [500 x i128]* @conn_table_remote_ip, i64 0, i64 %zext_ln544" [/home/embed/Desktop/xkjiang/Github_Version/EthernetSSD-System-main/RX_receiveWriteReadRequest_genACK/hls/rocev2/../ib_transport_protocol/conn_table.cpp:49]   --->   Operation 23 'getelementptr' 'conn_table_remote_ip_1' <Predicate = (tmp)> <Delay = 0.00>
ST_1 : Operation 24 [2/2] (1.23ns)   --->   "%tmp_remote_ip_addres = load i128* %conn_table_remote_ip_1, align 16" [/home/embed/Desktop/xkjiang/Github_Version/EthernetSSD-System-main/RX_receiveWriteReadRequest_genACK/hls/rocev2/../ib_transport_protocol/conn_table.cpp:49]   --->   Operation 24 'load' 'tmp_remote_ip_addres' <Predicate = (tmp)> <Delay = 1.23> <Core = "RAM">   --->   Core 37 'RAM' <Latency = 1> <II = 1> <Delay = 1.23> <Storage> <Opcode : 'load' 'store'> <Ports = 2> <Width = 16> <Depth = 500> <RAM>
ST_1 : Operation 25 [1/1] (0.00ns)   --->   "%conn_table_remote_ud_1 = getelementptr [500 x i16]* @conn_table_remote_ud, i64 0, i64 %zext_ln544" [/home/embed/Desktop/xkjiang/Github_Version/EthernetSSD-System-main/RX_receiveWriteReadRequest_genACK/hls/rocev2/../ib_transport_protocol/conn_table.cpp:49]   --->   Operation 25 'getelementptr' 'conn_table_remote_ud_1' <Predicate = (tmp)> <Delay = 0.00>
ST_1 : Operation 26 [2/2] (1.23ns)   --->   "%tmp_remote_udp_port_s = load i16* %conn_table_remote_ud_1, align 8" [/home/embed/Desktop/xkjiang/Github_Version/EthernetSSD-System-main/RX_receiveWriteReadRequest_genACK/hls/rocev2/../ib_transport_protocol/conn_table.cpp:49]   --->   Operation 26 'load' 'tmp_remote_udp_port_s' <Predicate = (tmp)> <Delay = 1.23> <Core = "RAM">   --->   Core 37 'RAM' <Latency = 1> <II = 1> <Delay = 1.23> <Storage> <Opcode : 'load' 'store'> <Ports = 2> <Width = 16> <Depth = 500> <RAM>

State 2 <SV = 1> <Delay = 3.07>
ST_2 : Operation 27 [1/1] (0.00ns)   --->   "call void (...)* @_ssdm_op_SpecInterface(i168* @tx_connTable2ibh_rsp_1, [8 x i8]* @ap_fifo_str, i32 0, i32 0, [1 x i8]* @p_str, i32 0, i32 0, [1 x i8]* @p_str, [1 x i8]* @p_str, [1 x i8]* @p_str, i32 2, i32 2, i32 16, i32 16, [1 x i8]* @p_str, [1 x i8]* @p_str)"   --->   Operation 27 'specinterface' <Predicate = true> <Delay = 0.00>
ST_2 : Operation 28 [1/1] (0.00ns)   --->   "call void (...)* @_ssdm_op_SpecInterface(i16* @tx_ibhconnTable_req_s_3, [8 x i8]* @ap_fifo_str, i32 0, i32 0, [1 x i8]* @p_str, i32 0, i32 0, [1 x i8]* @p_str, [1 x i8]* @p_str, [1 x i8]* @p_str, i32 2, i32 2, i32 16, i32 16, [1 x i8]* @p_str, [1 x i8]* @p_str)"   --->   Operation 28 'specinterface' <Predicate = true> <Delay = 0.00>
ST_2 : Operation 29 [1/1] (0.00ns)   --->   "call void (...)* @_ssdm_op_SpecInterface(i184* %qpi2connTable_req_V, [5 x i8]* @p_str5, i32 1, i32 1, [5 x i8]* @p_str6, i32 0, i32 0, [1 x i8]* @p_str3, [1 x i8]* @p_str3, [1 x i8]* @p_str3, i32 0, i32 0, i32 0, i32 0, [1 x i8]* @p_str3, [1 x i8]* @p_str3) nounwind"   --->   Operation 29 'specinterface' <Predicate = true> <Delay = 0.00>
ST_2 : Operation 30 [1/1] (0.00ns)   --->   "call void (...)* @_ssdm_op_SpecPipeline(i32 1, i32 1, i32 1, i32 0, [1 x i8]* @p_str44) nounwind" [/home/embed/Desktop/xkjiang/Github_Version/EthernetSSD-System-main/RX_receiveWriteReadRequest_genACK/hls/rocev2/../ib_transport_protocol/conn_table.cpp:36]   --->   Operation 30 'specpipeline' <Predicate = true> <Delay = 0.00>
ST_2 : Operation 31 [1/1] (0.00ns)   --->   "br label %._crit_edge1.i" [/home/embed/Desktop/xkjiang/Github_Version/EthernetSSD-System-main/RX_receiveWriteReadRequest_genACK/hls/rocev2/../ib_transport_protocol/conn_table.cpp:58]   --->   Operation 31 'br' <Predicate = (!tmp & tmp_111)> <Delay = 0.00>
ST_2 : Operation 32 [1/1] (0.00ns)   --->   "br label %conn_table.exit"   --->   Operation 32 'br' <Predicate = (!tmp)> <Delay = 0.00>
ST_2 : Operation 33 [1/2] (1.23ns)   --->   "%tmp_remote_qpn_V = load i24* %conn_table_remote_qp_1, align 16" [/home/embed/Desktop/xkjiang/Github_Version/EthernetSSD-System-main/RX_receiveWriteReadRequest_genACK/hls/rocev2/../ib_transport_protocol/conn_table.cpp:49]   --->   Operation 33 'load' 'tmp_remote_qpn_V' <Predicate = (tmp)> <Delay = 1.23> <Core = "RAM">   --->   Core 37 'RAM' <Latency = 1> <II = 1> <Delay = 1.23> <Storage> <Opcode : 'load' 'store'> <Ports = 2> <Width = 16> <Depth = 500> <RAM>
ST_2 : Operation 34 [1/2] (1.23ns)   --->   "%tmp_remote_ip_addres = load i128* %conn_table_remote_ip_1, align 16" [/home/embed/Desktop/xkjiang/Github_Version/EthernetSSD-System-main/RX_receiveWriteReadRequest_genACK/hls/rocev2/../ib_transport_protocol/conn_table.cpp:49]   --->   Operation 34 'load' 'tmp_remote_ip_addres' <Predicate = (tmp)> <Delay = 1.23> <Core = "RAM">   --->   Core 37 'RAM' <Latency = 1> <II = 1> <Delay = 1.23> <Storage> <Opcode : 'load' 'store'> <Ports = 2> <Width = 16> <Depth = 500> <RAM>
ST_2 : Operation 35 [1/2] (1.23ns)   --->   "%tmp_remote_udp_port_s = load i16* %conn_table_remote_ud_1, align 8" [/home/embed/Desktop/xkjiang/Github_Version/EthernetSSD-System-main/RX_receiveWriteReadRequest_genACK/hls/rocev2/../ib_transport_protocol/conn_table.cpp:49]   --->   Operation 35 'load' 'tmp_remote_udp_port_s' <Predicate = (tmp)> <Delay = 1.23> <Core = "RAM">   --->   Core 37 'RAM' <Latency = 1> <II = 1> <Delay = 1.23> <Storage> <Opcode : 'load' 'store'> <Ports = 2> <Width = 16> <Depth = 500> <RAM>
ST_2 : Operation 36 [1/1] (0.00ns)   --->   "%tmp4 = call i168 @_ssdm_op_BitConcatenate.i168.i16.i128.i24(i16 %tmp_remote_udp_port_s, i128 %tmp_remote_ip_addres, i24 %tmp_remote_qpn_V)" [/home/embed/Desktop/xkjiang/Github_Version/EthernetSSD-System-main/RX_receiveWriteReadRequest_genACK/hls/rocev2/../ib_transport_protocol/conn_table.cpp:49]   --->   Operation 36 'bitconcatenate' 'tmp4' <Predicate = (tmp)> <Delay = 0.00>
ST_2 : Operation 37 [1/1] (1.83ns)   --->   "call void @_ssdm_op_Write.ap_fifo.volatile.i168P(i168* @tx_connTable2ibh_rsp_1, i168 %tmp4)" [/home/embed/Desktop/xkjiang/Github_Version/EthernetSSD-System-main/RX_receiveWriteReadRequest_genACK/hls/rocev2/../ib_transport_protocol/conn_table.cpp:49]   --->   Operation 37 'write' <Predicate = (tmp)> <Delay = 1.83> <Core = "FIFO">   --->   Core 32 'FIFO' <Latency = 0> <II = 1> <Delay = 1.83> <Storage> <Opcode : 'read' 'write' 'nbread' 'nbwrite'> <Ports = 0> <Width = 32> <Depth = 2> <FIFO>
ST_2 : Operation 38 [1/1] (0.00ns)   --->   "br label %conn_table.exit" [/home/embed/Desktop/xkjiang/Github_Version/EthernetSSD-System-main/RX_receiveWriteReadRequest_genACK/hls/rocev2/../ib_transport_protocol/conn_table.cpp:50]   --->   Operation 38 'br' <Predicate = (tmp)> <Delay = 0.00>
ST_2 : Operation 39 [1/1] (0.00ns)   --->   "ret void"   --->   Operation 39 'ret' <Predicate = true> <Delay = 0.00>


============================================================
+ Verbose Summary: Binding
============================================================
STG Binding: 
---------------- STG Properties BEGIN ----------------
- Is combinational: 0
- Is one-state seq: 0
- Is datapath-only: 0
- Is pipelined: 1
- Is top level: 0
Port [ Return ] is wired: 1; IO mode=ap_ctrl_hs:ce=0
Port [ qpi2connTable_req_V]:  wired=1; compound=1; hidden=0; nouse=0; global=0; static=0; extern=0; dir=0; type=0; pingpong=0; private_global=0; IO mode=axis:ce=0
Port [ tx_ibhconnTable_req_s_3]:  wired=1; compound=1; hidden=0; nouse=0; global=1; static=1; extern=0; dir=0; type=3; pingpong=0; private_global=0; linkage=7; visibility=0; IO mode=ap_fifo:ce=0
Port [ conn_table_remote_qp]:  wired=0; compound=1; hidden=1; nouse=0; global=1; static=1; extern=0; dir=2; type=1; pingpong=0; private_global=1; linkage=7; visibility=0; MemPort=[23]; IO mode=ap_memory:ce=0
Port [ conn_table_remote_ip]:  wired=0; compound=1; hidden=1; nouse=0; global=1; static=1; extern=0; dir=2; type=1; pingpong=0; private_global=1; linkage=7; visibility=0; MemPort=[23]; IO mode=ap_memory:ce=0
Port [ conn_table_remote_ud]:  wired=0; compound=1; hidden=1; nouse=0; global=1; static=1; extern=0; dir=2; type=1; pingpong=0; private_global=1; linkage=7; visibility=0; MemPort=[23]; IO mode=ap_memory:ce=0
Port [ tx_connTable2ibh_rsp_1]:  wired=1; compound=1; hidden=0; nouse=0; global=1; static=1; extern=0; dir=1; type=3; pingpong=0; private_global=0; linkage=7; visibility=0; IO mode=ap_fifo:ce=0
---------------- STG Properties END ------------------

---------------- Datapath Model BEGIN ----------------

<LifeTime>
<method=bitvector/>
tmp                    (nbreadreq     ) [ 011]
br_ln45                (br            ) [ 000]
tmp_111                (nbreadreq     ) [ 011]
br_ln51                (br            ) [ 000]
tmp_1                  (read          ) [ 000]
trunc_ln321            (trunc         ) [ 000]
tmp_remote_qpn_V_1_l   (partselect    ) [ 000]
tmp_remote_ip_addres_1 (partselect    ) [ 000]
tmp_remote_udp_port_1  (partselect    ) [ 000]
zext_ln544_8           (zext          ) [ 000]
conn_table_remote_qp_2 (getelementptr ) [ 000]
store_ln55             (store         ) [ 000]
conn_table_remote_ip_2 (getelementptr ) [ 000]
store_ln56             (store         ) [ 000]
conn_table_remote_ud_2 (getelementptr ) [ 000]
store_ln57             (store         ) [ 000]
tmp_V                  (read          ) [ 000]
zext_ln544             (zext          ) [ 000]
conn_table_remote_qp_1 (getelementptr ) [ 011]
conn_table_remote_ip_1 (getelementptr ) [ 011]
conn_table_remote_ud_1 (getelementptr ) [ 011]
specinterface_ln0      (specinterface ) [ 000]
specinterface_ln0      (specinterface ) [ 000]
specinterface_ln0      (specinterface ) [ 000]
specpipeline_ln36      (specpipeline  ) [ 000]
br_ln58                (br            ) [ 000]
br_ln0                 (br            ) [ 000]
tmp_remote_qpn_V       (load          ) [ 000]
tmp_remote_ip_addres   (load          ) [ 000]
tmp_remote_udp_port_s  (load          ) [ 000]
tmp4                   (bitconcatenate) [ 000]
write_ln49             (write         ) [ 000]
br_ln50                (br            ) [ 000]
ret_ln0                (ret           ) [ 000]
</LifeTime>

<model>

<comp_list>
<comp id="0" class="1000" name="qpi2connTable_req_V">
<pin_list>
<pin id="1" dir="1" index="0" bw="1" slack="0"/>
</pin_list>
<bind>
<StgValue><ssdm name="qpi2connTable_req_V"/></StgValue>
</bind>
</comp>

<comp id="2" class="1000" name="tx_ibhconnTable_req_s_3">
<pin_list>
<pin id="3" dir="1" index="0" bw="1" slack="0"/>
</pin_list>
<bind>
<StgValue><ssdm name="tx_ibhconnTable_req_s_3"/></StgValue>
</bind>
</comp>

<comp id="4" class="1000" name="conn_table_remote_qp">
<pin_list>
<pin id="5" dir="1" index="0" bw="1" slack="0"/>
</pin_list>
<bind>
<StgValue><ssdm name="conn_table_remote_qp"/><MemPortTyVec>2 3 </MemPortTyVec>
</StgValue>
</bind>
</comp>

<comp id="6" class="1000" name="conn_table_remote_ip">
<pin_list>
<pin id="7" dir="1" index="0" bw="1" slack="0"/>
</pin_list>
<bind>
<StgValue><ssdm name="conn_table_remote_ip"/><MemPortTyVec>2 3 </MemPortTyVec>
</StgValue>
</bind>
</comp>

<comp id="8" class="1000" name="conn_table_remote_ud">
<pin_list>
<pin id="9" dir="1" index="0" bw="1" slack="0"/>
</pin_list>
<bind>
<StgValue><ssdm name="conn_table_remote_ud"/><MemPortTyVec>2 3 </MemPortTyVec>
</StgValue>
</bind>
</comp>

<comp id="10" class="1000" name="tx_connTable2ibh_rsp_1">
<pin_list>
<pin id="11" dir="1" index="0" bw="1" slack="0"/>
</pin_list>
<bind>
<StgValue><ssdm name="tx_connTable2ibh_rsp_1"/></StgValue>
</bind>
</comp>

<comp id="12" class="1001" name="const_12">
<pin_list>
<pin id="13" dir="1" index="0" bw="1" slack="0"/>
</pin_list>
<bind>
<StgValue><ssdm name="_ssdm_op_NbReadReq.ap_fifo.i16P"/></StgValue>
</bind>
</comp>

<comp id="14" class="1001" name="const_14">
<pin_list>
<pin id="15" dir="1" index="0" bw="1" slack="0"/>
</pin_list>
<bind>
<StgValue><ssdm name=""/></StgValue>
</bind>
</comp>

<comp id="16" class="1001" name="const_16">
<pin_list>
<pin id="17" dir="1" index="0" bw="1" slack="0"/>
</pin_list>
<bind>
<StgValue><ssdm name="_ssdm_op_NbReadReq.axis.i184P"/></StgValue>
</bind>
</comp>

<comp id="18" class="1001" name="const_18">
<pin_list>
<pin id="19" dir="1" index="0" bw="1" slack="0"/>
</pin_list>
<bind>
<StgValue><ssdm name="_ssdm_op_Read.axis.volatile.i184P"/></StgValue>
</bind>
</comp>

<comp id="20" class="1001" name="const_20">
<pin_list>
<pin id="21" dir="1" index="0" bw="1" slack="0"/>
</pin_list>
<bind>
<StgValue><ssdm name="_ssdm_op_PartSelect.i24.i184.i32.i32"/></StgValue>
</bind>
</comp>

<comp id="22" class="1001" name="const_22">
<pin_list>
<pin id="23" dir="1" index="0" bw="1" slack="0"/>
</pin_list>
<bind>
<StgValue><ssdm name=""/></StgValue>
</bind>
</comp>

<comp id="24" class="1001" name="const_24">
<pin_list>
<pin id="25" dir="1" index="0" bw="1" slack="0"/>
</pin_list>
<bind>
<StgValue><ssdm name=""/></StgValue>
</bind>
</comp>

<comp id="26" class="1001" name="const_26">
<pin_list>
<pin id="27" dir="1" index="0" bw="1" slack="0"/>
</pin_list>
<bind>
<StgValue><ssdm name="_ssdm_op_PartSelect.i128.i184.i32.i32"/></StgValue>
</bind>
</comp>

<comp id="28" class="1001" name="const_28">
<pin_list>
<pin id="29" dir="1" index="0" bw="1" slack="0"/>
</pin_list>
<bind>
<StgValue><ssdm name=""/></StgValue>
</bind>
</comp>

<comp id="30" class="1001" name="const_30">
<pin_list>
<pin id="31" dir="1" index="0" bw="1" slack="0"/>
</pin_list>
<bind>
<StgValue><ssdm name=""/></StgValue>
</bind>
</comp>

<comp id="32" class="1001" name="const_32">
<pin_list>
<pin id="33" dir="1" index="0" bw="1" slack="0"/>
</pin_list>
<bind>
<StgValue><ssdm name="_ssdm_op_PartSelect.i16.i184.i32.i32"/></StgValue>
</bind>
</comp>

<comp id="34" class="1001" name="const_34">
<pin_list>
<pin id="35" dir="1" index="0" bw="1" slack="0"/>
</pin_list>
<bind>
<StgValue><ssdm name=""/></StgValue>
</bind>
</comp>

<comp id="36" class="1001" name="const_36">
<pin_list>
<pin id="37" dir="1" index="0" bw="1" slack="0"/>
</pin_list>
<bind>
<StgValue><ssdm name=""/></StgValue>
</bind>
</comp>

<comp id="38" class="1001" name="const_38">
<pin_list>
<pin id="39" dir="1" index="0" bw="1" slack="0"/>
</pin_list>
<bind>
<StgValue><ssdm name=""/></StgValue>
</bind>
</comp>

<comp id="40" class="1001" name="const_40">
<pin_list>
<pin id="41" dir="1" index="0" bw="1" slack="0"/>
</pin_list>
<bind>
<StgValue><ssdm name="_ssdm_op_Read.ap_fifo.volatile.i16P"/></StgValue>
</bind>
</comp>

<comp id="42" class="1001" name="const_42">
<pin_list>
<pin id="43" dir="1" index="0" bw="1" slack="2147483647"/>
</pin_list>
<bind>
<StgValue><ssdm name="_ssdm_op_SpecInterface"/></StgValue>
</bind>
</comp>

<comp id="44" class="1001" name="const_44">
<pin_list>
<pin id="45" dir="1" index="0" bw="1" slack="2147483647"/>
</pin_list>
<bind>
<StgValue><ssdm name="ap_fifo_str"/></StgValue>
</bind>
</comp>

<comp id="46" class="1001" name="const_46">
<pin_list>
<pin id="47" dir="1" index="0" bw="1" slack="2147483647"/>
</pin_list>
<bind>
<StgValue><ssdm name=""/></StgValue>
</bind>
</comp>

<comp id="48" class="1001" name="const_48">
<pin_list>
<pin id="49" dir="1" index="0" bw="1" slack="2147483647"/>
</pin_list>
<bind>
<StgValue><ssdm name="p_str"/></StgValue>
</bind>
</comp>

<comp id="50" class="1001" name="const_50">
<pin_list>
<pin id="51" dir="1" index="0" bw="1" slack="2147483647"/>
</pin_list>
<bind>
<StgValue><ssdm name=""/></StgValue>
</bind>
</comp>

<comp id="52" class="1001" name="const_52">
<pin_list>
<pin id="53" dir="1" index="0" bw="1" slack="2147483647"/>
</pin_list>
<bind>
<StgValue><ssdm name="p_str5"/></StgValue>
</bind>
</comp>

<comp id="54" class="1001" name="const_54">
<pin_list>
<pin id="55" dir="1" index="0" bw="1" slack="2147483647"/>
</pin_list>
<bind>
<StgValue><ssdm name="p_str6"/></StgValue>
</bind>
</comp>

<comp id="56" class="1001" name="const_56">
<pin_list>
<pin id="57" dir="1" index="0" bw="1" slack="2147483647"/>
</pin_list>
<bind>
<StgValue><ssdm name="p_str3"/></StgValue>
</bind>
</comp>

<comp id="58" class="1001" name="const_58">
<pin_list>
<pin id="59" dir="1" index="0" bw="1" slack="2147483647"/>
</pin_list>
<bind>
<StgValue><ssdm name="_ssdm_op_SpecPipeline"/></StgValue>
</bind>
</comp>

<comp id="60" class="1001" name="const_60">
<pin_list>
<pin id="61" dir="1" index="0" bw="1" slack="2147483647"/>
</pin_list>
<bind>
<StgValue><ssdm name="p_str44"/></StgValue>
</bind>
</comp>

<comp id="62" class="1001" name="const_62">
<pin_list>
<pin id="63" dir="1" index="0" bw="1" slack="0"/>
</pin_list>
<bind>
<StgValue><ssdm name="_ssdm_op_BitConcatenate.i168.i16.i128.i24"/></StgValue>
</bind>
</comp>

<comp id="64" class="1001" name="const_64">
<pin_list>
<pin id="65" dir="1" index="0" bw="1" slack="0"/>
</pin_list>
<bind>
<StgValue><ssdm name="_ssdm_op_Write.ap_fifo.volatile.i168P"/></StgValue>
</bind>
</comp>

<comp id="66" class="1004" name="tmp_nbreadreq_fu_66">
<pin_list>
<pin id="67" dir="0" index="0" bw="1" slack="0"/>
<pin id="68" dir="0" index="1" bw="16" slack="0"/>
<pin id="69" dir="0" index="2" bw="1" slack="0"/>
<pin id="70" dir="1" index="3" bw="1" slack="1"/>
</pin_list>
<bind>
<opcode="nbreadreq(1156) " fcode="nbreadreq"/>
<opset="tmp/1 "/>
</bind>
</comp>

<comp id="74" class="1004" name="tmp_111_nbreadreq_fu_74">
<pin_list>
<pin id="75" dir="0" index="0" bw="1" slack="0"/>
<pin id="76" dir="0" index="1" bw="184" slack="0"/>
<pin id="77" dir="0" index="2" bw="1" slack="0"/>
<pin id="78" dir="1" index="3" bw="1" slack="1"/>
</pin_list>
<bind>
<opcode="nbreadreq(1156) " fcode="nbreadreq"/>
<opset="tmp_111/1 "/>
</bind>
</comp>

<comp id="82" class="1004" name="tmp_1_read_fu_82">
<pin_list>
<pin id="83" dir="0" index="0" bw="184" slack="0"/>
<pin id="84" dir="0" index="1" bw="184" slack="0"/>
<pin id="85" dir="1" index="2" bw="184" slack="0"/>
</pin_list>
<bind>
<opcode="read(1150) " fcode="read"/>
<opset="tmp_1/1 "/>
</bind>
</comp>

<comp id="88" class="1004" name="tmp_V_read_fu_88">
<pin_list>
<pin id="89" dir="0" index="0" bw="16" slack="0"/>
<pin id="90" dir="0" index="1" bw="16" slack="0"/>
<pin id="91" dir="1" index="2" bw="16" slack="0"/>
</pin_list>
<bind>
<opcode="read(1150) " fcode="read"/>
<opset="tmp_V/1 "/>
</bind>
</comp>

<comp id="94" class="1004" name="write_ln49_write_fu_94">
<pin_list>
<pin id="95" dir="0" index="0" bw="0" slack="0"/>
<pin id="96" dir="0" index="1" bw="168" slack="0"/>
<pin id="97" dir="0" index="2" bw="168" slack="0"/>
<pin id="98" dir="1" index="3" bw="0" slack="2147483647"/>
</pin_list>
<bind>
<opcode="write(1151) " fcode="write"/>
<opset="write_ln49/2 "/>
</bind>
</comp>

<comp id="101" class="1004" name="conn_table_remote_qp_2_gep_fu_101">
<pin_list>
<pin id="102" dir="0" index="0" bw="24" slack="0"/>
<pin id="103" dir="0" index="1" bw="1" slack="0"/>
<pin id="104" dir="0" index="2" bw="16" slack="0"/>
<pin id="105" dir="1" index="3" bw="9" slack="0"/>
</pin_list>
<bind>
<opcode="getelementptr(29) " fcode="getelementptr"/>
<opset="conn_table_remote_qp_2/1 "/>
</bind>
</comp>

<comp id="108" class="1004" name="grp_access_fu_108">
<pin_list>
<pin id="109" dir="0" index="0" bw="9" slack="0"/>
<pin id="110" dir="0" index="1" bw="24" slack="0"/>
<pin id="111" dir="0" index="2" bw="0" slack="2147483647"/>
<pin id="112" dir="1" index="3" bw="24" slack="0"/>
</pin_list>
<bind>
<opcode="load(27) store(28) " fcode="load"/>
<opset="store_ln55/1 tmp_remote_qpn_V/1 "/>
</bind>
</comp>

<comp id="114" class="1004" name="conn_table_remote_ip_2_gep_fu_114">
<pin_list>
<pin id="115" dir="0" index="0" bw="128" slack="0"/>
<pin id="116" dir="0" index="1" bw="1" slack="0"/>
<pin id="117" dir="0" index="2" bw="16" slack="0"/>
<pin id="118" dir="1" index="3" bw="9" slack="0"/>
</pin_list>
<bind>
<opcode="getelementptr(29) " fcode="getelementptr"/>
<opset="conn_table_remote_ip_2/1 "/>
</bind>
</comp>

<comp id="121" class="1004" name="grp_access_fu_121">
<pin_list>
<pin id="122" dir="0" index="0" bw="9" slack="0"/>
<pin id="123" dir="0" index="1" bw="128" slack="0"/>
<pin id="124" dir="0" index="2" bw="0" slack="2147483647"/>
<pin id="125" dir="1" index="3" bw="128" slack="0"/>
</pin_list>
<bind>
<opcode="load(27) store(28) " fcode="load"/>
<opset="store_ln56/1 tmp_remote_ip_addres/1 "/>
</bind>
</comp>

<comp id="127" class="1004" name="conn_table_remote_ud_2_gep_fu_127">
<pin_list>
<pin id="128" dir="0" index="0" bw="16" slack="0"/>
<pin id="129" dir="0" index="1" bw="1" slack="0"/>
<pin id="130" dir="0" index="2" bw="16" slack="0"/>
<pin id="131" dir="1" index="3" bw="9" slack="0"/>
</pin_list>
<bind>
<opcode="getelementptr(29) " fcode="getelementptr"/>
<opset="conn_table_remote_ud_2/1 "/>
</bind>
</comp>

<comp id="134" class="1004" name="grp_access_fu_134">
<pin_list>
<pin id="135" dir="0" index="0" bw="9" slack="0"/>
<pin id="136" dir="0" index="1" bw="16" slack="0"/>
<pin id="137" dir="0" index="2" bw="0" slack="2147483647"/>
<pin id="138" dir="1" index="3" bw="16" slack="0"/>
</pin_list>
<bind>
<opcode="load(27) store(28) " fcode="load"/>
<opset="store_ln57/1 tmp_remote_udp_port_s/1 "/>
</bind>
</comp>

<comp id="140" class="1004" name="conn_table_remote_qp_1_gep_fu_140">
<pin_list>
<pin id="141" dir="0" index="0" bw="24" slack="0"/>
<pin id="142" dir="0" index="1" bw="1" slack="0"/>
<pin id="143" dir="0" index="2" bw="16" slack="0"/>
<pin id="144" dir="1" index="3" bw="9" slack="0"/>
</pin_list>
<bind>
<opcode="getelementptr(29) " fcode="getelementptr"/>
<opset="conn_table_remote_qp_1/1 "/>
</bind>
</comp>

<comp id="148" class="1004" name="conn_table_remote_ip_1_gep_fu_148">
<pin_list>
<pin id="149" dir="0" index="0" bw="128" slack="0"/>
<pin id="150" dir="0" index="1" bw="1" slack="0"/>
<pin id="151" dir="0" index="2" bw="16" slack="0"/>
<pin id="152" dir="1" index="3" bw="9" slack="0"/>
</pin_list>
<bind>
<opcode="getelementptr(29) " fcode="getelementptr"/>
<opset="conn_table_remote_ip_1/1 "/>
</bind>
</comp>

<comp id="156" class="1004" name="conn_table_remote_ud_1_gep_fu_156">
<pin_list>
<pin id="157" dir="0" index="0" bw="16" slack="0"/>
<pin id="158" dir="0" index="1" bw="1" slack="0"/>
<pin id="159" dir="0" index="2" bw="16" slack="0"/>
<pin id="160" dir="1" index="3" bw="9" slack="0"/>
</pin_list>
<bind>
<opcode="getelementptr(29) " fcode="getelementptr"/>
<opset="conn_table_remote_ud_1/1 "/>
</bind>
</comp>

<comp id="164" class="1004" name="trunc_ln321_fu_164">
<pin_list>
<pin id="165" dir="0" index="0" bw="184" slack="0"/>
<pin id="166" dir="1" index="1" bw="16" slack="0"/>
</pin_list>
<bind>
<opcode="trunc(33) " fcode="trunc"/>
<opset="trunc_ln321/1 "/>
</bind>
</comp>

<comp id="168" class="1004" name="tmp_remote_qpn_V_1_l_fu_168">
<pin_list>
<pin id="169" dir="0" index="0" bw="24" slack="0"/>
<pin id="170" dir="0" index="1" bw="184" slack="0"/>
<pin id="171" dir="0" index="2" bw="6" slack="0"/>
<pin id="172" dir="0" index="3" bw="7" slack="0"/>
<pin id="173" dir="1" index="4" bw="24" slack="0"/>
</pin_list>
<bind>
<opcode="partselect(1002) " fcode="partselect"/>
<opset="tmp_remote_qpn_V_1_l/1 "/>
</bind>
</comp>

<comp id="179" class="1004" name="tmp_remote_ip_addres_1_fu_179">
<pin_list>
<pin id="180" dir="0" index="0" bw="128" slack="0"/>
<pin id="181" dir="0" index="1" bw="184" slack="0"/>
<pin id="182" dir="0" index="2" bw="7" slack="0"/>
<pin id="183" dir="0" index="3" bw="9" slack="0"/>
<pin id="184" dir="1" index="4" bw="128" slack="0"/>
</pin_list>
<bind>
<opcode="partselect(1002) " fcode="partselect"/>
<opset="tmp_remote_ip_addres_1/1 "/>
</bind>
</comp>

<comp id="190" class="1004" name="tmp_remote_udp_port_1_fu_190">
<pin_list>
<pin id="191" dir="0" index="0" bw="16" slack="0"/>
<pin id="192" dir="0" index="1" bw="184" slack="0"/>
<pin id="193" dir="0" index="2" bw="9" slack="0"/>
<pin id="194" dir="0" index="3" bw="9" slack="0"/>
<pin id="195" dir="1" index="4" bw="16" slack="0"/>
</pin_list>
<bind>
<opcode="partselect(1002) " fcode="partselect"/>
<opset="tmp_remote_udp_port_1/1 "/>
</bind>
</comp>

<comp id="201" class="1004" name="zext_ln544_8_fu_201">
<pin_list>
<pin id="202" dir="0" index="0" bw="16" slack="0"/>
<pin id="203" dir="1" index="1" bw="64" slack="0"/>
</pin_list>
<bind>
<opcode="zext(34) " fcode="zext"/>
<opset="zext_ln544_8/1 "/>
</bind>
</comp>

<comp id="208" class="1004" name="zext_ln544_fu_208">
<pin_list>
<pin id="209" dir="0" index="0" bw="16" slack="0"/>
<pin id="210" dir="1" index="1" bw="64" slack="0"/>
</pin_list>
<bind>
<opcode="zext(34) " fcode="zext"/>
<opset="zext_ln544/1 "/>
</bind>
</comp>

<comp id="215" class="1004" name="tmp4_fu_215">
<pin_list>
<pin id="216" dir="0" index="0" bw="168" slack="0"/>
<pin id="217" dir="0" index="1" bw="16" slack="0"/>
<pin id="218" dir="0" index="2" bw="128" slack="0"/>
<pin id="219" dir="0" index="3" bw="24" slack="0"/>
<pin id="220" dir="1" index="4" bw="168" slack="0"/>
</pin_list>
<bind>
<opcode="bitconcatenate(1004) " fcode="bitconcatenate"/>
<opset="tmp4/2 "/>
</bind>
</comp>

<comp id="226" class="1005" name="tmp_reg_226">
<pin_list>
<pin id="227" dir="0" index="0" bw="1" slack="1"/>
<pin id="228" dir="1" index="1" bw="1" slack="2147483647"/>
</pin_list>
<bind>
<opset="tmp "/>
</bind>
</comp>

<comp id="230" class="1005" name="tmp_111_reg_230">
<pin_list>
<pin id="231" dir="0" index="0" bw="1" slack="1"/>
<pin id="232" dir="1" index="1" bw="1" slack="2147483647"/>
</pin_list>
<bind>
<opset="tmp_111 "/>
</bind>
</comp>

<comp id="234" class="1005" name="conn_table_remote_qp_1_reg_234">
<pin_list>
<pin id="235" dir="0" index="0" bw="9" slack="1"/>
<pin id="236" dir="1" index="1" bw="9" slack="1"/>
</pin_list>
<bind>
<opset="conn_table_remote_qp_1 "/>
</bind>
</comp>

<comp id="239" class="1005" name="conn_table_remote_ip_1_reg_239">
<pin_list>
<pin id="240" dir="0" index="0" bw="9" slack="1"/>
<pin id="241" dir="1" index="1" bw="9" slack="1"/>
</pin_list>
<bind>
<opset="conn_table_remote_ip_1 "/>
</bind>
</comp>

<comp id="244" class="1005" name="conn_table_remote_ud_1_reg_244">
<pin_list>
<pin id="245" dir="0" index="0" bw="9" slack="1"/>
<pin id="246" dir="1" index="1" bw="9" slack="1"/>
</pin_list>
<bind>
<opset="conn_table_remote_ud_1 "/>
</bind>
</comp>

</comp_list>

<net_list>
<net id="71"><net_src comp="12" pin="0"/><net_sink comp="66" pin=0"/></net>

<net id="72"><net_src comp="2" pin="0"/><net_sink comp="66" pin=1"/></net>

<net id="73"><net_src comp="14" pin="0"/><net_sink comp="66" pin=2"/></net>

<net id="79"><net_src comp="16" pin="0"/><net_sink comp="74" pin=0"/></net>

<net id="80"><net_src comp="0" pin="0"/><net_sink comp="74" pin=1"/></net>

<net id="81"><net_src comp="14" pin="0"/><net_sink comp="74" pin=2"/></net>

<net id="86"><net_src comp="18" pin="0"/><net_sink comp="82" pin=0"/></net>

<net id="87"><net_src comp="0" pin="0"/><net_sink comp="82" pin=1"/></net>

<net id="92"><net_src comp="40" pin="0"/><net_sink comp="88" pin=0"/></net>

<net id="93"><net_src comp="2" pin="0"/><net_sink comp="88" pin=1"/></net>

<net id="99"><net_src comp="64" pin="0"/><net_sink comp="94" pin=0"/></net>

<net id="100"><net_src comp="10" pin="0"/><net_sink comp="94" pin=1"/></net>

<net id="106"><net_src comp="4" pin="0"/><net_sink comp="101" pin=0"/></net>

<net id="107"><net_src comp="38" pin="0"/><net_sink comp="101" pin=1"/></net>

<net id="113"><net_src comp="101" pin="3"/><net_sink comp="108" pin=0"/></net>

<net id="119"><net_src comp="6" pin="0"/><net_sink comp="114" pin=0"/></net>

<net id="120"><net_src comp="38" pin="0"/><net_sink comp="114" pin=1"/></net>

<net id="126"><net_src comp="114" pin="3"/><net_sink comp="121" pin=0"/></net>

<net id="132"><net_src comp="8" pin="0"/><net_sink comp="127" pin=0"/></net>

<net id="133"><net_src comp="38" pin="0"/><net_sink comp="127" pin=1"/></net>

<net id="139"><net_src comp="127" pin="3"/><net_sink comp="134" pin=0"/></net>

<net id="145"><net_src comp="4" pin="0"/><net_sink comp="140" pin=0"/></net>

<net id="146"><net_src comp="38" pin="0"/><net_sink comp="140" pin=1"/></net>

<net id="147"><net_src comp="140" pin="3"/><net_sink comp="108" pin=0"/></net>

<net id="153"><net_src comp="6" pin="0"/><net_sink comp="148" pin=0"/></net>

<net id="154"><net_src comp="38" pin="0"/><net_sink comp="148" pin=1"/></net>

<net id="155"><net_src comp="148" pin="3"/><net_sink comp="121" pin=0"/></net>

<net id="161"><net_src comp="8" pin="0"/><net_sink comp="156" pin=0"/></net>

<net id="162"><net_src comp="38" pin="0"/><net_sink comp="156" pin=1"/></net>

<net id="163"><net_src comp="156" pin="3"/><net_sink comp="134" pin=0"/></net>

<net id="167"><net_src comp="82" pin="2"/><net_sink comp="164" pin=0"/></net>

<net id="174"><net_src comp="20" pin="0"/><net_sink comp="168" pin=0"/></net>

<net id="175"><net_src comp="82" pin="2"/><net_sink comp="168" pin=1"/></net>

<net id="176"><net_src comp="22" pin="0"/><net_sink comp="168" pin=2"/></net>

<net id="177"><net_src comp="24" pin="0"/><net_sink comp="168" pin=3"/></net>

<net id="178"><net_src comp="168" pin="4"/><net_sink comp="108" pin=1"/></net>

<net id="185"><net_src comp="26" pin="0"/><net_sink comp="179" pin=0"/></net>

<net id="186"><net_src comp="82" pin="2"/><net_sink comp="179" pin=1"/></net>

<net id="187"><net_src comp="28" pin="0"/><net_sink comp="179" pin=2"/></net>

<net id="188"><net_src comp="30" pin="0"/><net_sink comp="179" pin=3"/></net>

<net id="189"><net_src comp="179" pin="4"/><net_sink comp="121" pin=1"/></net>

<net id="196"><net_src comp="32" pin="0"/><net_sink comp="190" pin=0"/></net>

<net id="197"><net_src comp="82" pin="2"/><net_sink comp="190" pin=1"/></net>

<net id="198"><net_src comp="34" pin="0"/><net_sink comp="190" pin=2"/></net>

<net id="199"><net_src comp="36" pin="0"/><net_sink comp="190" pin=3"/></net>

<net id="200"><net_src comp="190" pin="4"/><net_sink comp="134" pin=1"/></net>

<net id="204"><net_src comp="164" pin="1"/><net_sink comp="201" pin=0"/></net>

<net id="205"><net_src comp="201" pin="1"/><net_sink comp="101" pin=2"/></net>

<net id="206"><net_src comp="201" pin="1"/><net_sink comp="114" pin=2"/></net>

<net id="207"><net_src comp="201" pin="1"/><net_sink comp="127" pin=2"/></net>

<net id="211"><net_src comp="88" pin="2"/><net_sink comp="208" pin=0"/></net>

<net id="212"><net_src comp="208" pin="1"/><net_sink comp="140" pin=2"/></net>

<net id="213"><net_src comp="208" pin="1"/><net_sink comp="148" pin=2"/></net>

<net id="214"><net_src comp="208" pin="1"/><net_sink comp="156" pin=2"/></net>

<net id="221"><net_src comp="62" pin="0"/><net_sink comp="215" pin=0"/></net>

<net id="222"><net_src comp="134" pin="3"/><net_sink comp="215" pin=1"/></net>

<net id="223"><net_src comp="121" pin="3"/><net_sink comp="215" pin=2"/></net>

<net id="224"><net_src comp="108" pin="3"/><net_sink comp="215" pin=3"/></net>

<net id="225"><net_src comp="215" pin="4"/><net_sink comp="94" pin=2"/></net>

<net id="229"><net_src comp="66" pin="3"/><net_sink comp="226" pin=0"/></net>

<net id="233"><net_src comp="74" pin="3"/><net_sink comp="230" pin=0"/></net>

<net id="237"><net_src comp="140" pin="3"/><net_sink comp="234" pin=0"/></net>

<net id="238"><net_src comp="234" pin="1"/><net_sink comp="108" pin=0"/></net>

<net id="242"><net_src comp="148" pin="3"/><net_sink comp="239" pin=0"/></net>

<net id="243"><net_src comp="239" pin="1"/><net_sink comp="121" pin=0"/></net>

<net id="247"><net_src comp="156" pin="3"/><net_sink comp="244" pin=0"/></net>

<net id="248"><net_src comp="244" pin="1"/><net_sink comp="134" pin=0"/></net>

</net_list>

</model> 
---------------- Datapath Model END ------------------

* FSMD analyzer results:
  - Output states:
	Port: qpi2connTable_req_V | {}
	Port: tx_ibhconnTable_req_s_3 | {}
	Port: conn_table_remote_qp | {1 }
	Port: conn_table_remote_ip | {1 }
	Port: conn_table_remote_ud | {1 }
	Port: tx_connTable2ibh_rsp_1 | {2 }
 - Input state : 
	Port: conn_table : qpi2connTable_req_V | {1 }
	Port: conn_table : tx_ibhconnTable_req_s_3 | {1 }
	Port: conn_table : conn_table_remote_qp | {1 2 }
	Port: conn_table : conn_table_remote_ip | {1 2 }
	Port: conn_table : conn_table_remote_ud | {1 2 }
	Port: conn_table : tx_connTable2ibh_rsp_1 | {}
  - Chain level:
	State 1
		zext_ln544_8 : 1
		conn_table_remote_qp_2 : 2
		store_ln55 : 3
		conn_table_remote_ip_2 : 2
		store_ln56 : 3
		conn_table_remote_ud_2 : 2
		store_ln57 : 3
		conn_table_remote_qp_1 : 1
		tmp_remote_qpn_V : 2
		conn_table_remote_ip_1 : 1
		tmp_remote_ip_addres : 2
		conn_table_remote_ud_1 : 1
		tmp_remote_udp_port_s : 2
	State 2
		tmp4 : 1
		write_ln49 : 2


============================================================
+ Verbose Summary: Datapath Resource usage 
============================================================

* Functional unit list:
|----------|-------------------------------|
| Operation|        Functional Unit        |
|----------|-------------------------------|
| nbreadreq|      tmp_nbreadreq_fu_66      |
|          |    tmp_111_nbreadreq_fu_74    |
|----------|-------------------------------|
|   read   |        tmp_1_read_fu_82       |
|          |        tmp_V_read_fu_88       |
|----------|-------------------------------|
|   write  |     write_ln49_write_fu_94    |
|----------|-------------------------------|
|   trunc  |       trunc_ln321_fu_164      |
|----------|-------------------------------|
|          |  tmp_remote_qpn_V_1_l_fu_168  |
|partselect| tmp_remote_ip_addres_1_fu_179 |
|          |  tmp_remote_udp_port_1_fu_190 |
|----------|-------------------------------|
|   zext   |      zext_ln544_8_fu_201      |
|          |       zext_ln544_fu_208       |
|----------|-------------------------------|
|bitconcatenate|          tmp4_fu_215          |
|----------|-------------------------------|
|   Total  |                               |
|----------|-------------------------------|

Memories:
N/A

* Register list:
+------------------------------+--------+
|                              |   FF   |
+------------------------------+--------+
|conn_table_remote_ip_1_reg_239|    9   |
|conn_table_remote_qp_1_reg_234|    9   |
|conn_table_remote_ud_1_reg_244|    9   |
|        tmp_111_reg_230       |    1   |
|          tmp_reg_226         |    1   |
+------------------------------+--------+
|             Total            |   29   |
+------------------------------+--------+

* Multiplexer (MUX) list: 
|-------------------|------|------|------|--------||---------||---------|
|        Comp       |  Pin | Size |  BW  | S x BW ||  Delay  ||   LUT   |
|-------------------|------|------|------|--------||---------||---------|
| grp_access_fu_108 |  p0  |   3  |   9  |   27   ||    15   |
| grp_access_fu_121 |  p0  |   3  |   9  |   27   ||    15   |
| grp_access_fu_134 |  p0  |   3  |   9  |   27   ||    15   |
|-------------------|------|------|------|--------||---------||---------|
|       Total       |      |      |      |   81   || 2.02425 ||    45   |
|-------------------|------|------|------|--------||---------||---------|



* Summary:
+-----------+--------+--------+--------+
|           |  Delay |   FF   |   LUT  |
+-----------+--------+--------+--------+
|  Function |    -   |    -   |    -   |
|   Memory  |    -   |    -   |    -   |
|Multiplexer|    2   |    -   |   45   |
|  Register |    -   |   29   |    -   |
+-----------+--------+--------+--------+
|   Total   |    2   |   29   |   45   |
+-----------+--------+--------+--------+
