

================================================================
== Vivado HLS Report for 'merge_rx_pkgs_512_s'
================================================================
* Date:           Mon Mar  1 13:03:35 2021

* Version:        2019.1 (Build 2552052 on Fri May 24 15:28:33 MDT 2019)
* Project:        rocev2_prj
* Solution:       solution1
* Product family: zynquplus
* Target device:  xczu7eg-ffvc1156-2-i


================================================================
== Performance Estimates
================================================================
+ Timing (ns): 
    * Summary: 
    +--------+-------+----------+------------+
    |  Clock | Target| Estimated| Uncertainty|
    +--------+-------+----------+------------+
    |ap_clk  |   8.00|     3.227|        1.00|
    +--------+-------+----------+------------+

+ Latency (clock cycles): 
    * Summary: 
    +-----+-----+-----+-----+----------+
    |  Latency  |  Interval | Pipeline |
    | min | max | min | max |   Type   |
    +-----+-----+-----+-----+----------+
    |    2|    2|    1|    1| function |
    +-----+-----+-----+-----+----------+

    + Detail: 
        * Instance: 
        N/A

        * Loop: 
        N/A

============================================================
+ Verbose Summary: Synthesis Manager
============================================================
InlineROM: 1
ExposeGlobal: 0
============================================================
+ Verbose Summary: CDFG Model
============================================================
IsTopModel: 0
ResetActiveHigh: 1
IsCombinational: 2
IsDatapathOnly: 0
HasWiredReturn: 1
HasMFsm: 2
HasVarLatency: 0
IsPipeline: 1
IsRtlPipelined: 1
IsInstanceOverlapped: 0
IsDontTouch: 0
HasImplIP: 0
IsGatedGlobalClock: 0

+ Individual pipeline summary: 
  * Pipeline-0: initiation interval (II) = 1, depth = 3


============================================================
+ Verbose Summary: Schedule
============================================================
* Number of FSM states : 3
* Pipeline : 1
  Pipeline-0 : II = 1, D = 3, States = { 1 2 3 }
* Dataflow Pipeline: 0

* FSM state transitions: 
1 --> 2 
2 --> 3 
3 --> 

* FSM state operations: 

State 1 <SV = 0> <Delay = 3.22>
ST_1 : Operation 4 [1/1] (0.00ns)   --->   "%state_3_load = load i2* @state_3, align 1" [/home/embed/Desktop/xkjiang/Github_Version/EthernetSSD-System-main/RX_receiveWriteReadRequest_genACK/hls/rocev2/../ib_transport_protocol/ib_transport_protocol.cpp:2340]   --->   Operation 4 'load' 'state_3_load' <Predicate = true> <Delay = 0.00>
ST_1 : Operation 5 [1/1] (0.72ns)   --->   "switch i2 %state_3_load, label %"merge_rx_pkgs<512>.exit" [
    i2 0, label %0
    i2 1, label %1
    i2 -2, label %4
    i2 -1, label %7
  ]" [/home/embed/Desktop/xkjiang/Github_Version/EthernetSSD-System-main/RX_receiveWriteReadRequest_genACK/hls/rocev2/../ib_transport_protocol/ib_transport_protocol.cpp:2340]   --->   Operation 5 'switch' <Predicate = true> <Delay = 0.72>
ST_1 : Operation 6 [1/1] (0.00ns)   --->   "%tmp_61 = call i1 @_ssdm_op_NbReadReq.ap_fifo.i512P.i64P.i1P.i1P(i512* @rx_exhNoShiftFifo_V_1, i64* @rx_exhNoShiftFifo_V_4, i1* @rx_exhNoShiftFifo_V_s, i1* @rx_exhNoShiftFifo_V_3, i32 1)" [/home/embed/Desktop/xkjiang/Github_Version/EthernetSSD-System-main/RX_receiveWriteReadRequest_genACK/hls/rocev2/../ib_transport_protocol/ib_transport_protocol.cpp:2385]   --->   Operation 6 'nbreadreq' 'tmp_61' <Predicate = (state_3_load == 3)> <Delay = 0.00> <Core = "FIFO_SRL">   --->   Core 36 'FIFO_SRL' <Latency = 0> <II = 1> <Delay = 1.83> <Storage> <Opcode : 'read' 'write' 'nbread' 'nbwrite'> <Ports = 0> <Width = 512> <Depth = 0> <FIFO>
ST_1 : Operation 7 [1/1] (0.00ns)   --->   "br i1 %tmp_61, label %8, label %._crit_edge7.i" [/home/embed/Desktop/xkjiang/Github_Version/EthernetSSD-System-main/RX_receiveWriteReadRequest_genACK/hls/rocev2/../ib_transport_protocol/ib_transport_protocol.cpp:2385]   --->   Operation 7 'br' <Predicate = (state_3_load == 3)> <Delay = 0.00>
ST_1 : Operation 8 [1/1] (1.83ns)   --->   "%empty_432 = call { i512, i64, i1, i1 } @_ssdm_op_Read.ap_fifo.volatile.i512P.i64P.i1P.i1P(i512* @rx_exhNoShiftFifo_V_1, i64* @rx_exhNoShiftFifo_V_4, i1* @rx_exhNoShiftFifo_V_s, i1* @rx_exhNoShiftFifo_V_3)" [/home/embed/Desktop/xkjiang/Github_Version/EthernetSSD-System-main/RX_receiveWriteReadRequest_genACK/hls/rocev2/../ib_transport_protocol/ib_transport_protocol.cpp:2388]   --->   Operation 8 'read' 'empty_432' <Predicate = (state_3_load == 3 & tmp_61)> <Delay = 1.83> <Core = "FIFO_SRL">   --->   Core 36 'FIFO_SRL' <Latency = 0> <II = 1> <Delay = 1.83> <Storage> <Opcode : 'read' 'write' 'nbread' 'nbwrite'> <Ports = 0> <Width = 512> <Depth = 0> <FIFO>
ST_1 : Operation 9 [1/1] (0.00ns)   --->   "%tmp_data_V_30 = extractvalue { i512, i64, i1, i1 } %empty_432, 0" [/home/embed/Desktop/xkjiang/Github_Version/EthernetSSD-System-main/RX_receiveWriteReadRequest_genACK/hls/rocev2/../ib_transport_protocol/ib_transport_protocol.cpp:2388]   --->   Operation 9 'extractvalue' 'tmp_data_V_30' <Predicate = (state_3_load == 3 & tmp_61)> <Delay = 0.00>
ST_1 : Operation 10 [1/1] (0.00ns)   --->   "%tmp_keep_V_29 = extractvalue { i512, i64, i1, i1 } %empty_432, 1" [/home/embed/Desktop/xkjiang/Github_Version/EthernetSSD-System-main/RX_receiveWriteReadRequest_genACK/hls/rocev2/../ib_transport_protocol/ib_transport_protocol.cpp:2388]   --->   Operation 10 'extractvalue' 'tmp_keep_V_29' <Predicate = (state_3_load == 3 & tmp_61)> <Delay = 0.00>
ST_1 : Operation 11 [1/1] (0.00ns)   --->   "%tmp_last_V_25 = extractvalue { i512, i64, i1, i1 } %empty_432, 2" [/home/embed/Desktop/xkjiang/Github_Version/EthernetSSD-System-main/RX_receiveWriteReadRequest_genACK/hls/rocev2/../ib_transport_protocol/ib_transport_protocol.cpp:2388]   --->   Operation 11 'extractvalue' 'tmp_last_V_25' <Predicate = (state_3_load == 3 & tmp_61)> <Delay = 0.00>
ST_1 : Operation 12 [1/1] (0.00ns)   --->   "%tmp_dest_V_2 = extractvalue { i512, i64, i1, i1 } %empty_432, 3" [/home/embed/Desktop/xkjiang/Github_Version/EthernetSSD-System-main/RX_receiveWriteReadRequest_genACK/hls/rocev2/../ib_transport_protocol/ib_transport_protocol.cpp:2388]   --->   Operation 12 'extractvalue' 'tmp_dest_V_2' <Predicate = (state_3_load == 3 & tmp_61)> <Delay = 0.00>
ST_1 : Operation 13 [1/1] (0.65ns)   --->   "store i2 0, i2* @state_3, align 1" [/home/embed/Desktop/xkjiang/Github_Version/EthernetSSD-System-main/RX_receiveWriteReadRequest_genACK/hls/rocev2/../ib_transport_protocol/ib_transport_protocol.cpp:2392]   --->   Operation 13 'store' <Predicate = (state_3_load == 3 & tmp_61 & tmp_last_V_25)> <Delay = 0.65>
ST_1 : Operation 14 [1/1] (0.00ns)   --->   "%tmp_60 = call i1 @_ssdm_op_NbReadReq.ap_fifo.i512P.i64P.i1P.i1P(i512* @rx_rethSift2mergerFi_8, i64* @rx_rethSift2mergerFi_6, i1* @rx_rethSift2mergerFi_7, i1* @rx_rethSift2mergerFi_4, i32 1)" [/home/embed/Desktop/xkjiang/Github_Version/EthernetSSD-System-main/RX_receiveWriteReadRequest_genACK/hls/rocev2/../ib_transport_protocol/ib_transport_protocol.cpp:2373]   --->   Operation 14 'nbreadreq' 'tmp_60' <Predicate = (state_3_load == 2)> <Delay = 0.00> <Core = "FIFO_SRL">   --->   Core 36 'FIFO_SRL' <Latency = 0> <II = 1> <Delay = 1.83> <Storage> <Opcode : 'read' 'write' 'nbread' 'nbwrite'> <Ports = 0> <Width = 512> <Depth = 0> <FIFO>
ST_1 : Operation 15 [1/1] (0.00ns)   --->   "br i1 %tmp_60, label %5, label %._crit_edge5.i" [/home/embed/Desktop/xkjiang/Github_Version/EthernetSSD-System-main/RX_receiveWriteReadRequest_genACK/hls/rocev2/../ib_transport_protocol/ib_transport_protocol.cpp:2373]   --->   Operation 15 'br' <Predicate = (state_3_load == 2)> <Delay = 0.00>
ST_1 : Operation 16 [1/1] (1.83ns)   --->   "%empty_431 = call { i512, i64, i1, i1 } @_ssdm_op_Read.ap_fifo.volatile.i512P.i64P.i1P.i1P(i512* @rx_rethSift2mergerFi_8, i64* @rx_rethSift2mergerFi_6, i1* @rx_rethSift2mergerFi_7, i1* @rx_rethSift2mergerFi_4)" [/home/embed/Desktop/xkjiang/Github_Version/EthernetSSD-System-main/RX_receiveWriteReadRequest_genACK/hls/rocev2/../ib_transport_protocol/ib_transport_protocol.cpp:2376]   --->   Operation 16 'read' 'empty_431' <Predicate = (state_3_load == 2 & tmp_60)> <Delay = 1.83> <Core = "FIFO_SRL">   --->   Core 36 'FIFO_SRL' <Latency = 0> <II = 1> <Delay = 1.83> <Storage> <Opcode : 'read' 'write' 'nbread' 'nbwrite'> <Ports = 0> <Width = 512> <Depth = 0> <FIFO>
ST_1 : Operation 17 [1/1] (0.00ns)   --->   "%tmp_data_V_29 = extractvalue { i512, i64, i1, i1 } %empty_431, 0" [/home/embed/Desktop/xkjiang/Github_Version/EthernetSSD-System-main/RX_receiveWriteReadRequest_genACK/hls/rocev2/../ib_transport_protocol/ib_transport_protocol.cpp:2376]   --->   Operation 17 'extractvalue' 'tmp_data_V_29' <Predicate = (state_3_load == 2 & tmp_60)> <Delay = 0.00>
ST_1 : Operation 18 [1/1] (0.00ns)   --->   "%tmp_keep_V_28 = extractvalue { i512, i64, i1, i1 } %empty_431, 1" [/home/embed/Desktop/xkjiang/Github_Version/EthernetSSD-System-main/RX_receiveWriteReadRequest_genACK/hls/rocev2/../ib_transport_protocol/ib_transport_protocol.cpp:2376]   --->   Operation 18 'extractvalue' 'tmp_keep_V_28' <Predicate = (state_3_load == 2 & tmp_60)> <Delay = 0.00>
ST_1 : Operation 19 [1/1] (0.00ns)   --->   "%tmp_last_V_24 = extractvalue { i512, i64, i1, i1 } %empty_431, 2" [/home/embed/Desktop/xkjiang/Github_Version/EthernetSSD-System-main/RX_receiveWriteReadRequest_genACK/hls/rocev2/../ib_transport_protocol/ib_transport_protocol.cpp:2376]   --->   Operation 19 'extractvalue' 'tmp_last_V_24' <Predicate = (state_3_load == 2 & tmp_60)> <Delay = 0.00>
ST_1 : Operation 20 [1/1] (0.00ns)   --->   "%tmp_dest_V = extractvalue { i512, i64, i1, i1 } %empty_431, 3" [/home/embed/Desktop/xkjiang/Github_Version/EthernetSSD-System-main/RX_receiveWriteReadRequest_genACK/hls/rocev2/../ib_transport_protocol/ib_transport_protocol.cpp:2376]   --->   Operation 20 'extractvalue' 'tmp_dest_V' <Predicate = (state_3_load == 2 & tmp_60)> <Delay = 0.00>
ST_1 : Operation 21 [1/1] (0.65ns)   --->   "store i2 0, i2* @state_3, align 1" [/home/embed/Desktop/xkjiang/Github_Version/EthernetSSD-System-main/RX_receiveWriteReadRequest_genACK/hls/rocev2/../ib_transport_protocol/ib_transport_protocol.cpp:2380]   --->   Operation 21 'store' <Predicate = (state_3_load == 2 & tmp_60 & tmp_last_V_24)> <Delay = 0.65>
ST_1 : Operation 22 [1/1] (0.00ns)   --->   "%tmp_59 = call i1 @_ssdm_op_NbReadReq.ap_fifo.i512P.i64P.i1P(i512* @rx_aethSift2mergerFi_3, i64* @rx_aethSift2mergerFi_5, i1* @rx_aethSift2mergerFi_6, i32 1)" [/home/embed/Desktop/xkjiang/Github_Version/EthernetSSD-System-main/RX_receiveWriteReadRequest_genACK/hls/rocev2/../ib_transport_protocol/ib_transport_protocol.cpp:2361]   --->   Operation 22 'nbreadreq' 'tmp_59' <Predicate = (state_3_load == 1)> <Delay = 0.00> <Core = "FIFO_SRL">   --->   Core 36 'FIFO_SRL' <Latency = 0> <II = 1> <Delay = 1.83> <Storage> <Opcode : 'read' 'write' 'nbread' 'nbwrite'> <Ports = 0> <Width = 512> <Depth = 0> <FIFO>
ST_1 : Operation 23 [1/1] (0.00ns)   --->   "br i1 %tmp_59, label %2, label %._crit_edge3.i" [/home/embed/Desktop/xkjiang/Github_Version/EthernetSSD-System-main/RX_receiveWriteReadRequest_genACK/hls/rocev2/../ib_transport_protocol/ib_transport_protocol.cpp:2361]   --->   Operation 23 'br' <Predicate = (state_3_load == 1)> <Delay = 0.00>
ST_1 : Operation 24 [1/1] (1.83ns)   --->   "%empty = call { i512, i64, i1 } @_ssdm_op_Read.ap_fifo.volatile.i512P.i64P.i1P(i512* @rx_aethSift2mergerFi_3, i64* @rx_aethSift2mergerFi_5, i1* @rx_aethSift2mergerFi_6)" [/home/embed/Desktop/xkjiang/Github_Version/EthernetSSD-System-main/RX_receiveWriteReadRequest_genACK/hls/rocev2/../ib_transport_protocol/ib_transport_protocol.cpp:2364]   --->   Operation 24 'read' 'empty' <Predicate = (state_3_load == 1 & tmp_59)> <Delay = 1.83> <Core = "FIFO_SRL">   --->   Core 36 'FIFO_SRL' <Latency = 0> <II = 1> <Delay = 1.83> <Storage> <Opcode : 'read' 'write' 'nbread' 'nbwrite'> <Ports = 0> <Width = 512> <Depth = 0> <FIFO>
ST_1 : Operation 25 [1/1] (0.00ns)   --->   "%tmp_data_V = extractvalue { i512, i64, i1 } %empty, 0" [/home/embed/Desktop/xkjiang/Github_Version/EthernetSSD-System-main/RX_receiveWriteReadRequest_genACK/hls/rocev2/../ib_transport_protocol/ib_transport_protocol.cpp:2364]   --->   Operation 25 'extractvalue' 'tmp_data_V' <Predicate = (state_3_load == 1 & tmp_59)> <Delay = 0.00>
ST_1 : Operation 26 [1/1] (0.00ns)   --->   "%tmp_keep_V = extractvalue { i512, i64, i1 } %empty, 1" [/home/embed/Desktop/xkjiang/Github_Version/EthernetSSD-System-main/RX_receiveWriteReadRequest_genACK/hls/rocev2/../ib_transport_protocol/ib_transport_protocol.cpp:2364]   --->   Operation 26 'extractvalue' 'tmp_keep_V' <Predicate = (state_3_load == 1 & tmp_59)> <Delay = 0.00>
ST_1 : Operation 27 [1/1] (0.00ns)   --->   "%tmp_last_V = extractvalue { i512, i64, i1 } %empty, 2" [/home/embed/Desktop/xkjiang/Github_Version/EthernetSSD-System-main/RX_receiveWriteReadRequest_genACK/hls/rocev2/../ib_transport_protocol/ib_transport_protocol.cpp:2364]   --->   Operation 27 'extractvalue' 'tmp_last_V' <Predicate = (state_3_load == 1 & tmp_59)> <Delay = 0.00>
ST_1 : Operation 28 [1/1] (0.65ns)   --->   "store i2 0, i2* @state_3, align 1" [/home/embed/Desktop/xkjiang/Github_Version/EthernetSSD-System-main/RX_receiveWriteReadRequest_genACK/hls/rocev2/../ib_transport_protocol/ib_transport_protocol.cpp:2368]   --->   Operation 28 'store' <Predicate = (state_3_load == 1 & tmp_59 & tmp_last_V)> <Delay = 0.65>
ST_1 : Operation 29 [1/1] (0.00ns)   --->   "%tmp = call i1 @_ssdm_op_NbReadReq.ap_fifo.i2P(i2* @rx_pkgShiftTypeFifo_s_8, i32 1)" [/home/embed/Desktop/xkjiang/Github_Version/EthernetSSD-System-main/RX_receiveWriteReadRequest_genACK/hls/rocev2/../ib_transport_protocol/ib_transport_protocol.cpp:2343]   --->   Operation 29 'nbreadreq' 'tmp' <Predicate = (state_3_load == 0)> <Delay = 0.00> <Core = "FIFO">   --->   Core 32 'FIFO' <Latency = 0> <II = 1> <Delay = 1.83> <Storage> <Opcode : 'read' 'write' 'nbread' 'nbwrite'> <Ports = 0> <Width = 2> <Depth = 2> <FIFO>
ST_1 : Operation 30 [1/1] (0.00ns)   --->   "br i1 %tmp, label %_ifconv, label %._crit_edge1.i" [/home/embed/Desktop/xkjiang/Github_Version/EthernetSSD-System-main/RX_receiveWriteReadRequest_genACK/hls/rocev2/../ib_transport_protocol/ib_transport_protocol.cpp:2343]   --->   Operation 30 'br' <Predicate = (state_3_load == 0)> <Delay = 0.00>
ST_1 : Operation 31 [1/1] (1.83ns)   --->   "%tmp_63 = call i2 @_ssdm_op_Read.ap_fifo.volatile.i2P(i2* @rx_pkgShiftTypeFifo_s_8)" [/home/embed/Desktop/xkjiang/Github_Version/EthernetSSD-System-main/RX_receiveWriteReadRequest_genACK/hls/rocev2/../ib_transport_protocol/ib_transport_protocol.cpp:2345]   --->   Operation 31 'read' 'tmp_63' <Predicate = (state_3_load == 0 & tmp)> <Delay = 1.83> <Core = "FIFO">   --->   Core 32 'FIFO' <Latency = 0> <II = 1> <Delay = 1.83> <Storage> <Opcode : 'read' 'write' 'nbread' 'nbwrite'> <Ports = 0> <Width = 2> <Depth = 2> <FIFO>
ST_1 : Operation 32 [1/1] (0.44ns)   --->   "%icmp_ln2346 = icmp eq i2 %tmp_63, 0" [/home/embed/Desktop/xkjiang/Github_Version/EthernetSSD-System-main/RX_receiveWriteReadRequest_genACK/hls/rocev2/../ib_transport_protocol/ib_transport_protocol.cpp:2346]   --->   Operation 32 'icmp' 'icmp_ln2346' <Predicate = (state_3_load == 0 & tmp)> <Delay = 0.44> <Core = "Cmp">   --->   Core 25 'Cmp' <Latency = 0> <II = 1> <Delay = 0.44> <FuncUnit> <Opcode : 'icmp'> <InPorts = 2> <OutPorts = 1>
ST_1 : Operation 33 [1/1] (0.44ns)   --->   "%icmp_ln2350 = icmp eq i2 %tmp_63, 1" [/home/embed/Desktop/xkjiang/Github_Version/EthernetSSD-System-main/RX_receiveWriteReadRequest_genACK/hls/rocev2/../ib_transport_protocol/ib_transport_protocol.cpp:2350]   --->   Operation 33 'icmp' 'icmp_ln2350' <Predicate = (state_3_load == 0 & tmp)> <Delay = 0.44> <Core = "Cmp">   --->   Core 25 'Cmp' <Latency = 0> <II = 1> <Delay = 0.44> <FuncUnit> <Opcode : 'icmp'> <InPorts = 2> <OutPorts = 1>
ST_1 : Operation 34 [1/1] (0.00ns) (grouped into LUT with out node select_ln2346_1)   --->   "%select_ln2346 = select i1 %icmp_ln2346, i2 1, i2 -2" [/home/embed/Desktop/xkjiang/Github_Version/EthernetSSD-System-main/RX_receiveWriteReadRequest_genACK/hls/rocev2/../ib_transport_protocol/ib_transport_protocol.cpp:2346]   --->   Operation 34 'select' 'select_ln2346' <Predicate = (state_3_load == 0 & tmp)> <Delay = 0.00> <Core = "Sel">   --->   Core 26 'Sel' <Latency = 0> <II = 1> <Delay = 0.17> <FuncUnit> <Opcode : 'select'> <InPorts = 3> <OutPorts = 1>
ST_1 : Operation 35 [1/1] (0.00ns) (grouped into LUT with out node select_ln2346_1)   --->   "%or_ln2346 = or i1 %icmp_ln2346, %icmp_ln2350" [/home/embed/Desktop/xkjiang/Github_Version/EthernetSSD-System-main/RX_receiveWriteReadRequest_genACK/hls/rocev2/../ib_transport_protocol/ib_transport_protocol.cpp:2346]   --->   Operation 35 'or' 'or_ln2346' <Predicate = (state_3_load == 0 & tmp)> <Delay = 0.00> <Core = "LogicGate">   --->   Core 27 'LogicGate' <Latency = 0> <II = 1> <Delay = 0.28> <FuncUnit> <Opcode : 'and' 'or' 'xor'> <InPorts = 2> <OutPorts = 1>
ST_1 : Operation 36 [1/1] (0.28ns) (out node of the LUT)   --->   "%select_ln2346_1 = select i1 %or_ln2346, i2 %select_ln2346, i2 -1" [/home/embed/Desktop/xkjiang/Github_Version/EthernetSSD-System-main/RX_receiveWriteReadRequest_genACK/hls/rocev2/../ib_transport_protocol/ib_transport_protocol.cpp:2346]   --->   Operation 36 'select' 'select_ln2346_1' <Predicate = (state_3_load == 0 & tmp)> <Delay = 0.28> <Core = "Sel">   --->   Core 26 'Sel' <Latency = 0> <II = 1> <Delay = 0.17> <FuncUnit> <Opcode : 'select'> <InPorts = 3> <OutPorts = 1>
ST_1 : Operation 37 [1/1] (0.65ns)   --->   "store i2 %select_ln2346_1, i2* @state_3, align 1" [/home/embed/Desktop/xkjiang/Github_Version/EthernetSSD-System-main/RX_receiveWriteReadRequest_genACK/hls/rocev2/../ib_transport_protocol/ib_transport_protocol.cpp:2348]   --->   Operation 37 'store' <Predicate = (state_3_load == 0 & tmp)> <Delay = 0.65>

State 2 <SV = 1> <Delay = 0.00>
ST_2 : Operation 38 [2/2] (0.00ns)   --->   "call void @_ssdm_op_Write.axis.volatile.i512P.i64P.i1P.i1P(i512* %m_axis_mem_write_data_V_data_V, i64* %m_axis_mem_write_data_V_keep_V, i1* %m_axis_mem_write_data_V_last_V, i1* %m_axis_mem_write_data_V_dest_V, i512 %tmp_data_V_30, i64 %tmp_keep_V_29, i1 %tmp_last_V_25, i1 %tmp_dest_V_2)" [/home/embed/Desktop/xkjiang/Github_Version/EthernetSSD-System-main/RX_receiveWriteReadRequest_genACK/hls/rocev2/../ib_transport_protocol/ib_transport_protocol.cpp:2389]   --->   Operation 38 'write' <Predicate = (state_3_load == 3 & tmp_61)> <Delay = 0.00> <Core = "AXI4Stream">   --->   Core 5 'AXI4Stream' <Latency = 0> <II = 1> <Delay = 1.00> <Adapter> <Opcode : >
ST_2 : Operation 39 [1/1] (0.00ns)   --->   "br i1 %tmp_last_V_25, label %9, label %._crit_edge8.i" [/home/embed/Desktop/xkjiang/Github_Version/EthernetSSD-System-main/RX_receiveWriteReadRequest_genACK/hls/rocev2/../ib_transport_protocol/ib_transport_protocol.cpp:2390]   --->   Operation 39 'br' <Predicate = (state_3_load == 3 & tmp_61)> <Delay = 0.00>
ST_2 : Operation 40 [2/2] (0.00ns)   --->   "call void @_ssdm_op_Write.axis.volatile.i512P.i64P.i1P.i1P(i512* %m_axis_mem_write_data_V_data_V, i64* %m_axis_mem_write_data_V_keep_V, i1* %m_axis_mem_write_data_V_last_V, i1* %m_axis_mem_write_data_V_dest_V, i512 %tmp_data_V_29, i64 %tmp_keep_V_28, i1 %tmp_last_V_24, i1 %tmp_dest_V)" [/home/embed/Desktop/xkjiang/Github_Version/EthernetSSD-System-main/RX_receiveWriteReadRequest_genACK/hls/rocev2/../ib_transport_protocol/ib_transport_protocol.cpp:2377]   --->   Operation 40 'write' <Predicate = (state_3_load == 2 & tmp_60)> <Delay = 0.00> <Core = "AXI4Stream">   --->   Core 5 'AXI4Stream' <Latency = 0> <II = 1> <Delay = 1.00> <Adapter> <Opcode : >
ST_2 : Operation 41 [1/1] (0.00ns)   --->   "br i1 %tmp_last_V_24, label %6, label %._crit_edge6.i" [/home/embed/Desktop/xkjiang/Github_Version/EthernetSSD-System-main/RX_receiveWriteReadRequest_genACK/hls/rocev2/../ib_transport_protocol/ib_transport_protocol.cpp:2378]   --->   Operation 41 'br' <Predicate = (state_3_load == 2 & tmp_60)> <Delay = 0.00>
ST_2 : Operation 42 [2/2] (0.00ns)   --->   "call void @_ssdm_op_Write.axis.volatile.i512P.i64P.i1P.i1P(i512* %m_axis_mem_write_data_V_data_V, i64* %m_axis_mem_write_data_V_keep_V, i1* %m_axis_mem_write_data_V_last_V, i1* %m_axis_mem_write_data_V_dest_V, i512 %tmp_data_V, i64 %tmp_keep_V, i1 %tmp_last_V, i1 false)" [/home/embed/Desktop/xkjiang/Github_Version/EthernetSSD-System-main/RX_receiveWriteReadRequest_genACK/hls/rocev2/../ib_transport_protocol/ib_transport_protocol.cpp:2365]   --->   Operation 42 'write' <Predicate = (state_3_load == 1 & tmp_59)> <Delay = 0.00> <Core = "AXI4Stream">   --->   Core 5 'AXI4Stream' <Latency = 0> <II = 1> <Delay = 1.00> <Adapter> <Opcode : >
ST_2 : Operation 43 [1/1] (0.00ns)   --->   "br i1 %tmp_last_V, label %3, label %._crit_edge4.i" [/home/embed/Desktop/xkjiang/Github_Version/EthernetSSD-System-main/RX_receiveWriteReadRequest_genACK/hls/rocev2/../ib_transport_protocol/ib_transport_protocol.cpp:2366]   --->   Operation 43 'br' <Predicate = (state_3_load == 1 & tmp_59)> <Delay = 0.00>

State 3 <SV = 2> <Delay = 0.00>
ST_3 : Operation 44 [1/1] (0.00ns)   --->   "call void (...)* @_ssdm_op_SpecInterface(i512* @rx_aethSift2mergerFi_3, [8 x i8]* @ap_fifo_str, i32 0, i32 0, [1 x i8]* @p_str, i32 0, i32 0, [1 x i8]* @p_str, [1 x i8]* @p_str, [1 x i8]* @p_str, i32 2, i32 2, i32 16, i32 16, [1 x i8]* @p_str, [1 x i8]* @p_str)"   --->   Operation 44 'specinterface' <Predicate = true> <Delay = 0.00>
ST_3 : Operation 45 [1/1] (0.00ns)   --->   "call void (...)* @_ssdm_op_SpecInterface(i64* @rx_aethSift2mergerFi_5, [8 x i8]* @ap_fifo_str, i32 0, i32 0, [1 x i8]* @p_str, i32 0, i32 0, [1 x i8]* @p_str, [1 x i8]* @p_str, [1 x i8]* @p_str, i32 2, i32 2, i32 16, i32 16, [1 x i8]* @p_str, [1 x i8]* @p_str)"   --->   Operation 45 'specinterface' <Predicate = true> <Delay = 0.00>
ST_3 : Operation 46 [1/1] (0.00ns)   --->   "call void (...)* @_ssdm_op_SpecInterface(i1* @rx_aethSift2mergerFi_6, [8 x i8]* @ap_fifo_str, i32 0, i32 0, [1 x i8]* @p_str, i32 0, i32 0, [1 x i8]* @p_str, [1 x i8]* @p_str, [1 x i8]* @p_str, i32 2, i32 2, i32 16, i32 16, [1 x i8]* @p_str, [1 x i8]* @p_str)"   --->   Operation 46 'specinterface' <Predicate = true> <Delay = 0.00>
ST_3 : Operation 47 [1/1] (0.00ns)   --->   "call void (...)* @_ssdm_op_SpecInterface(i512* @rx_exhNoShiftFifo_V_1, [8 x i8]* @ap_fifo_str, i32 0, i32 0, [1 x i8]* @p_str, i32 0, i32 0, [1 x i8]* @p_str, [1 x i8]* @p_str, [1 x i8]* @p_str, i32 2, i32 2, i32 16, i32 16, [1 x i8]* @p_str, [1 x i8]* @p_str)"   --->   Operation 47 'specinterface' <Predicate = true> <Delay = 0.00>
ST_3 : Operation 48 [1/1] (0.00ns)   --->   "call void (...)* @_ssdm_op_SpecInterface(i1* @rx_exhNoShiftFifo_V_3, [8 x i8]* @ap_fifo_str, i32 0, i32 0, [1 x i8]* @p_str, i32 0, i32 0, [1 x i8]* @p_str, [1 x i8]* @p_str, [1 x i8]* @p_str, i32 2, i32 2, i32 16, i32 16, [1 x i8]* @p_str, [1 x i8]* @p_str)"   --->   Operation 48 'specinterface' <Predicate = true> <Delay = 0.00>
ST_3 : Operation 49 [1/1] (0.00ns)   --->   "call void (...)* @_ssdm_op_SpecInterface(i64* @rx_exhNoShiftFifo_V_4, [8 x i8]* @ap_fifo_str, i32 0, i32 0, [1 x i8]* @p_str, i32 0, i32 0, [1 x i8]* @p_str, [1 x i8]* @p_str, [1 x i8]* @p_str, i32 2, i32 2, i32 16, i32 16, [1 x i8]* @p_str, [1 x i8]* @p_str)"   --->   Operation 49 'specinterface' <Predicate = true> <Delay = 0.00>
ST_3 : Operation 50 [1/1] (0.00ns)   --->   "call void (...)* @_ssdm_op_SpecInterface(i1* @rx_exhNoShiftFifo_V_s, [8 x i8]* @ap_fifo_str, i32 0, i32 0, [1 x i8]* @p_str, i32 0, i32 0, [1 x i8]* @p_str, [1 x i8]* @p_str, [1 x i8]* @p_str, i32 2, i32 2, i32 16, i32 16, [1 x i8]* @p_str, [1 x i8]* @p_str)"   --->   Operation 50 'specinterface' <Predicate = true> <Delay = 0.00>
ST_3 : Operation 51 [1/1] (0.00ns)   --->   "call void (...)* @_ssdm_op_SpecInterface(i2* @rx_pkgShiftTypeFifo_s_8, [8 x i8]* @ap_fifo_str, i32 0, i32 0, [1 x i8]* @p_str, i32 0, i32 0, [1 x i8]* @p_str, [1 x i8]* @p_str, [1 x i8]* @p_str, i32 2, i32 2, i32 16, i32 16, [1 x i8]* @p_str, [1 x i8]* @p_str)"   --->   Operation 51 'specinterface' <Predicate = true> <Delay = 0.00>
ST_3 : Operation 52 [1/1] (0.00ns)   --->   "call void (...)* @_ssdm_op_SpecInterface(i512* @rx_rethSift2mergerFi_8, [8 x i8]* @ap_fifo_str, i32 0, i32 0, [1 x i8]* @p_str, i32 0, i32 0, [1 x i8]* @p_str, [1 x i8]* @p_str, [1 x i8]* @p_str, i32 2, i32 2, i32 16, i32 16, [1 x i8]* @p_str, [1 x i8]* @p_str)"   --->   Operation 52 'specinterface' <Predicate = true> <Delay = 0.00>
ST_3 : Operation 53 [1/1] (0.00ns)   --->   "call void (...)* @_ssdm_op_SpecInterface(i1* @rx_rethSift2mergerFi_4, [8 x i8]* @ap_fifo_str, i32 0, i32 0, [1 x i8]* @p_str, i32 0, i32 0, [1 x i8]* @p_str, [1 x i8]* @p_str, [1 x i8]* @p_str, i32 2, i32 2, i32 16, i32 16, [1 x i8]* @p_str, [1 x i8]* @p_str)"   --->   Operation 53 'specinterface' <Predicate = true> <Delay = 0.00>
ST_3 : Operation 54 [1/1] (0.00ns)   --->   "call void (...)* @_ssdm_op_SpecInterface(i64* @rx_rethSift2mergerFi_6, [8 x i8]* @ap_fifo_str, i32 0, i32 0, [1 x i8]* @p_str, i32 0, i32 0, [1 x i8]* @p_str, [1 x i8]* @p_str, [1 x i8]* @p_str, i32 2, i32 2, i32 16, i32 16, [1 x i8]* @p_str, [1 x i8]* @p_str)"   --->   Operation 54 'specinterface' <Predicate = true> <Delay = 0.00>
ST_3 : Operation 55 [1/1] (0.00ns)   --->   "call void (...)* @_ssdm_op_SpecInterface(i1* @rx_rethSift2mergerFi_7, [8 x i8]* @ap_fifo_str, i32 0, i32 0, [1 x i8]* @p_str, i32 0, i32 0, [1 x i8]* @p_str, [1 x i8]* @p_str, [1 x i8]* @p_str, i32 2, i32 2, i32 16, i32 16, [1 x i8]* @p_str, [1 x i8]* @p_str)"   --->   Operation 55 'specinterface' <Predicate = true> <Delay = 0.00>
ST_3 : Operation 56 [1/1] (0.00ns)   --->   "call void (...)* @_ssdm_op_SpecInterface(i512* %m_axis_mem_write_data_V_data_V, i64* %m_axis_mem_write_data_V_keep_V, i1* %m_axis_mem_write_data_V_last_V, i1* %m_axis_mem_write_data_V_dest_V, [5 x i8]* @p_str5, i32 1, i32 1, [5 x i8]* @p_str6, i32 0, i32 0, [1 x i8]* @p_str3, [1 x i8]* @p_str3, [1 x i8]* @p_str3, i32 0, i32 0, i32 0, i32 0, [1 x i8]* @p_str3, [1 x i8]* @p_str3) nounwind"   --->   Operation 56 'specinterface' <Predicate = true> <Delay = 0.00>
ST_3 : Operation 57 [1/1] (0.00ns)   --->   "call void (...)* @_ssdm_op_SpecPipeline(i32 1, i32 1, i32 1, i32 0, [1 x i8]* @p_str112) nounwind" [/home/embed/Desktop/xkjiang/Github_Version/EthernetSSD-System-main/RX_receiveWriteReadRequest_genACK/hls/rocev2/../ib_transport_protocol/ib_transport_protocol.cpp:2333]   --->   Operation 57 'specpipeline' <Predicate = true> <Delay = 0.00>
ST_3 : Operation 58 [1/2] (0.00ns)   --->   "call void @_ssdm_op_Write.axis.volatile.i512P.i64P.i1P.i1P(i512* %m_axis_mem_write_data_V_data_V, i64* %m_axis_mem_write_data_V_keep_V, i1* %m_axis_mem_write_data_V_last_V, i1* %m_axis_mem_write_data_V_dest_V, i512 %tmp_data_V_30, i64 %tmp_keep_V_29, i1 %tmp_last_V_25, i1 %tmp_dest_V_2)" [/home/embed/Desktop/xkjiang/Github_Version/EthernetSSD-System-main/RX_receiveWriteReadRequest_genACK/hls/rocev2/../ib_transport_protocol/ib_transport_protocol.cpp:2389]   --->   Operation 58 'write' <Predicate = (state_3_load == 3 & tmp_61)> <Delay = 0.00> <Core = "AXI4Stream">   --->   Core 5 'AXI4Stream' <Latency = 0> <II = 1> <Delay = 1.00> <Adapter> <Opcode : >
ST_3 : Operation 59 [1/1] (0.00ns)   --->   "br label %._crit_edge8.i" [/home/embed/Desktop/xkjiang/Github_Version/EthernetSSD-System-main/RX_receiveWriteReadRequest_genACK/hls/rocev2/../ib_transport_protocol/ib_transport_protocol.cpp:2393]   --->   Operation 59 'br' <Predicate = (state_3_load == 3 & tmp_61 & tmp_last_V_25)> <Delay = 0.00>
ST_3 : Operation 60 [1/1] (0.00ns)   --->   "br label %._crit_edge7.i" [/home/embed/Desktop/xkjiang/Github_Version/EthernetSSD-System-main/RX_receiveWriteReadRequest_genACK/hls/rocev2/../ib_transport_protocol/ib_transport_protocol.cpp:2394]   --->   Operation 60 'br' <Predicate = (state_3_load == 3 & tmp_61)> <Delay = 0.00>
ST_3 : Operation 61 [1/1] (0.00ns)   --->   "br label %"merge_rx_pkgs<512>.exit"" [/home/embed/Desktop/xkjiang/Github_Version/EthernetSSD-System-main/RX_receiveWriteReadRequest_genACK/hls/rocev2/../ib_transport_protocol/ib_transport_protocol.cpp:2395]   --->   Operation 61 'br' <Predicate = (state_3_load == 3)> <Delay = 0.00>
ST_3 : Operation 62 [1/2] (0.00ns)   --->   "call void @_ssdm_op_Write.axis.volatile.i512P.i64P.i1P.i1P(i512* %m_axis_mem_write_data_V_data_V, i64* %m_axis_mem_write_data_V_keep_V, i1* %m_axis_mem_write_data_V_last_V, i1* %m_axis_mem_write_data_V_dest_V, i512 %tmp_data_V_29, i64 %tmp_keep_V_28, i1 %tmp_last_V_24, i1 %tmp_dest_V)" [/home/embed/Desktop/xkjiang/Github_Version/EthernetSSD-System-main/RX_receiveWriteReadRequest_genACK/hls/rocev2/../ib_transport_protocol/ib_transport_protocol.cpp:2377]   --->   Operation 62 'write' <Predicate = (state_3_load == 2 & tmp_60)> <Delay = 0.00> <Core = "AXI4Stream">   --->   Core 5 'AXI4Stream' <Latency = 0> <II = 1> <Delay = 1.00> <Adapter> <Opcode : >
ST_3 : Operation 63 [1/1] (0.00ns)   --->   "br label %._crit_edge6.i" [/home/embed/Desktop/xkjiang/Github_Version/EthernetSSD-System-main/RX_receiveWriteReadRequest_genACK/hls/rocev2/../ib_transport_protocol/ib_transport_protocol.cpp:2381]   --->   Operation 63 'br' <Predicate = (state_3_load == 2 & tmp_60 & tmp_last_V_24)> <Delay = 0.00>
ST_3 : Operation 64 [1/1] (0.00ns)   --->   "br label %._crit_edge5.i" [/home/embed/Desktop/xkjiang/Github_Version/EthernetSSD-System-main/RX_receiveWriteReadRequest_genACK/hls/rocev2/../ib_transport_protocol/ib_transport_protocol.cpp:2382]   --->   Operation 64 'br' <Predicate = (state_3_load == 2 & tmp_60)> <Delay = 0.00>
ST_3 : Operation 65 [1/1] (0.00ns)   --->   "br label %"merge_rx_pkgs<512>.exit"" [/home/embed/Desktop/xkjiang/Github_Version/EthernetSSD-System-main/RX_receiveWriteReadRequest_genACK/hls/rocev2/../ib_transport_protocol/ib_transport_protocol.cpp:2383]   --->   Operation 65 'br' <Predicate = (state_3_load == 2)> <Delay = 0.00>
ST_3 : Operation 66 [1/2] (0.00ns)   --->   "call void @_ssdm_op_Write.axis.volatile.i512P.i64P.i1P.i1P(i512* %m_axis_mem_write_data_V_data_V, i64* %m_axis_mem_write_data_V_keep_V, i1* %m_axis_mem_write_data_V_last_V, i1* %m_axis_mem_write_data_V_dest_V, i512 %tmp_data_V, i64 %tmp_keep_V, i1 %tmp_last_V, i1 false)" [/home/embed/Desktop/xkjiang/Github_Version/EthernetSSD-System-main/RX_receiveWriteReadRequest_genACK/hls/rocev2/../ib_transport_protocol/ib_transport_protocol.cpp:2365]   --->   Operation 66 'write' <Predicate = (state_3_load == 1 & tmp_59)> <Delay = 0.00> <Core = "AXI4Stream">   --->   Core 5 'AXI4Stream' <Latency = 0> <II = 1> <Delay = 1.00> <Adapter> <Opcode : >
ST_3 : Operation 67 [1/1] (0.00ns)   --->   "br label %._crit_edge4.i" [/home/embed/Desktop/xkjiang/Github_Version/EthernetSSD-System-main/RX_receiveWriteReadRequest_genACK/hls/rocev2/../ib_transport_protocol/ib_transport_protocol.cpp:2369]   --->   Operation 67 'br' <Predicate = (state_3_load == 1 & tmp_59 & tmp_last_V)> <Delay = 0.00>
ST_3 : Operation 68 [1/1] (0.00ns)   --->   "br label %._crit_edge3.i" [/home/embed/Desktop/xkjiang/Github_Version/EthernetSSD-System-main/RX_receiveWriteReadRequest_genACK/hls/rocev2/../ib_transport_protocol/ib_transport_protocol.cpp:2370]   --->   Operation 68 'br' <Predicate = (state_3_load == 1 & tmp_59)> <Delay = 0.00>
ST_3 : Operation 69 [1/1] (0.00ns)   --->   "br label %"merge_rx_pkgs<512>.exit"" [/home/embed/Desktop/xkjiang/Github_Version/EthernetSSD-System-main/RX_receiveWriteReadRequest_genACK/hls/rocev2/../ib_transport_protocol/ib_transport_protocol.cpp:2371]   --->   Operation 69 'br' <Predicate = (state_3_load == 1)> <Delay = 0.00>
ST_3 : Operation 70 [1/1] (0.00ns)   --->   "br label %._crit_edge1.i" [/home/embed/Desktop/xkjiang/Github_Version/EthernetSSD-System-main/RX_receiveWriteReadRequest_genACK/hls/rocev2/../ib_transport_protocol/ib_transport_protocol.cpp:2358]   --->   Operation 70 'br' <Predicate = (state_3_load == 0 & tmp)> <Delay = 0.00>
ST_3 : Operation 71 [1/1] (0.00ns)   --->   "br label %"merge_rx_pkgs<512>.exit"" [/home/embed/Desktop/xkjiang/Github_Version/EthernetSSD-System-main/RX_receiveWriteReadRequest_genACK/hls/rocev2/../ib_transport_protocol/ib_transport_protocol.cpp:2359]   --->   Operation 71 'br' <Predicate = (state_3_load == 0)> <Delay = 0.00>
ST_3 : Operation 72 [1/1] (0.00ns)   --->   "ret void"   --->   Operation 72 'ret' <Predicate = true> <Delay = 0.00>


============================================================
+ Verbose Summary: Timing violations
============================================================
Target clock period: 8ns, clock uncertainty: 1ns.

 <State 1>: 3.23ns
The critical path consists of the following:
	fifo read on port 'rx_pkgShiftTypeFifo_s_8' (/home/embed/Desktop/xkjiang/Github_Version/EthernetSSD-System-main/RX_receiveWriteReadRequest_genACK/hls/rocev2/../ib_transport_protocol/ib_transport_protocol.cpp:2345) [91]  (1.84 ns)
	'icmp' operation ('icmp_ln2350', /home/embed/Desktop/xkjiang/Github_Version/EthernetSSD-System-main/RX_receiveWriteReadRequest_genACK/hls/rocev2/../ib_transport_protocol/ib_transport_protocol.cpp:2350) [93]  (0.446 ns)
	'or' operation ('or_ln2346', /home/embed/Desktop/xkjiang/Github_Version/EthernetSSD-System-main/RX_receiveWriteReadRequest_genACK/hls/rocev2/../ib_transport_protocol/ib_transport_protocol.cpp:2346) [95]  (0 ns)
	'select' operation ('select_ln2346_1', /home/embed/Desktop/xkjiang/Github_Version/EthernetSSD-System-main/RX_receiveWriteReadRequest_genACK/hls/rocev2/../ib_transport_protocol/ib_transport_protocol.cpp:2346) [96]  (0.287 ns)
	'store' operation ('store_ln2348', /home/embed/Desktop/xkjiang/Github_Version/EthernetSSD-System-main/RX_receiveWriteReadRequest_genACK/hls/rocev2/../ib_transport_protocol/ib_transport_protocol.cpp:2348) of variable 'select_ln2346_1', /home/embed/Desktop/xkjiang/Github_Version/EthernetSSD-System-main/RX_receiveWriteReadRequest_genACK/hls/rocev2/../ib_transport_protocol/ib_transport_protocol.cpp:2346 on static variable 'state_3' [97]  (0.656 ns)

 <State 2>: 0ns
The critical path consists of the following:

 <State 3>: 0ns
The critical path consists of the following:


============================================================
+ Verbose Summary: Binding
============================================================
N/A
* FSMD analyzer results:
  - Output states:
 - Input state : 
  - Chain level:
	State 1
	State 2
	State 3


============================================================
+ Verbose Summary: Datapath Resource usage 
============================================================
N/A
