

================================================================
== Vivado HLS Report for 'mq_freelist_handler'
================================================================
* Date:           Mon Mar  1 13:03:42 2021

* Version:        2019.1 (Build 2552052 on Fri May 24 15:28:33 MDT 2019)
* Project:        rocev2_prj
* Solution:       solution1
* Product family: zynquplus
* Target device:  xczu7eg-ffvc1156-2-i


================================================================
== Performance Estimates
================================================================
+ Timing (ns): 
    * Summary: 
    +--------+-------+----------+------------+
    |  Clock | Target| Estimated| Uncertainty|
    +--------+-------+----------+------------+
    |ap_clk  |   8.00|     1.838|        1.00|
    +--------+-------+----------+------------+

+ Latency (clock cycles): 
    * Summary: 
    +-----+-----+-----+-----+----------+
    |  Latency  |  Interval | Pipeline |
    | min | max | min | max |   Type   |
    +-----+-----+-----+-----+----------+
    |    1|    1|    1|    1| function |
    +-----+-----+-----+-----+----------+

    + Detail: 
        * Instance: 
        N/A

        * Loop: 
        N/A

============================================================
+ Verbose Summary: Synthesis Manager
============================================================
InlineROM: 1
ExposeGlobal: 0
============================================================
+ Verbose Summary: CDFG Model
============================================================
IsTopModel: 0
ResetActiveHigh: 1
IsCombinational: 2
IsDatapathOnly: 0
HasWiredReturn: 1
HasMFsm: 2
HasVarLatency: 0
IsPipeline: 1
IsRtlPipelined: 1
IsInstanceOverlapped: 0
IsDontTouch: 0
HasImplIP: 0
IsGatedGlobalClock: 0

+ Individual pipeline summary: 
  * Pipeline-0: initiation interval (II) = 1, depth = 2


============================================================
+ Verbose Summary: Schedule
============================================================
* Number of FSM states : 2
* Pipeline : 1
  Pipeline-0 : II = 1, D = 2, States = { 1 2 }
* Dataflow Pipeline: 0

* FSM state transitions: 
1 --> 2 
2 --> 

* FSM state operations: 

State 1 <SV = 0> <Delay = 1.83>
ST_1 : Operation 3 [1/1] (0.00ns)   --->   "%tmp = call i1 @_ssdm_op_NbReadReq.ap_fifo.i16P(i16* @mq_releaseFifo_V_V, i32 1) nounwind" [/home/embed/Desktop/xkjiang/Github_Version/EthernetSSD-System-main/RX_receiveWriteReadRequest_genACK/hls/rocev2/../ib_transport_protocol/multi_queue/multi_queue.hpp:185]   --->   Operation 3 'nbreadreq' 'tmp' <Predicate = true> <Delay = 0.00> <Core = "FIFO">   --->   Core 32 'FIFO' <Latency = 0> <II = 1> <Delay = 1.83> <Storage> <Opcode : 'read' 'write' 'nbread' 'nbwrite'> <Ports = 0> <Width = 16> <Depth = 2> <FIFO>
ST_1 : Operation 4 [1/1] (0.00ns)   --->   "br i1 %tmp, label %0, label %1" [/home/embed/Desktop/xkjiang/Github_Version/EthernetSSD-System-main/RX_receiveWriteReadRequest_genACK/hls/rocev2/../ib_transport_protocol/multi_queue/multi_queue.hpp:185]   --->   Operation 4 'br' <Predicate = true> <Delay = 0.00>
ST_1 : Operation 5 [1/1] (1.83ns)   --->   "%tmp_V = call i16 @_ssdm_op_Read.ap_fifo.volatile.i16P(i16* @mq_releaseFifo_V_V) nounwind" [/home/embed/Desktop/xkjiang/Github_Version/EthernetSSD-System-main/RX_receiveWriteReadRequest_genACK/hls/rocev2/../ib_transport_protocol/multi_queue/multi_queue.hpp:187]   --->   Operation 5 'read' 'tmp_V' <Predicate = (tmp)> <Delay = 1.83> <Core = "FIFO">   --->   Core 32 'FIFO' <Latency = 0> <II = 1> <Delay = 1.83> <Storage> <Opcode : 'read' 'write' 'nbread' 'nbwrite'> <Ports = 0> <Width = 16> <Depth = 2> <FIFO>

State 2 <SV = 1> <Delay = 1.83>
ST_2 : Operation 6 [1/1] (0.00ns)   --->   "call void (...)* @_ssdm_op_SpecInterface(i16* @mq_freeListFifo_V_V, [8 x i8]* @ap_fifo_str, i32 0, i32 0, [1 x i8]* @p_str, i32 0, i32 0, [1 x i8]* @p_str, [1 x i8]* @p_str, [1 x i8]* @p_str, i32 2, i32 2, i32 16, i32 16, [1 x i8]* @p_str, [1 x i8]* @p_str)"   --->   Operation 6 'specinterface' <Predicate = true> <Delay = 0.00>
ST_2 : Operation 7 [1/1] (0.00ns)   --->   "call void (...)* @_ssdm_op_SpecInterface(i16* @mq_releaseFifo_V_V, [8 x i8]* @ap_fifo_str, i32 0, i32 0, [1 x i8]* @p_str, i32 0, i32 0, [1 x i8]* @p_str, [1 x i8]* @p_str, [1 x i8]* @p_str, i32 2, i32 2, i32 16, i32 16, [1 x i8]* @p_str, [1 x i8]* @p_str)"   --->   Operation 7 'specinterface' <Predicate = true> <Delay = 0.00>
ST_2 : Operation 8 [1/1] (0.00ns)   --->   "call void (...)* @_ssdm_op_SpecPipeline(i32 1, i32 1, i32 1, i32 0, [1 x i8]* @p_str112) nounwind" [/home/embed/Desktop/xkjiang/Github_Version/EthernetSSD-System-main/RX_receiveWriteReadRequest_genACK/hls/rocev2/../ib_transport_protocol/multi_queue/multi_queue.hpp:179]   --->   Operation 8 'specpipeline' <Predicate = true> <Delay = 0.00>
ST_2 : Operation 9 [1/1] (0.00ns)   --->   "call void (...)* @_ssdm_op_SpecReset(i16* @freeListCounter_V, i32 1, [1 x i8]* @p_str112) nounwind" [/home/embed/Desktop/xkjiang/Github_Version/EthernetSSD-System-main/RX_receiveWriteReadRequest_genACK/hls/rocev2/../ib_transport_protocol/multi_queue/multi_queue.hpp:183]   --->   Operation 9 'specreset' <Predicate = true> <Delay = 0.00>
ST_2 : Operation 10 [1/1] (0.00ns)   --->   "%tmp_V_8 = load i16* @freeListCounter_V, align 2" [/home/embed/Desktop/xkjiang/Github_Version/EthernetSSD-System-main/RX_receiveWriteReadRequest_genACK/hls/rocev2/../ib_transport_protocol/multi_queue/multi_queue.hpp:189]   --->   Operation 10 'load' 'tmp_V_8' <Predicate = (!tmp)> <Delay = 0.00>
ST_2 : Operation 11 [1/1] (0.00ns)   --->   "%tmp_53 = call i5 @_ssdm_op_PartSelect.i5.i16.i32.i32(i16 %tmp_V_8, i32 11, i32 15)" [/home/embed/Desktop/xkjiang/Github_Version/EthernetSSD-System-main/RX_receiveWriteReadRequest_genACK/hls/rocev2/../ib_transport_protocol/multi_queue/multi_queue.hpp:189]   --->   Operation 11 'partselect' 'tmp_53' <Predicate = (!tmp)> <Delay = 0.00>
ST_2 : Operation 12 [1/1] (0.75ns)   --->   "%icmp_ln887 = icmp eq i5 %tmp_53, 0" [/home/embed/Desktop/xkjiang/Github_Version/EthernetSSD-System-main/RX_receiveWriteReadRequest_genACK/hls/rocev2/../ib_transport_protocol/multi_queue/multi_queue.hpp:189]   --->   Operation 12 'icmp' 'icmp_ln887' <Predicate = (!tmp)> <Delay = 0.75> <Core = "Cmp">   --->   Core 25 'Cmp' <Latency = 0> <II = 1> <Delay = 0.75> <FuncUnit> <Opcode : 'icmp'> <InPorts = 2> <OutPorts = 1>
ST_2 : Operation 13 [1/1] (0.00ns)   --->   "br i1 %icmp_ln887, label %2, label %._crit_edge1.i" [/home/embed/Desktop/xkjiang/Github_Version/EthernetSSD-System-main/RX_receiveWriteReadRequest_genACK/hls/rocev2/../ib_transport_protocol/multi_queue/multi_queue.hpp:189]   --->   Operation 13 'br' <Predicate = (!tmp)> <Delay = 0.00>
ST_2 : Operation 14 [1/1] (0.00ns)   --->   "%tmp_54 = call i1 @_ssdm_op_NbWriteReq.ap_fifo.i16P(i16* @mq_freeListFifo_V_V, i32 1) nounwind" [/home/embed/Desktop/xkjiang/Github_Version/EthernetSSD-System-main/RX_receiveWriteReadRequest_genACK/hls/rocev2/../ib_transport_protocol/multi_queue/multi_queue.hpp:189]   --->   Operation 14 'nbwritereq' 'tmp_54' <Predicate = (!tmp & icmp_ln887)> <Delay = 0.00> <Core = "FIFO">   --->   Core 32 'FIFO' <Latency = 0> <II = 1> <Delay = 1.83> <Storage> <Opcode : 'read' 'write' 'nbread' 'nbwrite'> <Ports = 0> <Width = 16> <Depth = 2> <FIFO>
ST_2 : Operation 15 [1/1] (0.00ns)   --->   "br i1 %tmp_54, label %3, label %._crit_edge1.i" [/home/embed/Desktop/xkjiang/Github_Version/EthernetSSD-System-main/RX_receiveWriteReadRequest_genACK/hls/rocev2/../ib_transport_protocol/multi_queue/multi_queue.hpp:189]   --->   Operation 15 'br' <Predicate = (!tmp & icmp_ln887)> <Delay = 0.00>
ST_2 : Operation 16 [1/1] (1.83ns)   --->   "call void @_ssdm_op_Write.ap_fifo.volatile.i16P(i16* @mq_freeListFifo_V_V, i16 %tmp_V_8) nounwind" [/home/embed/Desktop/xkjiang/Github_Version/EthernetSSD-System-main/RX_receiveWriteReadRequest_genACK/hls/rocev2/../ib_transport_protocol/multi_queue/multi_queue.hpp:191]   --->   Operation 16 'write' <Predicate = (!tmp & icmp_ln887 & tmp_54)> <Delay = 1.83> <Core = "FIFO">   --->   Core 32 'FIFO' <Latency = 0> <II = 1> <Delay = 1.83> <Storage> <Opcode : 'read' 'write' 'nbread' 'nbwrite'> <Ports = 0> <Width = 16> <Depth = 2> <FIFO>
ST_2 : Operation 17 [1/1] (0.85ns)   --->   "%add_ln700 = add i16 %tmp_V_8, 1" [/home/embed/Desktop/xkjiang/Github_Version/EthernetSSD-System-main/RX_receiveWriteReadRequest_genACK/hls/rocev2/../ib_transport_protocol/multi_queue/multi_queue.hpp:192]   --->   Operation 17 'add' 'add_ln700' <Predicate = (!tmp & icmp_ln887 & tmp_54)> <Delay = 0.85> <Core = "AddSub">   --->   Core 14 'AddSub' <Latency = 0> <II = 1> <Delay = 0.85> <FuncUnit> <Opcode : 'add' 'sub'> <InPorts = 2> <OutPorts = 1>
ST_2 : Operation 18 [1/1] (0.00ns)   --->   "store i16 %add_ln700, i16* @freeListCounter_V, align 2" [/home/embed/Desktop/xkjiang/Github_Version/EthernetSSD-System-main/RX_receiveWriteReadRequest_genACK/hls/rocev2/../ib_transport_protocol/multi_queue/multi_queue.hpp:192]   --->   Operation 18 'store' <Predicate = (!tmp & icmp_ln887 & tmp_54)> <Delay = 0.00>
ST_2 : Operation 19 [1/1] (0.00ns)   --->   "br label %._crit_edge1.i" [/home/embed/Desktop/xkjiang/Github_Version/EthernetSSD-System-main/RX_receiveWriteReadRequest_genACK/hls/rocev2/../ib_transport_protocol/multi_queue/multi_queue.hpp:193]   --->   Operation 19 'br' <Predicate = (!tmp & icmp_ln887 & tmp_54)> <Delay = 0.00>
ST_2 : Operation 20 [1/1] (0.00ns)   --->   "br label %"mq_freelist_handler<2048>.exit""   --->   Operation 20 'br' <Predicate = (!tmp)> <Delay = 0.00>
ST_2 : Operation 21 [1/1] (1.83ns)   --->   "call void @_ssdm_op_Write.ap_fifo.volatile.i16P(i16* @mq_freeListFifo_V_V, i16 %tmp_V) nounwind" [/home/embed/Desktop/xkjiang/Github_Version/EthernetSSD-System-main/RX_receiveWriteReadRequest_genACK/hls/rocev2/../ib_transport_protocol/multi_queue/multi_queue.hpp:187]   --->   Operation 21 'write' <Predicate = (tmp)> <Delay = 1.83> <Core = "FIFO">   --->   Core 32 'FIFO' <Latency = 0> <II = 1> <Delay = 1.83> <Storage> <Opcode : 'read' 'write' 'nbread' 'nbwrite'> <Ports = 0> <Width = 16> <Depth = 2> <FIFO>
ST_2 : Operation 22 [1/1] (0.00ns)   --->   "br label %"mq_freelist_handler<2048>.exit"" [/home/embed/Desktop/xkjiang/Github_Version/EthernetSSD-System-main/RX_receiveWriteReadRequest_genACK/hls/rocev2/../ib_transport_protocol/multi_queue/multi_queue.hpp:188]   --->   Operation 22 'br' <Predicate = (tmp)> <Delay = 0.00>
ST_2 : Operation 23 [1/1] (0.00ns)   --->   "ret void"   --->   Operation 23 'ret' <Predicate = true> <Delay = 0.00>


============================================================
+ Verbose Summary: Timing violations
============================================================
Target clock period: 8ns, clock uncertainty: 1ns.

 <State 1>: 1.84ns
The critical path consists of the following:
	fifo read on port 'mq_releaseFifo_V_V' (/home/embed/Desktop/xkjiang/Github_Version/EthernetSSD-System-main/RX_receiveWriteReadRequest_genACK/hls/rocev2/../ib_transport_protocol/multi_queue/multi_queue.hpp:187) [26]  (1.84 ns)

 <State 2>: 1.84ns
The critical path consists of the following:
	'load' operation ('tmp.V', /home/embed/Desktop/xkjiang/Github_Version/EthernetSSD-System-main/RX_receiveWriteReadRequest_genACK/hls/rocev2/../ib_transport_protocol/multi_queue/multi_queue.hpp:189) on static variable 'freeListCounter_V' [11]  (0 ns)
	fifo write on port 'mq_freeListFifo_V_V' (/home/embed/Desktop/xkjiang/Github_Version/EthernetSSD-System-main/RX_receiveWriteReadRequest_genACK/hls/rocev2/../ib_transport_protocol/multi_queue/multi_queue.hpp:191) [19]  (1.84 ns)


============================================================
+ Verbose Summary: Binding
============================================================
N/A
* FSMD analyzer results:
  - Output states:
 - Input state : 
  - Chain level:
	State 1
	State 2


============================================================
+ Verbose Summary: Datapath Resource usage 
============================================================
N/A
