

================================================================
== Vivado HLS Report for 'process_udp_512_2150'
================================================================
* Date:           Mon Mar  1 13:03:27 2021

* Version:        2019.1 (Build 2552052 on Fri May 24 15:28:33 MDT 2019)
* Project:        rocev2_prj
* Solution:       solution1
* Product family: zynquplus
* Target device:  xczu7eg-ffvc1156-2-i


================================================================
== Performance Estimates
================================================================
+ Timing (ns): 
    * Summary: 
    +--------+-------+----------+------------+
    |  Clock | Target| Estimated| Uncertainty|
    +--------+-------+----------+------------+
    |ap_clk  |   8.00|     2.641|        1.00|
    +--------+-------+----------+------------+

+ Latency (clock cycles): 
    * Summary: 
    +-----+-----+-----+-----+----------+
    |  Latency  |  Interval | Pipeline |
    | min | max | min | max |   Type   |
    +-----+-----+-----+-----+----------+
    |    2|    2|    1|    1| function |
    +-----+-----+-----+-----+----------+

    + Detail: 
        * Instance: 
        N/A

        * Loop: 
        N/A

============================================================
+ Verbose Summary: Synthesis Manager
============================================================
InlineROM: 1
ExposeGlobal: 0
============================================================
+ Verbose Summary: CDFG Model
============================================================
IsTopModel: 0
ResetActiveHigh: 1
IsCombinational: 2
IsDatapathOnly: 0
HasWiredReturn: 1
HasMFsm: 2
HasVarLatency: 0
IsPipeline: 1
IsRtlPipelined: 1
IsInstanceOverlapped: 0
IsDontTouch: 0
HasImplIP: 0
IsGatedGlobalClock: 0

+ Individual pipeline summary: 
  * Pipeline-0: initiation interval (II) = 1, depth = 3


============================================================
+ Verbose Summary: Schedule
============================================================
* Number of FSM states : 3
* Pipeline : 1
  Pipeline-0 : II = 1, D = 3, States = { 1 2 3 }
* Dataflow Pipeline: 0

* FSM state transitions: 
1 --> 2 
2 --> 3 
3 --> 

* FSM state operations: 

State 1 <SV = 0> <Delay = 2.64>
ST_1 : Operation 4 [1/1] (0.00ns)   --->   "%tmp = call i1 @_ssdm_op_NbReadReq.ap_fifo.i512P.i64P.i1P(i512* @rx_ip2udpFifo_V_data, i64* @rx_ip2udpFifo_V_keep, i1* @rx_ip2udpFifo_V_last, i32 1)" [/home/embed/Desktop/xkjiang/Github_Version/EthernetSSD-System-main/RX_receiveWriteReadRequest_genACK/hls/rocev2/../udp/udp.cpp:48]   --->   Operation 4 'nbreadreq' 'tmp' <Predicate = true> <Delay = 0.00> <Core = "FIFO_SRL">   --->   Core 36 'FIFO_SRL' <Latency = 0> <II = 1> <Delay = 1.83> <Storage> <Opcode : 'read' 'write' 'nbread' 'nbwrite'> <Ports = 0> <Width = 512> <Depth = 0> <FIFO>
ST_1 : Operation 5 [1/1] (0.00ns)   --->   "br i1 %tmp, label %0, label %"process_udp<512>2150.exit"" [/home/embed/Desktop/xkjiang/Github_Version/EthernetSSD-System-main/RX_receiveWriteReadRequest_genACK/hls/rocev2/../udp/udp.cpp:48]   --->   Operation 5 'br' <Predicate = true> <Delay = 0.00>
ST_1 : Operation 6 [1/1] (1.83ns)   --->   "%empty = call { i512, i64, i1 } @_ssdm_op_Read.ap_fifo.volatile.i512P.i64P.i1P(i512* @rx_ip2udpFifo_V_data, i64* @rx_ip2udpFifo_V_keep, i1* @rx_ip2udpFifo_V_last)" [/home/embed/Desktop/xkjiang/Github_Version/EthernetSSD-System-main/RX_receiveWriteReadRequest_genACK/hls/rocev2/../udp/udp.cpp:50]   --->   Operation 6 'read' 'empty' <Predicate = (tmp)> <Delay = 1.83> <Core = "FIFO_SRL">   --->   Core 36 'FIFO_SRL' <Latency = 0> <II = 1> <Delay = 1.83> <Storage> <Opcode : 'read' 'write' 'nbread' 'nbwrite'> <Ports = 0> <Width = 512> <Depth = 0> <FIFO>
ST_1 : Operation 7 [1/1] (0.00ns)   --->   "%tmp_data_V = extractvalue { i512, i64, i1 } %empty, 0" [/home/embed/Desktop/xkjiang/Github_Version/EthernetSSD-System-main/RX_receiveWriteReadRequest_genACK/hls/rocev2/../udp/udp.cpp:50]   --->   Operation 7 'extractvalue' 'tmp_data_V' <Predicate = (tmp)> <Delay = 0.00>
ST_1 : Operation 8 [1/1] (0.00ns)   --->   "%tmp_keep_V = extractvalue { i512, i64, i1 } %empty, 1" [/home/embed/Desktop/xkjiang/Github_Version/EthernetSSD-System-main/RX_receiveWriteReadRequest_genACK/hls/rocev2/../udp/udp.cpp:50]   --->   Operation 8 'extractvalue' 'tmp_keep_V' <Predicate = (tmp)> <Delay = 0.00>
ST_1 : Operation 9 [1/1] (0.00ns)   --->   "%tmp_last_V = extractvalue { i512, i64, i1 } %empty, 2" [/home/embed/Desktop/xkjiang/Github_Version/EthernetSSD-System-main/RX_receiveWriteReadRequest_genACK/hls/rocev2/../udp/udp.cpp:50]   --->   Operation 9 'extractvalue' 'tmp_last_V' <Predicate = (tmp)> <Delay = 0.00>
ST_1 : Operation 10 [1/1] (0.00ns)   --->   "%pu_header_ready_load = load i1* @pu_header_ready, align 1" [/home/embed/Desktop/xkjiang/Github_Version/EthernetSSD-System-main/RX_receiveWriteReadRequest_genACK/hls/rocev2/../udp/udp.cpp:56]   --->   Operation 10 'load' 'pu_header_ready_load' <Predicate = (tmp)> <Delay = 0.00>
ST_1 : Operation 11 [1/1] (0.00ns)   --->   "%pu_header_idx_load = load i16* @pu_header_idx, align 2" [/home/embed/Desktop/xkjiang/Github_Version/EthernetSSD-System-main/RX_receiveWriteReadRequest_genACK/hls/rocev2/../udp/udp.cpp:56]   --->   Operation 11 'load' 'pu_header_idx_load' <Predicate = (tmp)> <Delay = 0.00>
ST_1 : Operation 12 [1/1] (0.65ns)   --->   "br i1 %pu_header_ready_load, label %parseWord.exit.i, label %1" [/home/embed/Desktop/xkjiang/Github_Version/EthernetSSD-System-main/RX_receiveWriteReadRequest_genACK/hls/rocev2/../udp/../packet.hpp:57->/home/embed/Desktop/xkjiang/Github_Version/EthernetSSD-System-main/RX_receiveWriteReadRequest_genACK/hls/rocev2/../udp/udp.cpp:56]   --->   Operation 12 'br' <Predicate = (tmp)> <Delay = 0.65>
ST_1 : Operation 13 [1/1] (0.00ns)   --->   "%tmp_V = trunc i512 %tmp_data_V to i64" [/home/embed/Desktop/xkjiang/Github_Version/EthernetSSD-System-main/RX_receiveWriteReadRequest_genACK/hls/rocev2/../udp/../packet.hpp:66->/home/embed/Desktop/xkjiang/Github_Version/EthernetSSD-System-main/RX_receiveWriteReadRequest_genACK/hls/rocev2/../udp/udp.cpp:56]   --->   Operation 13 'trunc' 'tmp_V' <Predicate = (tmp & !pu_header_ready_load)> <Delay = 0.00>
ST_1 : Operation 14 [1/1] (0.00ns)   --->   "%p_Val2_s = load i64* @pu_header_header_V, align 8" [/home/embed/Desktop/xkjiang/Github_Version/EthernetSSD-System-main/RX_receiveWriteReadRequest_genACK/hls/rocev2/../udp/../packet.hpp:66->/home/embed/Desktop/xkjiang/Github_Version/EthernetSSD-System-main/RX_receiveWriteReadRequest_genACK/hls/rocev2/../udp/udp.cpp:56]   --->   Operation 14 'load' 'p_Val2_s' <Predicate = (tmp & !pu_header_ready_load)> <Delay = 0.00>
ST_1 : Operation 15 [1/1] (0.00ns)   --->   "%tmp_38 = call i19 @_ssdm_op_BitConcatenate.i19.i16.i3(i16 %pu_header_idx_load, i3 0)" [/home/embed/Desktop/xkjiang/Github_Version/EthernetSSD-System-main/RX_receiveWriteReadRequest_genACK/hls/rocev2/../udp/../packet.hpp:66->/home/embed/Desktop/xkjiang/Github_Version/EthernetSSD-System-main/RX_receiveWriteReadRequest_genACK/hls/rocev2/../udp/udp.cpp:56]   --->   Operation 15 'bitconcatenate' 'tmp_38' <Predicate = (tmp & !pu_header_ready_load)> <Delay = 0.00>
ST_1 : Operation 16 [1/1] (0.00ns)   --->   "%zext_ln414 = zext i19 %tmp_38 to i26" [/home/embed/Desktop/xkjiang/Github_Version/EthernetSSD-System-main/RX_receiveWriteReadRequest_genACK/hls/rocev2/../udp/../packet.hpp:66->/home/embed/Desktop/xkjiang/Github_Version/EthernetSSD-System-main/RX_receiveWriteReadRequest_genACK/hls/rocev2/../udp/udp.cpp:56]   --->   Operation 16 'zext' 'zext_ln414' <Predicate = (tmp & !pu_header_ready_load)> <Delay = 0.00>
ST_1 : Operation 17 [1/1] (1.08ns)   --->   "%icmp_ln414 = icmp ne i26 %zext_ln414, 0" [/home/embed/Desktop/xkjiang/Github_Version/EthernetSSD-System-main/RX_receiveWriteReadRequest_genACK/hls/rocev2/../udp/../packet.hpp:66->/home/embed/Desktop/xkjiang/Github_Version/EthernetSSD-System-main/RX_receiveWriteReadRequest_genACK/hls/rocev2/../udp/udp.cpp:56]   --->   Operation 17 'icmp' 'icmp_ln414' <Predicate = (tmp & !pu_header_ready_load)> <Delay = 1.08> <Core = "Cmp">   --->   Core 25 'Cmp' <Latency = 0> <II = 1> <Delay = 1.10> <FuncUnit> <Opcode : 'icmp'> <InPorts = 2> <OutPorts = 1>
ST_1 : Operation 18 [1/1] (0.00ns) (grouped into LUT with out node and_ln414_9)   --->   "%trunc_ln414 = trunc i512 %tmp_data_V to i1" [/home/embed/Desktop/xkjiang/Github_Version/EthernetSSD-System-main/RX_receiveWriteReadRequest_genACK/hls/rocev2/../udp/../packet.hpp:66->/home/embed/Desktop/xkjiang/Github_Version/EthernetSSD-System-main/RX_receiveWriteReadRequest_genACK/hls/rocev2/../udp/udp.cpp:56]   --->   Operation 18 'trunc' 'trunc_ln414' <Predicate = (tmp & !pu_header_ready_load)> <Delay = 0.00>
ST_1 : Operation 19 [1/1] (0.00ns) (grouped into LUT with out node and_ln414_9)   --->   "%st3 = call i64 @_ssdm_op_BitConcatenate.i64.i1.i63(i1 %trunc_ln414, i63 0)" [/home/embed/Desktop/xkjiang/Github_Version/EthernetSSD-System-main/RX_receiveWriteReadRequest_genACK/hls/rocev2/../udp/../packet.hpp:66->/home/embed/Desktop/xkjiang/Github_Version/EthernetSSD-System-main/RX_receiveWriteReadRequest_genACK/hls/rocev2/../udp/udp.cpp:56]   --->   Operation 19 'bitconcatenate' 'st3' <Predicate = (tmp & !pu_header_ready_load)> <Delay = 0.00>
ST_1 : Operation 20 [1/1] (0.00ns) (grouped into LUT with out node and_ln414_9)   --->   "%select_ln414 = select i1 %icmp_ln414, i64 %st3, i64 %tmp_V" [/home/embed/Desktop/xkjiang/Github_Version/EthernetSSD-System-main/RX_receiveWriteReadRequest_genACK/hls/rocev2/../udp/../packet.hpp:66->/home/embed/Desktop/xkjiang/Github_Version/EthernetSSD-System-main/RX_receiveWriteReadRequest_genACK/hls/rocev2/../udp/udp.cpp:56]   --->   Operation 20 'select' 'select_ln414' <Predicate = (tmp & !pu_header_ready_load)> <Delay = 0.00> <Core = "Sel">   --->   Core 26 'Sel' <Latency = 0> <II = 1> <Delay = 0.35> <FuncUnit> <Opcode : 'select'> <InPorts = 3> <OutPorts = 1>
ST_1 : Operation 21 [1/1] (0.00ns) (grouped into LUT with out node and_ln414_9)   --->   "%tmp_39 = call i64 @llvm.part.select.i64(i64 %select_ln414, i32 63, i32 0)" [/home/embed/Desktop/xkjiang/Github_Version/EthernetSSD-System-main/RX_receiveWriteReadRequest_genACK/hls/rocev2/../udp/../packet.hpp:66->/home/embed/Desktop/xkjiang/Github_Version/EthernetSSD-System-main/RX_receiveWriteReadRequest_genACK/hls/rocev2/../udp/udp.cpp:56]   --->   Operation 21 'partselect' 'tmp_39' <Predicate = (tmp & !pu_header_ready_load)> <Delay = 0.00>
ST_1 : Operation 22 [1/1] (0.00ns) (grouped into LUT with out node and_ln414_9)   --->   "%select_ln414_11 = select i1 %icmp_ln414, i64 %tmp_39, i64 %tmp_V" [/home/embed/Desktop/xkjiang/Github_Version/EthernetSSD-System-main/RX_receiveWriteReadRequest_genACK/hls/rocev2/../udp/../packet.hpp:66->/home/embed/Desktop/xkjiang/Github_Version/EthernetSSD-System-main/RX_receiveWriteReadRequest_genACK/hls/rocev2/../udp/udp.cpp:56]   --->   Operation 22 'select' 'select_ln414_11' <Predicate = (tmp & !pu_header_ready_load)> <Delay = 0.00> <Core = "Sel">   --->   Core 26 'Sel' <Latency = 0> <II = 1> <Delay = 0.35> <FuncUnit> <Opcode : 'select'> <InPorts = 3> <OutPorts = 1>
ST_1 : Operation 23 [1/1] (0.00ns) (grouped into LUT with out node and_ln414)   --->   "%select_ln414_12 = select i1 %icmp_ln414, i64 -9223372036854775808, i64 -1" [/home/embed/Desktop/xkjiang/Github_Version/EthernetSSD-System-main/RX_receiveWriteReadRequest_genACK/hls/rocev2/../udp/../packet.hpp:66->/home/embed/Desktop/xkjiang/Github_Version/EthernetSSD-System-main/RX_receiveWriteReadRequest_genACK/hls/rocev2/../udp/udp.cpp:56]   --->   Operation 23 'select' 'select_ln414_12' <Predicate = (tmp & !pu_header_ready_load)> <Delay = 0.00> <Core = "Sel">   --->   Core 26 'Sel' <Latency = 0> <II = 1> <Delay = 0.35> <FuncUnit> <Opcode : 'select'> <InPorts = 3> <OutPorts = 1>
ST_1 : Operation 24 [1/1] (0.00ns) (grouped into LUT with out node and_ln414)   --->   "%select_ln414_13 = select i1 %icmp_ln414, i64 1, i64 -1" [/home/embed/Desktop/xkjiang/Github_Version/EthernetSSD-System-main/RX_receiveWriteReadRequest_genACK/hls/rocev2/../udp/../packet.hpp:66->/home/embed/Desktop/xkjiang/Github_Version/EthernetSSD-System-main/RX_receiveWriteReadRequest_genACK/hls/rocev2/../udp/udp.cpp:56]   --->   Operation 24 'select' 'select_ln414_13' <Predicate = (tmp & !pu_header_ready_load)> <Delay = 0.00> <Core = "Sel">   --->   Core 26 'Sel' <Latency = 0> <II = 1> <Delay = 0.35> <FuncUnit> <Opcode : 'select'> <InPorts = 3> <OutPorts = 1>
ST_1 : Operation 25 [1/1] (0.42ns) (out node of the LUT)   --->   "%and_ln414 = and i64 %select_ln414_12, %select_ln414_13" [/home/embed/Desktop/xkjiang/Github_Version/EthernetSSD-System-main/RX_receiveWriteReadRequest_genACK/hls/rocev2/../udp/../packet.hpp:66->/home/embed/Desktop/xkjiang/Github_Version/EthernetSSD-System-main/RX_receiveWriteReadRequest_genACK/hls/rocev2/../udp/udp.cpp:56]   --->   Operation 25 'and' 'and_ln414' <Predicate = (tmp & !pu_header_ready_load)> <Delay = 0.42> <Core = "LogicGate">   --->   Core 27 'LogicGate' <Latency = 0> <II = 1> <Delay = 0.28> <FuncUnit> <Opcode : 'and' 'or' 'xor'> <InPorts = 2> <OutPorts = 1>
ST_1 : Operation 26 [1/1] (0.00ns) (grouped into LUT with out node p_Result_s)   --->   "%xor_ln414 = xor i64 %and_ln414, -1" [/home/embed/Desktop/xkjiang/Github_Version/EthernetSSD-System-main/RX_receiveWriteReadRequest_genACK/hls/rocev2/../udp/../packet.hpp:66->/home/embed/Desktop/xkjiang/Github_Version/EthernetSSD-System-main/RX_receiveWriteReadRequest_genACK/hls/rocev2/../udp/udp.cpp:56]   --->   Operation 26 'xor' 'xor_ln414' <Predicate = (tmp & !pu_header_ready_load)> <Delay = 0.00> <Core = "LogicGate">   --->   Core 27 'LogicGate' <Latency = 0> <II = 1> <Delay = 0.28> <FuncUnit> <Opcode : 'and' 'or' 'xor'> <InPorts = 2> <OutPorts = 1>
ST_1 : Operation 27 [1/1] (0.00ns) (grouped into LUT with out node p_Result_s)   --->   "%and_ln414_8 = and i64 %p_Val2_s, %xor_ln414" [/home/embed/Desktop/xkjiang/Github_Version/EthernetSSD-System-main/RX_receiveWriteReadRequest_genACK/hls/rocev2/../udp/../packet.hpp:66->/home/embed/Desktop/xkjiang/Github_Version/EthernetSSD-System-main/RX_receiveWriteReadRequest_genACK/hls/rocev2/../udp/udp.cpp:56]   --->   Operation 27 'and' 'and_ln414_8' <Predicate = (tmp & !pu_header_ready_load)> <Delay = 0.00> <Core = "LogicGate">   --->   Core 27 'LogicGate' <Latency = 0> <II = 1> <Delay = 0.28> <FuncUnit> <Opcode : 'and' 'or' 'xor'> <InPorts = 2> <OutPorts = 1>
ST_1 : Operation 28 [1/1] (0.42ns) (out node of the LUT)   --->   "%and_ln414_9 = and i64 %select_ln414_11, %and_ln414" [/home/embed/Desktop/xkjiang/Github_Version/EthernetSSD-System-main/RX_receiveWriteReadRequest_genACK/hls/rocev2/../udp/../packet.hpp:66->/home/embed/Desktop/xkjiang/Github_Version/EthernetSSD-System-main/RX_receiveWriteReadRequest_genACK/hls/rocev2/../udp/udp.cpp:56]   --->   Operation 28 'and' 'and_ln414_9' <Predicate = (tmp & !pu_header_ready_load)> <Delay = 0.42> <Core = "LogicGate">   --->   Core 27 'LogicGate' <Latency = 0> <II = 1> <Delay = 0.28> <FuncUnit> <Opcode : 'and' 'or' 'xor'> <InPorts = 2> <OutPorts = 1>
ST_1 : Operation 29 [1/1] (0.37ns) (out node of the LUT)   --->   "%p_Result_s = or i64 %and_ln414_8, %and_ln414_9" [/home/embed/Desktop/xkjiang/Github_Version/EthernetSSD-System-main/RX_receiveWriteReadRequest_genACK/hls/rocev2/../udp/../packet.hpp:66->/home/embed/Desktop/xkjiang/Github_Version/EthernetSSD-System-main/RX_receiveWriteReadRequest_genACK/hls/rocev2/../udp/udp.cpp:56]   --->   Operation 29 'or' 'p_Result_s' <Predicate = (tmp & !pu_header_ready_load)> <Delay = 0.37> <Core = "LogicGate">   --->   Core 27 'LogicGate' <Latency = 0> <II = 1> <Delay = 0.28> <FuncUnit> <Opcode : 'and' 'or' 'xor'> <InPorts = 2> <OutPorts = 1>
ST_1 : Operation 30 [1/1] (0.00ns)   --->   "store i64 %p_Result_s, i64* @pu_header_header_V, align 8" [/home/embed/Desktop/xkjiang/Github_Version/EthernetSSD-System-main/RX_receiveWriteReadRequest_genACK/hls/rocev2/../udp/../packet.hpp:62->/home/embed/Desktop/xkjiang/Github_Version/EthernetSSD-System-main/RX_receiveWriteReadRequest_genACK/hls/rocev2/../udp/udp.cpp:56]   --->   Operation 30 'store' <Predicate = (tmp & !pu_header_ready_load)> <Delay = 0.00>
ST_1 : Operation 31 [1/1] (0.85ns)   --->   "%add_ln69 = add i16 1, %pu_header_idx_load" [/home/embed/Desktop/xkjiang/Github_Version/EthernetSSD-System-main/RX_receiveWriteReadRequest_genACK/hls/rocev2/../udp/../packet.hpp:69->/home/embed/Desktop/xkjiang/Github_Version/EthernetSSD-System-main/RX_receiveWriteReadRequest_genACK/hls/rocev2/../udp/udp.cpp:56]   --->   Operation 31 'add' 'add_ln69' <Predicate = (tmp & !pu_header_ready_load)> <Delay = 0.85> <Core = "AddSub">   --->   Core 14 'AddSub' <Latency = 0> <II = 1> <Delay = 0.85> <FuncUnit> <Opcode : 'add' 'sub'> <InPorts = 2> <OutPorts = 1>
ST_1 : Operation 32 [1/1] (0.65ns)   --->   "br label %parseWord.exit.i" [/home/embed/Desktop/xkjiang/Github_Version/EthernetSSD-System-main/RX_receiveWriteReadRequest_genACK/hls/rocev2/../udp/../packet.hpp:75->/home/embed/Desktop/xkjiang/Github_Version/EthernetSSD-System-main/RX_receiveWriteReadRequest_genACK/hls/rocev2/../udp/udp.cpp:56]   --->   Operation 32 'br' <Predicate = (tmp & !pu_header_ready_load)> <Delay = 0.65>
ST_1 : Operation 33 [1/1] (0.00ns)   --->   "%phi_ln75 = phi i16 [ %pu_header_idx_load, %0 ], [ %add_ln69, %1 ]" [/home/embed/Desktop/xkjiang/Github_Version/EthernetSSD-System-main/RX_receiveWriteReadRequest_genACK/hls/rocev2/../udp/../packet.hpp:75->/home/embed/Desktop/xkjiang/Github_Version/EthernetSSD-System-main/RX_receiveWriteReadRequest_genACK/hls/rocev2/../udp/udp.cpp:56]   --->   Operation 33 'phi' 'phi_ln75' <Predicate = (tmp)> <Delay = 0.00>
ST_1 : Operation 34 [1/1] (0.00ns) (grouped into LUT with out node or_ln75)   --->   "%write_flag_1_i_i = phi i1 [ false, %0 ], [ true, %1 ]"   --->   Operation 34 'phi' 'write_flag_1_i_i' <Predicate = (tmp)> <Delay = 0.00>
ST_1 : Operation 35 [1/1] (0.28ns) (out node of the LUT)   --->   "%or_ln75 = or i1 %pu_header_ready_load, %write_flag_1_i_i" [/home/embed/Desktop/xkjiang/Github_Version/EthernetSSD-System-main/RX_receiveWriteReadRequest_genACK/hls/rocev2/../udp/../packet.hpp:75->/home/embed/Desktop/xkjiang/Github_Version/EthernetSSD-System-main/RX_receiveWriteReadRequest_genACK/hls/rocev2/../udp/udp.cpp:56]   --->   Operation 35 'or' 'or_ln75' <Predicate = (tmp)> <Delay = 0.28> <Core = "LogicGate">   --->   Core 27 'LogicGate' <Latency = 0> <II = 1> <Delay = 0.28> <FuncUnit> <Opcode : 'and' 'or' 'xor'> <InPorts = 2> <OutPorts = 1>
ST_1 : Operation 36 [1/1] (0.65ns)   --->   "br i1 %or_ln75, label %2, label %._crit_edge3.i" [/home/embed/Desktop/xkjiang/Github_Version/EthernetSSD-System-main/RX_receiveWriteReadRequest_genACK/hls/rocev2/../udp/udp.cpp:64]   --->   Operation 36 'br' <Predicate = (tmp)> <Delay = 0.65>
ST_1 : Operation 37 [1/1] (0.28ns)   --->   "%xor_ln79 = xor i1 %tmp_last_V, true" [/home/embed/Desktop/xkjiang/Github_Version/EthernetSSD-System-main/RX_receiveWriteReadRequest_genACK/hls/rocev2/../udp/udp.cpp:79]   --->   Operation 37 'xor' 'xor_ln79' <Predicate = (tmp)> <Delay = 0.28> <Core = "LogicGate">   --->   Core 27 'LogicGate' <Latency = 0> <II = 1> <Delay = 0.28> <FuncUnit> <Opcode : 'and' 'or' 'xor'> <InPorts = 2> <OutPorts = 1>
ST_1 : Operation 38 [1/1] (0.28ns)   --->   "%and_ln79 = and i1 %or_ln75, %xor_ln79" [/home/embed/Desktop/xkjiang/Github_Version/EthernetSSD-System-main/RX_receiveWriteReadRequest_genACK/hls/rocev2/../udp/udp.cpp:79]   --->   Operation 38 'and' 'and_ln79' <Predicate = (tmp)> <Delay = 0.28> <Core = "LogicGate">   --->   Core 27 'LogicGate' <Latency = 0> <II = 1> <Delay = 0.28> <FuncUnit> <Opcode : 'and' 'or' 'xor'> <InPorts = 2> <OutPorts = 1>
ST_1 : Operation 39 [1/1] (0.35ns)   --->   "%select_ln79 = select i1 %tmp_last_V, i16 0, i16 %phi_ln75" [/home/embed/Desktop/xkjiang/Github_Version/EthernetSSD-System-main/RX_receiveWriteReadRequest_genACK/hls/rocev2/../udp/udp.cpp:79]   --->   Operation 39 'select' 'select_ln79' <Predicate = (tmp)> <Delay = 0.35> <Core = "Sel">   --->   Core 26 'Sel' <Latency = 0> <II = 1> <Delay = 0.35> <FuncUnit> <Opcode : 'select'> <InPorts = 3> <OutPorts = 1>
ST_1 : Operation 40 [1/1] (0.00ns)   --->   "store i16 %select_ln79, i16* @pu_header_idx, align 2" [/home/embed/Desktop/xkjiang/Github_Version/EthernetSSD-System-main/RX_receiveWriteReadRequest_genACK/hls/rocev2/../udp/udp.cpp:56]   --->   Operation 40 'store' <Predicate = (tmp)> <Delay = 0.00>
ST_1 : Operation 41 [1/1] (0.00ns)   --->   "store i1 %and_ln79, i1* @pu_header_ready, align 1" [/home/embed/Desktop/xkjiang/Github_Version/EthernetSSD-System-main/RX_receiveWriteReadRequest_genACK/hls/rocev2/../udp/udp.cpp:56]   --->   Operation 41 'store' <Predicate = (tmp)> <Delay = 0.00>

State 2 <SV = 1> <Delay = 1.10>
ST_2 : Operation 42 [1/1] (0.00ns)   --->   "%metaWritten_2_load = load i1* @metaWritten_2, align 1" [/home/embed/Desktop/xkjiang/Github_Version/EthernetSSD-System-main/RX_receiveWriteReadRequest_genACK/hls/rocev2/../udp/udp.cpp:59]   --->   Operation 42 'load' 'metaWritten_2_load' <Predicate = (tmp)> <Delay = 0.00>
ST_2 : Operation 43 [1/1] (0.00ns)   --->   "%p_Val2_21 = load i64* @pu_header_header_V, align 8" [/home/embed/Desktop/xkjiang/Github_Version/EthernetSSD-System-main/RX_receiveWriteReadRequest_genACK/hls/rocev2/../udp/udp.hpp:99->/home/embed/Desktop/xkjiang/Github_Version/EthernetSSD-System-main/RX_receiveWriteReadRequest_genACK/hls/rocev2/../udp/udp.cpp:67]   --->   Operation 43 'load' 'p_Val2_21' <Predicate = (tmp & or_ln75)> <Delay = 0.00>
ST_2 : Operation 44 [1/1] (0.00ns)   --->   "%p_Result_128_i_i9_s = call i8 @_ssdm_op_PartSelect.i8.i64.i32.i32(i64 %p_Val2_21, i32 24, i32 31)" [/home/embed/Desktop/xkjiang/Github_Version/EthernetSSD-System-main/RX_receiveWriteReadRequest_genACK/hls/rocev2/../udp/../axi_utils.hpp:79->/home/embed/Desktop/xkjiang/Github_Version/EthernetSSD-System-main/RX_receiveWriteReadRequest_genACK/hls/rocev2/../udp/udp.hpp:99->/home/embed/Desktop/xkjiang/Github_Version/EthernetSSD-System-main/RX_receiveWriteReadRequest_genACK/hls/rocev2/../udp/udp.cpp:67]   --->   Operation 44 'partselect' 'p_Result_128_i_i9_s' <Predicate = (tmp & or_ln75)> <Delay = 0.00>
ST_2 : Operation 45 [1/1] (0.00ns)   --->   "%p_Result_128_1_i_i = call i8 @_ssdm_op_PartSelect.i8.i64.i32.i32(i64 %p_Val2_21, i32 16, i32 23)" [/home/embed/Desktop/xkjiang/Github_Version/EthernetSSD-System-main/RX_receiveWriteReadRequest_genACK/hls/rocev2/../udp/../axi_utils.hpp:79->/home/embed/Desktop/xkjiang/Github_Version/EthernetSSD-System-main/RX_receiveWriteReadRequest_genACK/hls/rocev2/../udp/udp.hpp:99->/home/embed/Desktop/xkjiang/Github_Version/EthernetSSD-System-main/RX_receiveWriteReadRequest_genACK/hls/rocev2/../udp/udp.cpp:67]   --->   Operation 45 'partselect' 'p_Result_128_1_i_i' <Predicate = (tmp & or_ln75)> <Delay = 0.00>
ST_2 : Operation 46 [1/1] (0.00ns)   --->   "%dstPort_V = call i16 @_ssdm_op_BitConcatenate.i16.i8.i8(i8 %p_Result_128_1_i_i, i8 %p_Result_128_i_i9_s)" [/home/embed/Desktop/xkjiang/Github_Version/EthernetSSD-System-main/RX_receiveWriteReadRequest_genACK/hls/rocev2/../udp/../axi_utils.hpp:79->/home/embed/Desktop/xkjiang/Github_Version/EthernetSSD-System-main/RX_receiveWriteReadRequest_genACK/hls/rocev2/../udp/udp.hpp:99->/home/embed/Desktop/xkjiang/Github_Version/EthernetSSD-System-main/RX_receiveWriteReadRequest_genACK/hls/rocev2/../udp/udp.cpp:67]   --->   Operation 46 'bitconcatenate' 'dstPort_V' <Predicate = (tmp & or_ln75)> <Delay = 0.00>
ST_2 : Operation 47 [1/1] (1.10ns)   --->   "%tmp_valid = icmp eq i16 %dstPort_V, 4791" [/home/embed/Desktop/xkjiang/Github_Version/EthernetSSD-System-main/RX_receiveWriteReadRequest_genACK/hls/rocev2/../udp/udp.cpp:68]   --->   Operation 47 'icmp' 'tmp_valid' <Predicate = (tmp & or_ln75)> <Delay = 1.10> <Core = "Cmp">   --->   Core 25 'Cmp' <Latency = 0> <II = 1> <Delay = 1.10> <FuncUnit> <Opcode : 'icmp'> <InPorts = 2> <OutPorts = 1>
ST_2 : Operation 48 [1/1] (0.65ns)   --->   "br i1 %metaWritten_2_load, label %._crit_edge3.i, label %4" [/home/embed/Desktop/xkjiang/Github_Version/EthernetSSD-System-main/RX_receiveWriteReadRequest_genACK/hls/rocev2/../udp/udp.cpp:72]   --->   Operation 48 'br' <Predicate = (tmp & or_ln75)> <Delay = 0.65>
ST_2 : Operation 49 [1/1] (0.00ns)   --->   "%p_Result_128_i_i = call i8 @_ssdm_op_PartSelect.i8.i64.i32.i32(i64 %p_Val2_21, i32 8, i32 15)" [/home/embed/Desktop/xkjiang/Github_Version/EthernetSSD-System-main/RX_receiveWriteReadRequest_genACK/hls/rocev2/../udp/../axi_utils.hpp:79->/home/embed/Desktop/xkjiang/Github_Version/EthernetSSD-System-main/RX_receiveWriteReadRequest_genACK/hls/rocev2/../udp/udp.hpp:91->/home/embed/Desktop/xkjiang/Github_Version/EthernetSSD-System-main/RX_receiveWriteReadRequest_genACK/hls/rocev2/../udp/udp.cpp:75]   --->   Operation 49 'partselect' 'p_Result_128_i_i' <Predicate = (tmp & or_ln75 & !metaWritten_2_load)> <Delay = 0.00>
ST_2 : Operation 50 [1/1] (0.00ns)   --->   "%trunc_ln647 = trunc i64 %p_Val2_21 to i8" [/home/embed/Desktop/xkjiang/Github_Version/EthernetSSD-System-main/RX_receiveWriteReadRequest_genACK/hls/rocev2/../udp/../axi_utils.hpp:79->/home/embed/Desktop/xkjiang/Github_Version/EthernetSSD-System-main/RX_receiveWriteReadRequest_genACK/hls/rocev2/../udp/udp.hpp:91->/home/embed/Desktop/xkjiang/Github_Version/EthernetSSD-System-main/RX_receiveWriteReadRequest_genACK/hls/rocev2/../udp/udp.cpp:75]   --->   Operation 50 'trunc' 'trunc_ln647' <Predicate = (tmp & or_ln75 & !metaWritten_2_load)> <Delay = 0.00>
ST_2 : Operation 51 [1/1] (0.00ns)   --->   "%p_Result_128_i_i1 = call i8 @_ssdm_op_PartSelect.i8.i64.i32.i32(i64 %p_Val2_21, i32 40, i32 47)" [/home/embed/Desktop/xkjiang/Github_Version/EthernetSSD-System-main/RX_receiveWriteReadRequest_genACK/hls/rocev2/../udp/../axi_utils.hpp:79->/home/embed/Desktop/xkjiang/Github_Version/EthernetSSD-System-main/RX_receiveWriteReadRequest_genACK/hls/rocev2/../udp/udp.hpp:107->/home/embed/Desktop/xkjiang/Github_Version/EthernetSSD-System-main/RX_receiveWriteReadRequest_genACK/hls/rocev2/../udp/udp.cpp:75]   --->   Operation 51 'partselect' 'p_Result_128_i_i1' <Predicate = (tmp & or_ln75 & !metaWritten_2_load)> <Delay = 0.00>
ST_2 : Operation 52 [1/1] (0.00ns)   --->   "%p_Result_128_1_i_i_2 = call i8 @_ssdm_op_PartSelect.i8.i64.i32.i32(i64 %p_Val2_21, i32 32, i32 39)" [/home/embed/Desktop/xkjiang/Github_Version/EthernetSSD-System-main/RX_receiveWriteReadRequest_genACK/hls/rocev2/../udp/../axi_utils.hpp:79->/home/embed/Desktop/xkjiang/Github_Version/EthernetSSD-System-main/RX_receiveWriteReadRequest_genACK/hls/rocev2/../udp/udp.hpp:107->/home/embed/Desktop/xkjiang/Github_Version/EthernetSSD-System-main/RX_receiveWriteReadRequest_genACK/hls/rocev2/../udp/udp.cpp:75]   --->   Operation 52 'partselect' 'p_Result_128_1_i_i_2' <Predicate = (tmp & or_ln75 & !metaWritten_2_load)> <Delay = 0.00>
ST_2 : Operation 53 [1/1] (0.65ns)   --->   "br label %._crit_edge3.i" [/home/embed/Desktop/xkjiang/Github_Version/EthernetSSD-System-main/RX_receiveWriteReadRequest_genACK/hls/rocev2/../udp/udp.cpp:77]   --->   Operation 53 'br' <Predicate = (tmp & or_ln75 & !metaWritten_2_load)> <Delay = 0.65>
ST_2 : Operation 54 [1/1] (0.00ns) (grouped into LUT with out node or_ln79)   --->   "%metaWritten_6_flag_1 = phi i1 [ false, %parseWord.exit.i ], [ false, %._crit_edge4.i ], [ true, %4 ]"   --->   Operation 54 'phi' 'metaWritten_6_flag_1' <Predicate = (tmp)> <Delay = 0.00>
ST_2 : Operation 55 [1/1] (0.28ns) (out node of the LUT)   --->   "%or_ln79 = or i1 %tmp_last_V, %metaWritten_6_flag_1" [/home/embed/Desktop/xkjiang/Github_Version/EthernetSSD-System-main/RX_receiveWriteReadRequest_genACK/hls/rocev2/../udp/udp.cpp:79]   --->   Operation 55 'or' 'or_ln79' <Predicate = (tmp)> <Delay = 0.28> <Core = "LogicGate">   --->   Core 27 'LogicGate' <Latency = 0> <II = 1> <Delay = 0.28> <FuncUnit> <Opcode : 'and' 'or' 'xor'> <InPorts = 2> <OutPorts = 1>
ST_2 : Operation 56 [1/1] (0.00ns)   --->   "br i1 %or_ln79, label %mergeST3.i, label %._crit_edge6.new4.i" [/home/embed/Desktop/xkjiang/Github_Version/EthernetSSD-System-main/RX_receiveWriteReadRequest_genACK/hls/rocev2/../udp/udp.cpp:79]   --->   Operation 56 'br' <Predicate = (tmp)> <Delay = 0.00>
ST_2 : Operation 57 [1/1] (0.00ns)   --->   "store i1 %xor_ln79, i1* @metaWritten_2, align 1" [/home/embed/Desktop/xkjiang/Github_Version/EthernetSSD-System-main/RX_receiveWriteReadRequest_genACK/hls/rocev2/../udp/udp.cpp:76]   --->   Operation 57 'store' <Predicate = (tmp & or_ln79)> <Delay = 0.00>

State 3 <SV = 2> <Delay = 1.83>
ST_3 : Operation 58 [1/1] (0.00ns)   --->   "call void (...)* @_ssdm_op_SpecInterface(i512* @rx_ip2udpFifo_V_data, [8 x i8]* @ap_fifo_str, i32 0, i32 0, [1 x i8]* @p_str, i32 0, i32 0, [1 x i8]* @p_str, [1 x i8]* @p_str, [1 x i8]* @p_str, i32 2, i32 2, i32 16, i32 16, [1 x i8]* @p_str, [1 x i8]* @p_str)"   --->   Operation 58 'specinterface' <Predicate = true> <Delay = 0.00>
ST_3 : Operation 59 [1/1] (0.00ns)   --->   "call void (...)* @_ssdm_op_SpecInterface(i64* @rx_ip2udpFifo_V_keep, [8 x i8]* @ap_fifo_str, i32 0, i32 0, [1 x i8]* @p_str, i32 0, i32 0, [1 x i8]* @p_str, [1 x i8]* @p_str, [1 x i8]* @p_str, i32 2, i32 2, i32 16, i32 16, [1 x i8]* @p_str, [1 x i8]* @p_str)"   --->   Operation 59 'specinterface' <Predicate = true> <Delay = 0.00>
ST_3 : Operation 60 [1/1] (0.00ns)   --->   "call void (...)* @_ssdm_op_SpecInterface(i1* @rx_ip2udpFifo_V_last, [8 x i8]* @ap_fifo_str, i32 0, i32 0, [1 x i8]* @p_str, i32 0, i32 0, [1 x i8]* @p_str, [1 x i8]* @p_str, [1 x i8]* @p_str, i32 2, i32 2, i32 16, i32 16, [1 x i8]* @p_str, [1 x i8]* @p_str)"   --->   Operation 60 'specinterface' <Predicate = true> <Delay = 0.00>
ST_3 : Operation 61 [1/1] (0.00ns)   --->   "call void (...)* @_ssdm_op_SpecInterface(i512* @rx_udp2shiftFifo_V_d, [8 x i8]* @ap_fifo_str, i32 0, i32 0, [1 x i8]* @p_str, i32 0, i32 0, [1 x i8]* @p_str, [1 x i8]* @p_str, [1 x i8]* @p_str, i32 2, i32 2, i32 16, i32 16, [1 x i8]* @p_str, [1 x i8]* @p_str)"   --->   Operation 61 'specinterface' <Predicate = true> <Delay = 0.00>
ST_3 : Operation 62 [1/1] (0.00ns)   --->   "call void (...)* @_ssdm_op_SpecInterface(i64* @rx_udp2shiftFifo_V_k, [8 x i8]* @ap_fifo_str, i32 0, i32 0, [1 x i8]* @p_str, i32 0, i32 0, [1 x i8]* @p_str, [1 x i8]* @p_str, [1 x i8]* @p_str, i32 2, i32 2, i32 16, i32 16, [1 x i8]* @p_str, [1 x i8]* @p_str)"   --->   Operation 62 'specinterface' <Predicate = true> <Delay = 0.00>
ST_3 : Operation 63 [1/1] (0.00ns)   --->   "call void (...)* @_ssdm_op_SpecInterface(i1* @rx_udp2shiftFifo_V_l, [8 x i8]* @ap_fifo_str, i32 0, i32 0, [1 x i8]* @p_str, i32 0, i32 0, [1 x i8]* @p_str, [1 x i8]* @p_str, [1 x i8]* @p_str, i32 2, i32 2, i32 16, i32 16, [1 x i8]* @p_str, [1 x i8]* @p_str)"   --->   Operation 63 'specinterface' <Predicate = true> <Delay = 0.00>
ST_3 : Operation 64 [1/1] (0.00ns)   --->   "call void (...)* @_ssdm_op_SpecInterface(i49* @rx_udpMetaFifo_V, [8 x i8]* @ap_fifo_str, i32 0, i32 0, [1 x i8]* @p_str, i32 0, i32 0, [1 x i8]* @p_str, [1 x i8]* @p_str, [1 x i8]* @p_str, i32 2, i32 2, i32 16, i32 16, [1 x i8]* @p_str, [1 x i8]* @p_str)"   --->   Operation 64 'specinterface' <Predicate = true> <Delay = 0.00>
ST_3 : Operation 65 [1/1] (0.00ns)   --->   "call void (...)* @_ssdm_op_SpecPipeline(i32 1, i32 1, i32 1, i32 0, [1 x i8]* @p_str177) nounwind" [/home/embed/Desktop/xkjiang/Github_Version/EthernetSSD-System-main/RX_receiveWriteReadRequest_genACK/hls/rocev2/../udp/udp.cpp:42]   --->   Operation 65 'specpipeline' <Predicate = true> <Delay = 0.00>
ST_3 : Operation 66 [1/1] (0.00ns)   --->   "br i1 %tmp_valid, label %3, label %._crit_edge4.i" [/home/embed/Desktop/xkjiang/Github_Version/EthernetSSD-System-main/RX_receiveWriteReadRequest_genACK/hls/rocev2/../udp/udp.cpp:68]   --->   Operation 66 'br' <Predicate = (tmp & or_ln75)> <Delay = 0.00>
ST_3 : Operation 67 [1/1] (1.83ns)   --->   "call void @_ssdm_op_Write.ap_fifo.volatile.i512P.i64P.i1P(i512* @rx_udp2shiftFifo_V_d, i64* @rx_udp2shiftFifo_V_k, i1* @rx_udp2shiftFifo_V_l, i512 %tmp_data_V, i64 %tmp_keep_V, i1 %tmp_last_V)" [/home/embed/Desktop/xkjiang/Github_Version/EthernetSSD-System-main/RX_receiveWriteReadRequest_genACK/hls/rocev2/../udp/udp.cpp:70]   --->   Operation 67 'write' <Predicate = (tmp & or_ln75 & tmp_valid)> <Delay = 1.83> <Core = "FIFO_SRL">   --->   Core 36 'FIFO_SRL' <Latency = 0> <II = 1> <Delay = 1.83> <Storage> <Opcode : 'read' 'write' 'nbread' 'nbwrite'> <Ports = 0> <Width = 512> <Depth = 0> <FIFO>
ST_3 : Operation 68 [1/1] (0.00ns)   --->   "br label %._crit_edge4.i" [/home/embed/Desktop/xkjiang/Github_Version/EthernetSSD-System-main/RX_receiveWriteReadRequest_genACK/hls/rocev2/../udp/udp.cpp:71]   --->   Operation 68 'br' <Predicate = (tmp & or_ln75 & tmp_valid)> <Delay = 0.00>
ST_3 : Operation 69 [1/1] (0.00ns)   --->   "%tmp_36 = call i49 @_ssdm_op_BitConcatenate.i49.i1.i8.i8.i8.i8.i8.i8(i1 %tmp_valid, i8 %p_Result_128_1_i_i_2, i8 %p_Result_128_i_i1, i8 %p_Result_128_1_i_i, i8 %p_Result_128_i_i9_s, i8 %trunc_ln647, i8 %p_Result_128_i_i)" [/home/embed/Desktop/xkjiang/Github_Version/EthernetSSD-System-main/RX_receiveWriteReadRequest_genACK/hls/rocev2/../udp/udp.cpp:75]   --->   Operation 69 'bitconcatenate' 'tmp_36' <Predicate = (tmp & or_ln75 & !metaWritten_2_load)> <Delay = 0.00>
ST_3 : Operation 70 [1/1] (1.83ns)   --->   "call void @_ssdm_op_Write.ap_fifo.volatile.i49P(i49* @rx_udpMetaFifo_V, i49 %tmp_36)" [/home/embed/Desktop/xkjiang/Github_Version/EthernetSSD-System-main/RX_receiveWriteReadRequest_genACK/hls/rocev2/../udp/udp.cpp:75]   --->   Operation 70 'write' <Predicate = (tmp & or_ln75 & !metaWritten_2_load)> <Delay = 1.83> <Core = "FIFO">   --->   Core 32 'FIFO' <Latency = 0> <II = 1> <Delay = 1.83> <Storage> <Opcode : 'read' 'write' 'nbread' 'nbwrite'> <Ports = 0> <Width = 49> <Depth = 2> <FIFO>
ST_3 : Operation 71 [1/1] (0.00ns)   --->   "br label %._crit_edge6.new4.i"   --->   Operation 71 'br' <Predicate = (tmp & or_ln79)> <Delay = 0.00>
ST_3 : Operation 72 [1/1] (0.00ns)   --->   "br label %"process_udp<512>2150.exit"" [/home/embed/Desktop/xkjiang/Github_Version/EthernetSSD-System-main/RX_receiveWriteReadRequest_genACK/hls/rocev2/../udp/udp.cpp:84]   --->   Operation 72 'br' <Predicate = (tmp)> <Delay = 0.00>
ST_3 : Operation 73 [1/1] (0.00ns)   --->   "ret void"   --->   Operation 73 'ret' <Predicate = true> <Delay = 0.00>


============================================================
+ Verbose Summary: Timing violations
============================================================
Target clock period: 8ns, clock uncertainty: 1ns.

 <State 1>: 2.64ns
The critical path consists of the following:
	fifo read on port 'rx_ip2udpFifo_V_data' (/home/embed/Desktop/xkjiang/Github_Version/EthernetSSD-System-main/RX_receiveWriteReadRequest_genACK/hls/rocev2/../udp/udp.cpp:50) [23]  (1.84 ns)
	'select' operation ('select_ln414_11', /home/embed/Desktop/xkjiang/Github_Version/EthernetSSD-System-main/RX_receiveWriteReadRequest_genACK/hls/rocev2/../udp/../packet.hpp:66->/home/embed/Desktop/xkjiang/Github_Version/EthernetSSD-System-main/RX_receiveWriteReadRequest_genACK/hls/rocev2/../udp/udp.cpp:56) [40]  (0 ns)
	'and' operation ('and_ln414_9', /home/embed/Desktop/xkjiang/Github_Version/EthernetSSD-System-main/RX_receiveWriteReadRequest_genACK/hls/rocev2/../udp/../packet.hpp:66->/home/embed/Desktop/xkjiang/Github_Version/EthernetSSD-System-main/RX_receiveWriteReadRequest_genACK/hls/rocev2/../udp/udp.cpp:56) [46]  (0.424 ns)
	'or' operation ('__Result__', /home/embed/Desktop/xkjiang/Github_Version/EthernetSSD-System-main/RX_receiveWriteReadRequest_genACK/hls/rocev2/../udp/../packet.hpp:66->/home/embed/Desktop/xkjiang/Github_Version/EthernetSSD-System-main/RX_receiveWriteReadRequest_genACK/hls/rocev2/../udp/udp.cpp:56) [47]  (0.379 ns)

 <State 2>: 1.1ns
The critical path consists of the following:
	'load' operation ('__Val2__', /home/embed/Desktop/xkjiang/Github_Version/EthernetSSD-System-main/RX_receiveWriteReadRequest_genACK/hls/rocev2/../udp/udp.hpp:99->/home/embed/Desktop/xkjiang/Github_Version/EthernetSSD-System-main/RX_receiveWriteReadRequest_genACK/hls/rocev2/../udp/udp.cpp:67) on static variable 'pu_header_header_V' [58]  (0 ns)
	'icmp' operation ('valid', /home/embed/Desktop/xkjiang/Github_Version/EthernetSSD-System-main/RX_receiveWriteReadRequest_genACK/hls/rocev2/../udp/udp.cpp:68) [62]  (1.1 ns)

 <State 3>: 1.84ns
The critical path consists of the following:
	fifo write on port 'rx_udp2shiftFifo_V_d' (/home/embed/Desktop/xkjiang/Github_Version/EthernetSSD-System-main/RX_receiveWriteReadRequest_genACK/hls/rocev2/../udp/udp.cpp:70) [65]  (1.84 ns)


============================================================
+ Verbose Summary: Binding
============================================================
N/A
* FSMD analyzer results:
  - Output states:
 - Input state : 
  - Chain level:
	State 1
	State 2
	State 3


============================================================
+ Verbose Summary: Datapath Resource usage 
============================================================
N/A
