

================================================================
== Vivado HLS Report for 'rx_exh_payload_512_s'
================================================================
* Date:           Mon Mar  1 13:03:33 2021

* Version:        2019.1 (Build 2552052 on Fri May 24 15:28:33 MDT 2019)
* Project:        rocev2_prj
* Solution:       solution1
* Product family: zynquplus
* Target device:  xczu7eg-ffvc1156-2-i


================================================================
== Performance Estimates
================================================================
+ Timing (ns): 
    * Summary: 
    +--------+-------+----------+------------+
    |  Clock | Target| Estimated| Uncertainty|
    +--------+-------+----------+------------+
    |ap_clk  |   8.00|     1.838|        1.00|
    +--------+-------+----------+------------+

+ Latency (clock cycles): 
    * Summary: 
    +-----+-----+-----+-----+----------+
    |  Latency  |  Interval | Pipeline |
    | min | max | min | max |   Type   |
    +-----+-----+-----+-----+----------+
    |    1|    1|    1|    1| function |
    +-----+-----+-----+-----+----------+

    + Detail: 
        * Instance: 
        N/A

        * Loop: 
        N/A

============================================================
+ Verbose Summary: Synthesis Manager
============================================================
InlineROM: 1
ExposeGlobal: 0
============================================================
+ Verbose Summary: CDFG Model
============================================================
IsTopModel: 0
ResetActiveHigh: 1
IsCombinational: 2
IsDatapathOnly: 0
HasWiredReturn: 1
HasMFsm: 2
HasVarLatency: 0
IsPipeline: 1
IsRtlPipelined: 1
IsInstanceOverlapped: 0
IsDontTouch: 0
HasImplIP: 0
IsGatedGlobalClock: 0

+ Individual pipeline summary: 
  * Pipeline-0: initiation interval (II) = 1, depth = 2


============================================================
+ Verbose Summary: Schedule
============================================================
* Number of FSM states : 2
* Pipeline : 1
  Pipeline-0 : II = 1, D = 2, States = { 1 2 }
* Dataflow Pipeline: 0

* FSM state transitions: 
1 --> 2 
2 --> 

* FSM state operations: 

State 1 <SV = 0> <Delay = 1.83>
ST_1 : Operation 3 [1/1] (0.00ns)   --->   "%rep_state_load = load i1* @rep_state, align 1" [/home/embed/Desktop/xkjiang/Github_Version/EthernetSSD-System-main/RX_receiveWriteReadRequest_genACK/hls/rocev2/../ib_transport_protocol/ib_transport_protocol.cpp:982]   --->   Operation 3 'load' 'rep_state_load' <Predicate = true> <Delay = 0.00>
ST_1 : Operation 4 [1/1] (0.00ns)   --->   "%meta_op_code_5_load = load i5* @meta_op_code_5, align 1" [/home/embed/Desktop/xkjiang/Github_Version/EthernetSSD-System-main/RX_receiveWriteReadRequest_genACK/hls/rocev2/../ib_transport_protocol/ib_transport_protocol.cpp:996]   --->   Operation 4 'load' 'meta_op_code_5_load' <Predicate = true> <Delay = 0.00>
ST_1 : Operation 5 [1/1] (0.00ns)   --->   "br i1 %rep_state_load, label %2, label %0" [/home/embed/Desktop/xkjiang/Github_Version/EthernetSSD-System-main/RX_receiveWriteReadRequest_genACK/hls/rocev2/../ib_transport_protocol/ib_transport_protocol.cpp:982]   --->   Operation 5 'br' <Predicate = true> <Delay = 0.00>
ST_1 : Operation 6 [1/1] (0.00ns)   --->   "%tmp_29 = call i1 @_ssdm_op_NbReadReq.ap_fifo.i6P(i6* @rx_pkgSplitTypeFifo_s_7, i32 1) nounwind" [/home/embed/Desktop/xkjiang/Github_Version/EthernetSSD-System-main/RX_receiveWriteReadRequest_genACK/hls/rocev2/../ib_transport_protocol/ib_transport_protocol.cpp:985]   --->   Operation 6 'nbreadreq' 'tmp_29' <Predicate = (!rep_state_load)> <Delay = 0.00> <Core = "FIFO">   --->   Core 32 'FIFO' <Latency = 0> <II = 1> <Delay = 1.83> <Storage> <Opcode : 'read' 'write' 'nbread' 'nbwrite'> <Ports = 0> <Width = 6> <Depth = 2> <FIFO>
ST_1 : Operation 7 [1/1] (0.00ns)   --->   "br i1 %tmp_29, label %1, label %._crit_edge2.i" [/home/embed/Desktop/xkjiang/Github_Version/EthernetSSD-System-main/RX_receiveWriteReadRequest_genACK/hls/rocev2/../ib_transport_protocol/ib_transport_protocol.cpp:985]   --->   Operation 7 'br' <Predicate = (!rep_state_load)> <Delay = 0.00>
ST_1 : Operation 8 [1/1] (1.83ns)   --->   "%tmp43 = call i6 @_ssdm_op_Read.ap_fifo.volatile.i6P(i6* @rx_pkgSplitTypeFifo_s_7) nounwind" [/home/embed/Desktop/xkjiang/Github_Version/EthernetSSD-System-main/RX_receiveWriteReadRequest_genACK/hls/rocev2/../ib_transport_protocol/ib_transport_protocol.cpp:987]   --->   Operation 8 'read' 'tmp43' <Predicate = (!rep_state_load & tmp_29)> <Delay = 1.83> <Core = "FIFO">   --->   Core 32 'FIFO' <Latency = 0> <II = 1> <Delay = 1.83> <Storage> <Opcode : 'read' 'write' 'nbread' 'nbwrite'> <Ports = 0> <Width = 6> <Depth = 2> <FIFO>
ST_1 : Operation 9 [1/1] (0.00ns)   --->   "%trunc_ln135 = trunc i6 %tmp43 to i5" [/home/embed/Desktop/xkjiang/Github_Version/EthernetSSD-System-main/RX_receiveWriteReadRequest_genACK/hls/rocev2/../ib_transport_protocol/ib_transport_protocol.cpp:987]   --->   Operation 9 'trunc' 'trunc_ln135' <Predicate = (!rep_state_load & tmp_29)> <Delay = 0.00>
ST_1 : Operation 10 [1/1] (0.00ns)   --->   "store i5 %trunc_ln135, i5* @meta_op_code_5, align 1" [/home/embed/Desktop/xkjiang/Github_Version/EthernetSSD-System-main/RX_receiveWriteReadRequest_genACK/hls/rocev2/../ib_transport_protocol/ib_transport_protocol.cpp:987]   --->   Operation 10 'store' <Predicate = (!rep_state_load & tmp_29)> <Delay = 0.00>
ST_1 : Operation 11 [1/1] (0.00ns)   --->   "%tmp_30 = call i1 @_ssdm_op_BitSelect.i1.i6.i32(i6 %tmp43, i32 5)" [/home/embed/Desktop/xkjiang/Github_Version/EthernetSSD-System-main/RX_receiveWriteReadRequest_genACK/hls/rocev2/../ib_transport_protocol/ib_transport_protocol.cpp:987]   --->   Operation 11 'bitselect' 'tmp_30' <Predicate = (!rep_state_load & tmp_29)> <Delay = 0.00>
ST_1 : Operation 12 [1/1] (0.65ns)   --->   "store i1 true, i1* @rep_state, align 1" [/home/embed/Desktop/xkjiang/Github_Version/EthernetSSD-System-main/RX_receiveWriteReadRequest_genACK/hls/rocev2/../ib_transport_protocol/ib_transport_protocol.cpp:988]   --->   Operation 12 'store' <Predicate = (!rep_state_load & tmp_29)> <Delay = 0.65>
ST_1 : Operation 13 [1/1] (0.00ns)   --->   "%tmp = call i1 @_ssdm_op_NbReadReq.ap_fifo.i512P.i64P.i1P(i512* @rx_ibhDrop2exhFifo_V_1, i64* @rx_ibhDrop2exhFifo_V_2, i1* @rx_ibhDrop2exhFifo_V, i32 1) nounwind" [/home/embed/Desktop/xkjiang/Github_Version/EthernetSSD-System-main/RX_receiveWriteReadRequest_genACK/hls/rocev2/../ib_transport_protocol/ib_transport_protocol.cpp:992]   --->   Operation 13 'nbreadreq' 'tmp' <Predicate = (rep_state_load)> <Delay = 0.00> <Core = "FIFO_SRL">   --->   Core 36 'FIFO_SRL' <Latency = 0> <II = 1> <Delay = 1.83> <Storage> <Opcode : 'read' 'write' 'nbread' 'nbwrite'> <Ports = 0> <Width = 512> <Depth = 0> <FIFO>
ST_1 : Operation 14 [1/1] (0.00ns)   --->   "br i1 %tmp, label %3, label %._crit_edge3.i" [/home/embed/Desktop/xkjiang/Github_Version/EthernetSSD-System-main/RX_receiveWriteReadRequest_genACK/hls/rocev2/../ib_transport_protocol/ib_transport_protocol.cpp:992]   --->   Operation 14 'br' <Predicate = (rep_state_load)> <Delay = 0.00>
ST_1 : Operation 15 [1/1] (1.83ns)   --->   "%empty = call { i512, i64, i1 } @_ssdm_op_Read.ap_fifo.volatile.i512P.i64P.i1P(i512* @rx_ibhDrop2exhFifo_V_1, i64* @rx_ibhDrop2exhFifo_V_2, i1* @rx_ibhDrop2exhFifo_V) nounwind" [/home/embed/Desktop/xkjiang/Github_Version/EthernetSSD-System-main/RX_receiveWriteReadRequest_genACK/hls/rocev2/../ib_transport_protocol/ib_transport_protocol.cpp:994]   --->   Operation 15 'read' 'empty' <Predicate = (rep_state_load & tmp)> <Delay = 1.83> <Core = "FIFO_SRL">   --->   Core 36 'FIFO_SRL' <Latency = 0> <II = 1> <Delay = 1.83> <Storage> <Opcode : 'read' 'write' 'nbread' 'nbwrite'> <Ports = 0> <Width = 512> <Depth = 0> <FIFO>
ST_1 : Operation 16 [1/1] (0.00ns)   --->   "%tmp_data_V = extractvalue { i512, i64, i1 } %empty, 0" [/home/embed/Desktop/xkjiang/Github_Version/EthernetSSD-System-main/RX_receiveWriteReadRequest_genACK/hls/rocev2/../ib_transport_protocol/ib_transport_protocol.cpp:994]   --->   Operation 16 'extractvalue' 'tmp_data_V' <Predicate = (rep_state_load & tmp)> <Delay = 0.00>
ST_1 : Operation 17 [1/1] (0.00ns)   --->   "%tmp_keep_V = extractvalue { i512, i64, i1 } %empty, 1" [/home/embed/Desktop/xkjiang/Github_Version/EthernetSSD-System-main/RX_receiveWriteReadRequest_genACK/hls/rocev2/../ib_transport_protocol/ib_transport_protocol.cpp:994]   --->   Operation 17 'extractvalue' 'tmp_keep_V' <Predicate = (rep_state_load & tmp)> <Delay = 0.00>
ST_1 : Operation 18 [1/1] (0.00ns)   --->   "%tmp_last_V = extractvalue { i512, i64, i1 } %empty, 2" [/home/embed/Desktop/xkjiang/Github_Version/EthernetSSD-System-main/RX_receiveWriteReadRequest_genACK/hls/rocev2/../ib_transport_protocol/ib_transport_protocol.cpp:994]   --->   Operation 18 'extractvalue' 'tmp_last_V' <Predicate = (rep_state_load & tmp)> <Delay = 0.00>
ST_1 : Operation 19 [1/1] (0.78ns)   --->   "%tmp_i_i = call i1 @_ssdm_op_Mux.ap_auto.32i1.i5(i1 false, i1 false, i1 false, i1 false, i1 false, i1 false, i1 true, i1 false, i1 false, i1 false, i1 true, i1 false, i1 true, i1 false, i1 false, i1 false, i1 false, i1 false, i1 false, i1 false, i1 false, i1 false, i1 false, i1 false, i1 true, i1 true, i1 false, i1 false, i1 false, i1 true, i1 false, i1 false, i5 %meta_op_code_5_load) nounwind" [/home/embed/Desktop/xkjiang/Github_Version/EthernetSSD-System-main/RX_receiveWriteReadRequest_genACK/hls/rocev2/../ib_transport_protocol/ib_transport_protocol.cpp:996]   --->   Operation 19 'mux' 'tmp_i_i' <Predicate = (rep_state_load & tmp)> <Delay = 0.78> <Core = "MuxnS">   --->   Core 31 'MuxnS' <Latency = 0> <II = 1> <Delay = 0.78> <FuncUnit> <Opcode : 'mux'> <InPorts = 2> <OutPorts = 1>
ST_1 : Operation 20 [1/1] (0.00ns)   --->   "br i1 %tmp_i_i, label %4, label %5" [/home/embed/Desktop/xkjiang/Github_Version/EthernetSSD-System-main/RX_receiveWriteReadRequest_genACK/hls/rocev2/../ib_transport_protocol/ib_transport_protocol.cpp:996]   --->   Operation 20 'br' <Predicate = (rep_state_load & tmp)> <Delay = 0.00>
ST_1 : Operation 21 [1/1] (0.75ns)   --->   "%empty_221 = icmp eq i5 %meta_op_code_5_load, -16" [/home/embed/Desktop/xkjiang/Github_Version/EthernetSSD-System-main/RX_receiveWriteReadRequest_genACK/hls/rocev2/../ib_transport_protocol/ib_transport_protocol.cpp:996]   --->   Operation 21 'icmp' 'empty_221' <Predicate = (rep_state_load & tmp & !tmp_i_i)> <Delay = 0.75> <Core = "Cmp">   --->   Core 25 'Cmp' <Latency = 0> <II = 1> <Delay = 0.75> <FuncUnit> <Opcode : 'icmp'> <InPorts = 2> <OutPorts = 1>
ST_1 : Operation 22 [1/1] (0.75ns)   --->   "%empty_222 = icmp eq i5 %meta_op_code_5_load, 15" [/home/embed/Desktop/xkjiang/Github_Version/EthernetSSD-System-main/RX_receiveWriteReadRequest_genACK/hls/rocev2/../ib_transport_protocol/ib_transport_protocol.cpp:996]   --->   Operation 22 'icmp' 'empty_222' <Predicate = (rep_state_load & tmp & !tmp_i_i)> <Delay = 0.75> <Core = "Cmp">   --->   Core 25 'Cmp' <Latency = 0> <II = 1> <Delay = 0.75> <FuncUnit> <Opcode : 'icmp'> <InPorts = 2> <OutPorts = 1>
ST_1 : Operation 23 [1/1] (0.00ns) (grouped into LUT with out node empty_225)   --->   "%empty_223 = or i1 %empty_222, %empty_221" [/home/embed/Desktop/xkjiang/Github_Version/EthernetSSD-System-main/RX_receiveWriteReadRequest_genACK/hls/rocev2/../ib_transport_protocol/ib_transport_protocol.cpp:996]   --->   Operation 23 'or' 'empty_223' <Predicate = (rep_state_load & tmp & !tmp_i_i)> <Delay = 0.00> <Core = "LogicGate">   --->   Core 27 'LogicGate' <Latency = 0> <II = 1> <Delay = 0.28> <FuncUnit> <Opcode : 'and' 'or' 'xor'> <InPorts = 2> <OutPorts = 1>
ST_1 : Operation 24 [1/1] (0.75ns)   --->   "%empty_224 = icmp eq i5 %meta_op_code_5_load, 13" [/home/embed/Desktop/xkjiang/Github_Version/EthernetSSD-System-main/RX_receiveWriteReadRequest_genACK/hls/rocev2/../ib_transport_protocol/ib_transport_protocol.cpp:996]   --->   Operation 24 'icmp' 'empty_224' <Predicate = (rep_state_load & tmp & !tmp_i_i)> <Delay = 0.75> <Core = "Cmp">   --->   Core 25 'Cmp' <Latency = 0> <II = 1> <Delay = 0.75> <FuncUnit> <Opcode : 'icmp'> <InPorts = 2> <OutPorts = 1>
ST_1 : Operation 25 [1/1] (0.28ns) (out node of the LUT)   --->   "%empty_225 = or i1 %empty_224, %empty_223" [/home/embed/Desktop/xkjiang/Github_Version/EthernetSSD-System-main/RX_receiveWriteReadRequest_genACK/hls/rocev2/../ib_transport_protocol/ib_transport_protocol.cpp:996]   --->   Operation 25 'or' 'empty_225' <Predicate = (rep_state_load & tmp & !tmp_i_i)> <Delay = 0.28> <Core = "LogicGate">   --->   Core 27 'LogicGate' <Latency = 0> <II = 1> <Delay = 0.28> <FuncUnit> <Opcode : 'and' 'or' 'xor'> <InPorts = 2> <OutPorts = 1>
ST_1 : Operation 26 [1/1] (0.00ns)   --->   "br i1 %empty_225, label %._crit_edge4.i, label %6" [/home/embed/Desktop/xkjiang/Github_Version/EthernetSSD-System-main/RX_receiveWriteReadRequest_genACK/hls/rocev2/../ib_transport_protocol/ib_transport_protocol.cpp:996]   --->   Operation 26 'br' <Predicate = (rep_state_load & tmp & !tmp_i_i)> <Delay = 0.00>
ST_1 : Operation 27 [1/1] (0.65ns)   --->   "store i1 false, i1* @rep_state, align 1" [/home/embed/Desktop/xkjiang/Github_Version/EthernetSSD-System-main/RX_receiveWriteReadRequest_genACK/hls/rocev2/../ib_transport_protocol/ib_transport_protocol.cpp:1015]   --->   Operation 27 'store' <Predicate = (rep_state_load & tmp & tmp_last_V)> <Delay = 0.65>

State 2 <SV = 1> <Delay = 1.83>
ST_2 : Operation 28 [1/1] (0.00ns)   --->   "call void (...)* @_ssdm_op_SpecInterface(i512* @rx_exh2aethShiftFifo_3, [8 x i8]* @ap_fifo_str, i32 0, i32 0, [1 x i8]* @p_str, i32 0, i32 0, [1 x i8]* @p_str, [1 x i8]* @p_str, [1 x i8]* @p_str, i32 2, i32 2, i32 16, i32 16, [1 x i8]* @p_str, [1 x i8]* @p_str)"   --->   Operation 28 'specinterface' <Predicate = true> <Delay = 0.00>
ST_2 : Operation 29 [1/1] (0.00ns)   --->   "call void (...)* @_ssdm_op_SpecInterface(i64* @rx_exh2aethShiftFifo_5, [8 x i8]* @ap_fifo_str, i32 0, i32 0, [1 x i8]* @p_str, i32 0, i32 0, [1 x i8]* @p_str, [1 x i8]* @p_str, [1 x i8]* @p_str, i32 2, i32 2, i32 16, i32 16, [1 x i8]* @p_str, [1 x i8]* @p_str)"   --->   Operation 29 'specinterface' <Predicate = true> <Delay = 0.00>
ST_2 : Operation 30 [1/1] (0.00ns)   --->   "call void (...)* @_ssdm_op_SpecInterface(i1* @rx_exh2aethShiftFifo_6, [8 x i8]* @ap_fifo_str, i32 0, i32 0, [1 x i8]* @p_str, i32 0, i32 0, [1 x i8]* @p_str, [1 x i8]* @p_str, [1 x i8]* @p_str, i32 2, i32 2, i32 16, i32 16, [1 x i8]* @p_str, [1 x i8]* @p_str)"   --->   Operation 30 'specinterface' <Predicate = true> <Delay = 0.00>
ST_2 : Operation 31 [1/1] (0.00ns)   --->   "call void (...)* @_ssdm_op_SpecInterface(i512* @rx_exh2rethShiftFifo_8, [8 x i8]* @ap_fifo_str, i32 0, i32 0, [1 x i8]* @p_str, i32 0, i32 0, [1 x i8]* @p_str, [1 x i8]* @p_str, [1 x i8]* @p_str, i32 2, i32 2, i32 16, i32 16, [1 x i8]* @p_str, [1 x i8]* @p_str)"   --->   Operation 31 'specinterface' <Predicate = true> <Delay = 0.00>
ST_2 : Operation 32 [1/1] (0.00ns)   --->   "call void (...)* @_ssdm_op_SpecInterface(i1* @rx_exh2rethShiftFifo_4, [8 x i8]* @ap_fifo_str, i32 0, i32 0, [1 x i8]* @p_str, i32 0, i32 0, [1 x i8]* @p_str, [1 x i8]* @p_str, [1 x i8]* @p_str, i32 2, i32 2, i32 16, i32 16, [1 x i8]* @p_str, [1 x i8]* @p_str)"   --->   Operation 32 'specinterface' <Predicate = true> <Delay = 0.00>
ST_2 : Operation 33 [1/1] (0.00ns)   --->   "call void (...)* @_ssdm_op_SpecInterface(i64* @rx_exh2rethShiftFifo_6, [8 x i8]* @ap_fifo_str, i32 0, i32 0, [1 x i8]* @p_str, i32 0, i32 0, [1 x i8]* @p_str, [1 x i8]* @p_str, [1 x i8]* @p_str, i32 2, i32 2, i32 16, i32 16, [1 x i8]* @p_str, [1 x i8]* @p_str)"   --->   Operation 33 'specinterface' <Predicate = true> <Delay = 0.00>
ST_2 : Operation 34 [1/1] (0.00ns)   --->   "call void (...)* @_ssdm_op_SpecInterface(i1* @rx_exh2rethShiftFifo_7, [8 x i8]* @ap_fifo_str, i32 0, i32 0, [1 x i8]* @p_str, i32 0, i32 0, [1 x i8]* @p_str, [1 x i8]* @p_str, [1 x i8]* @p_str, i32 2, i32 2, i32 16, i32 16, [1 x i8]* @p_str, [1 x i8]* @p_str)"   --->   Operation 34 'specinterface' <Predicate = true> <Delay = 0.00>
ST_2 : Operation 35 [1/1] (0.00ns)   --->   "call void (...)* @_ssdm_op_SpecInterface(i512* @rx_exhNoShiftFifo_V_1, [8 x i8]* @ap_fifo_str, i32 0, i32 0, [1 x i8]* @p_str, i32 0, i32 0, [1 x i8]* @p_str, [1 x i8]* @p_str, [1 x i8]* @p_str, i32 2, i32 2, i32 16, i32 16, [1 x i8]* @p_str, [1 x i8]* @p_str)"   --->   Operation 35 'specinterface' <Predicate = true> <Delay = 0.00>
ST_2 : Operation 36 [1/1] (0.00ns)   --->   "call void (...)* @_ssdm_op_SpecInterface(i1* @rx_exhNoShiftFifo_V_3, [8 x i8]* @ap_fifo_str, i32 0, i32 0, [1 x i8]* @p_str, i32 0, i32 0, [1 x i8]* @p_str, [1 x i8]* @p_str, [1 x i8]* @p_str, i32 2, i32 2, i32 16, i32 16, [1 x i8]* @p_str, [1 x i8]* @p_str)"   --->   Operation 36 'specinterface' <Predicate = true> <Delay = 0.00>
ST_2 : Operation 37 [1/1] (0.00ns)   --->   "call void (...)* @_ssdm_op_SpecInterface(i64* @rx_exhNoShiftFifo_V_4, [8 x i8]* @ap_fifo_str, i32 0, i32 0, [1 x i8]* @p_str, i32 0, i32 0, [1 x i8]* @p_str, [1 x i8]* @p_str, [1 x i8]* @p_str, i32 2, i32 2, i32 16, i32 16, [1 x i8]* @p_str, [1 x i8]* @p_str)"   --->   Operation 37 'specinterface' <Predicate = true> <Delay = 0.00>
ST_2 : Operation 38 [1/1] (0.00ns)   --->   "call void (...)* @_ssdm_op_SpecInterface(i1* @rx_exhNoShiftFifo_V_s, [8 x i8]* @ap_fifo_str, i32 0, i32 0, [1 x i8]* @p_str, i32 0, i32 0, [1 x i8]* @p_str, [1 x i8]* @p_str, [1 x i8]* @p_str, i32 2, i32 2, i32 16, i32 16, [1 x i8]* @p_str, [1 x i8]* @p_str)"   --->   Operation 38 'specinterface' <Predicate = true> <Delay = 0.00>
ST_2 : Operation 39 [1/1] (0.00ns)   --->   "call void (...)* @_ssdm_op_SpecInterface(i512* @rx_ibhDrop2exhFifo_V_1, [8 x i8]* @ap_fifo_str, i32 0, i32 0, [1 x i8]* @p_str, i32 0, i32 0, [1 x i8]* @p_str, [1 x i8]* @p_str, [1 x i8]* @p_str, i32 2, i32 2, i32 16, i32 16, [1 x i8]* @p_str, [1 x i8]* @p_str)"   --->   Operation 39 'specinterface' <Predicate = true> <Delay = 0.00>
ST_2 : Operation 40 [1/1] (0.00ns)   --->   "call void (...)* @_ssdm_op_SpecInterface(i64* @rx_ibhDrop2exhFifo_V_2, [8 x i8]* @ap_fifo_str, i32 0, i32 0, [1 x i8]* @p_str, i32 0, i32 0, [1 x i8]* @p_str, [1 x i8]* @p_str, [1 x i8]* @p_str, i32 2, i32 2, i32 16, i32 16, [1 x i8]* @p_str, [1 x i8]* @p_str)"   --->   Operation 40 'specinterface' <Predicate = true> <Delay = 0.00>
ST_2 : Operation 41 [1/1] (0.00ns)   --->   "call void (...)* @_ssdm_op_SpecInterface(i1* @rx_ibhDrop2exhFifo_V, [8 x i8]* @ap_fifo_str, i32 0, i32 0, [1 x i8]* @p_str, i32 0, i32 0, [1 x i8]* @p_str, [1 x i8]* @p_str, [1 x i8]* @p_str, i32 2, i32 2, i32 16, i32 16, [1 x i8]* @p_str, [1 x i8]* @p_str)"   --->   Operation 41 'specinterface' <Predicate = true> <Delay = 0.00>
ST_2 : Operation 42 [1/1] (0.00ns)   --->   "call void (...)* @_ssdm_op_SpecInterface(i6* @rx_pkgSplitTypeFifo_s_7, [8 x i8]* @ap_fifo_str, i32 0, i32 0, [1 x i8]* @p_str, i32 0, i32 0, [1 x i8]* @p_str, [1 x i8]* @p_str, [1 x i8]* @p_str, i32 2, i32 2, i32 16, i32 16, [1 x i8]* @p_str, [1 x i8]* @p_str)"   --->   Operation 42 'specinterface' <Predicate = true> <Delay = 0.00>
ST_2 : Operation 43 [1/1] (0.00ns)   --->   "call void (...)* @_ssdm_op_SpecPipeline(i32 1, i32 1, i32 1, i32 0, [1 x i8]* @p_str112) nounwind" [/home/embed/Desktop/xkjiang/Github_Version/EthernetSSD-System-main/RX_receiveWriteReadRequest_genACK/hls/rocev2/../ib_transport_protocol/ib_transport_protocol.cpp:974]   --->   Operation 43 'specpipeline' <Predicate = true> <Delay = 0.00>
ST_2 : Operation 44 [1/1] (0.00ns)   --->   "%tmp_dest_V = load i1* @meta_route, align 1" [/home/embed/Desktop/xkjiang/Github_Version/EthernetSSD-System-main/RX_receiveWriteReadRequest_genACK/hls/rocev2/../ib_transport_protocol/ib_transport_protocol.cpp:1001]   --->   Operation 44 'load' 'tmp_dest_V' <Predicate = true> <Delay = 0.00>
ST_2 : Operation 45 [1/1] (0.00ns)   --->   "store i1 %tmp_30, i1* @meta_route, align 1" [/home/embed/Desktop/xkjiang/Github_Version/EthernetSSD-System-main/RX_receiveWriteReadRequest_genACK/hls/rocev2/../ib_transport_protocol/ib_transport_protocol.cpp:987]   --->   Operation 45 'store' <Predicate = (!rep_state_load & tmp_29)> <Delay = 0.00>
ST_2 : Operation 46 [1/1] (0.00ns)   --->   "br label %._crit_edge2.i" [/home/embed/Desktop/xkjiang/Github_Version/EthernetSSD-System-main/RX_receiveWriteReadRequest_genACK/hls/rocev2/../ib_transport_protocol/ib_transport_protocol.cpp:989]   --->   Operation 46 'br' <Predicate = (!rep_state_load & tmp_29)> <Delay = 0.00>
ST_2 : Operation 47 [1/1] (0.00ns)   --->   "br label %"rx_exh_payload<512>.exit"" [/home/embed/Desktop/xkjiang/Github_Version/EthernetSSD-System-main/RX_receiveWriteReadRequest_genACK/hls/rocev2/../ib_transport_protocol/ib_transport_protocol.cpp:990]   --->   Operation 47 'br' <Predicate = (!rep_state_load)> <Delay = 0.00>
ST_2 : Operation 48 [1/1] (1.83ns)   --->   "call void @_ssdm_op_Write.ap_fifo.volatile.i512P.i64P.i1P.i1P(i512* @rx_exhNoShiftFifo_V_1, i64* @rx_exhNoShiftFifo_V_4, i1* @rx_exhNoShiftFifo_V_s, i1* @rx_exhNoShiftFifo_V_3, i512 %tmp_data_V, i64 %tmp_keep_V, i1 %tmp_last_V, i1 %tmp_dest_V) nounwind" [/home/embed/Desktop/xkjiang/Github_Version/EthernetSSD-System-main/RX_receiveWriteReadRequest_genACK/hls/rocev2/../ib_transport_protocol/ib_transport_protocol.cpp:1010]   --->   Operation 48 'write' <Predicate = (rep_state_load & tmp & !tmp_i_i & !empty_225)> <Delay = 1.83> <Core = "FIFO_SRL">   --->   Core 36 'FIFO_SRL' <Latency = 0> <II = 1> <Delay = 1.83> <Storage> <Opcode : 'read' 'write' 'nbread' 'nbwrite'> <Ports = 0> <Width = 512> <Depth = 0> <FIFO>
ST_2 : Operation 49 [1/1] (0.00ns)   --->   "br label %7"   --->   Operation 49 'br' <Predicate = (rep_state_load & tmp & !tmp_i_i & !empty_225)> <Delay = 0.00>
ST_2 : Operation 50 [1/1] (1.83ns)   --->   "call void @_ssdm_op_Write.ap_fifo.volatile.i512P.i64P.i1P(i512* @rx_exh2aethShiftFifo_3, i64* @rx_exh2aethShiftFifo_5, i1* @rx_exh2aethShiftFifo_6, i512 %tmp_data_V, i64 %tmp_keep_V, i1 %tmp_last_V) nounwind" [/home/embed/Desktop/xkjiang/Github_Version/EthernetSSD-System-main/RX_receiveWriteReadRequest_genACK/hls/rocev2/../ib_transport_protocol/ib_transport_protocol.cpp:1006]   --->   Operation 50 'write' <Predicate = (rep_state_load & tmp & !tmp_i_i & empty_225)> <Delay = 1.83> <Core = "FIFO_SRL">   --->   Core 36 'FIFO_SRL' <Latency = 0> <II = 1> <Delay = 1.83> <Storage> <Opcode : 'read' 'write' 'nbread' 'nbwrite'> <Ports = 0> <Width = 512> <Depth = 0> <FIFO>
ST_2 : Operation 51 [1/1] (0.00ns)   --->   "br label %7" [/home/embed/Desktop/xkjiang/Github_Version/EthernetSSD-System-main/RX_receiveWriteReadRequest_genACK/hls/rocev2/../ib_transport_protocol/ib_transport_protocol.cpp:1007]   --->   Operation 51 'br' <Predicate = (rep_state_load & tmp & !tmp_i_i & empty_225)> <Delay = 0.00>
ST_2 : Operation 52 [1/1] (0.00ns)   --->   "br label %8"   --->   Operation 52 'br' <Predicate = (rep_state_load & tmp & !tmp_i_i)> <Delay = 0.00>
ST_2 : Operation 53 [1/1] (1.83ns)   --->   "call void @_ssdm_op_Write.ap_fifo.volatile.i512P.i64P.i1P.i1P(i512* @rx_exh2rethShiftFifo_8, i64* @rx_exh2rethShiftFifo_6, i1* @rx_exh2rethShiftFifo_7, i1* @rx_exh2rethShiftFifo_4, i512 %tmp_data_V, i64 %tmp_keep_V, i1 %tmp_last_V, i1 %tmp_dest_V) nounwind" [/home/embed/Desktop/xkjiang/Github_Version/EthernetSSD-System-main/RX_receiveWriteReadRequest_genACK/hls/rocev2/../ib_transport_protocol/ib_transport_protocol.cpp:1001]   --->   Operation 53 'write' <Predicate = (rep_state_load & tmp & tmp_i_i)> <Delay = 1.83> <Core = "FIFO_SRL">   --->   Core 36 'FIFO_SRL' <Latency = 0> <II = 1> <Delay = 1.83> <Storage> <Opcode : 'read' 'write' 'nbread' 'nbwrite'> <Ports = 0> <Width = 512> <Depth = 0> <FIFO>
ST_2 : Operation 54 [1/1] (0.00ns)   --->   "br label %8" [/home/embed/Desktop/xkjiang/Github_Version/EthernetSSD-System-main/RX_receiveWriteReadRequest_genACK/hls/rocev2/../ib_transport_protocol/ib_transport_protocol.cpp:1002]   --->   Operation 54 'br' <Predicate = (rep_state_load & tmp & tmp_i_i)> <Delay = 0.00>
ST_2 : Operation 55 [1/1] (0.00ns)   --->   "br i1 %tmp_last_V, label %9, label %._crit_edge7.i" [/home/embed/Desktop/xkjiang/Github_Version/EthernetSSD-System-main/RX_receiveWriteReadRequest_genACK/hls/rocev2/../ib_transport_protocol/ib_transport_protocol.cpp:1013]   --->   Operation 55 'br' <Predicate = (rep_state_load & tmp)> <Delay = 0.00>
ST_2 : Operation 56 [1/1] (0.00ns)   --->   "br label %._crit_edge7.i" [/home/embed/Desktop/xkjiang/Github_Version/EthernetSSD-System-main/RX_receiveWriteReadRequest_genACK/hls/rocev2/../ib_transport_protocol/ib_transport_protocol.cpp:1016]   --->   Operation 56 'br' <Predicate = (rep_state_load & tmp & tmp_last_V)> <Delay = 0.00>
ST_2 : Operation 57 [1/1] (0.00ns)   --->   "br label %._crit_edge3.i" [/home/embed/Desktop/xkjiang/Github_Version/EthernetSSD-System-main/RX_receiveWriteReadRequest_genACK/hls/rocev2/../ib_transport_protocol/ib_transport_protocol.cpp:1017]   --->   Operation 57 'br' <Predicate = (rep_state_load & tmp)> <Delay = 0.00>
ST_2 : Operation 58 [1/1] (0.00ns)   --->   "br label %"rx_exh_payload<512>.exit"" [/home/embed/Desktop/xkjiang/Github_Version/EthernetSSD-System-main/RX_receiveWriteReadRequest_genACK/hls/rocev2/../ib_transport_protocol/ib_transport_protocol.cpp:1018]   --->   Operation 58 'br' <Predicate = (rep_state_load)> <Delay = 0.00>
ST_2 : Operation 59 [1/1] (0.00ns)   --->   "ret void"   --->   Operation 59 'ret' <Predicate = true> <Delay = 0.00>


============================================================
+ Verbose Summary: Timing violations
============================================================
Target clock period: 8ns, clock uncertainty: 1ns.

 <State 1>: 1.84ns
The critical path consists of the following:
	fifo read on port 'rx_pkgSplitTypeFifo_s_7' (/home/embed/Desktop/xkjiang/Github_Version/EthernetSSD-System-main/RX_receiveWriteReadRequest_genACK/hls/rocev2/../ib_transport_protocol/ib_transport_protocol.cpp:987) [43]  (1.84 ns)

 <State 2>: 1.84ns
The critical path consists of the following:
	'load' operation ('tmp.dest.V', /home/embed/Desktop/xkjiang/Github_Version/EthernetSSD-System-main/RX_receiveWriteReadRequest_genACK/hls/rocev2/../ib_transport_protocol/ib_transport_protocol.cpp:1001) on static variable 'meta_route' [37]  (0 ns)
	fifo write on port 'rx_exh2rethShiftFifo_8' (/home/embed/Desktop/xkjiang/Github_Version/EthernetSSD-System-main/RX_receiveWriteReadRequest_genACK/hls/rocev2/../ib_transport_protocol/ib_transport_protocol.cpp:1001) [78]  (1.84 ns)


============================================================
+ Verbose Summary: Binding
============================================================
N/A
* FSMD analyzer results:
  - Output states:
 - Input state : 
  - Chain level:
	State 1
	State 2


============================================================
+ Verbose Summary: Datapath Resource usage 
============================================================
N/A
