

================================================================
== Vivado HLS Report for 'rx_ibh_fsm'
================================================================
* Date:           Mon Mar  1 13:03:30 2021

* Version:        2019.1 (Build 2552052 on Fri May 24 15:28:33 MDT 2019)
* Project:        rocev2_prj
* Solution:       solution1
* Product family: zynquplus
* Target device:  xczu7eg-ffvc1156-2-i


================================================================
== Performance Estimates
================================================================
+ Timing (ns): 
    * Summary: 
    +--------+-------+----------+------------+
    |  Clock | Target| Estimated| Uncertainty|
    +--------+-------+----------+------------+
    |ap_clk  |   8.00|     4.032|        1.00|
    +--------+-------+----------+------------+

+ Latency (clock cycles): 
    * Summary: 
    +-----+-----+-----+-----+----------+
    |  Latency  |  Interval | Pipeline |
    | min | max | min | max |   Type   |
    +-----+-----+-----+-----+----------+
    |    1|    1|    1|    1| function |
    +-----+-----+-----+-----+----------+

    + Detail: 
        * Instance: 
        N/A

        * Loop: 
        N/A

============================================================
+ Verbose Summary: Synthesis Manager
============================================================
InlineROM: 1
ExposeGlobal: 0
============================================================
+ Verbose Summary: CDFG Model
============================================================
IsTopModel: 0
ResetActiveHigh: 1
IsCombinational: 2
IsDatapathOnly: 0
HasWiredReturn: 1
HasMFsm: 2
HasVarLatency: 0
IsPipeline: 1
IsRtlPipelined: 1
IsInstanceOverlapped: 0
IsDontTouch: 0
HasImplIP: 0
IsGatedGlobalClock: 0

+ Individual pipeline summary: 
  * Pipeline-0: initiation interval (II) = 1, depth = 2


============================================================
+ Verbose Summary: Schedule
============================================================
* Number of FSM states : 2
* Pipeline : 1
  Pipeline-0 : II = 1, D = 2, States = { 1 2 }
* Dataflow Pipeline: 0

* FSM state transitions: 
1 --> 2 
2 --> 

* FSM state operations: 

State 1 <SV = 0> <Delay = 4.03>
ST_1 : Operation 3 [1/1] (0.00ns)   --->   "%fsmState_4_load = load i1* @fsmState_4, align 1" [/home/embed/Desktop/xkjiang/Github_Version/EthernetSSD-System-main/RX_receiveWriteReadRequest_genACK/hls/rocev2/../ib_transport_protocol/ib_transport_protocol.cpp:381]   --->   Operation 3 'load' 'fsmState_4_load' <Predicate = true> <Delay = 0.00>
ST_1 : Operation 4 [1/1] (0.00ns)   --->   "%tmp_op_code = load i5* @meta_op_code_9, align 1" [/home/embed/Desktop/xkjiang/Github_Version/EthernetSSD-System-main/RX_receiveWriteReadRequest_genACK/hls/rocev2/../ib_transport_protocol/ib_transport_protocol.cpp:429]   --->   Operation 4 'load' 'tmp_op_code' <Predicate = true> <Delay = 0.00>
ST_1 : Operation 5 [1/1] (0.00ns)   --->   "%tmp_psn_V = load i24* @meta_psn_V, align 4" [/home/embed/Desktop/xkjiang/Github_Version/EthernetSSD-System-main/RX_receiveWriteReadRequest_genACK/hls/rocev2/../ib_transport_protocol/ib_transport_protocol.cpp:429]   --->   Operation 5 'load' 'tmp_psn_V' <Predicate = true> <Delay = 0.00>
ST_1 : Operation 6 [1/1] (0.00ns)   --->   "%emeta_isNak_load = load i1* @emeta_isNak, align 1" [/home/embed/Desktop/xkjiang/Github_Version/EthernetSSD-System-main/RX_receiveWriteReadRequest_genACK/hls/rocev2/../ib_transport_protocol/ib_transport_protocol.cpp:446]   --->   Operation 6 'load' 'emeta_isNak_load' <Predicate = true> <Delay = 0.00>
ST_1 : Operation 7 [1/1] (0.00ns)   --->   "%tmp_isResponse_1 = load i1* @isResponse, align 1" [/home/embed/Desktop/xkjiang/Github_Version/EthernetSSD-System-main/RX_receiveWriteReadRequest_genACK/hls/rocev2/../ib_transport_protocol/ib_transport_protocol.cpp:452]   --->   Operation 7 'load' 'tmp_isResponse_1' <Predicate = true> <Delay = 0.00>
ST_1 : Operation 8 [1/1] (0.00ns)   --->   "br i1 %fsmState_4_load, label %3, label %0" [/home/embed/Desktop/xkjiang/Github_Version/EthernetSSD-System-main/RX_receiveWriteReadRequest_genACK/hls/rocev2/../ib_transport_protocol/ib_transport_protocol.cpp:381]   --->   Operation 8 'br' <Predicate = true> <Delay = 0.00>
ST_1 : Operation 9 [1/1] (0.00ns)   --->   "%tmp_26 = call i1 @_ssdm_op_NbReadReq.ap_fifo.i92P(i92* @rx_ibh2fsm_MetaFifo_s_9, i32 1)" [/home/embed/Desktop/xkjiang/Github_Version/EthernetSSD-System-main/RX_receiveWriteReadRequest_genACK/hls/rocev2/../ib_transport_protocol/ib_transport_protocol.cpp:384]   --->   Operation 9 'nbreadreq' 'tmp_26' <Predicate = (!fsmState_4_load)> <Delay = 0.00> <Core = "FIFO">   --->   Core 32 'FIFO' <Latency = 0> <II = 1> <Delay = 1.83> <Storage> <Opcode : 'read' 'write' 'nbread' 'nbwrite'> <Ports = 0> <Width = 45> <Depth = 2> <FIFO>
ST_1 : Operation 10 [1/1] (0.00ns)   --->   "br i1 %tmp_26, label %1, label %._crit_edge4.i" [/home/embed/Desktop/xkjiang/Github_Version/EthernetSSD-System-main/RX_receiveWriteReadRequest_genACK/hls/rocev2/../ib_transport_protocol/ib_transport_protocol.cpp:384]   --->   Operation 10 'br' <Predicate = (!fsmState_4_load)> <Delay = 0.00>
ST_1 : Operation 11 [1/1] (0.00ns)   --->   "%tmp_27 = call i1 @_ssdm_op_NbReadReq.ap_fifo.i23P(i23* @rx_exhMetaFifo_V, i32 1)" [/home/embed/Desktop/xkjiang/Github_Version/EthernetSSD-System-main/RX_receiveWriteReadRequest_genACK/hls/rocev2/../ib_transport_protocol/ib_transport_protocol.cpp:384]   --->   Operation 11 'nbreadreq' 'tmp_27' <Predicate = (!fsmState_4_load & tmp_26)> <Delay = 0.00> <Core = "FIFO">   --->   Core 32 'FIFO' <Latency = 0> <II = 1> <Delay = 1.83> <Storage> <Opcode : 'read' 'write' 'nbread' 'nbwrite'> <Ports = 0> <Width = 45> <Depth = 2> <FIFO>
ST_1 : Operation 12 [1/1] (0.00ns)   --->   "br i1 %tmp_27, label %2, label %._crit_edge4.i" [/home/embed/Desktop/xkjiang/Github_Version/EthernetSSD-System-main/RX_receiveWriteReadRequest_genACK/hls/rocev2/../ib_transport_protocol/ib_transport_protocol.cpp:384]   --->   Operation 12 'br' <Predicate = (!fsmState_4_load & tmp_26)> <Delay = 0.00>
ST_1 : Operation 13 [1/1] (1.83ns)   --->   "%tmp163 = call i92 @_ssdm_op_Read.ap_fifo.volatile.i92P(i92* @rx_ibh2fsm_MetaFifo_s_9)" [/home/embed/Desktop/xkjiang/Github_Version/EthernetSSD-System-main/RX_receiveWriteReadRequest_genACK/hls/rocev2/../ib_transport_protocol/ib_transport_protocol.cpp:386]   --->   Operation 13 'read' 'tmp163' <Predicate = (!fsmState_4_load & tmp_26 & tmp_27)> <Delay = 1.83> <Core = "FIFO">   --->   Core 32 'FIFO' <Latency = 0> <II = 1> <Delay = 1.83> <Storage> <Opcode : 'read' 'write' 'nbread' 'nbwrite'> <Ports = 0> <Width = 45> <Depth = 2> <FIFO>
ST_1 : Operation 14 [1/1] (0.00ns)   --->   "%trunc_ln380 = trunc i92 %tmp163 to i5" [/home/embed/Desktop/xkjiang/Github_Version/EthernetSSD-System-main/RX_receiveWriteReadRequest_genACK/hls/rocev2/../ib_transport_protocol/ib_transport_protocol.hpp:380->/home/embed/Desktop/xkjiang/Github_Version/EthernetSSD-System-main/RX_receiveWriteReadRequest_genACK/hls/rocev2/../ib_transport_protocol/ib_transport_protocol.cpp:386]   --->   Operation 14 'trunc' 'trunc_ln380' <Predicate = (!fsmState_4_load & tmp_26 & tmp_27)> <Delay = 0.00>
ST_1 : Operation 15 [1/1] (0.00ns)   --->   "store i5 %trunc_ln380, i5* @meta_op_code_9, align 4" [/home/embed/Desktop/xkjiang/Github_Version/EthernetSSD-System-main/RX_receiveWriteReadRequest_genACK/hls/rocev2/../ib_transport_protocol/ib_transport_protocol.hpp:380->/home/embed/Desktop/xkjiang/Github_Version/EthernetSSD-System-main/RX_receiveWriteReadRequest_genACK/hls/rocev2/../ib_transport_protocol/ib_transport_protocol.cpp:386]   --->   Operation 15 'store' <Predicate = (!fsmState_4_load & tmp_26 & tmp_27)> <Delay = 0.00>
ST_1 : Operation 16 [1/1] (0.00ns)   --->   "%tmp_partition_key_V_s = call i16 @_ssdm_op_PartSelect.i16.i92.i32.i32(i92 %tmp163, i32 5, i32 20)" [/home/embed/Desktop/xkjiang/Github_Version/EthernetSSD-System-main/RX_receiveWriteReadRequest_genACK/hls/rocev2/../ib_transport_protocol/ib_transport_protocol.hpp:380->/home/embed/Desktop/xkjiang/Github_Version/EthernetSSD-System-main/RX_receiveWriteReadRequest_genACK/hls/rocev2/../ib_transport_protocol/ib_transport_protocol.cpp:386]   --->   Operation 16 'partselect' 'tmp_partition_key_V_s' <Predicate = (!fsmState_4_load & tmp_26 & tmp_27)> <Delay = 0.00>
ST_1 : Operation 17 [1/1] (0.00ns)   --->   "%tmp_dest_qp_V_load_n = call i24 @_ssdm_op_PartSelect.i24.i92.i32.i32(i92 %tmp163, i32 21, i32 44)" [/home/embed/Desktop/xkjiang/Github_Version/EthernetSSD-System-main/RX_receiveWriteReadRequest_genACK/hls/rocev2/../ib_transport_protocol/ib_transport_protocol.hpp:380->/home/embed/Desktop/xkjiang/Github_Version/EthernetSSD-System-main/RX_receiveWriteReadRequest_genACK/hls/rocev2/../ib_transport_protocol/ib_transport_protocol.cpp:386]   --->   Operation 17 'partselect' 'tmp_dest_qp_V_load_n' <Predicate = (!fsmState_4_load & tmp_26 & tmp_27)> <Delay = 0.00>
ST_1 : Operation 18 [1/1] (0.00ns)   --->   "%tmp_psn_V_load_new_i = call i24 @_ssdm_op_PartSelect.i24.i92.i32.i32(i92 %tmp163, i32 45, i32 68)" [/home/embed/Desktop/xkjiang/Github_Version/EthernetSSD-System-main/RX_receiveWriteReadRequest_genACK/hls/rocev2/../ib_transport_protocol/ib_transport_protocol.hpp:380->/home/embed/Desktop/xkjiang/Github_Version/EthernetSSD-System-main/RX_receiveWriteReadRequest_genACK/hls/rocev2/../ib_transport_protocol/ib_transport_protocol.cpp:386]   --->   Operation 18 'partselect' 'tmp_psn_V_load_new_i' <Predicate = (!fsmState_4_load & tmp_26 & tmp_27)> <Delay = 0.00>
ST_1 : Operation 19 [1/1] (0.00ns)   --->   "store i24 %tmp_psn_V_load_new_i, i24* @meta_psn_V, align 4" [/home/embed/Desktop/xkjiang/Github_Version/EthernetSSD-System-main/RX_receiveWriteReadRequest_genACK/hls/rocev2/../ib_transport_protocol/ib_transport_protocol.hpp:380->/home/embed/Desktop/xkjiang/Github_Version/EthernetSSD-System-main/RX_receiveWriteReadRequest_genACK/hls/rocev2/../ib_transport_protocol/ib_transport_protocol.cpp:386]   --->   Operation 19 'store' <Predicate = (!fsmState_4_load & tmp_26 & tmp_27)> <Delay = 0.00>
ST_1 : Operation 20 [1/1] (0.00ns)   --->   "%tmp_28 = call i1 @_ssdm_op_BitSelect.i1.i92.i32(i92 %tmp163, i32 69)" [/home/embed/Desktop/xkjiang/Github_Version/EthernetSSD-System-main/RX_receiveWriteReadRequest_genACK/hls/rocev2/../ib_transport_protocol/ib_transport_protocol.hpp:380->/home/embed/Desktop/xkjiang/Github_Version/EthernetSSD-System-main/RX_receiveWriteReadRequest_genACK/hls/rocev2/../ib_transport_protocol/ib_transport_protocol.cpp:386]   --->   Operation 20 'bitselect' 'tmp_28' <Predicate = (!fsmState_4_load & tmp_26 & tmp_27)> <Delay = 0.00>
ST_1 : Operation 21 [1/1] (0.00ns)   --->   "%tmp_numPkg_V_load_ne = call i22 @_ssdm_op_PartSelect.i22.i92.i32.i32(i92 %tmp163, i32 70, i32 91)" [/home/embed/Desktop/xkjiang/Github_Version/EthernetSSD-System-main/RX_receiveWriteReadRequest_genACK/hls/rocev2/../ib_transport_protocol/ib_transport_protocol.hpp:380->/home/embed/Desktop/xkjiang/Github_Version/EthernetSSD-System-main/RX_receiveWriteReadRequest_genACK/hls/rocev2/../ib_transport_protocol/ib_transport_protocol.cpp:386]   --->   Operation 21 'partselect' 'tmp_numPkg_V_load_ne' <Predicate = (!fsmState_4_load & tmp_26 & tmp_27)> <Delay = 0.00>
ST_1 : Operation 22 [1/1] (1.83ns)   --->   "%tmp_1 = call i23 @_ssdm_op_Read.ap_fifo.volatile.i23P(i23* @rx_exhMetaFifo_V)" [/home/embed/Desktop/xkjiang/Github_Version/EthernetSSD-System-main/RX_receiveWriteReadRequest_genACK/hls/rocev2/../ib_transport_protocol/ib_transport_protocol.cpp:387]   --->   Operation 22 'read' 'tmp_1' <Predicate = (!fsmState_4_load & tmp_26 & tmp_27)> <Delay = 1.83> <Core = "FIFO">   --->   Core 32 'FIFO' <Latency = 0> <II = 1> <Delay = 1.83> <Storage> <Opcode : 'read' 'write' 'nbread' 'nbwrite'> <Ports = 0> <Width = 45> <Depth = 2> <FIFO>
ST_1 : Operation 23 [1/1] (0.00ns)   --->   "%trunc_ln398 = trunc i23 %tmp_1 to i1" [/home/embed/Desktop/xkjiang/Github_Version/EthernetSSD-System-main/RX_receiveWriteReadRequest_genACK/hls/rocev2/../ib_transport_protocol/ib_transport_protocol.hpp:398->/home/embed/Desktop/xkjiang/Github_Version/EthernetSSD-System-main/RX_receiveWriteReadRequest_genACK/hls/rocev2/../ib_transport_protocol/ib_transport_protocol.cpp:387]   --->   Operation 23 'trunc' 'trunc_ln398' <Predicate = (!fsmState_4_load & tmp_26 & tmp_27)> <Delay = 0.00>
ST_1 : Operation 24 [1/1] (0.00ns)   --->   "store i1 %trunc_ln398, i1* @emeta_isNak, align 4" [/home/embed/Desktop/xkjiang/Github_Version/EthernetSSD-System-main/RX_receiveWriteReadRequest_genACK/hls/rocev2/../ib_transport_protocol/ib_transport_protocol.hpp:398->/home/embed/Desktop/xkjiang/Github_Version/EthernetSSD-System-main/RX_receiveWriteReadRequest_genACK/hls/rocev2/../ib_transport_protocol/ib_transport_protocol.cpp:387]   --->   Operation 24 'store' <Predicate = (!fsmState_4_load & tmp_26 & tmp_27)> <Delay = 0.00>
ST_1 : Operation 25 [1/1] (0.00ns)   --->   "%tmp_numPkg_V_4_load_s = call i22 @_ssdm_op_PartSelect.i22.i23.i32.i32(i23 %tmp_1, i32 1, i32 22)" [/home/embed/Desktop/xkjiang/Github_Version/EthernetSSD-System-main/RX_receiveWriteReadRequest_genACK/hls/rocev2/../ib_transport_protocol/ib_transport_protocol.hpp:398->/home/embed/Desktop/xkjiang/Github_Version/EthernetSSD-System-main/RX_receiveWriteReadRequest_genACK/hls/rocev2/../ib_transport_protocol/ib_transport_protocol.cpp:387]   --->   Operation 25 'partselect' 'tmp_numPkg_V_4_load_s' <Predicate = (!fsmState_4_load & tmp_26 & tmp_27)> <Delay = 0.00>
ST_1 : Operation 26 [1/1] (0.00ns)   --->   "store i22 %tmp_numPkg_V_4_load_s, i22* @emeta_numPkg_V, align 4" [/home/embed/Desktop/xkjiang/Github_Version/EthernetSSD-System-main/RX_receiveWriteReadRequest_genACK/hls/rocev2/../ib_transport_protocol/ib_transport_protocol.hpp:398->/home/embed/Desktop/xkjiang/Github_Version/EthernetSSD-System-main/RX_receiveWriteReadRequest_genACK/hls/rocev2/../ib_transport_protocol/ib_transport_protocol.cpp:387]   --->   Operation 26 'store' <Predicate = (!fsmState_4_load & tmp_26 & tmp_27)> <Delay = 0.00>
ST_1 : Operation 27 [1/1] (0.78ns)   --->   "%add_ln34 = add i5 -13, %trunc_ln380" [/home/embed/Desktop/xkjiang/Github_Version/EthernetSSD-System-main/RX_receiveWriteReadRequest_genACK/hls/rocev2/../ib_transport_protocol/ib_utils.cpp:34->/home/embed/Desktop/xkjiang/Github_Version/EthernetSSD-System-main/RX_receiveWriteReadRequest_genACK/hls/rocev2/../ib_transport_protocol/ib_transport_protocol.cpp:388]   --->   Operation 27 'add' 'add_ln34' <Predicate = (!fsmState_4_load & tmp_26 & tmp_27)> <Delay = 0.78> <Core = "AddSub">   --->   Core 14 'AddSub' <Latency = 0> <II = 1> <Delay = 0.93> <FuncUnit> <Opcode : 'add' 'sub'> <InPorts = 2> <OutPorts = 1>
ST_1 : Operation 28 [1/1] (0.75ns)   --->   "%tmp_isResponse = icmp ult i5 %add_ln34, 5" [/home/embed/Desktop/xkjiang/Github_Version/EthernetSSD-System-main/RX_receiveWriteReadRequest_genACK/hls/rocev2/../ib_transport_protocol/ib_utils.cpp:34->/home/embed/Desktop/xkjiang/Github_Version/EthernetSSD-System-main/RX_receiveWriteReadRequest_genACK/hls/rocev2/../ib_transport_protocol/ib_transport_protocol.cpp:388]   --->   Operation 28 'icmp' 'tmp_isResponse' <Predicate = (!fsmState_4_load & tmp_26 & tmp_27)> <Delay = 0.75> <Core = "Cmp">   --->   Core 25 'Cmp' <Latency = 0> <II = 1> <Delay = 0.75> <FuncUnit> <Opcode : 'icmp'> <InPorts = 2> <OutPorts = 1>
ST_1 : Operation 29 [1/1] (0.00ns)   --->   "store i1 %tmp_isResponse, i1* @isResponse, align 1" [/home/embed/Desktop/xkjiang/Github_Version/EthernetSSD-System-main/RX_receiveWriteReadRequest_genACK/hls/rocev2/../ib_transport_protocol/ib_transport_protocol.cpp:388]   --->   Operation 29 'store' <Predicate = (!fsmState_4_load & tmp_26 & tmp_27)> <Delay = 0.00>
ST_1 : Operation 30 [1/1] (0.00ns)   --->   "%tmp_qpn_V = call i16 @_ssdm_op_PartSelect.i16.i92.i32.i32(i92 %tmp163, i32 21, i32 36)" [/home/embed/Desktop/xkjiang/Github_Version/EthernetSSD-System-main/RX_receiveWriteReadRequest_genACK/hls/rocev2/../ib_transport_protocol/state_table.hpp:70->/home/embed/Desktop/xkjiang/Github_Version/EthernetSSD-System-main/RX_receiveWriteReadRequest_genACK/hls/rocev2/../ib_transport_protocol/state_table.hpp:70->/home/embed/Desktop/xkjiang/Github_Version/EthernetSSD-System-main/RX_receiveWriteReadRequest_genACK/hls/rocev2/../ib_transport_protocol/ib_transport_protocol.cpp:390]   --->   Operation 30 'partselect' 'tmp_qpn_V' <Predicate = (!fsmState_4_load & tmp_26 & tmp_27)> <Delay = 0.00>
ST_1 : Operation 31 [1/1] (0.65ns)   --->   "store i1 true, i1* @fsmState_4, align 1" [/home/embed/Desktop/xkjiang/Github_Version/EthernetSSD-System-main/RX_receiveWriteReadRequest_genACK/hls/rocev2/../ib_transport_protocol/ib_transport_protocol.cpp:391]   --->   Operation 31 'store' <Predicate = (!fsmState_4_load & tmp_26 & tmp_27)> <Delay = 0.65>
ST_1 : Operation 32 [1/1] (0.00ns)   --->   "%tmp = call i1 @_ssdm_op_NbReadReq.ap_fifo.i75P(i75* @stateTable2rxIbh_rsp_1, i32 1)" [/home/embed/Desktop/xkjiang/Github_Version/EthernetSSD-System-main/RX_receiveWriteReadRequest_genACK/hls/rocev2/../ib_transport_protocol/ib_transport_protocol.cpp:397]   --->   Operation 32 'nbreadreq' 'tmp' <Predicate = (fsmState_4_load)> <Delay = 0.00> <Core = "FIFO">   --->   Core 32 'FIFO' <Latency = 0> <II = 1> <Delay = 1.83> <Storage> <Opcode : 'read' 'write' 'nbread' 'nbwrite'> <Ports = 0> <Width = 45> <Depth = 2> <FIFO>
ST_1 : Operation 33 [1/1] (0.00ns)   --->   "br i1 %tmp, label %4, label %._crit_edge6.i" [/home/embed/Desktop/xkjiang/Github_Version/EthernetSSD-System-main/RX_receiveWriteReadRequest_genACK/hls/rocev2/../ib_transport_protocol/ib_transport_protocol.cpp:397]   --->   Operation 33 'br' <Predicate = (fsmState_4_load)> <Delay = 0.00>
ST_1 : Operation 34 [1/1] (1.83ns)   --->   "%tmp_3 = call i75 @_ssdm_op_Read.ap_fifo.volatile.i75P(i75* @stateTable2rxIbh_rsp_1)" [/home/embed/Desktop/xkjiang/Github_Version/EthernetSSD-System-main/RX_receiveWriteReadRequest_genACK/hls/rocev2/../ib_transport_protocol/ib_transport_protocol.cpp:399]   --->   Operation 34 'read' 'tmp_3' <Predicate = (fsmState_4_load & tmp)> <Delay = 1.83> <Core = "FIFO">   --->   Core 32 'FIFO' <Latency = 0> <II = 1> <Delay = 1.83> <Storage> <Opcode : 'read' 'write' 'nbread' 'nbwrite'> <Ports = 0> <Width = 45> <Depth = 2> <FIFO>
ST_1 : Operation 35 [1/1] (0.00ns)   --->   "%tmp_psn_V_2 = trunc i75 %tmp_3 to i24" [/home/embed/Desktop/xkjiang/Github_Version/EthernetSSD-System-main/RX_receiveWriteReadRequest_genACK/hls/rocev2/../ib_transport_protocol/state_table.hpp:78->/home/embed/Desktop/xkjiang/Github_Version/EthernetSSD-System-main/RX_receiveWriteReadRequest_genACK/hls/rocev2/../ib_transport_protocol/ib_transport_protocol.cpp:399]   --->   Operation 35 'trunc' 'tmp_psn_V_2' <Predicate = (fsmState_4_load & tmp)> <Delay = 0.00>
ST_1 : Operation 36 [1/1] (0.00ns)   --->   "%tmp_oldest_outstandi = call i24 @_ssdm_op_PartSelect.i24.i75.i32.i32(i75 %tmp_3, i32 24, i32 47)" [/home/embed/Desktop/xkjiang/Github_Version/EthernetSSD-System-main/RX_receiveWriteReadRequest_genACK/hls/rocev2/../ib_transport_protocol/state_table.hpp:78->/home/embed/Desktop/xkjiang/Github_Version/EthernetSSD-System-main/RX_receiveWriteReadRequest_genACK/hls/rocev2/../ib_transport_protocol/ib_transport_protocol.cpp:399]   --->   Operation 36 'partselect' 'tmp_oldest_outstandi' <Predicate = (fsmState_4_load & tmp)> <Delay = 0.00>
ST_1 : Operation 37 [1/1] (0.00ns)   --->   "%tmp_max_forward_V_lo = call i24 @_ssdm_op_PartSelect.i24.i75.i32.i32(i75 %tmp_3, i32 48, i32 71)" [/home/embed/Desktop/xkjiang/Github_Version/EthernetSSD-System-main/RX_receiveWriteReadRequest_genACK/hls/rocev2/../ib_transport_protocol/state_table.hpp:78->/home/embed/Desktop/xkjiang/Github_Version/EthernetSSD-System-main/RX_receiveWriteReadRequest_genACK/hls/rocev2/../ib_transport_protocol/ib_transport_protocol.cpp:399]   --->   Operation 37 'partselect' 'tmp_max_forward_V_lo' <Predicate = (fsmState_4_load & tmp)> <Delay = 0.00>
ST_1 : Operation 38 [1/1] (0.00ns)   --->   "%t_V_1 = call i3 @_ssdm_op_PartSelect.i3.i75.i32.i32(i75 %tmp_3, i32 72, i32 74)" [/home/embed/Desktop/xkjiang/Github_Version/EthernetSSD-System-main/RX_receiveWriteReadRequest_genACK/hls/rocev2/../ib_transport_protocol/state_table.hpp:78->/home/embed/Desktop/xkjiang/Github_Version/EthernetSSD-System-main/RX_receiveWriteReadRequest_genACK/hls/rocev2/../ib_transport_protocol/ib_transport_protocol.cpp:399]   --->   Operation 38 'partselect' 't_V_1' <Predicate = (fsmState_4_load & tmp)> <Delay = 0.00>
ST_1 : Operation 39 [1/1] (1.04ns)   --->   "%icmp_ln879 = icmp eq i24 %tmp_psn_V_2, %tmp_psn_V" [/home/embed/Desktop/xkjiang/Github_Version/EthernetSSD-System-main/RX_receiveWriteReadRequest_genACK/hls/rocev2/../ib_transport_protocol/ib_transport_protocol.cpp:429]   --->   Operation 39 'icmp' 'icmp_ln879' <Predicate = (fsmState_4_load & tmp)> <Delay = 1.04> <Core = "Cmp">   --->   Core 25 'Cmp' <Latency = 0> <II = 1> <Delay = 0.75> <FuncUnit> <Opcode : 'icmp'> <InPorts = 2> <OutPorts = 1>
ST_1 : Operation 40 [1/1] (0.00ns)   --->   "br i1 %icmp_ln879, label %._crit_edge7.i, label %5" [/home/embed/Desktop/xkjiang/Github_Version/EthernetSSD-System-main/RX_receiveWriteReadRequest_genACK/hls/rocev2/../ib_transport_protocol/ib_transport_protocol.cpp:429]   --->   Operation 40 'br' <Predicate = (fsmState_4_load & tmp)> <Delay = 0.00>
ST_1 : Operation 41 [1/1] (0.75ns)   --->   "%icmp_ln429 = icmp eq i5 %tmp_op_code, -15" [/home/embed/Desktop/xkjiang/Github_Version/EthernetSSD-System-main/RX_receiveWriteReadRequest_genACK/hls/rocev2/../ib_transport_protocol/ib_transport_protocol.cpp:429]   --->   Operation 41 'icmp' 'icmp_ln429' <Predicate = (fsmState_4_load & tmp & !icmp_ln879)> <Delay = 0.75> <Core = "Cmp">   --->   Core 25 'Cmp' <Latency = 0> <II = 1> <Delay = 0.75> <FuncUnit> <Opcode : 'icmp'> <InPorts = 2> <OutPorts = 1>
ST_1 : Operation 42 [1/1] (0.00ns)   --->   "br i1 %icmp_ln429, label %6, label %._crit_edge8.i" [/home/embed/Desktop/xkjiang/Github_Version/EthernetSSD-System-main/RX_receiveWriteReadRequest_genACK/hls/rocev2/../ib_transport_protocol/ib_transport_protocol.cpp:429]   --->   Operation 42 'br' <Predicate = (fsmState_4_load & tmp & !icmp_ln879)> <Delay = 0.00>
ST_1 : Operation 43 [1/1] (1.04ns)   --->   "%icmp_ln899 = icmp ugt i24 %tmp_psn_V_2, %tmp_psn_V" [/home/embed/Desktop/xkjiang/Github_Version/EthernetSSD-System-main/RX_receiveWriteReadRequest_genACK/hls/rocev2/../ib_transport_protocol/ib_transport_protocol.cpp:429]   --->   Operation 43 'icmp' 'icmp_ln899' <Predicate = (fsmState_4_load & tmp & !icmp_ln879 & icmp_ln429)> <Delay = 1.04> <Core = "Cmp">   --->   Core 25 'Cmp' <Latency = 0> <II = 1> <Delay = 0.75> <FuncUnit> <Opcode : 'icmp'> <InPorts = 2> <OutPorts = 1>
ST_1 : Operation 44 [1/1] (1.04ns)   --->   "%icmp_ln430 = icmp ult i24 %tmp_max_forward_V_lo, %tmp_psn_V" [/home/embed/Desktop/xkjiang/Github_Version/EthernetSSD-System-main/RX_receiveWriteReadRequest_genACK/hls/rocev2/../ib_transport_protocol/ib_transport_protocol.cpp:430]   --->   Operation 44 'icmp' 'icmp_ln430' <Predicate = (fsmState_4_load & tmp & !icmp_ln879 & icmp_ln429)> <Delay = 1.04> <Core = "Cmp">   --->   Core 25 'Cmp' <Latency = 0> <II = 1> <Delay = 0.75> <FuncUnit> <Opcode : 'icmp'> <InPorts = 2> <OutPorts = 1>
ST_1 : Operation 45 [1/1] (0.28ns)   --->   "%xor_ln430 = xor i1 %icmp_ln430, true" [/home/embed/Desktop/xkjiang/Github_Version/EthernetSSD-System-main/RX_receiveWriteReadRequest_genACK/hls/rocev2/../ib_transport_protocol/ib_transport_protocol.cpp:430]   --->   Operation 45 'xor' 'xor_ln430' <Predicate = (fsmState_4_load & tmp & !icmp_ln879 & icmp_ln429)> <Delay = 0.28> <Core = "LogicGate">   --->   Core 27 'LogicGate' <Latency = 0> <II = 1> <Delay = 0.28> <FuncUnit> <Opcode : 'and' 'or' 'xor'> <InPorts = 2> <OutPorts = 1>
ST_1 : Operation 46 [1/1] (1.04ns)   --->   "%icmp_ln887 = icmp ult i24 %tmp_max_forward_V_lo, %tmp_psn_V_2" [/home/embed/Desktop/xkjiang/Github_Version/EthernetSSD-System-main/RX_receiveWriteReadRequest_genACK/hls/rocev2/../ib_transport_protocol/ib_transport_protocol.cpp:430]   --->   Operation 46 'icmp' 'icmp_ln887' <Predicate = (fsmState_4_load & tmp & !icmp_ln879 & icmp_ln429)> <Delay = 1.04> <Core = "Cmp">   --->   Core 25 'Cmp' <Latency = 0> <II = 1> <Delay = 0.75> <FuncUnit> <Opcode : 'icmp'> <InPorts = 2> <OutPorts = 1>
ST_1 : Operation 47 [1/1] (0.00ns)   --->   "br i1 %icmp_ln899, label %.critedge.i, label %7" [/home/embed/Desktop/xkjiang/Github_Version/EthernetSSD-System-main/RX_receiveWriteReadRequest_genACK/hls/rocev2/../ib_transport_protocol/ib_transport_protocol.cpp:429]   --->   Operation 47 'br' <Predicate = (fsmState_4_load & tmp & !icmp_ln879 & icmp_ln429)> <Delay = 0.00>
ST_1 : Operation 48 [1/1] (0.28ns)   --->   "%or_ln430 = or i1 %icmp_ln887, %xor_ln430" [/home/embed/Desktop/xkjiang/Github_Version/EthernetSSD-System-main/RX_receiveWriteReadRequest_genACK/hls/rocev2/../ib_transport_protocol/ib_transport_protocol.cpp:430]   --->   Operation 48 'or' 'or_ln430' <Predicate = (fsmState_4_load & tmp & !icmp_ln879 & icmp_ln429 & !icmp_ln899)> <Delay = 0.28> <Core = "LogicGate">   --->   Core 27 'LogicGate' <Latency = 0> <II = 1> <Delay = 0.28> <FuncUnit> <Opcode : 'and' 'or' 'xor'> <InPorts = 2> <OutPorts = 1>
ST_1 : Operation 49 [1/1] (0.00ns)   --->   "br i1 %or_ln430, label %._crit_edge7.i, label %._crit_edge8.i" [/home/embed/Desktop/xkjiang/Github_Version/EthernetSSD-System-main/RX_receiveWriteReadRequest_genACK/hls/rocev2/../ib_transport_protocol/ib_transport_protocol.cpp:429]   --->   Operation 49 'br' <Predicate = (fsmState_4_load & tmp & !icmp_ln879 & icmp_ln429 & !icmp_ln899)> <Delay = 0.00>
ST_1 : Operation 50 [1/1] (0.28ns)   --->   "%and_ln430 = and i1 %icmp_ln887, %xor_ln430" [/home/embed/Desktop/xkjiang/Github_Version/EthernetSSD-System-main/RX_receiveWriteReadRequest_genACK/hls/rocev2/../ib_transport_protocol/ib_transport_protocol.cpp:430]   --->   Operation 50 'and' 'and_ln430' <Predicate = (fsmState_4_load & tmp & !icmp_ln879 & icmp_ln429 & icmp_ln899)> <Delay = 0.28> <Core = "LogicGate">   --->   Core 27 'LogicGate' <Latency = 0> <II = 1> <Delay = 0.28> <FuncUnit> <Opcode : 'and' 'or' 'xor'> <InPorts = 2> <OutPorts = 1>
ST_1 : Operation 51 [1/1] (0.00ns)   --->   "br i1 %and_ln430, label %._crit_edge7.i, label %._crit_edge8.i" [/home/embed/Desktop/xkjiang/Github_Version/EthernetSSD-System-main/RX_receiveWriteReadRequest_genACK/hls/rocev2/../ib_transport_protocol/ib_transport_protocol.cpp:430]   --->   Operation 51 'br' <Predicate = (fsmState_4_load & tmp & !icmp_ln879 & icmp_ln429 & icmp_ln899)> <Delay = 0.00>
ST_1 : Operation 52 [1/1] (1.04ns)   --->   "%icmp_ln488 = icmp ult i24 %tmp_oldest_outstandi, %tmp_psn_V_2" [/home/embed/Desktop/xkjiang/Github_Version/EthernetSSD-System-main/RX_receiveWriteReadRequest_genACK/hls/rocev2/../ib_transport_protocol/ib_transport_protocol.cpp:488]   --->   Operation 52 'icmp' 'icmp_ln488' <Predicate = (fsmState_4_load & tmp & !icmp_ln879 & icmp_ln899 & !and_ln430) | (fsmState_4_load & tmp & !icmp_ln879 & !icmp_ln899 & !or_ln430) | (fsmState_4_load & tmp & !icmp_ln879 & !icmp_ln429)> <Delay = 1.04> <Core = "Cmp">   --->   Core 25 'Cmp' <Latency = 0> <II = 1> <Delay = 0.75> <FuncUnit> <Opcode : 'icmp'> <InPorts = 2> <OutPorts = 1>
ST_1 : Operation 53 [1/1] (0.00ns) (grouped into LUT with out node or_ln488_1)   --->   "%xor_ln488 = xor i1 %icmp_ln488, true" [/home/embed/Desktop/xkjiang/Github_Version/EthernetSSD-System-main/RX_receiveWriteReadRequest_genACK/hls/rocev2/../ib_transport_protocol/ib_transport_protocol.cpp:488]   --->   Operation 53 'xor' 'xor_ln488' <Predicate = (fsmState_4_load & tmp & !icmp_ln879 & icmp_ln899 & !and_ln430) | (fsmState_4_load & tmp & !icmp_ln879 & !icmp_ln899 & !or_ln430) | (fsmState_4_load & tmp & !icmp_ln879 & !icmp_ln429)> <Delay = 0.00> <Core = "LogicGate">   --->   Core 27 'LogicGate' <Latency = 0> <II = 1> <Delay = 0.28> <FuncUnit> <Opcode : 'and' 'or' 'xor'> <InPorts = 2> <OutPorts = 1>
ST_1 : Operation 54 [1/1] (1.04ns)   --->   "%icmp_ln488_1 = icmp ult i24 %tmp_psn_V, %tmp_psn_V_2" [/home/embed/Desktop/xkjiang/Github_Version/EthernetSSD-System-main/RX_receiveWriteReadRequest_genACK/hls/rocev2/../ib_transport_protocol/ib_transport_protocol.cpp:488]   --->   Operation 54 'icmp' 'icmp_ln488_1' <Predicate = (fsmState_4_load & tmp & !icmp_ln879 & icmp_ln899 & !and_ln430) | (fsmState_4_load & tmp & !icmp_ln879 & !icmp_ln899 & !or_ln430) | (fsmState_4_load & tmp & !icmp_ln879 & !icmp_ln429)> <Delay = 1.04> <Core = "Cmp">   --->   Core 25 'Cmp' <Latency = 0> <II = 1> <Delay = 0.75> <FuncUnit> <Opcode : 'icmp'> <InPorts = 2> <OutPorts = 1>
ST_1 : Operation 55 [1/1] (0.28ns)   --->   "%xor_ln488_1 = xor i1 %icmp_ln488_1, true" [/home/embed/Desktop/xkjiang/Github_Version/EthernetSSD-System-main/RX_receiveWriteReadRequest_genACK/hls/rocev2/../ib_transport_protocol/ib_transport_protocol.cpp:488]   --->   Operation 55 'xor' 'xor_ln488_1' <Predicate = (fsmState_4_load & tmp & !icmp_ln879 & icmp_ln899 & !and_ln430) | (fsmState_4_load & tmp & !icmp_ln879 & !icmp_ln899 & !or_ln430) | (fsmState_4_load & tmp & !icmp_ln879 & !icmp_ln429)> <Delay = 0.28> <Core = "LogicGate">   --->   Core 27 'LogicGate' <Latency = 0> <II = 1> <Delay = 0.28> <FuncUnit> <Opcode : 'and' 'or' 'xor'> <InPorts = 2> <OutPorts = 1>
ST_1 : Operation 56 [1/1] (1.04ns)   --->   "%icmp_ln891 = icmp ult i24 %tmp_psn_V, %tmp_oldest_outstandi" [/home/embed/Desktop/xkjiang/Github_Version/EthernetSSD-System-main/RX_receiveWriteReadRequest_genACK/hls/rocev2/../ib_transport_protocol/ib_transport_protocol.cpp:488]   --->   Operation 56 'icmp' 'icmp_ln891' <Predicate = (fsmState_4_load & tmp & !icmp_ln879 & icmp_ln899 & !and_ln430) | (fsmState_4_load & tmp & !icmp_ln879 & !icmp_ln899 & !or_ln430) | (fsmState_4_load & tmp & !icmp_ln879 & !icmp_ln429)> <Delay = 1.04> <Core = "Cmp">   --->   Core 25 'Cmp' <Latency = 0> <II = 1> <Delay = 0.75> <FuncUnit> <Opcode : 'icmp'> <InPorts = 2> <OutPorts = 1>
ST_1 : Operation 57 [1/1] (0.00ns) (grouped into LUT with out node or_ln488_1)   --->   "%or_ln488 = or i1 %xor_ln488, %icmp_ln891" [/home/embed/Desktop/xkjiang/Github_Version/EthernetSSD-System-main/RX_receiveWriteReadRequest_genACK/hls/rocev2/../ib_transport_protocol/ib_transport_protocol.cpp:488]   --->   Operation 57 'or' 'or_ln488' <Predicate = (fsmState_4_load & tmp & !icmp_ln879 & icmp_ln899 & !and_ln430) | (fsmState_4_load & tmp & !icmp_ln879 & !icmp_ln899 & !or_ln430) | (fsmState_4_load & tmp & !icmp_ln879 & !icmp_ln429)> <Delay = 0.00> <Core = "LogicGate">   --->   Core 27 'LogicGate' <Latency = 0> <II = 1> <Delay = 0.28> <FuncUnit> <Opcode : 'and' 'or' 'xor'> <InPorts = 2> <OutPorts = 1>
ST_1 : Operation 58 [1/1] (0.28ns) (out node of the LUT)   --->   "%or_ln488_1 = or i1 %or_ln488, %xor_ln488_1" [/home/embed/Desktop/xkjiang/Github_Version/EthernetSSD-System-main/RX_receiveWriteReadRequest_genACK/hls/rocev2/../ib_transport_protocol/ib_transport_protocol.cpp:488]   --->   Operation 58 'or' 'or_ln488_1' <Predicate = (fsmState_4_load & tmp & !icmp_ln879 & icmp_ln899 & !and_ln430) | (fsmState_4_load & tmp & !icmp_ln879 & !icmp_ln899 & !or_ln430) | (fsmState_4_load & tmp & !icmp_ln879 & !icmp_ln429)> <Delay = 0.28> <Core = "LogicGate">   --->   Core 27 'LogicGate' <Latency = 0> <II = 1> <Delay = 0.28> <FuncUnit> <Opcode : 'and' 'or' 'xor'> <InPorts = 2> <OutPorts = 1>
ST_1 : Operation 59 [1/1] (0.00ns)   --->   "br i1 %or_ln488_1, label %._crit_edge22.i, label %._crit_edge25.i" [/home/embed/Desktop/xkjiang/Github_Version/EthernetSSD-System-main/RX_receiveWriteReadRequest_genACK/hls/rocev2/../ib_transport_protocol/ib_transport_protocol.cpp:488]   --->   Operation 59 'br' <Predicate = (fsmState_4_load & tmp & !icmp_ln879 & icmp_ln899 & !and_ln430) | (fsmState_4_load & tmp & !icmp_ln879 & !icmp_ln899 & !or_ln430) | (fsmState_4_load & tmp & !icmp_ln879 & !icmp_ln429)> <Delay = 0.00>
ST_1 : Operation 60 [1/1] (1.04ns)   --->   "%icmp_ln489 = icmp ult i24 %tmp_psn_V_2, %tmp_oldest_outstandi" [/home/embed/Desktop/xkjiang/Github_Version/EthernetSSD-System-main/RX_receiveWriteReadRequest_genACK/hls/rocev2/../ib_transport_protocol/ib_transport_protocol.cpp:489]   --->   Operation 60 'icmp' 'icmp_ln489' <Predicate = (fsmState_4_load & tmp & !icmp_ln879 & icmp_ln899 & !and_ln430 & or_ln488_1) | (fsmState_4_load & tmp & !icmp_ln879 & !icmp_ln899 & !or_ln430 & or_ln488_1) | (fsmState_4_load & tmp & !icmp_ln879 & !icmp_ln429 & or_ln488_1)> <Delay = 1.04> <Core = "Cmp">   --->   Core 25 'Cmp' <Latency = 0> <II = 1> <Delay = 0.75> <FuncUnit> <Opcode : 'icmp'> <InPorts = 2> <OutPorts = 1>
ST_1 : Operation 61 [1/1] (0.00ns) (grouped into LUT with out node or_ln489)   --->   "%xor_ln489 = xor i1 %icmp_ln489, true" [/home/embed/Desktop/xkjiang/Github_Version/EthernetSSD-System-main/RX_receiveWriteReadRequest_genACK/hls/rocev2/../ib_transport_protocol/ib_transport_protocol.cpp:489]   --->   Operation 61 'xor' 'xor_ln489' <Predicate = (fsmState_4_load & tmp & !icmp_ln879 & icmp_ln899 & !and_ln430 & or_ln488_1) | (fsmState_4_load & tmp & !icmp_ln879 & !icmp_ln899 & !or_ln430 & or_ln488_1) | (fsmState_4_load & tmp & !icmp_ln879 & !icmp_ln429 & or_ln488_1)> <Delay = 0.00> <Core = "LogicGate">   --->   Core 27 'LogicGate' <Latency = 0> <II = 1> <Delay = 0.28> <FuncUnit> <Opcode : 'and' 'or' 'xor'> <InPorts = 2> <OutPorts = 1>
ST_1 : Operation 62 [1/1] (0.00ns) (grouped into LUT with out node or_ln489)   --->   "%and_ln489 = and i1 %xor_ln488_1, %icmp_ln891" [/home/embed/Desktop/xkjiang/Github_Version/EthernetSSD-System-main/RX_receiveWriteReadRequest_genACK/hls/rocev2/../ib_transport_protocol/ib_transport_protocol.cpp:489]   --->   Operation 62 'and' 'and_ln489' <Predicate = (fsmState_4_load & tmp & !icmp_ln879 & icmp_ln899 & !and_ln430 & or_ln488_1) | (fsmState_4_load & tmp & !icmp_ln879 & !icmp_ln899 & !or_ln430 & or_ln488_1) | (fsmState_4_load & tmp & !icmp_ln879 & !icmp_ln429 & or_ln488_1)> <Delay = 0.00> <Core = "LogicGate">   --->   Core 27 'LogicGate' <Latency = 0> <II = 1> <Delay = 0.28> <FuncUnit> <Opcode : 'and' 'or' 'xor'> <InPorts = 2> <OutPorts = 1>
ST_1 : Operation 63 [1/1] (0.28ns) (out node of the LUT)   --->   "%or_ln489 = or i1 %xor_ln489, %and_ln489" [/home/embed/Desktop/xkjiang/Github_Version/EthernetSSD-System-main/RX_receiveWriteReadRequest_genACK/hls/rocev2/../ib_transport_protocol/ib_transport_protocol.cpp:489]   --->   Operation 63 'or' 'or_ln489' <Predicate = (fsmState_4_load & tmp & !icmp_ln879 & icmp_ln899 & !and_ln430 & or_ln488_1) | (fsmState_4_load & tmp & !icmp_ln879 & !icmp_ln899 & !or_ln430 & or_ln488_1) | (fsmState_4_load & tmp & !icmp_ln879 & !icmp_ln429 & or_ln488_1)> <Delay = 0.28> <Core = "LogicGate">   --->   Core 27 'LogicGate' <Latency = 0> <II = 1> <Delay = 0.28> <FuncUnit> <Opcode : 'and' 'or' 'xor'> <InPorts = 2> <OutPorts = 1>
ST_1 : Operation 64 [1/1] (0.00ns)   --->   "br i1 %or_ln489, label %._crit_edge26.i, label %._crit_edge25.i" [/home/embed/Desktop/xkjiang/Github_Version/EthernetSSD-System-main/RX_receiveWriteReadRequest_genACK/hls/rocev2/../ib_transport_protocol/ib_transport_protocol.cpp:489]   --->   Operation 64 'br' <Predicate = (fsmState_4_load & tmp & !icmp_ln879 & icmp_ln899 & !and_ln430 & or_ln488_1) | (fsmState_4_load & tmp & !icmp_ln879 & !icmp_ln899 & !or_ln430 & or_ln488_1) | (fsmState_4_load & tmp & !icmp_ln879 & !icmp_ln429 & or_ln488_1)> <Delay = 0.00>
ST_1 : Operation 65 [1/1] (0.75ns)   --->   "%empty_216 = icmp eq i5 %tmp_op_code, -3" [/home/embed/Desktop/xkjiang/Github_Version/EthernetSSD-System-main/RX_receiveWriteReadRequest_genACK/hls/rocev2/../ib_transport_protocol/ib_transport_protocol.cpp:429]   --->   Operation 65 'icmp' 'empty_216' <Predicate = (fsmState_4_load & tmp & !icmp_ln879 & icmp_ln899 & !and_ln430 & !or_ln489) | (fsmState_4_load & tmp & !icmp_ln879 & icmp_ln899 & !and_ln430 & !or_ln488_1) | (fsmState_4_load & tmp & !icmp_ln879 & !icmp_ln899 & !or_ln430 & !or_ln489) | (fsmState_4_load & tmp & !icmp_ln879 & !icmp_ln899 & !or_ln430 & !or_ln488_1) | (fsmState_4_load & tmp & !icmp_ln879 & !icmp_ln429 & !or_ln489) | (fsmState_4_load & tmp & !icmp_ln879 & !icmp_ln429 & !or_ln488_1)> <Delay = 0.75> <Core = "Cmp">   --->   Core 25 'Cmp' <Latency = 0> <II = 1> <Delay = 0.75> <FuncUnit> <Opcode : 'icmp'> <InPorts = 2> <OutPorts = 1>
ST_1 : Operation 66 [1/1] (0.75ns)   --->   "%empty_217 = icmp eq i5 %tmp_op_code, -4" [/home/embed/Desktop/xkjiang/Github_Version/EthernetSSD-System-main/RX_receiveWriteReadRequest_genACK/hls/rocev2/../ib_transport_protocol/ib_transport_protocol.cpp:429]   --->   Operation 66 'icmp' 'empty_217' <Predicate = (fsmState_4_load & tmp & !icmp_ln879 & icmp_ln899 & !and_ln430 & !or_ln489) | (fsmState_4_load & tmp & !icmp_ln879 & icmp_ln899 & !and_ln430 & !or_ln488_1) | (fsmState_4_load & tmp & !icmp_ln879 & !icmp_ln899 & !or_ln430 & !or_ln489) | (fsmState_4_load & tmp & !icmp_ln879 & !icmp_ln899 & !or_ln430 & !or_ln488_1) | (fsmState_4_load & tmp & !icmp_ln879 & !icmp_ln429 & !or_ln489) | (fsmState_4_load & tmp & !icmp_ln879 & !icmp_ln429 & !or_ln488_1)> <Delay = 0.75> <Core = "Cmp">   --->   Core 25 'Cmp' <Latency = 0> <II = 1> <Delay = 0.75> <FuncUnit> <Opcode : 'icmp'> <InPorts = 2> <OutPorts = 1>
ST_1 : Operation 67 [1/1] (0.00ns) (grouped into LUT with out node empty_220)   --->   "%empty_218 = or i1 %empty_217, %empty_216" [/home/embed/Desktop/xkjiang/Github_Version/EthernetSSD-System-main/RX_receiveWriteReadRequest_genACK/hls/rocev2/../ib_transport_protocol/ib_transport_protocol.cpp:429]   --->   Operation 67 'or' 'empty_218' <Predicate = (fsmState_4_load & tmp & !icmp_ln879 & icmp_ln899 & !and_ln430 & !or_ln489) | (fsmState_4_load & tmp & !icmp_ln879 & icmp_ln899 & !and_ln430 & !or_ln488_1) | (fsmState_4_load & tmp & !icmp_ln879 & !icmp_ln899 & !or_ln430 & !or_ln489) | (fsmState_4_load & tmp & !icmp_ln879 & !icmp_ln899 & !or_ln430 & !or_ln488_1) | (fsmState_4_load & tmp & !icmp_ln879 & !icmp_ln429 & !or_ln489) | (fsmState_4_load & tmp & !icmp_ln879 & !icmp_ln429 & !or_ln488_1)> <Delay = 0.00> <Core = "LogicGate">   --->   Core 27 'LogicGate' <Latency = 0> <II = 1> <Delay = 0.28> <FuncUnit> <Opcode : 'and' 'or' 'xor'> <InPorts = 2> <OutPorts = 1>
ST_1 : Operation 68 [1/1] (0.75ns)   --->   "%empty_219 = icmp eq i5 %tmp_op_code, 12" [/home/embed/Desktop/xkjiang/Github_Version/EthernetSSD-System-main/RX_receiveWriteReadRequest_genACK/hls/rocev2/../ib_transport_protocol/ib_transport_protocol.cpp:429]   --->   Operation 68 'icmp' 'empty_219' <Predicate = (fsmState_4_load & tmp & !icmp_ln879 & icmp_ln899 & !and_ln430 & !or_ln489) | (fsmState_4_load & tmp & !icmp_ln879 & icmp_ln899 & !and_ln430 & !or_ln488_1) | (fsmState_4_load & tmp & !icmp_ln879 & !icmp_ln899 & !or_ln430 & !or_ln489) | (fsmState_4_load & tmp & !icmp_ln879 & !icmp_ln899 & !or_ln430 & !or_ln488_1) | (fsmState_4_load & tmp & !icmp_ln879 & !icmp_ln429 & !or_ln489) | (fsmState_4_load & tmp & !icmp_ln879 & !icmp_ln429 & !or_ln488_1)> <Delay = 0.75> <Core = "Cmp">   --->   Core 25 'Cmp' <Latency = 0> <II = 1> <Delay = 0.75> <FuncUnit> <Opcode : 'icmp'> <InPorts = 2> <OutPorts = 1>
ST_1 : Operation 69 [1/1] (0.28ns) (out node of the LUT)   --->   "%empty_220 = or i1 %empty_219, %empty_218" [/home/embed/Desktop/xkjiang/Github_Version/EthernetSSD-System-main/RX_receiveWriteReadRequest_genACK/hls/rocev2/../ib_transport_protocol/ib_transport_protocol.cpp:429]   --->   Operation 69 'or' 'empty_220' <Predicate = (fsmState_4_load & tmp & !icmp_ln879 & icmp_ln899 & !and_ln430 & !or_ln489) | (fsmState_4_load & tmp & !icmp_ln879 & icmp_ln899 & !and_ln430 & !or_ln488_1) | (fsmState_4_load & tmp & !icmp_ln879 & !icmp_ln899 & !or_ln430 & !or_ln489) | (fsmState_4_load & tmp & !icmp_ln879 & !icmp_ln899 & !or_ln430 & !or_ln488_1) | (fsmState_4_load & tmp & !icmp_ln879 & !icmp_ln429 & !or_ln489) | (fsmState_4_load & tmp & !icmp_ln879 & !icmp_ln429 & !or_ln488_1)> <Delay = 0.28> <Core = "LogicGate">   --->   Core 27 'LogicGate' <Latency = 0> <II = 1> <Delay = 0.28> <FuncUnit> <Opcode : 'and' 'or' 'xor'> <InPorts = 2> <OutPorts = 1>
ST_1 : Operation 70 [1/1] (0.00ns)   --->   "br i1 %empty_220, label %._crit_edge30.i, label %10" [/home/embed/Desktop/xkjiang/Github_Version/EthernetSSD-System-main/RX_receiveWriteReadRequest_genACK/hls/rocev2/../ib_transport_protocol/ib_transport_protocol.cpp:429]   --->   Operation 70 'br' <Predicate = (fsmState_4_load & tmp & !icmp_ln879 & icmp_ln899 & !and_ln430 & !or_ln489) | (fsmState_4_load & tmp & !icmp_ln879 & icmp_ln899 & !and_ln430 & !or_ln488_1) | (fsmState_4_load & tmp & !icmp_ln879 & !icmp_ln899 & !or_ln430 & !or_ln489) | (fsmState_4_load & tmp & !icmp_ln879 & !icmp_ln899 & !or_ln430 & !or_ln488_1) | (fsmState_4_load & tmp & !icmp_ln879 & !icmp_ln429 & !or_ln489) | (fsmState_4_load & tmp & !icmp_ln879 & !icmp_ln429 & !or_ln488_1)> <Delay = 0.00>
ST_1 : Operation 71 [1/1] (0.78ns)   --->   "%tmp_i_i = call i1 @_ssdm_op_Mux.ap_auto.32i1.i5(i1 false, i1 false, i1 false, i1 false, i1 false, i1 false, i1 true, i1 true, i1 true, i1 false, i1 true, i1 false, i1 false, i1 false, i1 false, i1 false, i1 false, i1 false, i1 false, i1 false, i1 false, i1 false, i1 false, i1 false, i1 true, i1 true, i1 true, i1 true, i1 false, i1 false, i1 false, i1 false, i5 %tmp_op_code) nounwind" [/home/embed/Desktop/xkjiang/Github_Version/EthernetSSD-System-main/RX_receiveWriteReadRequest_genACK/hls/rocev2/../ib_transport_protocol/ib_transport_protocol.cpp:429]   --->   Operation 71 'mux' 'tmp_i_i' <Predicate = (fsmState_4_load & tmp & !icmp_ln879 & icmp_ln899 & !and_ln430 & !or_ln489 & !empty_220) | (fsmState_4_load & tmp & !icmp_ln879 & icmp_ln899 & !and_ln430 & !or_ln488_1 & !empty_220) | (fsmState_4_load & tmp & !icmp_ln879 & !icmp_ln899 & !or_ln430 & !or_ln489 & !empty_220) | (fsmState_4_load & tmp & !icmp_ln879 & !icmp_ln899 & !or_ln430 & !or_ln488_1 & !empty_220) | (fsmState_4_load & tmp & !icmp_ln879 & !icmp_ln429 & !or_ln489 & !empty_220) | (fsmState_4_load & tmp & !icmp_ln879 & !icmp_ln429 & !or_ln488_1 & !empty_220)> <Delay = 0.78> <Core = "MuxnS">   --->   Core 31 'MuxnS' <Latency = 0> <II = 1> <Delay = 0.78> <FuncUnit> <Opcode : 'mux'> <InPorts = 2> <OutPorts = 1>
ST_1 : Operation 72 [1/1] (0.00ns)   --->   "br i1 %tmp_i_i, label %11, label %12" [/home/embed/Desktop/xkjiang/Github_Version/EthernetSSD-System-main/RX_receiveWriteReadRequest_genACK/hls/rocev2/../ib_transport_protocol/ib_transport_protocol.cpp:504]   --->   Operation 72 'br' <Predicate = (fsmState_4_load & tmp & !icmp_ln879 & icmp_ln899 & !and_ln430 & !or_ln489 & !empty_220) | (fsmState_4_load & tmp & !icmp_ln879 & icmp_ln899 & !and_ln430 & !or_ln488_1 & !empty_220) | (fsmState_4_load & tmp & !icmp_ln879 & !icmp_ln899 & !or_ln430 & !or_ln489 & !empty_220) | (fsmState_4_load & tmp & !icmp_ln879 & !icmp_ln899 & !or_ln430 & !or_ln488_1 & !empty_220) | (fsmState_4_load & tmp & !icmp_ln879 & !icmp_ln429 & !or_ln489 & !empty_220) | (fsmState_4_load & tmp & !icmp_ln879 & !icmp_ln429 & !or_ln488_1 & !empty_220)> <Delay = 0.00>
ST_1 : Operation 73 [1/1] (0.00ns)   --->   "br i1 %icmp_ln429, label %._crit_edge33.i, label %13" [/home/embed/Desktop/xkjiang/Github_Version/EthernetSSD-System-main/RX_receiveWriteReadRequest_genACK/hls/rocev2/../ib_transport_protocol/ib_transport_protocol.cpp:521]   --->   Operation 73 'br' <Predicate = (fsmState_4_load & tmp & !icmp_ln879 & icmp_ln899 & !and_ln430 & !or_ln489 & !empty_220 & !tmp_i_i) | (fsmState_4_load & tmp & !icmp_ln879 & icmp_ln899 & !and_ln430 & !or_ln488_1 & !empty_220 & !tmp_i_i) | (fsmState_4_load & tmp & !icmp_ln879 & !icmp_ln899 & !or_ln430 & !or_ln489 & !empty_220 & !tmp_i_i) | (fsmState_4_load & tmp & !icmp_ln879 & !icmp_ln899 & !or_ln430 & !or_ln488_1 & !empty_220 & !tmp_i_i) | (fsmState_4_load & tmp & !icmp_ln879 & !icmp_ln429 & !or_ln489 & !empty_220 & !tmp_i_i) | (fsmState_4_load & tmp & !icmp_ln879 & !icmp_ln429 & !or_ln488_1 & !empty_220 & !tmp_i_i)> <Delay = 0.00>
ST_1 : Operation 74 [1/1] (0.00ns)   --->   "br i1 %icmp_ln429, label %._crit_edge34.i, label %16" [/home/embed/Desktop/xkjiang/Github_Version/EthernetSSD-System-main/RX_receiveWriteReadRequest_genACK/hls/rocev2/../ib_transport_protocol/ib_transport_protocol.cpp:540]   --->   Operation 74 'br' <Predicate = (fsmState_4_load & tmp & !icmp_ln879 & icmp_ln899 & !and_ln430 & or_ln488_1 & or_ln489) | (fsmState_4_load & tmp & !icmp_ln879 & !icmp_ln899 & !or_ln430 & or_ln488_1 & or_ln489) | (fsmState_4_load & tmp & !icmp_ln879 & !icmp_ln429 & or_ln488_1 & or_ln489)> <Delay = 0.00>
ST_1 : Operation 75 [1/1] (0.58ns)   --->   "%icmp_ln879_6 = icmp eq i3 %t_V_1, -1" [/home/embed/Desktop/xkjiang/Github_Version/EthernetSSD-System-main/RX_receiveWriteReadRequest_genACK/hls/rocev2/../ib_transport_protocol/ib_transport_protocol.cpp:544]   --->   Operation 75 'icmp' 'icmp_ln879_6' <Predicate = (fsmState_4_load & tmp & !icmp_ln879 & !icmp_ln429 & or_ln488_1 & or_ln489)> <Delay = 0.58> <Core = "Cmp">   --->   Core 25 'Cmp' <Latency = 0> <II = 1> <Delay = 0.75> <FuncUnit> <Opcode : 'icmp'> <InPorts = 2> <OutPorts = 1>
ST_1 : Operation 76 [1/1] (0.65ns)   --->   "br i1 %icmp_ln879_6, label %17, label %._crit_edge35.i" [/home/embed/Desktop/xkjiang/Github_Version/EthernetSSD-System-main/RX_receiveWriteReadRequest_genACK/hls/rocev2/../ib_transport_protocol/ib_transport_protocol.cpp:544]   --->   Operation 76 'br' <Predicate = (fsmState_4_load & tmp & !icmp_ln879 & !icmp_ln429 & or_ln488_1 & or_ln489)> <Delay = 0.65>
ST_1 : Operation 77 [1/1] (0.65ns)   --->   "br label %._crit_edge35.i" [/home/embed/Desktop/xkjiang/Github_Version/EthernetSSD-System-main/RX_receiveWriteReadRequest_genACK/hls/rocev2/../ib_transport_protocol/ib_transport_protocol.cpp:556]   --->   Operation 77 'br' <Predicate = (fsmState_4_load & tmp & !icmp_ln879 & !icmp_ln429 & or_ln488_1 & or_ln489 & icmp_ln879_6)> <Delay = 0.65>
ST_1 : Operation 78 [1/1] (0.75ns)   --->   "%empty = icmp eq i5 %tmp_op_code, -3" [/home/embed/Desktop/xkjiang/Github_Version/EthernetSSD-System-main/RX_receiveWriteReadRequest_genACK/hls/rocev2/../ib_transport_protocol/ib_transport_protocol.cpp:429]   --->   Operation 78 'icmp' 'empty' <Predicate = (fsmState_4_load & tmp & icmp_ln429 & icmp_ln899 & and_ln430) | (fsmState_4_load & tmp & icmp_ln429 & !icmp_ln899 & or_ln430) | (fsmState_4_load & tmp & icmp_ln879)> <Delay = 0.75> <Core = "Cmp">   --->   Core 25 'Cmp' <Latency = 0> <II = 1> <Delay = 0.75> <FuncUnit> <Opcode : 'icmp'> <InPorts = 2> <OutPorts = 1>
ST_1 : Operation 79 [1/1] (0.75ns)   --->   "%empty_210 = icmp eq i5 %tmp_op_code, -4" [/home/embed/Desktop/xkjiang/Github_Version/EthernetSSD-System-main/RX_receiveWriteReadRequest_genACK/hls/rocev2/../ib_transport_protocol/ib_transport_protocol.cpp:429]   --->   Operation 79 'icmp' 'empty_210' <Predicate = (fsmState_4_load & tmp & icmp_ln429 & icmp_ln899 & and_ln430) | (fsmState_4_load & tmp & icmp_ln429 & !icmp_ln899 & or_ln430) | (fsmState_4_load & tmp & icmp_ln879)> <Delay = 0.75> <Core = "Cmp">   --->   Core 25 'Cmp' <Latency = 0> <II = 1> <Delay = 0.75> <FuncUnit> <Opcode : 'icmp'> <InPorts = 2> <OutPorts = 1>
ST_1 : Operation 80 [1/1] (0.00ns) (grouped into LUT with out node empty_215)   --->   "%empty_211 = or i1 %empty_210, %empty" [/home/embed/Desktop/xkjiang/Github_Version/EthernetSSD-System-main/RX_receiveWriteReadRequest_genACK/hls/rocev2/../ib_transport_protocol/ib_transport_protocol.cpp:429]   --->   Operation 80 'or' 'empty_211' <Predicate = (fsmState_4_load & tmp & icmp_ln429 & icmp_ln899 & and_ln430) | (fsmState_4_load & tmp & icmp_ln429 & !icmp_ln899 & or_ln430) | (fsmState_4_load & tmp & icmp_ln879)> <Delay = 0.00> <Core = "LogicGate">   --->   Core 27 'LogicGate' <Latency = 0> <II = 1> <Delay = 0.28> <FuncUnit> <Opcode : 'and' 'or' 'xor'> <InPorts = 2> <OutPorts = 1>
ST_1 : Operation 81 [1/1] (0.75ns)   --->   "%empty_212 = icmp eq i5 %tmp_op_code, -15" [/home/embed/Desktop/xkjiang/Github_Version/EthernetSSD-System-main/RX_receiveWriteReadRequest_genACK/hls/rocev2/../ib_transport_protocol/ib_transport_protocol.cpp:429]   --->   Operation 81 'icmp' 'empty_212' <Predicate = (fsmState_4_load & tmp & icmp_ln429 & icmp_ln899 & and_ln430) | (fsmState_4_load & tmp & icmp_ln429 & !icmp_ln899 & or_ln430) | (fsmState_4_load & tmp & icmp_ln879)> <Delay = 0.75> <Core = "Cmp">   --->   Core 25 'Cmp' <Latency = 0> <II = 1> <Delay = 0.75> <FuncUnit> <Opcode : 'icmp'> <InPorts = 2> <OutPorts = 1>
ST_1 : Operation 82 [1/1] (0.00ns) (grouped into LUT with out node empty_215)   --->   "%empty_213 = or i1 %empty_212, %empty_211" [/home/embed/Desktop/xkjiang/Github_Version/EthernetSSD-System-main/RX_receiveWriteReadRequest_genACK/hls/rocev2/../ib_transport_protocol/ib_transport_protocol.cpp:429]   --->   Operation 82 'or' 'empty_213' <Predicate = (fsmState_4_load & tmp & icmp_ln429 & icmp_ln899 & and_ln430) | (fsmState_4_load & tmp & icmp_ln429 & !icmp_ln899 & or_ln430) | (fsmState_4_load & tmp & icmp_ln879)> <Delay = 0.00> <Core = "LogicGate">   --->   Core 27 'LogicGate' <Latency = 0> <II = 1> <Delay = 0.28> <FuncUnit> <Opcode : 'and' 'or' 'xor'> <InPorts = 2> <OutPorts = 1>
ST_1 : Operation 83 [1/1] (0.75ns)   --->   "%empty_214 = icmp eq i5 %tmp_op_code, 12" [/home/embed/Desktop/xkjiang/Github_Version/EthernetSSD-System-main/RX_receiveWriteReadRequest_genACK/hls/rocev2/../ib_transport_protocol/ib_transport_protocol.cpp:429]   --->   Operation 83 'icmp' 'empty_214' <Predicate = (fsmState_4_load & tmp & icmp_ln429 & icmp_ln899 & and_ln430) | (fsmState_4_load & tmp & icmp_ln429 & !icmp_ln899 & or_ln430) | (fsmState_4_load & tmp & icmp_ln879)> <Delay = 0.75> <Core = "Cmp">   --->   Core 25 'Cmp' <Latency = 0> <II = 1> <Delay = 0.75> <FuncUnit> <Opcode : 'icmp'> <InPorts = 2> <OutPorts = 1>
ST_1 : Operation 84 [1/1] (0.28ns) (out node of the LUT)   --->   "%empty_215 = or i1 %empty_214, %empty_213" [/home/embed/Desktop/xkjiang/Github_Version/EthernetSSD-System-main/RX_receiveWriteReadRequest_genACK/hls/rocev2/../ib_transport_protocol/ib_transport_protocol.cpp:429]   --->   Operation 84 'or' 'empty_215' <Predicate = (fsmState_4_load & tmp & icmp_ln429 & icmp_ln899 & and_ln430) | (fsmState_4_load & tmp & icmp_ln429 & !icmp_ln899 & or_ln430) | (fsmState_4_load & tmp & icmp_ln879)> <Delay = 0.28> <Core = "LogicGate">   --->   Core 27 'LogicGate' <Latency = 0> <II = 1> <Delay = 0.28> <FuncUnit> <Opcode : 'and' 'or' 'xor'> <InPorts = 2> <OutPorts = 1>
ST_1 : Operation 85 [1/1] (0.00ns)   --->   "br i1 %empty_215, label %._crit_edge17.i, label %8" [/home/embed/Desktop/xkjiang/Github_Version/EthernetSSD-System-main/RX_receiveWriteReadRequest_genACK/hls/rocev2/../ib_transport_protocol/ib_transport_protocol.cpp:429]   --->   Operation 85 'br' <Predicate = (fsmState_4_load & tmp & icmp_ln429 & icmp_ln899 & and_ln430) | (fsmState_4_load & tmp & icmp_ln429 & !icmp_ln899 & or_ln430) | (fsmState_4_load & tmp & icmp_ln879)> <Delay = 0.00>
ST_1 : Operation 86 [1/1] (0.00ns)   --->   "br i1 %emeta_isNak_load, label %._crit_edge21.i, label %9" [/home/embed/Desktop/xkjiang/Github_Version/EthernetSSD-System-main/RX_receiveWriteReadRequest_genACK/hls/rocev2/../ib_transport_protocol/ib_transport_protocol.cpp:446]   --->   Operation 86 'br' <Predicate = (fsmState_4_load & tmp & icmp_ln429 & icmp_ln899 & and_ln430) | (fsmState_4_load & tmp & icmp_ln429 & !icmp_ln899 & or_ln430) | (fsmState_4_load & tmp & icmp_ln879)> <Delay = 0.00>
ST_1 : Operation 87 [1/1] (0.65ns)   --->   "store i1 false, i1* @fsmState_4, align 1" [/home/embed/Desktop/xkjiang/Github_Version/EthernetSSD-System-main/RX_receiveWriteReadRequest_genACK/hls/rocev2/../ib_transport_protocol/ib_transport_protocol.cpp:562]   --->   Operation 87 'store' <Predicate = (fsmState_4_load & tmp)> <Delay = 0.65>

State 2 <SV = 1> <Delay = 2.77>
ST_2 : Operation 88 [1/1] (0.00ns)   --->   "call void (...)* @_ssdm_op_SpecInterface(i45* @rxIbh2stateTable_upd_1, [8 x i8]* @ap_fifo_str, i32 0, i32 0, [1 x i8]* @p_str, i32 0, i32 0, [1 x i8]* @p_str, [1 x i8]* @p_str, [1 x i8]* @p_str, i32 2, i32 2, i32 16, i32 16, [1 x i8]* @p_str, [1 x i8]* @p_str)"   --->   Operation 88 'specinterface' <Predicate = true> <Delay = 0.00>
ST_2 : Operation 89 [1/1] (0.00ns)   --->   "call void (...)* @_ssdm_op_SpecInterface(i23* @rx_exhMetaFifo_V, [8 x i8]* @ap_fifo_str, i32 0, i32 0, [1 x i8]* @p_str, i32 0, i32 0, [1 x i8]* @p_str, [1 x i8]* @p_str, [1 x i8]* @p_str, i32 2, i32 2, i32 16, i32 16, [1 x i8]* @p_str, [1 x i8]* @p_str)"   --->   Operation 89 'specinterface' <Predicate = true> <Delay = 0.00>
ST_2 : Operation 90 [1/1] (0.00ns)   --->   "call void (...)* @_ssdm_op_SpecInterface(i92* @rx_fsm2exh_MetaFifo_s_11, [8 x i8]* @ap_fifo_str, i32 0, i32 0, [1 x i8]* @p_str, i32 0, i32 0, [1 x i8]* @p_str, [1 x i8]* @p_str, [1 x i8]* @p_str, i32 2, i32 2, i32 16, i32 16, [1 x i8]* @p_str, [1 x i8]* @p_str)"   --->   Operation 90 'specinterface' <Predicate = true> <Delay = 0.00>
ST_2 : Operation 91 [1/1] (0.00ns)   --->   "call void (...)* @_ssdm_op_SpecInterface(i92* @rx_ibh2fsm_MetaFifo_s_9, [8 x i8]* @ap_fifo_str, i32 0, i32 0, [1 x i8]* @p_str, i32 0, i32 0, [1 x i8]* @p_str, [1 x i8]* @p_str, [1 x i8]* @p_str, i32 2, i32 2, i32 16, i32 16, [1 x i8]* @p_str, [1 x i8]* @p_str)"   --->   Operation 91 'specinterface' <Predicate = true> <Delay = 0.00>
ST_2 : Operation 92 [1/1] (0.00ns)   --->   "call void (...)* @_ssdm_op_SpecInterface(i1* @rx_ibhDropFifo_V, [8 x i8]* @ap_fifo_str, i32 0, i32 0, [1 x i8]* @p_str, i32 0, i32 0, [1 x i8]* @p_str, [1 x i8]* @p_str, [1 x i8]* @p_str, i32 2, i32 2, i32 16, i32 16, [1 x i8]* @p_str, [1 x i8]* @p_str)"   --->   Operation 92 'specinterface' <Predicate = true> <Delay = 0.00>
ST_2 : Operation 93 [1/1] (0.00ns)   --->   "call void (...)* @_ssdm_op_SpecInterface(i2* @rx_ibhDropMetaFifo_V, [8 x i8]* @ap_fifo_str, i32 0, i32 0, [1 x i8]* @p_str, i32 0, i32 0, [1 x i8]* @p_str, [1 x i8]* @p_str, [1 x i8]* @p_str, i32 2, i32 2, i32 16, i32 16, [1 x i8]* @p_str, [1 x i8]* @p_str)"   --->   Operation 93 'specinterface' <Predicate = true> <Delay = 0.00>
ST_2 : Operation 94 [1/1] (0.00ns)   --->   "call void (...)* @_ssdm_op_SpecInterface(i50* @rx_ibhEventFifo_V, [8 x i8]* @ap_fifo_str, i32 0, i32 0, [1 x i8]* @p_str, i32 0, i32 0, [1 x i8]* @p_str, [1 x i8]* @p_str, [1 x i8]* @p_str, i32 2, i32 2, i32 16, i32 16, [1 x i8]* @p_str, [1 x i8]* @p_str)"   --->   Operation 94 'specinterface' <Predicate = true> <Delay = 0.00>
ST_2 : Operation 95 [1/1] (0.00ns)   --->   "call void (...)* @_ssdm_op_SpecInterface(i75* @stateTable2rxIbh_rsp_1, [8 x i8]* @ap_fifo_str, i32 0, i32 0, [1 x i8]* @p_str, i32 0, i32 0, [1 x i8]* @p_str, [1 x i8]* @p_str, [1 x i8]* @p_str, i32 2, i32 2, i32 16, i32 16, [1 x i8]* @p_str, [1 x i8]* @p_str)"   --->   Operation 95 'specinterface' <Predicate = true> <Delay = 0.00>
ST_2 : Operation 96 [1/1] (0.00ns)   --->   "call void (...)* @_ssdm_op_SpecPipeline(i32 1, i32 1, i32 1, i32 0, [1 x i8]* @p_str112) nounwind" [/home/embed/Desktop/xkjiang/Github_Version/EthernetSSD-System-main/RX_receiveWriteReadRequest_genACK/hls/rocev2/../ib_transport_protocol/ib_transport_protocol.cpp:369]   --->   Operation 96 'specpipeline' <Predicate = true> <Delay = 0.00>
ST_2 : Operation 97 [1/1] (0.00ns)   --->   "%tmp_partition_key_V = load i16* @meta_partition_key_V, align 2" [/home/embed/Desktop/xkjiang/Github_Version/EthernetSSD-System-main/RX_receiveWriteReadRequest_genACK/hls/rocev2/../ib_transport_protocol/ib_transport_protocol.cpp:443]   --->   Operation 97 'load' 'tmp_partition_key_V' <Predicate = true> <Delay = 0.00>
ST_2 : Operation 98 [1/1] (0.00ns)   --->   "%tmp_dest_qp_V = load i24* @meta_dest_qp_V, align 4" [/home/embed/Desktop/xkjiang/Github_Version/EthernetSSD-System-main/RX_receiveWriteReadRequest_genACK/hls/rocev2/../ib_transport_protocol/ib_transport_protocol.cpp:390]   --->   Operation 98 'load' 'tmp_dest_qp_V' <Predicate = true> <Delay = 0.00>
ST_2 : Operation 99 [1/1] (0.00ns)   --->   "%tmp_validPSN = load i1* @meta_validPSN, align 1" [/home/embed/Desktop/xkjiang/Github_Version/EthernetSSD-System-main/RX_receiveWriteReadRequest_genACK/hls/rocev2/../ib_transport_protocol/ib_transport_protocol.cpp:443]   --->   Operation 99 'load' 'tmp_validPSN' <Predicate = true> <Delay = 0.00>
ST_2 : Operation 100 [1/1] (0.00ns)   --->   "%tmp_numPkg_V = load i22* @meta_numPkg_V, align 4" [/home/embed/Desktop/xkjiang/Github_Version/EthernetSSD-System-main/RX_receiveWriteReadRequest_genACK/hls/rocev2/../ib_transport_protocol/ib_transport_protocol.cpp:443]   --->   Operation 100 'load' 'tmp_numPkg_V' <Predicate = true> <Delay = 0.00>
ST_2 : Operation 101 [1/1] (0.00ns)   --->   "store i16 %tmp_partition_key_V_s, i16* @meta_partition_key_V, align 2" [/home/embed/Desktop/xkjiang/Github_Version/EthernetSSD-System-main/RX_receiveWriteReadRequest_genACK/hls/rocev2/../ib_transport_protocol/ib_transport_protocol.hpp:380->/home/embed/Desktop/xkjiang/Github_Version/EthernetSSD-System-main/RX_receiveWriteReadRequest_genACK/hls/rocev2/../ib_transport_protocol/ib_transport_protocol.cpp:386]   --->   Operation 101 'store' <Predicate = (!fsmState_4_load & tmp_26 & tmp_27)> <Delay = 0.00>
ST_2 : Operation 102 [1/1] (0.00ns)   --->   "store i24 %tmp_dest_qp_V_load_n, i24* @meta_dest_qp_V, align 4" [/home/embed/Desktop/xkjiang/Github_Version/EthernetSSD-System-main/RX_receiveWriteReadRequest_genACK/hls/rocev2/../ib_transport_protocol/ib_transport_protocol.hpp:380->/home/embed/Desktop/xkjiang/Github_Version/EthernetSSD-System-main/RX_receiveWriteReadRequest_genACK/hls/rocev2/../ib_transport_protocol/ib_transport_protocol.cpp:386]   --->   Operation 102 'store' <Predicate = (!fsmState_4_load & tmp_26 & tmp_27)> <Delay = 0.00>
ST_2 : Operation 103 [1/1] (0.00ns)   --->   "store i1 %tmp_28, i1* @meta_validPSN, align 4" [/home/embed/Desktop/xkjiang/Github_Version/EthernetSSD-System-main/RX_receiveWriteReadRequest_genACK/hls/rocev2/../ib_transport_protocol/ib_transport_protocol.hpp:380->/home/embed/Desktop/xkjiang/Github_Version/EthernetSSD-System-main/RX_receiveWriteReadRequest_genACK/hls/rocev2/../ib_transport_protocol/ib_transport_protocol.cpp:386]   --->   Operation 103 'store' <Predicate = (!fsmState_4_load & tmp_26 & tmp_27)> <Delay = 0.00>
ST_2 : Operation 104 [1/1] (0.00ns)   --->   "store i22 %tmp_numPkg_V_load_ne, i22* @meta_numPkg_V, align 4" [/home/embed/Desktop/xkjiang/Github_Version/EthernetSSD-System-main/RX_receiveWriteReadRequest_genACK/hls/rocev2/../ib_transport_protocol/ib_transport_protocol.hpp:380->/home/embed/Desktop/xkjiang/Github_Version/EthernetSSD-System-main/RX_receiveWriteReadRequest_genACK/hls/rocev2/../ib_transport_protocol/ib_transport_protocol.cpp:386]   --->   Operation 104 'store' <Predicate = (!fsmState_4_load & tmp_26 & tmp_27)> <Delay = 0.00>
ST_2 : Operation 105 [1/1] (0.00ns)   --->   "%tmp_2 = call i45 @llvm.part.set.i45.i16(i45 undef, i16 %tmp_qpn_V, i32 0, i32 15)" [/home/embed/Desktop/xkjiang/Github_Version/EthernetSSD-System-main/RX_receiveWriteReadRequest_genACK/hls/rocev2/../ib_transport_protocol/ib_transport_protocol.cpp:390]   --->   Operation 105 'partset' 'tmp_2' <Predicate = (!fsmState_4_load & tmp_26 & tmp_27)> <Delay = 0.00>
ST_2 : Operation 106 [1/1] (0.00ns)   --->   "%tmp_18_i = call i2 @_ssdm_op_BitConcatenate.i2.i1.i1(i1 false, i1 %tmp_isResponse)" [/home/embed/Desktop/xkjiang/Github_Version/EthernetSSD-System-main/RX_receiveWriteReadRequest_genACK/hls/rocev2/../ib_transport_protocol/ib_transport_protocol.cpp:390]   --->   Operation 106 'bitconcatenate' 'tmp_18_i' <Predicate = (!fsmState_4_load & tmp_26 & tmp_27)> <Delay = 0.00>
ST_2 : Operation 107 [1/1] (0.00ns)   --->   "%tmp_2_2 = call i45 @_ssdm_op_PartSet.i45.i45.i2.i32.i32(i45 %tmp_2, i2 %tmp_18_i, i32 43, i32 44)" [/home/embed/Desktop/xkjiang/Github_Version/EthernetSSD-System-main/RX_receiveWriteReadRequest_genACK/hls/rocev2/../ib_transport_protocol/ib_transport_protocol.cpp:390]   --->   Operation 107 'partset' 'tmp_2_2' <Predicate = (!fsmState_4_load & tmp_26 & tmp_27)> <Delay = 0.00>
ST_2 : Operation 108 [1/1] (1.83ns)   --->   "call void @_ssdm_op_Write.ap_fifo.volatile.i45P(i45* @rxIbh2stateTable_upd_1, i45 %tmp_2_2)" [/home/embed/Desktop/xkjiang/Github_Version/EthernetSSD-System-main/RX_receiveWriteReadRequest_genACK/hls/rocev2/../ib_transport_protocol/ib_transport_protocol.cpp:390]   --->   Operation 108 'write' <Predicate = (!fsmState_4_load & tmp_26 & tmp_27)> <Delay = 1.83> <Core = "FIFO">   --->   Core 32 'FIFO' <Latency = 0> <II = 1> <Delay = 1.83> <Storage> <Opcode : 'read' 'write' 'nbread' 'nbwrite'> <Ports = 0> <Width = 45> <Depth = 2> <FIFO>
ST_2 : Operation 109 [1/1] (0.00ns)   --->   "br label %._crit_edge4.i" [/home/embed/Desktop/xkjiang/Github_Version/EthernetSSD-System-main/RX_receiveWriteReadRequest_genACK/hls/rocev2/../ib_transport_protocol/ib_transport_protocol.cpp:392]   --->   Operation 109 'br' <Predicate = (!fsmState_4_load & tmp_26 & tmp_27)> <Delay = 0.00>
ST_2 : Operation 110 [1/1] (0.00ns)   --->   "br label %rx_ibh_fsm.exit" [/home/embed/Desktop/xkjiang/Github_Version/EthernetSSD-System-main/RX_receiveWriteReadRequest_genACK/hls/rocev2/../ib_transport_protocol/ib_transport_protocol.cpp:393]   --->   Operation 110 'br' <Predicate = (!fsmState_4_load)> <Delay = 0.00>
ST_2 : Operation 111 [1/1] (0.00ns)   --->   "%t_V = load i32* @droppedPackets_V, align 4" [/home/embed/Desktop/xkjiang/Github_Version/EthernetSSD-System-main/RX_receiveWriteReadRequest_genACK/hls/rocev2/../ib_transport_protocol/ib_transport_protocol.cpp:509]   --->   Operation 111 'load' 't_V' <Predicate = (fsmState_4_load & tmp & !icmp_ln879 & icmp_ln899 & !and_ln430) | (fsmState_4_load & tmp & !icmp_ln879 & !icmp_ln899 & !or_ln430) | (fsmState_4_load & tmp & !icmp_ln879 & !icmp_ln429)> <Delay = 0.00>
ST_2 : Operation 112 [1/1] (1.83ns)   --->   "call void @_ssdm_op_Write.ap_fifo.volatile.i1P(i1* @rx_ibhDropFifo_V, i1 true)" [/home/embed/Desktop/xkjiang/Github_Version/EthernetSSD-System-main/RX_receiveWriteReadRequest_genACK/hls/rocev2/../ib_transport_protocol/ib_transport_protocol.cpp:523]   --->   Operation 112 'write' <Predicate = (fsmState_4_load & tmp & !icmp_ln879 & !icmp_ln429 & !or_ln489 & !empty_220 & !tmp_i_i) | (fsmState_4_load & tmp & !icmp_ln879 & !icmp_ln429 & !or_ln488_1 & !empty_220 & !tmp_i_i)> <Delay = 1.83> <Core = "FIFO">   --->   Core 32 'FIFO' <Latency = 0> <II = 1> <Delay = 1.83> <Storage> <Opcode : 'read' 'write' 'nbread' 'nbwrite'> <Ports = 0> <Width = 45> <Depth = 2> <FIFO>
ST_2 : Operation 113 [1/1] (0.00ns)   --->   "br label %._crit_edge33.i" [/home/embed/Desktop/xkjiang/Github_Version/EthernetSSD-System-main/RX_receiveWriteReadRequest_genACK/hls/rocev2/../ib_transport_protocol/ib_transport_protocol.cpp:524]   --->   Operation 113 'br' <Predicate = (fsmState_4_load & tmp & !icmp_ln879 & !icmp_ln429 & !or_ln489 & !empty_220 & !tmp_i_i) | (fsmState_4_load & tmp & !icmp_ln879 & !icmp_ln429 & !or_ln488_1 & !empty_220 & !tmp_i_i)> <Delay = 0.00>
ST_2 : Operation 114 [1/1] (1.83ns)   --->   "call void @_ssdm_op_Write.ap_fifo.volatile.i2P(i2* @rx_ibhDropMetaFifo_V, i2 1)" [/home/embed/Desktop/xkjiang/Github_Version/EthernetSSD-System-main/RX_receiveWriteReadRequest_genACK/hls/rocev2/../ib_transport_protocol/ib_transport_protocol.cpp:525]   --->   Operation 114 'write' <Predicate = (fsmState_4_load & tmp & !icmp_ln879 & icmp_ln899 & !and_ln430 & !or_ln489 & !empty_220 & !tmp_i_i) | (fsmState_4_load & tmp & !icmp_ln879 & icmp_ln899 & !and_ln430 & !or_ln488_1 & !empty_220 & !tmp_i_i) | (fsmState_4_load & tmp & !icmp_ln879 & !icmp_ln899 & !or_ln430 & !or_ln489 & !empty_220 & !tmp_i_i) | (fsmState_4_load & tmp & !icmp_ln879 & !icmp_ln899 & !or_ln430 & !or_ln488_1 & !empty_220 & !tmp_i_i) | (fsmState_4_load & tmp & !icmp_ln879 & !icmp_ln429 & !or_ln489 & !empty_220 & !tmp_i_i) | (fsmState_4_load & tmp & !icmp_ln879 & !icmp_ln429 & !or_ln488_1 & !empty_220 & !tmp_i_i)> <Delay = 1.83> <Core = "FIFO">   --->   Core 32 'FIFO' <Latency = 0> <II = 1> <Delay = 1.83> <Storage> <Opcode : 'read' 'write' 'nbread' 'nbwrite'> <Ports = 0> <Width = 45> <Depth = 2> <FIFO>
ST_2 : Operation 115 [1/1] (0.00ns)   --->   "br label %14"   --->   Operation 115 'br' <Predicate = (fsmState_4_load & tmp & !icmp_ln879 & icmp_ln899 & !and_ln430 & !or_ln489 & !empty_220 & !tmp_i_i) | (fsmState_4_load & tmp & !icmp_ln879 & icmp_ln899 & !and_ln430 & !or_ln488_1 & !empty_220 & !tmp_i_i) | (fsmState_4_load & tmp & !icmp_ln879 & !icmp_ln899 & !or_ln430 & !or_ln489 & !empty_220 & !tmp_i_i) | (fsmState_4_load & tmp & !icmp_ln879 & !icmp_ln899 & !or_ln430 & !or_ln488_1 & !empty_220 & !tmp_i_i) | (fsmState_4_load & tmp & !icmp_ln879 & !icmp_ln429 & !or_ln489 & !empty_220 & !tmp_i_i) | (fsmState_4_load & tmp & !icmp_ln879 & !icmp_ln429 & !or_ln488_1 & !empty_220 & !tmp_i_i)> <Delay = 0.00>
ST_2 : Operation 116 [1/1] (0.00ns)   --->   "%tmp_9 = call i50 @_ssdm_op_BitConcatenate.i50.i26.i24(i26 0, i24 %tmp_dest_qp_V)" [/home/embed/Desktop/xkjiang/Github_Version/EthernetSSD-System-main/RX_receiveWriteReadRequest_genACK/hls/rocev2/../ib_transport_protocol/ib_transport_protocol.cpp:507]   --->   Operation 116 'bitconcatenate' 'tmp_9' <Predicate = (fsmState_4_load & tmp & !icmp_ln879 & icmp_ln899 & !and_ln430 & !or_ln489 & !empty_220 & tmp_i_i) | (fsmState_4_load & tmp & !icmp_ln879 & icmp_ln899 & !and_ln430 & !or_ln488_1 & !empty_220 & tmp_i_i) | (fsmState_4_load & tmp & !icmp_ln879 & !icmp_ln899 & !or_ln430 & !or_ln489 & !empty_220 & tmp_i_i) | (fsmState_4_load & tmp & !icmp_ln879 & !icmp_ln899 & !or_ln430 & !or_ln488_1 & !empty_220 & tmp_i_i) | (fsmState_4_load & tmp & !icmp_ln879 & !icmp_ln429 & !or_ln489 & !empty_220 & tmp_i_i) | (fsmState_4_load & tmp & !icmp_ln879 & !icmp_ln429 & !or_ln488_1 & !empty_220 & tmp_i_i)> <Delay = 0.00>
ST_2 : Operation 117 [1/1] (1.83ns)   --->   "call void @_ssdm_op_Write.ap_fifo.volatile.i50P(i50* @rx_ibhEventFifo_V, i50 %tmp_9)" [/home/embed/Desktop/xkjiang/Github_Version/EthernetSSD-System-main/RX_receiveWriteReadRequest_genACK/hls/rocev2/../ib_transport_protocol/ib_transport_protocol.cpp:507]   --->   Operation 117 'write' <Predicate = (fsmState_4_load & tmp & !icmp_ln879 & icmp_ln899 & !and_ln430 & !or_ln489 & !empty_220 & tmp_i_i) | (fsmState_4_load & tmp & !icmp_ln879 & icmp_ln899 & !and_ln430 & !or_ln488_1 & !empty_220 & tmp_i_i) | (fsmState_4_load & tmp & !icmp_ln879 & !icmp_ln899 & !or_ln430 & !or_ln489 & !empty_220 & tmp_i_i) | (fsmState_4_load & tmp & !icmp_ln879 & !icmp_ln899 & !or_ln430 & !or_ln488_1 & !empty_220 & tmp_i_i) | (fsmState_4_load & tmp & !icmp_ln879 & !icmp_ln429 & !or_ln489 & !empty_220 & tmp_i_i) | (fsmState_4_load & tmp & !icmp_ln879 & !icmp_ln429 & !or_ln488_1 & !empty_220 & tmp_i_i)> <Delay = 1.83> <Core = "FIFO">   --->   Core 32 'FIFO' <Latency = 0> <II = 1> <Delay = 1.83> <Storage> <Opcode : 'read' 'write' 'nbread' 'nbwrite'> <Ports = 0> <Width = 45> <Depth = 2> <FIFO>
ST_2 : Operation 118 [1/1] (1.01ns)   --->   "%add_ln700_6 = add i32 %t_V, 1" [/home/embed/Desktop/xkjiang/Github_Version/EthernetSSD-System-main/RX_receiveWriteReadRequest_genACK/hls/rocev2/../ib_transport_protocol/ib_transport_protocol.cpp:509]   --->   Operation 118 'add' 'add_ln700_6' <Predicate = (fsmState_4_load & tmp & !icmp_ln879 & icmp_ln899 & !and_ln430 & !or_ln489 & !empty_220 & tmp_i_i) | (fsmState_4_load & tmp & !icmp_ln879 & icmp_ln899 & !and_ln430 & !or_ln488_1 & !empty_220 & tmp_i_i) | (fsmState_4_load & tmp & !icmp_ln879 & !icmp_ln899 & !or_ln430 & !or_ln489 & !empty_220 & tmp_i_i) | (fsmState_4_load & tmp & !icmp_ln879 & !icmp_ln899 & !or_ln430 & !or_ln488_1 & !empty_220 & tmp_i_i) | (fsmState_4_load & tmp & !icmp_ln879 & !icmp_ln429 & !or_ln489 & !empty_220 & tmp_i_i) | (fsmState_4_load & tmp & !icmp_ln879 & !icmp_ln429 & !or_ln488_1 & !empty_220 & tmp_i_i)> <Delay = 1.01> <Core = "AddSub">   --->   Core 14 'AddSub' <Latency = 0> <II = 1> <Delay = 0.93> <FuncUnit> <Opcode : 'add' 'sub'> <InPorts = 2> <OutPorts = 1>
ST_2 : Operation 119 [1/1] (0.65ns)   --->   "store i32 %add_ln700_6, i32* @droppedPackets_V, align 4" [/home/embed/Desktop/xkjiang/Github_Version/EthernetSSD-System-main/RX_receiveWriteReadRequest_genACK/hls/rocev2/../ib_transport_protocol/ib_transport_protocol.cpp:509]   --->   Operation 119 'store' <Predicate = (fsmState_4_load & tmp & !icmp_ln879 & icmp_ln899 & !and_ln430 & !or_ln489 & !empty_220 & tmp_i_i) | (fsmState_4_load & tmp & !icmp_ln879 & icmp_ln899 & !and_ln430 & !or_ln488_1 & !empty_220 & tmp_i_i) | (fsmState_4_load & tmp & !icmp_ln879 & !icmp_ln899 & !or_ln430 & !or_ln489 & !empty_220 & tmp_i_i) | (fsmState_4_load & tmp & !icmp_ln879 & !icmp_ln899 & !or_ln430 & !or_ln488_1 & !empty_220 & tmp_i_i) | (fsmState_4_load & tmp & !icmp_ln879 & !icmp_ln429 & !or_ln489 & !empty_220 & tmp_i_i) | (fsmState_4_load & tmp & !icmp_ln879 & !icmp_ln429 & !or_ln488_1 & !empty_220 & tmp_i_i)> <Delay = 0.65>
ST_2 : Operation 120 [1/1] (0.00ns)   --->   "call void @_ssdm_op_Write.ap_auto.i32P(i32* %regInvalidPsnDropCount_V, i32 %add_ln700_6)" [/home/embed/Desktop/xkjiang/Github_Version/EthernetSSD-System-main/RX_receiveWriteReadRequest_genACK/hls/rocev2/../ib_transport_protocol/ib_transport_protocol.cpp:510]   --->   Operation 120 'write' <Predicate = (fsmState_4_load & tmp & !icmp_ln879 & icmp_ln899 & !and_ln430 & !or_ln489 & !empty_220 & tmp_i_i) | (fsmState_4_load & tmp & !icmp_ln879 & icmp_ln899 & !and_ln430 & !or_ln488_1 & !empty_220 & tmp_i_i) | (fsmState_4_load & tmp & !icmp_ln879 & !icmp_ln899 & !or_ln430 & !or_ln489 & !empty_220 & tmp_i_i) | (fsmState_4_load & tmp & !icmp_ln879 & !icmp_ln899 & !or_ln430 & !or_ln488_1 & !empty_220 & tmp_i_i) | (fsmState_4_load & tmp & !icmp_ln879 & !icmp_ln429 & !or_ln489 & !empty_220 & tmp_i_i) | (fsmState_4_load & tmp & !icmp_ln879 & !icmp_ln429 & !or_ln488_1 & !empty_220 & tmp_i_i)> <Delay = 0.00>
ST_2 : Operation 121 [1/1] (1.83ns)   --->   "call void @_ssdm_op_Write.ap_fifo.volatile.i1P(i1* @rx_ibhDropFifo_V, i1 true)" [/home/embed/Desktop/xkjiang/Github_Version/EthernetSSD-System-main/RX_receiveWriteReadRequest_genACK/hls/rocev2/../ib_transport_protocol/ib_transport_protocol.cpp:511]   --->   Operation 121 'write' <Predicate = (fsmState_4_load & tmp & !icmp_ln879 & icmp_ln899 & !and_ln430 & !or_ln489 & !empty_220 & tmp_i_i) | (fsmState_4_load & tmp & !icmp_ln879 & icmp_ln899 & !and_ln430 & !or_ln488_1 & !empty_220 & tmp_i_i) | (fsmState_4_load & tmp & !icmp_ln879 & !icmp_ln899 & !or_ln430 & !or_ln489 & !empty_220 & tmp_i_i) | (fsmState_4_load & tmp & !icmp_ln879 & !icmp_ln899 & !or_ln430 & !or_ln488_1 & !empty_220 & tmp_i_i) | (fsmState_4_load & tmp & !icmp_ln879 & !icmp_ln429 & !or_ln489 & !empty_220 & tmp_i_i) | (fsmState_4_load & tmp & !icmp_ln879 & !icmp_ln429 & !or_ln488_1 & !empty_220 & tmp_i_i)> <Delay = 1.83> <Core = "FIFO">   --->   Core 32 'FIFO' <Latency = 0> <II = 1> <Delay = 1.83> <Storage> <Opcode : 'read' 'write' 'nbread' 'nbwrite'> <Ports = 0> <Width = 45> <Depth = 2> <FIFO>
ST_2 : Operation 122 [1/1] (1.83ns)   --->   "call void @_ssdm_op_Write.ap_fifo.volatile.i2P(i2* @rx_ibhDropMetaFifo_V, i2 -2)" [/home/embed/Desktop/xkjiang/Github_Version/EthernetSSD-System-main/RX_receiveWriteReadRequest_genACK/hls/rocev2/../ib_transport_protocol/ib_transport_protocol.cpp:513]   --->   Operation 122 'write' <Predicate = (fsmState_4_load & tmp & !icmp_ln879 & icmp_ln899 & !and_ln430 & !or_ln489 & !empty_220 & tmp_i_i) | (fsmState_4_load & tmp & !icmp_ln879 & icmp_ln899 & !and_ln430 & !or_ln488_1 & !empty_220 & tmp_i_i) | (fsmState_4_load & tmp & !icmp_ln879 & !icmp_ln899 & !or_ln430 & !or_ln489 & !empty_220 & tmp_i_i) | (fsmState_4_load & tmp & !icmp_ln879 & !icmp_ln899 & !or_ln430 & !or_ln488_1 & !empty_220 & tmp_i_i) | (fsmState_4_load & tmp & !icmp_ln879 & !icmp_ln429 & !or_ln489 & !empty_220 & tmp_i_i) | (fsmState_4_load & tmp & !icmp_ln879 & !icmp_ln429 & !or_ln488_1 & !empty_220 & tmp_i_i)> <Delay = 1.83> <Core = "FIFO">   --->   Core 32 'FIFO' <Latency = 0> <II = 1> <Delay = 1.83> <Storage> <Opcode : 'read' 'write' 'nbread' 'nbwrite'> <Ports = 0> <Width = 45> <Depth = 2> <FIFO>
ST_2 : Operation 123 [1/1] (0.00ns)   --->   "br label %14" [/home/embed/Desktop/xkjiang/Github_Version/EthernetSSD-System-main/RX_receiveWriteReadRequest_genACK/hls/rocev2/../ib_transport_protocol/ib_transport_protocol.cpp:514]   --->   Operation 123 'br' <Predicate = (fsmState_4_load & tmp & !icmp_ln879 & icmp_ln899 & !and_ln430 & !or_ln489 & !empty_220 & tmp_i_i) | (fsmState_4_load & tmp & !icmp_ln879 & icmp_ln899 & !and_ln430 & !or_ln488_1 & !empty_220 & tmp_i_i) | (fsmState_4_load & tmp & !icmp_ln879 & !icmp_ln899 & !or_ln430 & !or_ln489 & !empty_220 & tmp_i_i) | (fsmState_4_load & tmp & !icmp_ln879 & !icmp_ln899 & !or_ln430 & !or_ln488_1 & !empty_220 & tmp_i_i) | (fsmState_4_load & tmp & !icmp_ln879 & !icmp_ln429 & !or_ln489 & !empty_220 & tmp_i_i) | (fsmState_4_load & tmp & !icmp_ln879 & !icmp_ln429 & !or_ln488_1 & !empty_220 & tmp_i_i)> <Delay = 0.00>
ST_2 : Operation 124 [1/1] (0.00ns)   --->   "br label %15"   --->   Operation 124 'br' <Predicate = (fsmState_4_load & tmp & !icmp_ln879 & icmp_ln899 & !and_ln430 & !or_ln489 & !empty_220) | (fsmState_4_load & tmp & !icmp_ln879 & icmp_ln899 & !and_ln430 & !or_ln488_1 & !empty_220) | (fsmState_4_load & tmp & !icmp_ln879 & !icmp_ln899 & !or_ln430 & !or_ln489 & !empty_220) | (fsmState_4_load & tmp & !icmp_ln879 & !icmp_ln899 & !or_ln430 & !or_ln488_1 & !empty_220) | (fsmState_4_load & tmp & !icmp_ln879 & !icmp_ln429 & !or_ln489 & !empty_220) | (fsmState_4_load & tmp & !icmp_ln879 & !icmp_ln429 & !or_ln488_1 & !empty_220)> <Delay = 0.00>
ST_2 : Operation 125 [1/1] (1.83ns)   --->   "call void @_ssdm_op_Write.ap_fifo.volatile.i1P(i1* @rx_ibhDropFifo_V, i1 false)" [/home/embed/Desktop/xkjiang/Github_Version/EthernetSSD-System-main/RX_receiveWriteReadRequest_genACK/hls/rocev2/../ib_transport_protocol/ib_transport_protocol.cpp:496]   --->   Operation 125 'write' <Predicate = (fsmState_4_load & tmp & !icmp_ln879 & icmp_ln899 & !and_ln430 & !or_ln489 & empty_220) | (fsmState_4_load & tmp & !icmp_ln879 & icmp_ln899 & !and_ln430 & !or_ln488_1 & empty_220) | (fsmState_4_load & tmp & !icmp_ln879 & !icmp_ln899 & !or_ln430 & !or_ln489 & empty_220) | (fsmState_4_load & tmp & !icmp_ln879 & !icmp_ln899 & !or_ln430 & !or_ln488_1 & empty_220) | (fsmState_4_load & tmp & !icmp_ln879 & !icmp_ln429 & !or_ln489 & empty_220) | (fsmState_4_load & tmp & !icmp_ln879 & !icmp_ln429 & !or_ln488_1 & empty_220)> <Delay = 1.83> <Core = "FIFO">   --->   Core 32 'FIFO' <Latency = 0> <II = 1> <Delay = 1.83> <Storage> <Opcode : 'read' 'write' 'nbread' 'nbwrite'> <Ports = 0> <Width = 45> <Depth = 2> <FIFO>
ST_2 : Operation 126 [1/1] (1.83ns)   --->   "call void @_ssdm_op_Write.ap_fifo.volatile.i2P(i2* @rx_ibhDropMetaFifo_V, i2 0)" [/home/embed/Desktop/xkjiang/Github_Version/EthernetSSD-System-main/RX_receiveWriteReadRequest_genACK/hls/rocev2/../ib_transport_protocol/ib_transport_protocol.cpp:497]   --->   Operation 126 'write' <Predicate = (fsmState_4_load & tmp & !icmp_ln879 & icmp_ln899 & !and_ln430 & !or_ln489 & empty_220) | (fsmState_4_load & tmp & !icmp_ln879 & icmp_ln899 & !and_ln430 & !or_ln488_1 & empty_220) | (fsmState_4_load & tmp & !icmp_ln879 & !icmp_ln899 & !or_ln430 & !or_ln489 & empty_220) | (fsmState_4_load & tmp & !icmp_ln879 & !icmp_ln899 & !or_ln430 & !or_ln488_1 & empty_220) | (fsmState_4_load & tmp & !icmp_ln879 & !icmp_ln429 & !or_ln489 & empty_220) | (fsmState_4_load & tmp & !icmp_ln879 & !icmp_ln429 & !or_ln488_1 & empty_220)> <Delay = 1.83> <Core = "FIFO">   --->   Core 32 'FIFO' <Latency = 0> <II = 1> <Delay = 1.83> <Storage> <Opcode : 'read' 'write' 'nbread' 'nbwrite'> <Ports = 0> <Width = 45> <Depth = 2> <FIFO>
ST_2 : Operation 127 [1/1] (0.00ns)   --->   "%tmp_8 = call i92 @_ssdm_op_BitConcatenate.i92.i22.i1.i24.i24.i16.i5(i22 %tmp_numPkg_V, i1 %tmp_validPSN, i24 %tmp_psn_V, i24 %tmp_dest_qp_V, i16 %tmp_partition_key_V, i5 %tmp_op_code)" [/home/embed/Desktop/xkjiang/Github_Version/EthernetSSD-System-main/RX_receiveWriteReadRequest_genACK/hls/rocev2/../ib_transport_protocol/ib_transport_protocol.cpp:498]   --->   Operation 127 'bitconcatenate' 'tmp_8' <Predicate = (fsmState_4_load & tmp & !icmp_ln879 & icmp_ln899 & !and_ln430 & !or_ln489 & empty_220) | (fsmState_4_load & tmp & !icmp_ln879 & icmp_ln899 & !and_ln430 & !or_ln488_1 & empty_220) | (fsmState_4_load & tmp & !icmp_ln879 & !icmp_ln899 & !or_ln430 & !or_ln489 & empty_220) | (fsmState_4_load & tmp & !icmp_ln879 & !icmp_ln899 & !or_ln430 & !or_ln488_1 & empty_220) | (fsmState_4_load & tmp & !icmp_ln879 & !icmp_ln429 & !or_ln489 & empty_220) | (fsmState_4_load & tmp & !icmp_ln879 & !icmp_ln429 & !or_ln488_1 & empty_220)> <Delay = 0.00>
ST_2 : Operation 128 [1/1] (1.83ns)   --->   "call void @_ssdm_op_Write.ap_fifo.volatile.i92P(i92* @rx_fsm2exh_MetaFifo_s_11, i92 %tmp_8)" [/home/embed/Desktop/xkjiang/Github_Version/EthernetSSD-System-main/RX_receiveWriteReadRequest_genACK/hls/rocev2/../ib_transport_protocol/ib_transport_protocol.cpp:498]   --->   Operation 128 'write' <Predicate = (fsmState_4_load & tmp & !icmp_ln879 & icmp_ln899 & !and_ln430 & !or_ln489 & empty_220) | (fsmState_4_load & tmp & !icmp_ln879 & icmp_ln899 & !and_ln430 & !or_ln488_1 & empty_220) | (fsmState_4_load & tmp & !icmp_ln879 & !icmp_ln899 & !or_ln430 & !or_ln489 & empty_220) | (fsmState_4_load & tmp & !icmp_ln879 & !icmp_ln899 & !or_ln430 & !or_ln488_1 & empty_220) | (fsmState_4_load & tmp & !icmp_ln879 & !icmp_ln429 & !or_ln489 & empty_220) | (fsmState_4_load & tmp & !icmp_ln879 & !icmp_ln429 & !or_ln488_1 & empty_220)> <Delay = 1.83> <Core = "FIFO">   --->   Core 32 'FIFO' <Latency = 0> <II = 1> <Delay = 1.83> <Storage> <Opcode : 'read' 'write' 'nbread' 'nbwrite'> <Ports = 0> <Width = 45> <Depth = 2> <FIFO>
ST_2 : Operation 129 [1/1] (0.00ns)   --->   "br label %15" [/home/embed/Desktop/xkjiang/Github_Version/EthernetSSD-System-main/RX_receiveWriteReadRequest_genACK/hls/rocev2/../ib_transport_protocol/ib_transport_protocol.cpp:501]   --->   Operation 129 'br' <Predicate = (fsmState_4_load & tmp & !icmp_ln879 & icmp_ln899 & !and_ln430 & !or_ln489 & empty_220) | (fsmState_4_load & tmp & !icmp_ln879 & icmp_ln899 & !and_ln430 & !or_ln488_1 & empty_220) | (fsmState_4_load & tmp & !icmp_ln879 & !icmp_ln899 & !or_ln430 & !or_ln489 & empty_220) | (fsmState_4_load & tmp & !icmp_ln879 & !icmp_ln899 & !or_ln430 & !or_ln488_1 & empty_220) | (fsmState_4_load & tmp & !icmp_ln879 & !icmp_ln429 & !or_ln489 & empty_220) | (fsmState_4_load & tmp & !icmp_ln879 & !icmp_ln429 & !or_ln488_1 & empty_220)> <Delay = 0.00>
ST_2 : Operation 130 [1/1] (0.00ns)   --->   "br label %21" [/home/embed/Desktop/xkjiang/Github_Version/EthernetSSD-System-main/RX_receiveWriteReadRequest_genACK/hls/rocev2/../ib_transport_protocol/ib_transport_protocol.cpp:527]   --->   Operation 130 'br' <Predicate = (fsmState_4_load & tmp & !icmp_ln879 & icmp_ln899 & !and_ln430 & !or_ln489) | (fsmState_4_load & tmp & !icmp_ln879 & icmp_ln899 & !and_ln430 & !or_ln488_1) | (fsmState_4_load & tmp & !icmp_ln879 & !icmp_ln899 & !or_ln430 & !or_ln489) | (fsmState_4_load & tmp & !icmp_ln879 & !icmp_ln899 & !or_ln430 & !or_ln488_1) | (fsmState_4_load & tmp & !icmp_ln879 & !icmp_ln429 & !or_ln489) | (fsmState_4_load & tmp & !icmp_ln879 & !icmp_ln429 & !or_ln488_1)> <Delay = 0.00>
ST_2 : Operation 131 [1/1] (1.01ns)   --->   "%add_ln700 = add i32 %t_V, 1" [/home/embed/Desktop/xkjiang/Github_Version/EthernetSSD-System-main/RX_receiveWriteReadRequest_genACK/hls/rocev2/../ib_transport_protocol/ib_transport_protocol.cpp:536]   --->   Operation 131 'add' 'add_ln700' <Predicate = (fsmState_4_load & tmp & !icmp_ln879 & icmp_ln899 & !and_ln430 & or_ln488_1 & or_ln489) | (fsmState_4_load & tmp & !icmp_ln879 & !icmp_ln899 & !or_ln430 & or_ln488_1 & or_ln489) | (fsmState_4_load & tmp & !icmp_ln879 & !icmp_ln429 & or_ln488_1 & or_ln489)> <Delay = 1.01> <Core = "AddSub">   --->   Core 14 'AddSub' <Latency = 0> <II = 1> <Delay = 0.93> <FuncUnit> <Opcode : 'add' 'sub'> <InPorts = 2> <OutPorts = 1>
ST_2 : Operation 132 [1/1] (0.65ns)   --->   "store i32 %add_ln700, i32* @droppedPackets_V, align 4" [/home/embed/Desktop/xkjiang/Github_Version/EthernetSSD-System-main/RX_receiveWriteReadRequest_genACK/hls/rocev2/../ib_transport_protocol/ib_transport_protocol.cpp:536]   --->   Operation 132 'store' <Predicate = (fsmState_4_load & tmp & !icmp_ln879 & icmp_ln899 & !and_ln430 & or_ln488_1 & or_ln489) | (fsmState_4_load & tmp & !icmp_ln879 & !icmp_ln899 & !or_ln430 & or_ln488_1 & or_ln489) | (fsmState_4_load & tmp & !icmp_ln879 & !icmp_ln429 & or_ln488_1 & or_ln489)> <Delay = 0.65>
ST_2 : Operation 133 [1/1] (0.00ns)   --->   "call void @_ssdm_op_Write.ap_auto.i32P(i32* %regInvalidPsnDropCount_V, i32 %add_ln700)" [/home/embed/Desktop/xkjiang/Github_Version/EthernetSSD-System-main/RX_receiveWriteReadRequest_genACK/hls/rocev2/../ib_transport_protocol/ib_transport_protocol.cpp:537]   --->   Operation 133 'write' <Predicate = (fsmState_4_load & tmp & !icmp_ln879 & icmp_ln899 & !and_ln430 & or_ln488_1 & or_ln489) | (fsmState_4_load & tmp & !icmp_ln879 & !icmp_ln899 & !or_ln430 & or_ln488_1 & or_ln489) | (fsmState_4_load & tmp & !icmp_ln879 & !icmp_ln429 & or_ln488_1 & or_ln489)> <Delay = 0.00>
ST_2 : Operation 134 [1/1] (1.83ns)   --->   "call void @_ssdm_op_Write.ap_fifo.volatile.i2P(i2* @rx_ibhDropMetaFifo_V, i2 1)" [/home/embed/Desktop/xkjiang/Github_Version/EthernetSSD-System-main/RX_receiveWriteReadRequest_genACK/hls/rocev2/../ib_transport_protocol/ib_transport_protocol.cpp:538]   --->   Operation 134 'write' <Predicate = (fsmState_4_load & tmp & !icmp_ln879 & icmp_ln899 & !and_ln430 & or_ln488_1 & or_ln489) | (fsmState_4_load & tmp & !icmp_ln879 & !icmp_ln899 & !or_ln430 & or_ln488_1 & or_ln489) | (fsmState_4_load & tmp & !icmp_ln879 & !icmp_ln429 & or_ln488_1 & or_ln489)> <Delay = 1.83> <Core = "FIFO">   --->   Core 32 'FIFO' <Latency = 0> <II = 1> <Delay = 1.83> <Storage> <Opcode : 'read' 'write' 'nbread' 'nbwrite'> <Ports = 0> <Width = 45> <Depth = 2> <FIFO>
ST_2 : Operation 135 [1/1] (1.83ns)   --->   "call void @_ssdm_op_Write.ap_fifo.volatile.i1P(i1* @rx_ibhDropFifo_V, i1 true)" [/home/embed/Desktop/xkjiang/Github_Version/EthernetSSD-System-main/RX_receiveWriteReadRequest_genACK/hls/rocev2/../ib_transport_protocol/ib_transport_protocol.cpp:542]   --->   Operation 135 'write' <Predicate = (fsmState_4_load & tmp & !icmp_ln879 & !icmp_ln429 & or_ln488_1 & or_ln489)> <Delay = 1.83> <Core = "FIFO">   --->   Core 32 'FIFO' <Latency = 0> <II = 1> <Delay = 1.83> <Storage> <Opcode : 'read' 'write' 'nbread' 'nbwrite'> <Ports = 0> <Width = 45> <Depth = 2> <FIFO>
ST_2 : Operation 136 [1/1] (0.00ns)   --->   "br i1 %tmp_isResponse_1, label %18, label %19" [/home/embed/Desktop/xkjiang/Github_Version/EthernetSSD-System-main/RX_receiveWriteReadRequest_genACK/hls/rocev2/../ib_transport_protocol/ib_transport_protocol.cpp:546]   --->   Operation 136 'br' <Predicate = (fsmState_4_load & tmp & !icmp_ln879 & !icmp_ln429 & or_ln488_1 & or_ln489 & icmp_ln879_6)> <Delay = 0.00>
ST_2 : Operation 137 [1/1] (0.00ns)   --->   "%tmp_14 = call i50 @_ssdm_op_BitConcatenate.i50.i2.i24.i24(i2 -1, i24 %tmp_psn_V_2, i24 %tmp_dest_qp_V)" [/home/embed/Desktop/xkjiang/Github_Version/EthernetSSD-System-main/RX_receiveWriteReadRequest_genACK/hls/rocev2/../ib_transport_protocol/ib_transport_protocol.cpp:553]   --->   Operation 137 'bitconcatenate' 'tmp_14' <Predicate = (fsmState_4_load & tmp & !icmp_ln879 & !icmp_ln429 & or_ln488_1 & or_ln489 & icmp_ln879_6 & !tmp_isResponse_1)> <Delay = 0.00>
ST_2 : Operation 138 [1/1] (1.83ns)   --->   "call void @_ssdm_op_Write.ap_fifo.volatile.i50P(i50* @rx_ibhEventFifo_V, i50 %tmp_14)" [/home/embed/Desktop/xkjiang/Github_Version/EthernetSSD-System-main/RX_receiveWriteReadRequest_genACK/hls/rocev2/../ib_transport_protocol/ib_transport_protocol.cpp:553]   --->   Operation 138 'write' <Predicate = (fsmState_4_load & tmp & !icmp_ln879 & !icmp_ln429 & or_ln488_1 & or_ln489 & icmp_ln879_6 & !tmp_isResponse_1)> <Delay = 1.83> <Core = "FIFO">   --->   Core 32 'FIFO' <Latency = 0> <II = 1> <Delay = 1.83> <Storage> <Opcode : 'read' 'write' 'nbread' 'nbwrite'> <Ports = 0> <Width = 45> <Depth = 2> <FIFO>
ST_2 : Operation 139 [1/1] (0.00ns)   --->   "br label %20"   --->   Operation 139 'br' <Predicate = (fsmState_4_load & tmp & !icmp_ln879 & !icmp_ln429 & or_ln488_1 & or_ln489 & icmp_ln879_6 & !tmp_isResponse_1)> <Delay = 0.00>
ST_2 : Operation 140 [1/1] (0.00ns)   --->   "%tmp_13 = call i50 @_ssdm_op_BitConcatenate.i50.i2.i24.i24(i2 -1, i24 %tmp_psn_V, i24 %tmp_dest_qp_V)" [/home/embed/Desktop/xkjiang/Github_Version/EthernetSSD-System-main/RX_receiveWriteReadRequest_genACK/hls/rocev2/../ib_transport_protocol/ib_transport_protocol.cpp:548]   --->   Operation 140 'bitconcatenate' 'tmp_13' <Predicate = (fsmState_4_load & tmp & !icmp_ln879 & !icmp_ln429 & or_ln488_1 & or_ln489 & icmp_ln879_6 & tmp_isResponse_1)> <Delay = 0.00>
ST_2 : Operation 141 [1/1] (1.83ns)   --->   "call void @_ssdm_op_Write.ap_fifo.volatile.i50P(i50* @rx_ibhEventFifo_V, i50 %tmp_13)" [/home/embed/Desktop/xkjiang/Github_Version/EthernetSSD-System-main/RX_receiveWriteReadRequest_genACK/hls/rocev2/../ib_transport_protocol/ib_transport_protocol.cpp:548]   --->   Operation 141 'write' <Predicate = (fsmState_4_load & tmp & !icmp_ln879 & !icmp_ln429 & or_ln488_1 & or_ln489 & icmp_ln879_6 & tmp_isResponse_1)> <Delay = 1.83> <Core = "FIFO">   --->   Core 32 'FIFO' <Latency = 0> <II = 1> <Delay = 1.83> <Storage> <Opcode : 'read' 'write' 'nbread' 'nbwrite'> <Ports = 0> <Width = 45> <Depth = 2> <FIFO>
ST_2 : Operation 142 [1/1] (0.00ns)   --->   "br label %20" [/home/embed/Desktop/xkjiang/Github_Version/EthernetSSD-System-main/RX_receiveWriteReadRequest_genACK/hls/rocev2/../ib_transport_protocol/ib_transport_protocol.cpp:549]   --->   Operation 142 'br' <Predicate = (fsmState_4_load & tmp & !icmp_ln879 & !icmp_ln429 & or_ln488_1 & or_ln489 & icmp_ln879_6 & tmp_isResponse_1)> <Delay = 0.00>
ST_2 : Operation 143 [1/1] (0.00ns)   --->   "%tmp_retryCounter_V = phi i3 [ -2, %20 ], [ %t_V_1, %16 ]"   --->   Operation 143 'phi' 'tmp_retryCounter_V' <Predicate = (fsmState_4_load & tmp & !icmp_ln879 & !icmp_ln429 & or_ln488_1 & or_ln489)> <Delay = 0.00>
ST_2 : Operation 144 [1/1] (0.00ns)   --->   "%tmp_qpn_V_3 = trunc i24 %tmp_dest_qp_V to i16" [/home/embed/Desktop/xkjiang/Github_Version/EthernetSSD-System-main/RX_receiveWriteReadRequest_genACK/hls/rocev2/../ib_transport_protocol/ib_transport_protocol.cpp:558]   --->   Operation 144 'trunc' 'tmp_qpn_V_3' <Predicate = (fsmState_4_load & tmp & !icmp_ln879 & !icmp_ln429 & or_ln488_1 & or_ln489)> <Delay = 0.00>
ST_2 : Operation 145 [1/1] (0.00ns)   --->   "%tmp_15 = call i45 @_ssdm_op_BitConcatenate.i45.i1.i1.i3.i24.i16(i1 true, i1 %tmp_isResponse_1, i3 %tmp_retryCounter_V, i24 %tmp_psn_V_2, i16 %tmp_qpn_V_3)" [/home/embed/Desktop/xkjiang/Github_Version/EthernetSSD-System-main/RX_receiveWriteReadRequest_genACK/hls/rocev2/../ib_transport_protocol/ib_transport_protocol.cpp:558]   --->   Operation 145 'bitconcatenate' 'tmp_15' <Predicate = (fsmState_4_load & tmp & !icmp_ln879 & !icmp_ln429 & or_ln488_1 & or_ln489)> <Delay = 0.00>
ST_2 : Operation 146 [1/1] (1.83ns)   --->   "call void @_ssdm_op_Write.ap_fifo.volatile.i45P(i45* @rxIbh2stateTable_upd_1, i45 %tmp_15)" [/home/embed/Desktop/xkjiang/Github_Version/EthernetSSD-System-main/RX_receiveWriteReadRequest_genACK/hls/rocev2/../ib_transport_protocol/ib_transport_protocol.cpp:558]   --->   Operation 146 'write' <Predicate = (fsmState_4_load & tmp & !icmp_ln879 & !icmp_ln429 & or_ln488_1 & or_ln489)> <Delay = 1.83> <Core = "FIFO">   --->   Core 32 'FIFO' <Latency = 0> <II = 1> <Delay = 1.83> <Storage> <Opcode : 'read' 'write' 'nbread' 'nbwrite'> <Ports = 0> <Width = 45> <Depth = 2> <FIFO>
ST_2 : Operation 147 [1/1] (0.00ns)   --->   "br label %._crit_edge34.i" [/home/embed/Desktop/xkjiang/Github_Version/EthernetSSD-System-main/RX_receiveWriteReadRequest_genACK/hls/rocev2/../ib_transport_protocol/ib_transport_protocol.cpp:559]   --->   Operation 147 'br' <Predicate = (fsmState_4_load & tmp & !icmp_ln879 & !icmp_ln429 & or_ln488_1 & or_ln489)> <Delay = 0.00>
ST_2 : Operation 148 [1/1] (0.00ns)   --->   "br label %21"   --->   Operation 148 'br' <Predicate = (fsmState_4_load & tmp & !icmp_ln879 & icmp_ln899 & !and_ln430 & or_ln488_1 & or_ln489) | (fsmState_4_load & tmp & !icmp_ln879 & !icmp_ln899 & !or_ln430 & or_ln488_1 & or_ln489) | (fsmState_4_load & tmp & !icmp_ln879 & !icmp_ln429 & or_ln488_1 & or_ln489)> <Delay = 0.00>
ST_2 : Operation 149 [1/1] (0.00ns)   --->   "br label %22"   --->   Operation 149 'br' <Predicate = (fsmState_4_load & tmp & !icmp_ln879 & icmp_ln899 & !and_ln430) | (fsmState_4_load & tmp & !icmp_ln879 & !icmp_ln899 & !or_ln430) | (fsmState_4_load & tmp & !icmp_ln879 & !icmp_ln429)> <Delay = 0.00>
ST_2 : Operation 150 [1/1] (1.83ns)   --->   "call void @_ssdm_op_Write.ap_fifo.volatile.i1P(i1* @rx_ibhDropFifo_V, i1 false)" [/home/embed/Desktop/xkjiang/Github_Version/EthernetSSD-System-main/RX_receiveWriteReadRequest_genACK/hls/rocev2/../ib_transport_protocol/ib_transport_protocol.cpp:439]   --->   Operation 150 'write' <Predicate = (fsmState_4_load & tmp & icmp_ln429 & icmp_ln899 & and_ln430 & !empty_215) | (fsmState_4_load & tmp & icmp_ln429 & !icmp_ln899 & or_ln430 & !empty_215) | (fsmState_4_load & tmp & icmp_ln879 & !empty_215)> <Delay = 1.83> <Core = "FIFO">   --->   Core 32 'FIFO' <Latency = 0> <II = 1> <Delay = 1.83> <Storage> <Opcode : 'read' 'write' 'nbread' 'nbwrite'> <Ports = 0> <Width = 45> <Depth = 2> <FIFO>
ST_2 : Operation 151 [1/1] (0.00ns)   --->   "br label %._crit_edge17.i" [/home/embed/Desktop/xkjiang/Github_Version/EthernetSSD-System-main/RX_receiveWriteReadRequest_genACK/hls/rocev2/../ib_transport_protocol/ib_transport_protocol.cpp:440]   --->   Operation 151 'br' <Predicate = (fsmState_4_load & tmp & icmp_ln429 & icmp_ln899 & and_ln430 & !empty_215) | (fsmState_4_load & tmp & icmp_ln429 & !icmp_ln899 & or_ln430 & !empty_215) | (fsmState_4_load & tmp & icmp_ln879 & !empty_215)> <Delay = 0.00>
ST_2 : Operation 152 [1/1] (1.83ns)   --->   "call void @_ssdm_op_Write.ap_fifo.volatile.i2P(i2* @rx_ibhDropMetaFifo_V, i2 0)" [/home/embed/Desktop/xkjiang/Github_Version/EthernetSSD-System-main/RX_receiveWriteReadRequest_genACK/hls/rocev2/../ib_transport_protocol/ib_transport_protocol.cpp:441]   --->   Operation 152 'write' <Predicate = (fsmState_4_load & tmp & icmp_ln429 & icmp_ln899 & and_ln430) | (fsmState_4_load & tmp & icmp_ln429 & !icmp_ln899 & or_ln430) | (fsmState_4_load & tmp & icmp_ln879)> <Delay = 1.83> <Core = "FIFO">   --->   Core 32 'FIFO' <Latency = 0> <II = 1> <Delay = 1.83> <Storage> <Opcode : 'read' 'write' 'nbread' 'nbwrite'> <Ports = 0> <Width = 45> <Depth = 2> <FIFO>
ST_2 : Operation 153 [1/1] (0.00ns)   --->   "%tmp_5 = call i92 @_ssdm_op_BitConcatenate.i92.i22.i1.i24.i24.i16.i5(i22 %tmp_numPkg_V, i1 %tmp_validPSN, i24 %tmp_psn_V, i24 %tmp_dest_qp_V, i16 %tmp_partition_key_V, i5 %tmp_op_code)" [/home/embed/Desktop/xkjiang/Github_Version/EthernetSSD-System-main/RX_receiveWriteReadRequest_genACK/hls/rocev2/../ib_transport_protocol/ib_transport_protocol.cpp:443]   --->   Operation 153 'bitconcatenate' 'tmp_5' <Predicate = (fsmState_4_load & tmp & icmp_ln429 & icmp_ln899 & and_ln430) | (fsmState_4_load & tmp & icmp_ln429 & !icmp_ln899 & or_ln430) | (fsmState_4_load & tmp & icmp_ln879)> <Delay = 0.00>
ST_2 : Operation 154 [1/1] (1.83ns)   --->   "call void @_ssdm_op_Write.ap_fifo.volatile.i92P(i92* @rx_fsm2exh_MetaFifo_s_11, i92 %tmp_5)" [/home/embed/Desktop/xkjiang/Github_Version/EthernetSSD-System-main/RX_receiveWriteReadRequest_genACK/hls/rocev2/../ib_transport_protocol/ib_transport_protocol.cpp:443]   --->   Operation 154 'write' <Predicate = (fsmState_4_load & tmp & icmp_ln429 & icmp_ln899 & and_ln430) | (fsmState_4_load & tmp & icmp_ln429 & !icmp_ln899 & or_ln430) | (fsmState_4_load & tmp & icmp_ln879)> <Delay = 1.83> <Core = "FIFO">   --->   Core 32 'FIFO' <Latency = 0> <II = 1> <Delay = 1.83> <Storage> <Opcode : 'read' 'write' 'nbread' 'nbwrite'> <Ports = 0> <Width = 45> <Depth = 2> <FIFO>
ST_2 : Operation 155 [1/1] (0.00ns)   --->   "%tmp_qpn_V_1 = trunc i24 %tmp_dest_qp_V to i16" [/home/embed/Desktop/xkjiang/Github_Version/EthernetSSD-System-main/RX_receiveWriteReadRequest_genACK/hls/rocev2/../ib_transport_protocol/ib_transport_protocol.cpp:452]   --->   Operation 155 'trunc' 'tmp_qpn_V_1' <Predicate = (fsmState_4_load & tmp & icmp_ln429 & icmp_ln899 & and_ln430 & !emeta_isNak_load) | (fsmState_4_load & tmp & icmp_ln429 & !icmp_ln899 & or_ln430 & !emeta_isNak_load) | (fsmState_4_load & tmp & icmp_ln879 & !emeta_isNak_load)> <Delay = 0.00>
ST_2 : Operation 156 [1/1] (0.00ns)   --->   "%emeta_numPkg_V_load = load i22* @emeta_numPkg_V, align 4" [/home/embed/Desktop/xkjiang/Github_Version/EthernetSSD-System-main/RX_receiveWriteReadRequest_genACK/hls/rocev2/../ib_transport_protocol/ib_transport_protocol.cpp:452]   --->   Operation 156 'load' 'emeta_numPkg_V_load' <Predicate = (fsmState_4_load & tmp & icmp_ln429 & icmp_ln899 & and_ln430 & !emeta_isNak_load) | (fsmState_4_load & tmp & icmp_ln429 & !icmp_ln899 & or_ln430 & !emeta_isNak_load) | (fsmState_4_load & tmp & icmp_ln879 & !emeta_isNak_load)> <Delay = 0.00>
ST_2 : Operation 157 [1/1] (0.00ns)   --->   "%zext_ln209 = zext i22 %emeta_numPkg_V_load to i24" [/home/embed/Desktop/xkjiang/Github_Version/EthernetSSD-System-main/RX_receiveWriteReadRequest_genACK/hls/rocev2/../ib_transport_protocol/ib_transport_protocol.cpp:452]   --->   Operation 157 'zext' 'zext_ln209' <Predicate = (fsmState_4_load & tmp & icmp_ln429 & icmp_ln899 & and_ln430 & !emeta_isNak_load) | (fsmState_4_load & tmp & icmp_ln429 & !icmp_ln899 & or_ln430 & !emeta_isNak_load) | (fsmState_4_load & tmp & icmp_ln879 & !emeta_isNak_load)> <Delay = 0.00>
ST_2 : Operation 158 [1/1] (0.93ns)   --->   "%tmp_epsn_V = add i24 %tmp_psn_V, %zext_ln209" [/home/embed/Desktop/xkjiang/Github_Version/EthernetSSD-System-main/RX_receiveWriteReadRequest_genACK/hls/rocev2/../ib_transport_protocol/ib_transport_protocol.cpp:452]   --->   Operation 158 'add' 'tmp_epsn_V' <Predicate = (fsmState_4_load & tmp & icmp_ln429 & icmp_ln899 & and_ln430 & !emeta_isNak_load) | (fsmState_4_load & tmp & icmp_ln429 & !icmp_ln899 & or_ln430 & !emeta_isNak_load) | (fsmState_4_load & tmp & icmp_ln879 & !emeta_isNak_load)> <Delay = 0.93> <Core = "AddSub">   --->   Core 14 'AddSub' <Latency = 0> <II = 1> <Delay = 0.93> <FuncUnit> <Opcode : 'add' 'sub'> <InPorts = 2> <OutPorts = 1>
ST_2 : Operation 159 [1/1] (0.00ns)   --->   "%tmp_6 = call i45 @_ssdm_op_BitConcatenate.i45.i1.i1.i3.i24.i16(i1 true, i1 %tmp_isResponse_1, i3 -1, i24 %tmp_epsn_V, i16 %tmp_qpn_V_1)" [/home/embed/Desktop/xkjiang/Github_Version/EthernetSSD-System-main/RX_receiveWriteReadRequest_genACK/hls/rocev2/../ib_transport_protocol/ib_transport_protocol.cpp:452]   --->   Operation 159 'bitconcatenate' 'tmp_6' <Predicate = (fsmState_4_load & tmp & icmp_ln429 & icmp_ln899 & and_ln430 & !emeta_isNak_load) | (fsmState_4_load & tmp & icmp_ln429 & !icmp_ln899 & or_ln430 & !emeta_isNak_load) | (fsmState_4_load & tmp & icmp_ln879 & !emeta_isNak_load)> <Delay = 0.00>
ST_2 : Operation 160 [1/1] (1.83ns)   --->   "call void @_ssdm_op_Write.ap_fifo.volatile.i45P(i45* @rxIbh2stateTable_upd_1, i45 %tmp_6)" [/home/embed/Desktop/xkjiang/Github_Version/EthernetSSD-System-main/RX_receiveWriteReadRequest_genACK/hls/rocev2/../ib_transport_protocol/ib_transport_protocol.cpp:452]   --->   Operation 160 'write' <Predicate = (fsmState_4_load & tmp & icmp_ln429 & icmp_ln899 & and_ln430 & !emeta_isNak_load) | (fsmState_4_load & tmp & icmp_ln429 & !icmp_ln899 & or_ln430 & !emeta_isNak_load) | (fsmState_4_load & tmp & icmp_ln879 & !emeta_isNak_load)> <Delay = 1.83> <Core = "FIFO">   --->   Core 32 'FIFO' <Latency = 0> <II = 1> <Delay = 1.83> <Storage> <Opcode : 'read' 'write' 'nbread' 'nbwrite'> <Ports = 0> <Width = 45> <Depth = 2> <FIFO>
ST_2 : Operation 161 [1/1] (0.00ns)   --->   "br label %._crit_edge21.i" [/home/embed/Desktop/xkjiang/Github_Version/EthernetSSD-System-main/RX_receiveWriteReadRequest_genACK/hls/rocev2/../ib_transport_protocol/ib_transport_protocol.cpp:453]   --->   Operation 161 'br' <Predicate = (fsmState_4_load & tmp & icmp_ln429 & icmp_ln899 & and_ln430 & !emeta_isNak_load) | (fsmState_4_load & tmp & icmp_ln429 & !icmp_ln899 & or_ln430 & !emeta_isNak_load) | (fsmState_4_load & tmp & icmp_ln879 & !emeta_isNak_load)> <Delay = 0.00>
ST_2 : Operation 162 [1/1] (0.00ns)   --->   "br label %22" [/home/embed/Desktop/xkjiang/Github_Version/EthernetSSD-System-main/RX_receiveWriteReadRequest_genACK/hls/rocev2/../ib_transport_protocol/ib_transport_protocol.cpp:474]   --->   Operation 162 'br' <Predicate = (fsmState_4_load & tmp & icmp_ln429 & icmp_ln899 & and_ln430) | (fsmState_4_load & tmp & icmp_ln429 & !icmp_ln899 & or_ln430) | (fsmState_4_load & tmp & icmp_ln879)> <Delay = 0.00>
ST_2 : Operation 163 [1/1] (0.00ns)   --->   "br label %._crit_edge6.i" [/home/embed/Desktop/xkjiang/Github_Version/EthernetSSD-System-main/RX_receiveWriteReadRequest_genACK/hls/rocev2/../ib_transport_protocol/ib_transport_protocol.cpp:563]   --->   Operation 163 'br' <Predicate = (fsmState_4_load & tmp)> <Delay = 0.00>
ST_2 : Operation 164 [1/1] (0.00ns)   --->   "br label %rx_ibh_fsm.exit" [/home/embed/Desktop/xkjiang/Github_Version/EthernetSSD-System-main/RX_receiveWriteReadRequest_genACK/hls/rocev2/../ib_transport_protocol/ib_transport_protocol.cpp:564]   --->   Operation 164 'br' <Predicate = (fsmState_4_load)> <Delay = 0.00>
ST_2 : Operation 165 [1/1] (0.00ns)   --->   "ret void"   --->   Operation 165 'ret' <Predicate = true> <Delay = 0.00>


============================================================
+ Verbose Summary: Timing violations
============================================================
Target clock period: 8ns, clock uncertainty: 1ns.

 <State 1>: 4.03ns
The critical path consists of the following:
	fifo read on port 'stateTable2rxIbh_rsp_1' (/home/embed/Desktop/xkjiang/Github_Version/EthernetSSD-System-main/RX_receiveWriteReadRequest_genACK/hls/rocev2/../ib_transport_protocol/ib_transport_protocol.cpp:399) [81]  (1.84 ns)
	'icmp' operation ('icmp_ln430', /home/embed/Desktop/xkjiang/Github_Version/EthernetSSD-System-main/RX_receiveWriteReadRequest_genACK/hls/rocev2/../ib_transport_protocol/ib_transport_protocol.cpp:430) [93]  (1.05 ns)
	'xor' operation ('xor_ln430', /home/embed/Desktop/xkjiang/Github_Version/EthernetSSD-System-main/RX_receiveWriteReadRequest_genACK/hls/rocev2/../ib_transport_protocol/ib_transport_protocol.cpp:430) [94]  (0.287 ns)
	'or' operation ('or_ln430', /home/embed/Desktop/xkjiang/Github_Version/EthernetSSD-System-main/RX_receiveWriteReadRequest_genACK/hls/rocev2/../ib_transport_protocol/ib_transport_protocol.cpp:430) [98]  (0.287 ns)
	blocking operation 0.574 ns on control path)

 <State 2>: 2.77ns
The critical path consists of the following:
	'load' operation ('emeta_numPkg_V_load', /home/embed/Desktop/xkjiang/Github_Version/EthernetSSD-System-main/RX_receiveWriteReadRequest_genACK/hls/rocev2/../ib_transport_protocol/ib_transport_protocol.cpp:452) on static variable 'emeta_numPkg_V' [207]  (0 ns)
	'add' operation ('tmp.epsn.V', /home/embed/Desktop/xkjiang/Github_Version/EthernetSSD-System-main/RX_receiveWriteReadRequest_genACK/hls/rocev2/../ib_transport_protocol/ib_transport_protocol.cpp:452) [209]  (0.934 ns)
	fifo write on port 'rxIbh2stateTable_upd_1' (/home/embed/Desktop/xkjiang/Github_Version/EthernetSSD-System-main/RX_receiveWriteReadRequest_genACK/hls/rocev2/../ib_transport_protocol/ib_transport_protocol.cpp:452) [211]  (1.84 ns)


============================================================
+ Verbose Summary: Binding
============================================================
N/A
* FSMD analyzer results:
  - Output states:
 - Input state : 
  - Chain level:
	State 1
	State 2


============================================================
+ Verbose Summary: Datapath Resource usage 
============================================================
N/A
