

================================================================
== Vivado HLS Report for 'stream_merger'
================================================================
* Date:           Mon Mar  1 13:03:34 2021

* Version:        2019.1 (Build 2552052 on Fri May 24 15:28:33 MDT 2019)
* Project:        rocev2_prj
* Solution:       solution1
* Product family: zynquplus
* Target device:  xczu7eg-ffvc1156-2-i


================================================================
== Performance Estimates
================================================================
+ Timing (ns): 
    * Summary: 
    +--------+-------+----------+------------+
    |  Clock | Target| Estimated| Uncertainty|
    +--------+-------+----------+------------+
    |ap_clk  |   8.00|     1.838|        1.00|
    +--------+-------+----------+------------+

+ Latency (clock cycles): 
    * Summary: 
    +-----+-----+-----+-----+----------+
    |  Latency  |  Interval | Pipeline |
    | min | max | min | max |   Type   |
    +-----+-----+-----+-----+----------+
    |    2|    2|    1|    1| function |
    +-----+-----+-----+-----+----------+

    + Detail: 
        * Instance: 
        N/A

        * Loop: 
        N/A

============================================================
+ Verbose Summary: Synthesis Manager
============================================================
InlineROM: 1
ExposeGlobal: 0
============================================================
+ Verbose Summary: CDFG Model
============================================================
IsTopModel: 0
ResetActiveHigh: 1
IsCombinational: 2
IsDatapathOnly: 0
HasWiredReturn: 1
HasMFsm: 2
HasVarLatency: 0
IsPipeline: 1
IsRtlPipelined: 1
IsInstanceOverlapped: 0
IsDontTouch: 0
HasImplIP: 0
IsGatedGlobalClock: 0

+ Individual pipeline summary: 
  * Pipeline-0: initiation interval (II) = 1, depth = 3


============================================================
+ Verbose Summary: Schedule
============================================================
* Number of FSM states : 3
* Pipeline : 1
  Pipeline-0 : II = 1, D = 3, States = { 1 2 3 }
* Dataflow Pipeline: 0

* FSM state transitions: 
1 --> 2 
2 --> 3 
3 --> 

* FSM state operations: 

State 1 <SV = 0> <Delay = 1.83>
ST_1 : Operation 4 [1/1] (0.00ns)   --->   "%tmp = call i1 @_ssdm_op_NbReadReq.ap_fifo.i50P(i50* @rx_exhEventMetaFifo_s_12, i32 1) nounwind" [/home/embed/Desktop/xkjiang/Github_Version/EthernetSSD-System-main/RX_receiveWriteReadRequest_genACK/hls/rocev2/../ib_transport_protocol/../axi_utils.hpp:629]   --->   Operation 4 'nbreadreq' 'tmp' <Predicate = true> <Delay = 0.00> <Core = "FIFO">   --->   Core 32 'FIFO' <Latency = 0> <II = 1> <Delay = 1.83> <Storage> <Opcode : 'read' 'write' 'nbread' 'nbwrite'> <Ports = 0> <Width = 50> <Depth = 2> <FIFO>
ST_1 : Operation 5 [1/1] (0.00ns)   --->   "br i1 %tmp, label %0, label %1" [/home/embed/Desktop/xkjiang/Github_Version/EthernetSSD-System-main/RX_receiveWriteReadRequest_genACK/hls/rocev2/../ib_transport_protocol/../axi_utils.hpp:629]   --->   Operation 5 'br' <Predicate = true> <Delay = 0.00>
ST_1 : Operation 6 [1/1] (1.83ns)   --->   "%tmp56 = call i50 @_ssdm_op_Read.ap_fifo.volatile.i50P(i50* @rx_exhEventMetaFifo_s_12) nounwind" [/home/embed/Desktop/xkjiang/Github_Version/EthernetSSD-System-main/RX_receiveWriteReadRequest_genACK/hls/rocev2/../ib_transport_protocol/../axi_utils.hpp:631]   --->   Operation 6 'read' 'tmp56' <Predicate = (tmp)> <Delay = 1.83> <Core = "FIFO">   --->   Core 32 'FIFO' <Latency = 0> <II = 1> <Delay = 1.83> <Storage> <Opcode : 'read' 'write' 'nbread' 'nbwrite'> <Ports = 0> <Width = 50> <Depth = 2> <FIFO>

State 2 <SV = 1> <Delay = 1.83>
ST_2 : Operation 7 [1/1] (0.00ns)   --->   "%tmp_8 = call i1 @_ssdm_op_NbReadReq.ap_fifo.i50P(i50* @rx_ibhEventFifo_V, i32 1) nounwind" [/home/embed/Desktop/xkjiang/Github_Version/EthernetSSD-System-main/RX_receiveWriteReadRequest_genACK/hls/rocev2/../ib_transport_protocol/../axi_utils.hpp:633]   --->   Operation 7 'nbreadreq' 'tmp_8' <Predicate = (!tmp)> <Delay = 0.00> <Core = "FIFO">   --->   Core 32 'FIFO' <Latency = 0> <II = 1> <Delay = 1.83> <Storage> <Opcode : 'read' 'write' 'nbread' 'nbwrite'> <Ports = 0> <Width = 50> <Depth = 2> <FIFO>
ST_2 : Operation 8 [1/1] (0.00ns)   --->   "br i1 %tmp_8, label %2, label %._crit_edge.i" [/home/embed/Desktop/xkjiang/Github_Version/EthernetSSD-System-main/RX_receiveWriteReadRequest_genACK/hls/rocev2/../ib_transport_protocol/../axi_utils.hpp:633]   --->   Operation 8 'br' <Predicate = (!tmp)> <Delay = 0.00>
ST_2 : Operation 9 [1/1] (1.83ns)   --->   "%tmp_2 = call i50 @_ssdm_op_Read.ap_fifo.volatile.i50P(i50* @rx_ibhEventFifo_V) nounwind" [/home/embed/Desktop/xkjiang/Github_Version/EthernetSSD-System-main/RX_receiveWriteReadRequest_genACK/hls/rocev2/../ib_transport_protocol/../axi_utils.hpp:635]   --->   Operation 9 'read' 'tmp_2' <Predicate = (!tmp & tmp_8)> <Delay = 1.83> <Core = "FIFO">   --->   Core 32 'FIFO' <Latency = 0> <II = 1> <Delay = 1.83> <Storage> <Opcode : 'read' 'write' 'nbread' 'nbwrite'> <Ports = 0> <Width = 50> <Depth = 2> <FIFO>

State 3 <SV = 2> <Delay = 1.83>
ST_3 : Operation 10 [1/1] (0.00ns)   --->   "call void (...)* @_ssdm_op_SpecInterface(i50* @rx_ackEventFifo_V, [8 x i8]* @ap_fifo_str, i32 0, i32 0, [1 x i8]* @p_str, i32 0, i32 0, [1 x i8]* @p_str, [1 x i8]* @p_str, [1 x i8]* @p_str, i32 2, i32 2, i32 16, i32 16, [1 x i8]* @p_str, [1 x i8]* @p_str)"   --->   Operation 10 'specinterface' <Predicate = true> <Delay = 0.00>
ST_3 : Operation 11 [1/1] (0.00ns)   --->   "call void (...)* @_ssdm_op_SpecInterface(i50* @rx_exhEventMetaFifo_s_12, [8 x i8]* @ap_fifo_str, i32 0, i32 0, [1 x i8]* @p_str, i32 0, i32 0, [1 x i8]* @p_str, [1 x i8]* @p_str, [1 x i8]* @p_str, i32 2, i32 2, i32 16, i32 16, [1 x i8]* @p_str, [1 x i8]* @p_str)"   --->   Operation 11 'specinterface' <Predicate = true> <Delay = 0.00>
ST_3 : Operation 12 [1/1] (0.00ns)   --->   "call void (...)* @_ssdm_op_SpecInterface(i50* @rx_ibhEventFifo_V, [8 x i8]* @ap_fifo_str, i32 0, i32 0, [1 x i8]* @p_str, i32 0, i32 0, [1 x i8]* @p_str, [1 x i8]* @p_str, [1 x i8]* @p_str, i32 2, i32 2, i32 16, i32 16, [1 x i8]* @p_str, [1 x i8]* @p_str)"   --->   Operation 12 'specinterface' <Predicate = true> <Delay = 0.00>
ST_3 : Operation 13 [1/1] (0.00ns)   --->   "call void (...)* @_ssdm_op_SpecPipeline(i32 1, i32 1, i32 1, i32 0, [1 x i8]* @p_str112) nounwind" [/home/embed/Desktop/xkjiang/Github_Version/EthernetSSD-System-main/RX_receiveWriteReadRequest_genACK/hls/rocev2/../ib_transport_protocol/../axi_utils.hpp:626]   --->   Operation 13 'specpipeline' <Predicate = true> <Delay = 0.00>
ST_3 : Operation 14 [1/1] (1.83ns)   --->   "call void @_ssdm_op_Write.ap_fifo.volatile.i50P(i50* @rx_ackEventFifo_V, i50 %tmp_2) nounwind" [/home/embed/Desktop/xkjiang/Github_Version/EthernetSSD-System-main/RX_receiveWriteReadRequest_genACK/hls/rocev2/../ib_transport_protocol/../axi_utils.hpp:635]   --->   Operation 14 'write' <Predicate = (!tmp & tmp_8)> <Delay = 1.83> <Core = "FIFO">   --->   Core 32 'FIFO' <Latency = 0> <II = 1> <Delay = 1.83> <Storage> <Opcode : 'read' 'write' 'nbread' 'nbwrite'> <Ports = 0> <Width = 50> <Depth = 2> <FIFO>
ST_3 : Operation 15 [1/1] (0.00ns)   --->   "br label %._crit_edge.i" [/home/embed/Desktop/xkjiang/Github_Version/EthernetSSD-System-main/RX_receiveWriteReadRequest_genACK/hls/rocev2/../ib_transport_protocol/../axi_utils.hpp:636]   --->   Operation 15 'br' <Predicate = (!tmp & tmp_8)> <Delay = 0.00>
ST_3 : Operation 16 [1/1] (0.00ns)   --->   "br label %"stream_merger<ackEvent>.exit""   --->   Operation 16 'br' <Predicate = (!tmp)> <Delay = 0.00>
ST_3 : Operation 17 [1/1] (1.83ns)   --->   "call void @_ssdm_op_Write.ap_fifo.volatile.i50P(i50* @rx_ackEventFifo_V, i50 %tmp56) nounwind" [/home/embed/Desktop/xkjiang/Github_Version/EthernetSSD-System-main/RX_receiveWriteReadRequest_genACK/hls/rocev2/../ib_transport_protocol/../axi_utils.hpp:631]   --->   Operation 17 'write' <Predicate = (tmp)> <Delay = 1.83> <Core = "FIFO">   --->   Core 32 'FIFO' <Latency = 0> <II = 1> <Delay = 1.83> <Storage> <Opcode : 'read' 'write' 'nbread' 'nbwrite'> <Ports = 0> <Width = 50> <Depth = 2> <FIFO>
ST_3 : Operation 18 [1/1] (0.00ns)   --->   "br label %"stream_merger<ackEvent>.exit"" [/home/embed/Desktop/xkjiang/Github_Version/EthernetSSD-System-main/RX_receiveWriteReadRequest_genACK/hls/rocev2/../ib_transport_protocol/../axi_utils.hpp:632]   --->   Operation 18 'br' <Predicate = (tmp)> <Delay = 0.00>
ST_3 : Operation 19 [1/1] (0.00ns)   --->   "ret void"   --->   Operation 19 'ret' <Predicate = true> <Delay = 0.00>


============================================================
+ Verbose Summary: Timing violations
============================================================
Target clock period: 8ns, clock uncertainty: 1ns.

 <State 1>: 1.84ns
The critical path consists of the following:
	fifo read on port 'rx_exhEventMetaFifo_s_12' (/home/embed/Desktop/xkjiang/Github_Version/EthernetSSD-System-main/RX_receiveWriteReadRequest_genACK/hls/rocev2/../ib_transport_protocol/../axi_utils.hpp:631) [20]  (1.84 ns)

 <State 2>: 1.84ns
The critical path consists of the following:
	fifo read on port 'rx_ibhEventFifo_V' (/home/embed/Desktop/xkjiang/Github_Version/EthernetSSD-System-main/RX_receiveWriteReadRequest_genACK/hls/rocev2/../ib_transport_protocol/../axi_utils.hpp:635) [14]  (1.84 ns)

 <State 3>: 1.84ns
The critical path consists of the following:
	fifo write on port 'rx_ackEventFifo_V' (/home/embed/Desktop/xkjiang/Github_Version/EthernetSSD-System-main/RX_receiveWriteReadRequest_genACK/hls/rocev2/../ib_transport_protocol/../axi_utils.hpp:635) [15]  (1.84 ns)


============================================================
+ Verbose Summary: Binding
============================================================
N/A
* FSMD analyzer results:
  - Output states:
 - Input state : 
  - Chain level:
	State 1
	State 2
	State 3


============================================================
+ Verbose Summary: Datapath Resource usage 
============================================================
N/A
