

================================================================
== Vivado HLS Report for 'udp_lshiftWordByOcte'
================================================================
* Date:           Mon Mar  1 13:03:28 2021

* Version:        2019.1 (Build 2552052 on Fri May 24 15:28:33 MDT 2019)
* Project:        rocev2_prj
* Solution:       solution1
* Product family: zynquplus
* Target device:  xczu7eg-ffvc1156-2-i


================================================================
== Performance Estimates
================================================================
+ Timing (ns): 
    * Summary: 
    +--------+-------+----------+------------+
    |  Clock | Target| Estimated| Uncertainty|
    +--------+-------+----------+------------+
    |ap_clk  |   8.00|     3.630|        1.00|
    +--------+-------+----------+------------+

+ Latency (clock cycles): 
    * Summary: 
    +-----+-----+-----+-----+----------+
    |  Latency  |  Interval | Pipeline |
    | min | max | min | max |   Type   |
    +-----+-----+-----+-----+----------+
    |    1|    1|    1|    1| function |
    +-----+-----+-----+-----+----------+

    + Detail: 
        * Instance: 
        N/A

        * Loop: 
        N/A

============================================================
+ Verbose Summary: Synthesis Manager
============================================================
InlineROM: 1
ExposeGlobal: 0
============================================================
+ Verbose Summary: CDFG Model
============================================================
IsTopModel: 0
ResetActiveHigh: 1
IsCombinational: 2
IsDatapathOnly: 0
HasWiredReturn: 1
HasMFsm: 2
HasVarLatency: 0
IsPipeline: 1
IsRtlPipelined: 1
IsInstanceOverlapped: 0
IsDontTouch: 0
HasImplIP: 0
IsGatedGlobalClock: 0

+ Individual pipeline summary: 
  * Pipeline-0: initiation interval (II) = 1, depth = 2


============================================================
+ Verbose Summary: Schedule
============================================================
* Number of FSM states : 2
* Pipeline : 1
  Pipeline-0 : II = 1, D = 2, States = { 1 2 }
* Dataflow Pipeline: 0

* FSM state transitions: 
1 --> 2 
2 --> 

* FSM state operations: 

State 1 <SV = 0> <Delay = 3.63>
ST_1 : Operation 3 [1/1] (0.00ns)   --->   "%ls_writeRemainder_lo = load i1* @ls_writeRemainder, align 1" [/home/embed/Desktop/xkjiang/Github_Version/EthernetSSD-System-main/RX_receiveWriteReadRequest_genACK/hls/rocev2/../udp/../axi_utils.hpp:1094]   --->   Operation 3 'load' 'ls_writeRemainder_lo' <Predicate = true> <Delay = 0.00>
ST_1 : Operation 4 [1/1] (0.00ns)   --->   "%p_Val2_s = load i512* @prevWord_data_V_17, align 16" [/home/embed/Desktop/xkjiang/Github_Version/EthernetSSD-System-main/RX_receiveWriteReadRequest_genACK/hls/rocev2/../udp/../axi_utils.hpp:1096]   --->   Operation 4 'load' 'p_Val2_s' <Predicate = true> <Delay = 0.00>
ST_1 : Operation 5 [1/1] (0.00ns)   --->   "%p_Val2_4 = load i64* @prevWord_keep_V_13, align 8" [/home/embed/Desktop/xkjiang/Github_Version/EthernetSSD-System-main/RX_receiveWriteReadRequest_genACK/hls/rocev2/../udp/../axi_utils.hpp:1098]   --->   Operation 5 'load' 'p_Val2_4' <Predicate = true> <Delay = 0.00>
ST_1 : Operation 6 [1/1] (0.00ns)   --->   "br i1 %ls_writeRemainder_lo, label %0, label %1" [/home/embed/Desktop/xkjiang/Github_Version/EthernetSSD-System-main/RX_receiveWriteReadRequest_genACK/hls/rocev2/../udp/../axi_utils.hpp:1094]   --->   Operation 6 'br' <Predicate = true> <Delay = 0.00>
ST_1 : Operation 7 [1/1] (0.00ns)   --->   "%tmp = call i1 @_ssdm_op_NbReadReq.ap_fifo.i512P.i64P.i1P(i512* @tx_ib2udpFifo_V_data, i64* @tx_ib2udpFifo_V_keep, i1* @tx_ib2udpFifo_V_last, i32 1) nounwind" [/home/embed/Desktop/xkjiang/Github_Version/EthernetSSD-System-main/RX_receiveWriteReadRequest_genACK/hls/rocev2/../udp/../axi_utils.hpp:1105]   --->   Operation 7 'nbreadreq' 'tmp' <Predicate = (!ls_writeRemainder_lo)> <Delay = 0.00> <Core = "FIFO_SRL">   --->   Core 36 'FIFO_SRL' <Latency = 0> <II = 1> <Delay = 1.83> <Storage> <Opcode : 'read' 'write' 'nbread' 'nbwrite'> <Ports = 0> <Width = 512> <Depth = 0> <FIFO>
ST_1 : Operation 8 [1/1] (0.00ns)   --->   "br i1 %tmp, label %_ifconv, label %._crit_edge80.i" [/home/embed/Desktop/xkjiang/Github_Version/EthernetSSD-System-main/RX_receiveWriteReadRequest_genACK/hls/rocev2/../udp/../axi_utils.hpp:1105]   --->   Operation 8 'br' <Predicate = (!ls_writeRemainder_lo)> <Delay = 0.00>
ST_1 : Operation 9 [1/1] (1.83ns)   --->   "%empty = call { i512, i64, i1 } @_ssdm_op_Read.ap_fifo.volatile.i512P.i64P.i1P(i512* @tx_ib2udpFifo_V_data, i64* @tx_ib2udpFifo_V_keep, i1* @tx_ib2udpFifo_V_last) nounwind" [/home/embed/Desktop/xkjiang/Github_Version/EthernetSSD-System-main/RX_receiveWriteReadRequest_genACK/hls/rocev2/../udp/../axi_utils.hpp:1107]   --->   Operation 9 'read' 'empty' <Predicate = (!ls_writeRemainder_lo & tmp)> <Delay = 1.83> <Core = "FIFO_SRL">   --->   Core 36 'FIFO_SRL' <Latency = 0> <II = 1> <Delay = 1.83> <Storage> <Opcode : 'read' 'write' 'nbread' 'nbwrite'> <Ports = 0> <Width = 512> <Depth = 0> <FIFO>
ST_1 : Operation 10 [1/1] (0.00ns)   --->   "%tmp_data_V = extractvalue { i512, i64, i1 } %empty, 0" [/home/embed/Desktop/xkjiang/Github_Version/EthernetSSD-System-main/RX_receiveWriteReadRequest_genACK/hls/rocev2/../udp/../axi_utils.hpp:1107]   --->   Operation 10 'extractvalue' 'tmp_data_V' <Predicate = (!ls_writeRemainder_lo & tmp)> <Delay = 0.00>
ST_1 : Operation 11 [1/1] (0.00ns)   --->   "%tmp_keep_V = extractvalue { i512, i64, i1 } %empty, 1" [/home/embed/Desktop/xkjiang/Github_Version/EthernetSSD-System-main/RX_receiveWriteReadRequest_genACK/hls/rocev2/../udp/../axi_utils.hpp:1107]   --->   Operation 11 'extractvalue' 'tmp_keep_V' <Predicate = (!ls_writeRemainder_lo & tmp)> <Delay = 0.00>
ST_1 : Operation 12 [1/1] (0.00ns)   --->   "%tmp_last_V = extractvalue { i512, i64, i1 } %empty, 2" [/home/embed/Desktop/xkjiang/Github_Version/EthernetSSD-System-main/RX_receiveWriteReadRequest_genACK/hls/rocev2/../udp/../axi_utils.hpp:1107]   --->   Operation 12 'extractvalue' 'tmp_last_V' <Predicate = (!ls_writeRemainder_lo & tmp)> <Delay = 0.00>
ST_1 : Operation 13 [1/1] (0.00ns)   --->   "%ls_firstWord_load = load i1* @ls_firstWord, align 1" [/home/embed/Desktop/xkjiang/Github_Version/EthernetSSD-System-main/RX_receiveWriteReadRequest_genACK/hls/rocev2/../udp/../axi_utils.hpp:1116]   --->   Operation 13 'load' 'ls_firstWord_load' <Predicate = (!ls_writeRemainder_lo & tmp)> <Delay = 0.00>
ST_1 : Operation 14 [1/1] (0.00ns) (grouped into LUT with out node sendWord_data_V)   --->   "%trunc_ln647 = trunc i512 %tmp_data_V to i448" [/home/embed/Desktop/xkjiang/Github_Version/EthernetSSD-System-main/RX_receiveWriteReadRequest_genACK/hls/rocev2/../udp/../axi_utils.hpp:1119]   --->   Operation 14 'trunc' 'trunc_ln647' <Predicate = (!ls_writeRemainder_lo & tmp)> <Delay = 0.00>
ST_1 : Operation 15 [1/1] (0.00ns) (grouped into LUT with out node sendWord_data_V)   --->   "%p_Result_5 = shl i512 %tmp_data_V, 64" [/home/embed/Desktop/xkjiang/Github_Version/EthernetSSD-System-main/RX_receiveWriteReadRequest_genACK/hls/rocev2/../udp/../axi_utils.hpp:1119]   --->   Operation 15 'shl' 'p_Result_5' <Predicate = (!ls_writeRemainder_lo & tmp)> <Delay = 0.00>
ST_1 : Operation 16 [1/1] (0.00ns)   --->   "%trunc_ln647_2 = trunc i64 %tmp_keep_V to i56" [/home/embed/Desktop/xkjiang/Github_Version/EthernetSSD-System-main/RX_receiveWriteReadRequest_genACK/hls/rocev2/../udp/../axi_utils.hpp:1121]   --->   Operation 16 'trunc' 'trunc_ln647_2' <Predicate = (!ls_writeRemainder_lo & tmp)> <Delay = 0.00>
ST_1 : Operation 17 [1/1] (0.00ns)   --->   "%p_Result_6 = call i64 @_ssdm_op_BitConcatenate.i64.i56.i8(i56 %trunc_ln647_2, i8 -1) nounwind" [/home/embed/Desktop/xkjiang/Github_Version/EthernetSSD-System-main/RX_receiveWriteReadRequest_genACK/hls/rocev2/../udp/../axi_utils.hpp:1121]   --->   Operation 17 'bitconcatenate' 'p_Result_6' <Predicate = (!ls_writeRemainder_lo & tmp)> <Delay = 0.00>
ST_1 : Operation 18 [1/1] (0.00ns)   --->   "%p_Result_15_i = call i8 @_ssdm_op_PartSelect.i8.i64.i32.i32(i64 %tmp_keep_V, i32 56, i32 63) nounwind" [/home/embed/Desktop/xkjiang/Github_Version/EthernetSSD-System-main/RX_receiveWriteReadRequest_genACK/hls/rocev2/../udp/../axi_utils.hpp:1122]   --->   Operation 18 'partselect' 'p_Result_15_i' <Predicate = (!ls_writeRemainder_lo & tmp)> <Delay = 0.00>
ST_1 : Operation 19 [1/1] (0.00ns) (grouped into LUT with out node sendWord_data_V)   --->   "%p_Result_16_i = call i64 @_ssdm_op_PartSelect.i64.i512.i32.i32(i512 %p_Val2_s, i32 448, i32 511) nounwind" [/home/embed/Desktop/xkjiang/Github_Version/EthernetSSD-System-main/RX_receiveWriteReadRequest_genACK/hls/rocev2/../udp/../axi_utils.hpp:1126]   --->   Operation 19 'partselect' 'p_Result_16_i' <Predicate = (!ls_writeRemainder_lo & tmp)> <Delay = 0.00>
ST_1 : Operation 20 [1/1] (0.00ns) (grouped into LUT with out node sendWord_data_V)   --->   "%p_Result_7 = call i512 @_ssdm_op_BitConcatenate.i512.i448.i64(i448 %trunc_ln647, i64 %p_Result_16_i) nounwind" [/home/embed/Desktop/xkjiang/Github_Version/EthernetSSD-System-main/RX_receiveWriteReadRequest_genACK/hls/rocev2/../udp/../axi_utils.hpp:1127]   --->   Operation 20 'bitconcatenate' 'p_Result_7' <Predicate = (!ls_writeRemainder_lo & tmp)> <Delay = 0.00>
ST_1 : Operation 21 [1/1] (0.00ns)   --->   "%p_Result_19_i = call i8 @_ssdm_op_PartSelect.i8.i64.i32.i32(i64 %p_Val2_4, i32 56, i32 63) nounwind" [/home/embed/Desktop/xkjiang/Github_Version/EthernetSSD-System-main/RX_receiveWriteReadRequest_genACK/hls/rocev2/../udp/../axi_utils.hpp:1129]   --->   Operation 21 'partselect' 'p_Result_19_i' <Predicate = (!ls_writeRemainder_lo & tmp)> <Delay = 0.00>
ST_1 : Operation 22 [1/1] (0.00ns)   --->   "%p_Result_8 = call i64 @_ssdm_op_BitConcatenate.i64.i56.i8(i56 %trunc_ln647_2, i8 %p_Result_19_i) nounwind" [/home/embed/Desktop/xkjiang/Github_Version/EthernetSSD-System-main/RX_receiveWriteReadRequest_genACK/hls/rocev2/../udp/../axi_utils.hpp:1130]   --->   Operation 22 'bitconcatenate' 'p_Result_8' <Predicate = (!ls_writeRemainder_lo & tmp)> <Delay = 0.00>
ST_1 : Operation 23 [1/1] (0.42ns)   --->   "%sendWord_keep_V = select i1 %ls_firstWord_load, i64 %p_Result_6, i64 %p_Result_8" [/home/embed/Desktop/xkjiang/Github_Version/EthernetSSD-System-main/RX_receiveWriteReadRequest_genACK/hls/rocev2/../udp/../axi_utils.hpp:1116]   --->   Operation 23 'select' 'sendWord_keep_V' <Predicate = (!ls_writeRemainder_lo & tmp)> <Delay = 0.42> <Core = "Sel">   --->   Core 26 'Sel' <Latency = 0> <II = 1> <Delay = 0.61> <FuncUnit> <Opcode : 'select'> <InPorts = 3> <OutPorts = 1>
ST_1 : Operation 24 [1/1] (0.61ns) (out node of the LUT)   --->   "%sendWord_data_V = select i1 %ls_firstWord_load, i512 %p_Result_5, i512 %p_Result_7" [/home/embed/Desktop/xkjiang/Github_Version/EthernetSSD-System-main/RX_receiveWriteReadRequest_genACK/hls/rocev2/../udp/../axi_utils.hpp:1116]   --->   Operation 24 'select' 'sendWord_data_V' <Predicate = (!ls_writeRemainder_lo & tmp)> <Delay = 0.61> <Core = "Sel">   --->   Core 26 'Sel' <Latency = 0> <II = 1> <Delay = 0.61> <FuncUnit> <Opcode : 'select'> <InPorts = 3> <OutPorts = 1>
ST_1 : Operation 25 [1/1] (0.84ns)   --->   "%sendWord_last_V = icmp eq i8 %p_Result_15_i, 0" [/home/embed/Desktop/xkjiang/Github_Version/EthernetSSD-System-main/RX_receiveWriteReadRequest_genACK/hls/rocev2/../udp/../axi_utils.hpp:1122]   --->   Operation 25 'icmp' 'sendWord_last_V' <Predicate = (!ls_writeRemainder_lo & tmp)> <Delay = 0.84> <Core = "Cmp">   --->   Core 25 'Cmp' <Latency = 0> <II = 1> <Delay = 0.84> <FuncUnit> <Opcode : 'icmp'> <InPorts = 2> <OutPorts = 1>
ST_1 : Operation 26 [1/1] (0.00ns)   --->   "store i512 %tmp_data_V, i512* @prevWord_data_V_17, align 64" [/home/embed/Desktop/xkjiang/Github_Version/EthernetSSD-System-main/RX_receiveWriteReadRequest_genACK/hls/rocev2/../axi_utils.hpp:50->/home/embed/Desktop/xkjiang/Github_Version/EthernetSSD-System-main/RX_receiveWriteReadRequest_genACK/hls/rocev2/../udp/../axi_utils.hpp:1137]   --->   Operation 26 'store' <Predicate = (!ls_writeRemainder_lo & tmp)> <Delay = 0.00>
ST_1 : Operation 27 [1/1] (0.00ns)   --->   "store i64 %tmp_keep_V, i64* @prevWord_keep_V_13, align 64" [/home/embed/Desktop/xkjiang/Github_Version/EthernetSSD-System-main/RX_receiveWriteReadRequest_genACK/hls/rocev2/../axi_utils.hpp:50->/home/embed/Desktop/xkjiang/Github_Version/EthernetSSD-System-main/RX_receiveWriteReadRequest_genACK/hls/rocev2/../udp/../axi_utils.hpp:1137]   --->   Operation 27 'store' <Predicate = (!ls_writeRemainder_lo & tmp)> <Delay = 0.00>
ST_1 : Operation 28 [1/1] (0.65ns)   --->   "br i1 %tmp_last_V, label %2, label %mergeST.i" [/home/embed/Desktop/xkjiang/Github_Version/EthernetSSD-System-main/RX_receiveWriteReadRequest_genACK/hls/rocev2/../udp/../axi_utils.hpp:1139]   --->   Operation 28 'br' <Predicate = (!ls_writeRemainder_lo & tmp)> <Delay = 0.65>
ST_1 : Operation 29 [1/1] (0.28ns)   --->   "%xor_ln761 = xor i1 %sendWord_last_V, true" [/home/embed/Desktop/xkjiang/Github_Version/EthernetSSD-System-main/RX_receiveWriteReadRequest_genACK/hls/rocev2/../udp/../axi_utils.hpp:1142]   --->   Operation 29 'xor' 'xor_ln761' <Predicate = (!ls_writeRemainder_lo & tmp & tmp_last_V)> <Delay = 0.28> <Core = "LogicGate">   --->   Core 27 'LogicGate' <Latency = 0> <II = 1> <Delay = 0.28> <FuncUnit> <Opcode : 'and' 'or' 'xor'> <InPorts = 2> <OutPorts = 1>
ST_1 : Operation 30 [1/1] (0.65ns)   --->   "store i1 %xor_ln761, i1* @ls_writeRemainder, align 1" [/home/embed/Desktop/xkjiang/Github_Version/EthernetSSD-System-main/RX_receiveWriteReadRequest_genACK/hls/rocev2/../udp/../axi_utils.hpp:1142]   --->   Operation 30 'store' <Predicate = (!ls_writeRemainder_lo & tmp & tmp_last_V)> <Delay = 0.65>
ST_1 : Operation 31 [1/1] (0.65ns)   --->   "br label %mergeST.i" [/home/embed/Desktop/xkjiang/Github_Version/EthernetSSD-System-main/RX_receiveWriteReadRequest_genACK/hls/rocev2/../udp/../axi_utils.hpp:1143]   --->   Operation 31 'br' <Predicate = (!ls_writeRemainder_lo & tmp & tmp_last_V)> <Delay = 0.65>
ST_1 : Operation 32 [1/1] (0.00ns)   --->   "%ls_firstWord_new_0_i = phi i1 [ true, %2 ], [ false, %_ifconv ]"   --->   Operation 32 'phi' 'ls_firstWord_new_0_i' <Predicate = (!ls_writeRemainder_lo & tmp)> <Delay = 0.00>
ST_1 : Operation 33 [1/1] (0.00ns)   --->   "store i1 %ls_firstWord_new_0_i, i1* @ls_firstWord, align 1" [/home/embed/Desktop/xkjiang/Github_Version/EthernetSSD-System-main/RX_receiveWriteReadRequest_genACK/hls/rocev2/../udp/../axi_utils.hpp:1138]   --->   Operation 33 'store' <Predicate = (!ls_writeRemainder_lo & tmp)> <Delay = 0.00>
ST_1 : Operation 34 [1/1] (0.00ns)   --->   "%p_Result_i = call i64 @_ssdm_op_PartSelect.i64.i512.i32.i32(i512 %p_Val2_s, i32 448, i32 511) nounwind" [/home/embed/Desktop/xkjiang/Github_Version/EthernetSSD-System-main/RX_receiveWriteReadRequest_genACK/hls/rocev2/../udp/../axi_utils.hpp:1096]   --->   Operation 34 'partselect' 'p_Result_i' <Predicate = (ls_writeRemainder_lo)> <Delay = 0.00>
ST_1 : Operation 35 [1/1] (0.00ns)   --->   "%p_Result_i_197 = call i8 @_ssdm_op_PartSelect.i8.i64.i32.i32(i64 %p_Val2_4, i32 56, i32 63) nounwind" [/home/embed/Desktop/xkjiang/Github_Version/EthernetSSD-System-main/RX_receiveWriteReadRequest_genACK/hls/rocev2/../udp/../axi_utils.hpp:1098]   --->   Operation 35 'partselect' 'p_Result_i_197' <Predicate = (ls_writeRemainder_lo)> <Delay = 0.00>
ST_1 : Operation 36 [1/1] (0.65ns)   --->   "store i1 false, i1* @ls_writeRemainder, align 1" [/home/embed/Desktop/xkjiang/Github_Version/EthernetSSD-System-main/RX_receiveWriteReadRequest_genACK/hls/rocev2/../udp/../axi_utils.hpp:1103]   --->   Operation 36 'store' <Predicate = (ls_writeRemainder_lo)> <Delay = 0.65>

State 2 <SV = 1> <Delay = 1.83>
ST_2 : Operation 37 [1/1] (0.00ns)   --->   "call void (...)* @_ssdm_op_SpecInterface(i512* @tx_ib2udpFifo_V_data, [8 x i8]* @ap_fifo_str, i32 0, i32 0, [1 x i8]* @p_str, i32 0, i32 0, [1 x i8]* @p_str, [1 x i8]* @p_str, [1 x i8]* @p_str, i32 2, i32 2, i32 16, i32 16, [1 x i8]* @p_str, [1 x i8]* @p_str)"   --->   Operation 37 'specinterface' <Predicate = true> <Delay = 0.00>
ST_2 : Operation 38 [1/1] (0.00ns)   --->   "call void (...)* @_ssdm_op_SpecInterface(i64* @tx_ib2udpFifo_V_keep, [8 x i8]* @ap_fifo_str, i32 0, i32 0, [1 x i8]* @p_str, i32 0, i32 0, [1 x i8]* @p_str, [1 x i8]* @p_str, [1 x i8]* @p_str, i32 2, i32 2, i32 16, i32 16, [1 x i8]* @p_str, [1 x i8]* @p_str)"   --->   Operation 38 'specinterface' <Predicate = true> <Delay = 0.00>
ST_2 : Operation 39 [1/1] (0.00ns)   --->   "call void (...)* @_ssdm_op_SpecInterface(i1* @tx_ib2udpFifo_V_last, [8 x i8]* @ap_fifo_str, i32 0, i32 0, [1 x i8]* @p_str, i32 0, i32 0, [1 x i8]* @p_str, [1 x i8]* @p_str, [1 x i8]* @p_str, i32 2, i32 2, i32 16, i32 16, [1 x i8]* @p_str, [1 x i8]* @p_str)"   --->   Operation 39 'specinterface' <Predicate = true> <Delay = 0.00>
ST_2 : Operation 40 [1/1] (0.00ns)   --->   "call void (...)* @_ssdm_op_SpecInterface(i512* @tx_shift2udpFifo_V_d, [8 x i8]* @ap_fifo_str, i32 0, i32 0, [1 x i8]* @p_str, i32 0, i32 0, [1 x i8]* @p_str, [1 x i8]* @p_str, [1 x i8]* @p_str, i32 2, i32 2, i32 16, i32 16, [1 x i8]* @p_str, [1 x i8]* @p_str)"   --->   Operation 40 'specinterface' <Predicate = true> <Delay = 0.00>
ST_2 : Operation 41 [1/1] (0.00ns)   --->   "call void (...)* @_ssdm_op_SpecInterface(i64* @tx_shift2udpFifo_V_k, [8 x i8]* @ap_fifo_str, i32 0, i32 0, [1 x i8]* @p_str, i32 0, i32 0, [1 x i8]* @p_str, [1 x i8]* @p_str, [1 x i8]* @p_str, i32 2, i32 2, i32 16, i32 16, [1 x i8]* @p_str, [1 x i8]* @p_str)"   --->   Operation 41 'specinterface' <Predicate = true> <Delay = 0.00>
ST_2 : Operation 42 [1/1] (0.00ns)   --->   "call void (...)* @_ssdm_op_SpecInterface(i1* @tx_shift2udpFifo_V_l, [8 x i8]* @ap_fifo_str, i32 0, i32 0, [1 x i8]* @p_str, i32 0, i32 0, [1 x i8]* @p_str, [1 x i8]* @p_str, [1 x i8]* @p_str, i32 2, i32 2, i32 16, i32 16, [1 x i8]* @p_str, [1 x i8]* @p_str)"   --->   Operation 42 'specinterface' <Predicate = true> <Delay = 0.00>
ST_2 : Operation 43 [1/1] (0.00ns)   --->   "call void (...)* @_ssdm_op_SpecPipeline(i32 1, i32 1, i32 1, i32 0, [1 x i8]* @p_str177) nounwind" [/home/embed/Desktop/xkjiang/Github_Version/EthernetSSD-System-main/RX_receiveWriteReadRequest_genACK/hls/rocev2/../udp/../axi_utils.hpp:1085]   --->   Operation 43 'specpipeline' <Predicate = true> <Delay = 0.00>
ST_2 : Operation 44 [1/1] (1.83ns)   --->   "call void @_ssdm_op_Write.ap_fifo.volatile.i512P.i64P.i1P(i512* @tx_shift2udpFifo_V_d, i64* @tx_shift2udpFifo_V_k, i1* @tx_shift2udpFifo_V_l, i512 %sendWord_data_V, i64 %sendWord_keep_V, i1 %sendWord_last_V) nounwind" [/home/embed/Desktop/xkjiang/Github_Version/EthernetSSD-System-main/RX_receiveWriteReadRequest_genACK/hls/rocev2/../udp/../axi_utils.hpp:1135]   --->   Operation 44 'write' <Predicate = (!ls_writeRemainder_lo & tmp)> <Delay = 1.83> <Core = "FIFO_SRL">   --->   Core 36 'FIFO_SRL' <Latency = 0> <II = 1> <Delay = 1.83> <Storage> <Opcode : 'read' 'write' 'nbread' 'nbwrite'> <Ports = 0> <Width = 512> <Depth = 0> <FIFO>
ST_2 : Operation 45 [1/1] (0.00ns)   --->   "br label %._crit_edge80.i" [/home/embed/Desktop/xkjiang/Github_Version/EthernetSSD-System-main/RX_receiveWriteReadRequest_genACK/hls/rocev2/../udp/../axi_utils.hpp:1145]   --->   Operation 45 'br' <Predicate = (!ls_writeRemainder_lo & tmp)> <Delay = 0.00>
ST_2 : Operation 46 [1/1] (0.00ns)   --->   "br label %"udp_lshiftWordByOctet<512, 1>.exit""   --->   Operation 46 'br' <Predicate = (!ls_writeRemainder_lo)> <Delay = 0.00>
ST_2 : Operation 47 [1/1] (0.00ns)   --->   "%p_Result_s = call i512 @_ssdm_op_BitConcatenate.i512.i448.i64(i448 0, i64 %p_Result_i) nounwind" [/home/embed/Desktop/xkjiang/Github_Version/EthernetSSD-System-main/RX_receiveWriteReadRequest_genACK/hls/rocev2/../udp/../axi_utils.hpp:1097]   --->   Operation 47 'bitconcatenate' 'p_Result_s' <Predicate = (ls_writeRemainder_lo)> <Delay = 0.00>
ST_2 : Operation 48 [1/1] (0.00ns)   --->   "%p_Result_4 = call i64 @_ssdm_op_BitConcatenate.i64.i56.i8(i56 0, i8 %p_Result_i_197) nounwind" [/home/embed/Desktop/xkjiang/Github_Version/EthernetSSD-System-main/RX_receiveWriteReadRequest_genACK/hls/rocev2/../udp/../axi_utils.hpp:1099]   --->   Operation 48 'bitconcatenate' 'p_Result_4' <Predicate = (ls_writeRemainder_lo)> <Delay = 0.00>
ST_2 : Operation 49 [1/1] (1.83ns)   --->   "call void @_ssdm_op_Write.ap_fifo.volatile.i512P.i64P.i1P(i512* @tx_shift2udpFifo_V_d, i64* @tx_shift2udpFifo_V_k, i1* @tx_shift2udpFifo_V_l, i512 %p_Result_s, i64 %p_Result_4, i1 true) nounwind" [/home/embed/Desktop/xkjiang/Github_Version/EthernetSSD-System-main/RX_receiveWriteReadRequest_genACK/hls/rocev2/../udp/../axi_utils.hpp:1102]   --->   Operation 49 'write' <Predicate = (ls_writeRemainder_lo)> <Delay = 1.83> <Core = "FIFO_SRL">   --->   Core 36 'FIFO_SRL' <Latency = 0> <II = 1> <Delay = 1.83> <Storage> <Opcode : 'read' 'write' 'nbread' 'nbwrite'> <Ports = 0> <Width = 512> <Depth = 0> <FIFO>
ST_2 : Operation 50 [1/1] (0.00ns)   --->   "br label %"udp_lshiftWordByOctet<512, 1>.exit"" [/home/embed/Desktop/xkjiang/Github_Version/EthernetSSD-System-main/RX_receiveWriteReadRequest_genACK/hls/rocev2/../udp/../axi_utils.hpp:1104]   --->   Operation 50 'br' <Predicate = (ls_writeRemainder_lo)> <Delay = 0.00>
ST_2 : Operation 51 [1/1] (0.00ns)   --->   "ret void"   --->   Operation 51 'ret' <Predicate = true> <Delay = 0.00>


============================================================
+ Verbose Summary: Timing violations
============================================================
Target clock period: 8ns, clock uncertainty: 1ns.

 <State 1>: 3.63ns
The critical path consists of the following:
	fifo read on port 'tx_ib2udpFifo_V_data' (/home/embed/Desktop/xkjiang/Github_Version/EthernetSSD-System-main/RX_receiveWriteReadRequest_genACK/hls/rocev2/../udp/../axi_utils.hpp:1107) [26]  (1.84 ns)
	'icmp' operation ('sendWord.last.V', /home/embed/Desktop/xkjiang/Github_Version/EthernetSSD-System-main/RX_receiveWriteReadRequest_genACK/hls/rocev2/../udp/../axi_utils.hpp:1122) [42]  (0.849 ns)
	'xor' operation ('xor_ln761', /home/embed/Desktop/xkjiang/Github_Version/EthernetSSD-System-main/RX_receiveWriteReadRequest_genACK/hls/rocev2/../udp/../axi_utils.hpp:1142) [48]  (0.287 ns)
	'store' operation ('store_ln1142', /home/embed/Desktop/xkjiang/Github_Version/EthernetSSD-System-main/RX_receiveWriteReadRequest_genACK/hls/rocev2/../udp/../axi_utils.hpp:1142) of variable 'xor_ln761', /home/embed/Desktop/xkjiang/Github_Version/EthernetSSD-System-main/RX_receiveWriteReadRequest_genACK/hls/rocev2/../udp/../axi_utils.hpp:1142 on static variable 'ls_writeRemainder' [49]  (0.656 ns)

 <State 2>: 1.84ns
The critical path consists of the following:
	fifo write on port 'tx_shift2udpFifo_V_d' (/home/embed/Desktop/xkjiang/Github_Version/EthernetSSD-System-main/RX_receiveWriteReadRequest_genACK/hls/rocev2/../udp/../axi_utils.hpp:1135) [43]  (1.84 ns)


============================================================
+ Verbose Summary: Binding
============================================================
N/A
* FSMD analyzer results:
  - Output states:
 - Input state : 
  - Chain level:
	State 1
	State 2


============================================================
+ Verbose Summary: Datapath Resource usage 
============================================================
N/A
