

================================================================
== Vivado HLS Report for 'udp_rshiftWordByOcte'
================================================================
* Date:           Mon Mar  1 13:03:27 2021

* Version:        2019.1 (Build 2552052 on Fri May 24 15:28:33 MDT 2019)
* Project:        rocev2_prj
* Solution:       solution1
* Product family: zynquplus
* Target device:  xczu7eg-ffvc1156-2-i


================================================================
== Performance Estimates
================================================================
+ Timing (ns): 
    * Summary: 
    +--------+-------+----------+------------+
    |  Clock | Target| Estimated| Uncertainty|
    +--------+-------+----------+------------+
    |ap_clk  |   8.00|     3.633|        1.00|
    +--------+-------+----------+------------+

+ Latency (clock cycles): 
    * Summary: 
    +-----+-----+-----+-----+----------+
    |  Latency  |  Interval | Pipeline |
    | min | max | min | max |   Type   |
    +-----+-----+-----+-----+----------+
    |    1|    1|    1|    1| function |
    +-----+-----+-----+-----+----------+

    + Detail: 
        * Instance: 
        N/A

        * Loop: 
        N/A

============================================================
+ Verbose Summary: Synthesis Manager
============================================================
InlineROM: 1
ExposeGlobal: 0
============================================================
+ Verbose Summary: CDFG Model
============================================================
IsTopModel: 0
ResetActiveHigh: 1
IsCombinational: 2
IsDatapathOnly: 0
HasWiredReturn: 1
HasMFsm: 2
HasVarLatency: 0
IsPipeline: 1
IsRtlPipelined: 1
IsInstanceOverlapped: 0
IsDontTouch: 0
HasImplIP: 0
IsGatedGlobalClock: 0

+ Individual pipeline summary: 
  * Pipeline-0: initiation interval (II) = 1, depth = 2


============================================================
+ Verbose Summary: Schedule
============================================================
* Number of FSM states : 2
* Pipeline : 1
  Pipeline-0 : II = 1, D = 2, States = { 1 2 }
* Dataflow Pipeline: 0

* FSM state transitions: 
1 --> 2 
2 --> 

* FSM state operations: 

State 1 <SV = 0> <Delay = 3.63>
ST_1 : Operation 3 [1/1] (0.00ns)   --->   "%fsmState_load = load i1* @fsmState, align 1" [/home/embed/Desktop/xkjiang/Github_Version/EthernetSSD-System-main/RX_receiveWriteReadRequest_genACK/hls/rocev2/../udp/../axi_utils.hpp:1389]   --->   Operation 3 'load' 'fsmState_load' <Predicate = true> <Delay = 0.00>
ST_1 : Operation 4 [1/1] (0.00ns)   --->   "br i1 %fsmState_load, label %5, label %0" [/home/embed/Desktop/xkjiang/Github_Version/EthernetSSD-System-main/RX_receiveWriteReadRequest_genACK/hls/rocev2/../udp/../axi_utils.hpp:1389]   --->   Operation 4 'br' <Predicate = true> <Delay = 0.00>
ST_1 : Operation 5 [1/1] (0.00ns)   --->   "%tmp = call i1 @_ssdm_op_NbReadReq.ap_fifo.i512P.i64P.i1P(i512* @rx_udp2shiftFifo_V_d, i64* @rx_udp2shiftFifo_V_k, i1* @rx_udp2shiftFifo_V_l, i32 1) nounwind" [/home/embed/Desktop/xkjiang/Github_Version/EthernetSSD-System-main/RX_receiveWriteReadRequest_genACK/hls/rocev2/../udp/../axi_utils.hpp:1392]   --->   Operation 5 'nbreadreq' 'tmp' <Predicate = (!fsmState_load)> <Delay = 0.00> <Core = "FIFO_SRL">   --->   Core 36 'FIFO_SRL' <Latency = 0> <II = 1> <Delay = 1.83> <Storage> <Opcode : 'read' 'write' 'nbread' 'nbwrite'> <Ports = 0> <Width = 512> <Depth = 0> <FIFO>
ST_1 : Operation 6 [1/1] (0.00ns)   --->   "br i1 %tmp, label %1, label %._crit_edge64.i" [/home/embed/Desktop/xkjiang/Github_Version/EthernetSSD-System-main/RX_receiveWriteReadRequest_genACK/hls/rocev2/../udp/../axi_utils.hpp:1392]   --->   Operation 6 'br' <Predicate = (!fsmState_load)> <Delay = 0.00>
ST_1 : Operation 7 [1/1] (1.83ns)   --->   "%empty = call { i512, i64, i1 } @_ssdm_op_Read.ap_fifo.volatile.i512P.i64P.i1P(i512* @rx_udp2shiftFifo_V_d, i64* @rx_udp2shiftFifo_V_k, i1* @rx_udp2shiftFifo_V_l) nounwind" [/home/embed/Desktop/xkjiang/Github_Version/EthernetSSD-System-main/RX_receiveWriteReadRequest_genACK/hls/rocev2/../udp/../axi_utils.hpp:1394]   --->   Operation 7 'read' 'empty' <Predicate = (!fsmState_load & tmp)> <Delay = 1.83> <Core = "FIFO_SRL">   --->   Core 36 'FIFO_SRL' <Latency = 0> <II = 1> <Delay = 1.83> <Storage> <Opcode : 'read' 'write' 'nbread' 'nbwrite'> <Ports = 0> <Width = 512> <Depth = 0> <FIFO>
ST_1 : Operation 8 [1/1] (0.00ns)   --->   "%tmp_data_V_3 = extractvalue { i512, i64, i1 } %empty, 0" [/home/embed/Desktop/xkjiang/Github_Version/EthernetSSD-System-main/RX_receiveWriteReadRequest_genACK/hls/rocev2/../udp/../axi_utils.hpp:1394]   --->   Operation 8 'extractvalue' 'tmp_data_V_3' <Predicate = (!fsmState_load & tmp)> <Delay = 0.00>
ST_1 : Operation 9 [1/1] (0.00ns)   --->   "%tmp_keep_V_3 = extractvalue { i512, i64, i1 } %empty, 1" [/home/embed/Desktop/xkjiang/Github_Version/EthernetSSD-System-main/RX_receiveWriteReadRequest_genACK/hls/rocev2/../udp/../axi_utils.hpp:1394]   --->   Operation 9 'extractvalue' 'tmp_keep_V_3' <Predicate = (!fsmState_load & tmp)> <Delay = 0.00>
ST_1 : Operation 10 [1/1] (0.00ns)   --->   "%tmp_last_V = extractvalue { i512, i64, i1 } %empty, 2" [/home/embed/Desktop/xkjiang/Github_Version/EthernetSSD-System-main/RX_receiveWriteReadRequest_genACK/hls/rocev2/../udp/../axi_utils.hpp:1394]   --->   Operation 10 'extractvalue' 'tmp_last_V' <Predicate = (!fsmState_load & tmp)> <Delay = 0.00>
ST_1 : Operation 11 [1/1] (0.00ns)   --->   "%rs_firstWord_load = load i1* @rs_firstWord, align 1" [/home/embed/Desktop/xkjiang/Github_Version/EthernetSSD-System-main/RX_receiveWriteReadRequest_genACK/hls/rocev2/../udp/../axi_utils.hpp:1395]   --->   Operation 11 'load' 'rs_firstWord_load' <Predicate = (!fsmState_load & tmp)> <Delay = 0.00>
ST_1 : Operation 12 [1/1] (0.65ns)   --->   "br i1 %rs_firstWord_load, label %._crit_edge65.i, label %2" [/home/embed/Desktop/xkjiang/Github_Version/EthernetSSD-System-main/RX_receiveWriteReadRequest_genACK/hls/rocev2/../udp/../axi_utils.hpp:1395]   --->   Operation 12 'br' <Predicate = (!fsmState_load & tmp)> <Delay = 0.65>
ST_1 : Operation 13 [1/1] (0.00ns)   --->   "%p_Result_9_i = call i56 @_ssdm_op_PartSelect.i56.i64.i32.i32(i64 %tmp_keep_V_3, i32 8, i32 63) nounwind" [/home/embed/Desktop/xkjiang/Github_Version/EthernetSSD-System-main/RX_receiveWriteReadRequest_genACK/hls/rocev2/../udp/../axi_utils.hpp:1409]   --->   Operation 13 'partselect' 'p_Result_9_i' <Predicate = (!fsmState_load & tmp & !rs_firstWord_load)> <Delay = 0.00>
ST_1 : Operation 14 [1/1] (1.13ns)   --->   "%tmp_last_V_1 = icmp eq i56 %p_Result_9_i, 0" [/home/embed/Desktop/xkjiang/Github_Version/EthernetSSD-System-main/RX_receiveWriteReadRequest_genACK/hls/rocev2/../udp/../axi_utils.hpp:1409]   --->   Operation 14 'icmp' 'tmp_last_V_1' <Predicate = (!fsmState_load & tmp & !rs_firstWord_load)> <Delay = 1.13> <Core = "Cmp">   --->   Core 25 'Cmp' <Latency = 0> <II = 1> <Delay = 1.13> <FuncUnit> <Opcode : 'icmp'> <InPorts = 2> <OutPorts = 1>
ST_1 : Operation 15 [1/1] (0.65ns)   --->   "br label %._crit_edge65.i" [/home/embed/Desktop/xkjiang/Github_Version/EthernetSSD-System-main/RX_receiveWriteReadRequest_genACK/hls/rocev2/../udp/../axi_utils.hpp:1414]   --->   Operation 15 'br' <Predicate = (!fsmState_load & tmp & !rs_firstWord_load)> <Delay = 0.65>
ST_1 : Operation 16 [1/1] (0.00ns)   --->   "%p_0256_2_0_i = phi i1 [ %tmp_last_V_1, %2 ], [ false, %1 ]"   --->   Operation 16 'phi' 'p_0256_2_0_i' <Predicate = (!fsmState_load & tmp)> <Delay = 0.00>
ST_1 : Operation 17 [1/1] (0.65ns)   --->   "br i1 %tmp_last_V, label %3, label %mergeST.i" [/home/embed/Desktop/xkjiang/Github_Version/EthernetSSD-System-main/RX_receiveWriteReadRequest_genACK/hls/rocev2/../udp/../axi_utils.hpp:1418]   --->   Operation 17 'br' <Predicate = (!fsmState_load & tmp)> <Delay = 0.65>
ST_1 : Operation 18 [1/1] (0.00ns)   --->   "br i1 %p_0256_2_0_i, label %._crit_edge67.i, label %4" [/home/embed/Desktop/xkjiang/Github_Version/EthernetSSD-System-main/RX_receiveWriteReadRequest_genACK/hls/rocev2/../udp/../axi_utils.hpp:1422]   --->   Operation 18 'br' <Predicate = (!fsmState_load & tmp & tmp_last_V)> <Delay = 0.00>
ST_1 : Operation 19 [1/1] (0.65ns)   --->   "store i1 true, i1* @fsmState, align 1" [/home/embed/Desktop/xkjiang/Github_Version/EthernetSSD-System-main/RX_receiveWriteReadRequest_genACK/hls/rocev2/../udp/../axi_utils.hpp:1424]   --->   Operation 19 'store' <Predicate = (!fsmState_load & tmp & tmp_last_V & !p_0256_2_0_i)> <Delay = 0.65>
ST_1 : Operation 20 [1/1] (0.65ns)   --->   "br label %mergeST.i" [/home/embed/Desktop/xkjiang/Github_Version/EthernetSSD-System-main/RX_receiveWriteReadRequest_genACK/hls/rocev2/../udp/../axi_utils.hpp:1426]   --->   Operation 20 'br' <Predicate = (!fsmState_load & tmp & tmp_last_V)> <Delay = 0.65>
ST_1 : Operation 21 [1/1] (0.00ns)   --->   "%rs_firstWord_new_0_i = phi i1 [ true, %._crit_edge67.i ], [ false, %._crit_edge65.i ]"   --->   Operation 21 'phi' 'rs_firstWord_new_0_i' <Predicate = (!fsmState_load & tmp)> <Delay = 0.00>
ST_1 : Operation 22 [1/1] (0.00ns)   --->   "store i1 %rs_firstWord_new_0_i, i1* @rs_firstWord, align 1" [/home/embed/Desktop/xkjiang/Github_Version/EthernetSSD-System-main/RX_receiveWriteReadRequest_genACK/hls/rocev2/../udp/../axi_utils.hpp:1417]   --->   Operation 22 'store' <Predicate = (!fsmState_load & tmp)> <Delay = 0.00>
ST_1 : Operation 23 [1/1] (0.65ns)   --->   "store i1 false, i1* @fsmState, align 1" [/home/embed/Desktop/xkjiang/Github_Version/EthernetSSD-System-main/RX_receiveWriteReadRequest_genACK/hls/rocev2/../udp/../axi_utils.hpp:1440]   --->   Operation 23 'store' <Predicate = (fsmState_load)> <Delay = 0.65>

State 2 <SV = 1> <Delay = 1.83>
ST_2 : Operation 24 [1/1] (0.00ns)   --->   "call void (...)* @_ssdm_op_SpecInterface(i512* @rx_udp2ibFifo_V_data, [8 x i8]* @ap_fifo_str, i32 0, i32 0, [1 x i8]* @p_str, i32 0, i32 0, [1 x i8]* @p_str, [1 x i8]* @p_str, [1 x i8]* @p_str, i32 2, i32 2, i32 16, i32 16, [1 x i8]* @p_str, [1 x i8]* @p_str)"   --->   Operation 24 'specinterface' <Predicate = true> <Delay = 0.00>
ST_2 : Operation 25 [1/1] (0.00ns)   --->   "call void (...)* @_ssdm_op_SpecInterface(i64* @rx_udp2ibFifo_V_keep, [8 x i8]* @ap_fifo_str, i32 0, i32 0, [1 x i8]* @p_str, i32 0, i32 0, [1 x i8]* @p_str, [1 x i8]* @p_str, [1 x i8]* @p_str, i32 2, i32 2, i32 16, i32 16, [1 x i8]* @p_str, [1 x i8]* @p_str)"   --->   Operation 25 'specinterface' <Predicate = true> <Delay = 0.00>
ST_2 : Operation 26 [1/1] (0.00ns)   --->   "call void (...)* @_ssdm_op_SpecInterface(i1* @rx_udp2ibFifo_V_last, [8 x i8]* @ap_fifo_str, i32 0, i32 0, [1 x i8]* @p_str, i32 0, i32 0, [1 x i8]* @p_str, [1 x i8]* @p_str, [1 x i8]* @p_str, i32 2, i32 2, i32 16, i32 16, [1 x i8]* @p_str, [1 x i8]* @p_str)"   --->   Operation 26 'specinterface' <Predicate = true> <Delay = 0.00>
ST_2 : Operation 27 [1/1] (0.00ns)   --->   "call void (...)* @_ssdm_op_SpecInterface(i512* @rx_udp2shiftFifo_V_d, [8 x i8]* @ap_fifo_str, i32 0, i32 0, [1 x i8]* @p_str, i32 0, i32 0, [1 x i8]* @p_str, [1 x i8]* @p_str, [1 x i8]* @p_str, i32 2, i32 2, i32 16, i32 16, [1 x i8]* @p_str, [1 x i8]* @p_str)"   --->   Operation 27 'specinterface' <Predicate = true> <Delay = 0.00>
ST_2 : Operation 28 [1/1] (0.00ns)   --->   "call void (...)* @_ssdm_op_SpecInterface(i64* @rx_udp2shiftFifo_V_k, [8 x i8]* @ap_fifo_str, i32 0, i32 0, [1 x i8]* @p_str, i32 0, i32 0, [1 x i8]* @p_str, [1 x i8]* @p_str, [1 x i8]* @p_str, i32 2, i32 2, i32 16, i32 16, [1 x i8]* @p_str, [1 x i8]* @p_str)"   --->   Operation 28 'specinterface' <Predicate = true> <Delay = 0.00>
ST_2 : Operation 29 [1/1] (0.00ns)   --->   "call void (...)* @_ssdm_op_SpecInterface(i1* @rx_udp2shiftFifo_V_l, [8 x i8]* @ap_fifo_str, i32 0, i32 0, [1 x i8]* @p_str, i32 0, i32 0, [1 x i8]* @p_str, [1 x i8]* @p_str, [1 x i8]* @p_str, i32 2, i32 2, i32 16, i32 16, [1 x i8]* @p_str, [1 x i8]* @p_str)"   --->   Operation 29 'specinterface' <Predicate = true> <Delay = 0.00>
ST_2 : Operation 30 [1/1] (0.00ns)   --->   "call void (...)* @_ssdm_op_SpecPipeline(i32 1, i32 1, i32 1, i32 0, [1 x i8]* @p_str177) nounwind" [/home/embed/Desktop/xkjiang/Github_Version/EthernetSSD-System-main/RX_receiveWriteReadRequest_genACK/hls/rocev2/../udp/../axi_utils.hpp:1378]   --->   Operation 30 'specpipeline' <Predicate = true> <Delay = 0.00>
ST_2 : Operation 31 [1/1] (0.00ns)   --->   "%p_Val2_s = load i512* @prevWord_data_V_14, align 16" [/home/embed/Desktop/xkjiang/Github_Version/EthernetSSD-System-main/RX_receiveWriteReadRequest_genACK/hls/rocev2/../udp/../axi_utils.hpp:1403]   --->   Operation 31 'load' 'p_Val2_s' <Predicate = true> <Delay = 0.00>
ST_2 : Operation 32 [1/1] (0.00ns)   --->   "%p_Val2_1 = load i64* @prevWord_keep_V_15, align 8" [/home/embed/Desktop/xkjiang/Github_Version/EthernetSSD-System-main/RX_receiveWriteReadRequest_genACK/hls/rocev2/../udp/../axi_utils.hpp:1406]   --->   Operation 32 'load' 'p_Val2_1' <Predicate = true> <Delay = 0.00>
ST_2 : Operation 33 [1/1] (0.00ns)   --->   "%p_Result_i = call i448 @_ssdm_op_PartSelect.i448.i512.i32.i32(i512 %p_Val2_s, i32 64, i32 511) nounwind" [/home/embed/Desktop/xkjiang/Github_Version/EthernetSSD-System-main/RX_receiveWriteReadRequest_genACK/hls/rocev2/../udp/../axi_utils.hpp:1403]   --->   Operation 33 'partselect' 'p_Result_i' <Predicate = (!fsmState_load & tmp & !rs_firstWord_load)> <Delay = 0.00>
ST_2 : Operation 34 [1/1] (0.00ns)   --->   "%trunc_ln647 = trunc i512 %tmp_data_V_3 to i64" [/home/embed/Desktop/xkjiang/Github_Version/EthernetSSD-System-main/RX_receiveWriteReadRequest_genACK/hls/rocev2/../udp/../axi_utils.hpp:1404]   --->   Operation 34 'trunc' 'trunc_ln647' <Predicate = (!fsmState_load & tmp & !rs_firstWord_load)> <Delay = 0.00>
ST_2 : Operation 35 [1/1] (0.00ns)   --->   "%p_Result_s = call i512 @_ssdm_op_BitConcatenate.i512.i64.i448(i64 %trunc_ln647, i448 %p_Result_i) nounwind" [/home/embed/Desktop/xkjiang/Github_Version/EthernetSSD-System-main/RX_receiveWriteReadRequest_genACK/hls/rocev2/../udp/../axi_utils.hpp:1404]   --->   Operation 35 'bitconcatenate' 'p_Result_s' <Predicate = (!fsmState_load & tmp & !rs_firstWord_load)> <Delay = 0.00>
ST_2 : Operation 36 [1/1] (0.00ns)   --->   "%p_Result_6_i = call i56 @_ssdm_op_PartSelect.i56.i64.i32.i32(i64 %p_Val2_1, i32 8, i32 63) nounwind" [/home/embed/Desktop/xkjiang/Github_Version/EthernetSSD-System-main/RX_receiveWriteReadRequest_genACK/hls/rocev2/../udp/../axi_utils.hpp:1406]   --->   Operation 36 'partselect' 'p_Result_6_i' <Predicate = (!fsmState_load & tmp & !rs_firstWord_load)> <Delay = 0.00>
ST_2 : Operation 37 [1/1] (0.00ns)   --->   "%trunc_ln647_1 = trunc i64 %tmp_keep_V_3 to i8" [/home/embed/Desktop/xkjiang/Github_Version/EthernetSSD-System-main/RX_receiveWriteReadRequest_genACK/hls/rocev2/../udp/../axi_utils.hpp:1407]   --->   Operation 37 'trunc' 'trunc_ln647_1' <Predicate = (!fsmState_load & tmp & !rs_firstWord_load)> <Delay = 0.00>
ST_2 : Operation 38 [1/1] (0.00ns)   --->   "%p_Result_1 = call i64 @_ssdm_op_BitConcatenate.i64.i8.i56(i8 %trunc_ln647_1, i56 %p_Result_6_i) nounwind" [/home/embed/Desktop/xkjiang/Github_Version/EthernetSSD-System-main/RX_receiveWriteReadRequest_genACK/hls/rocev2/../udp/../axi_utils.hpp:1407]   --->   Operation 38 'bitconcatenate' 'p_Result_1' <Predicate = (!fsmState_load & tmp & !rs_firstWord_load)> <Delay = 0.00>
ST_2 : Operation 39 [1/1] (1.83ns)   --->   "call void @_ssdm_op_Write.ap_fifo.volatile.i512P.i64P.i1P(i512* @rx_udp2ibFifo_V_data, i64* @rx_udp2ibFifo_V_keep, i1* @rx_udp2ibFifo_V_last, i512 %p_Result_s, i64 %p_Result_1, i1 %tmp_last_V_1) nounwind" [/home/embed/Desktop/xkjiang/Github_Version/EthernetSSD-System-main/RX_receiveWriteReadRequest_genACK/hls/rocev2/../udp/../axi_utils.hpp:1413]   --->   Operation 39 'write' <Predicate = (!fsmState_load & tmp & !rs_firstWord_load)> <Delay = 1.83> <Core = "FIFO_SRL">   --->   Core 36 'FIFO_SRL' <Latency = 0> <II = 1> <Delay = 1.83> <Storage> <Opcode : 'read' 'write' 'nbread' 'nbwrite'> <Ports = 0> <Width = 512> <Depth = 0> <FIFO>
ST_2 : Operation 40 [1/1] (0.00ns)   --->   "store i512 %tmp_data_V_3, i512* @prevWord_data_V_14, align 64" [/home/embed/Desktop/xkjiang/Github_Version/EthernetSSD-System-main/RX_receiveWriteReadRequest_genACK/hls/rocev2/../axi_utils.hpp:50->/home/embed/Desktop/xkjiang/Github_Version/EthernetSSD-System-main/RX_receiveWriteReadRequest_genACK/hls/rocev2/../udp/../axi_utils.hpp:1416]   --->   Operation 40 'store' <Predicate = (!fsmState_load & tmp)> <Delay = 0.00>
ST_2 : Operation 41 [1/1] (0.00ns)   --->   "store i64 %tmp_keep_V_3, i64* @prevWord_keep_V_15, align 64" [/home/embed/Desktop/xkjiang/Github_Version/EthernetSSD-System-main/RX_receiveWriteReadRequest_genACK/hls/rocev2/../axi_utils.hpp:50->/home/embed/Desktop/xkjiang/Github_Version/EthernetSSD-System-main/RX_receiveWriteReadRequest_genACK/hls/rocev2/../udp/../axi_utils.hpp:1416]   --->   Operation 41 'store' <Predicate = (!fsmState_load & tmp)> <Delay = 0.00>
ST_2 : Operation 42 [1/1] (0.00ns)   --->   "br label %._crit_edge67.i" [/home/embed/Desktop/xkjiang/Github_Version/EthernetSSD-System-main/RX_receiveWriteReadRequest_genACK/hls/rocev2/../udp/../axi_utils.hpp:1425]   --->   Operation 42 'br' <Predicate = (!fsmState_load & tmp & tmp_last_V & !p_0256_2_0_i)> <Delay = 0.00>
ST_2 : Operation 43 [1/1] (0.00ns)   --->   "br label %._crit_edge64.i" [/home/embed/Desktop/xkjiang/Github_Version/EthernetSSD-System-main/RX_receiveWriteReadRequest_genACK/hls/rocev2/../udp/../axi_utils.hpp:1428]   --->   Operation 43 'br' <Predicate = (!fsmState_load & tmp)> <Delay = 0.00>
ST_2 : Operation 44 [1/1] (0.00ns)   --->   "br label %"udp_rshiftWordByOctet<net_axis<512>, 512, 2>.exit"" [/home/embed/Desktop/xkjiang/Github_Version/EthernetSSD-System-main/RX_receiveWriteReadRequest_genACK/hls/rocev2/../udp/../axi_utils.hpp:1429]   --->   Operation 44 'br' <Predicate = (!fsmState_load)> <Delay = 0.00>
ST_2 : Operation 45 [1/1] (0.00ns)   --->   "%p_Result_i_196 = call i448 @_ssdm_op_PartSelect.i448.i512.i32.i32(i512 %p_Val2_s, i32 64, i32 511) nounwind" [/home/embed/Desktop/xkjiang/Github_Version/EthernetSSD-System-main/RX_receiveWriteReadRequest_genACK/hls/rocev2/../udp/../axi_utils.hpp:1431]   --->   Operation 45 'partselect' 'p_Result_i_196' <Predicate = (fsmState_load)> <Delay = 0.00>
ST_2 : Operation 46 [1/1] (0.00ns)   --->   "%p_Result_2 = call i512 @_ssdm_op_BitConcatenate.i512.i64.i448(i64 0, i448 %p_Result_i_196) nounwind" [/home/embed/Desktop/xkjiang/Github_Version/EthernetSSD-System-main/RX_receiveWriteReadRequest_genACK/hls/rocev2/../udp/../axi_utils.hpp:1432]   --->   Operation 46 'bitconcatenate' 'p_Result_2' <Predicate = (fsmState_load)> <Delay = 0.00>
ST_2 : Operation 47 [1/1] (0.00ns)   --->   "%p_Result_2_i = call i56 @_ssdm_op_PartSelect.i56.i64.i32.i32(i64 %p_Val2_1, i32 8, i32 63) nounwind" [/home/embed/Desktop/xkjiang/Github_Version/EthernetSSD-System-main/RX_receiveWriteReadRequest_genACK/hls/rocev2/../udp/../axi_utils.hpp:1433]   --->   Operation 47 'partselect' 'p_Result_2_i' <Predicate = (fsmState_load)> <Delay = 0.00>
ST_2 : Operation 48 [1/1] (0.00ns)   --->   "%p_Result_3 = call i64 @_ssdm_op_BitConcatenate.i64.i8.i56(i8 0, i56 %p_Result_2_i) nounwind" [/home/embed/Desktop/xkjiang/Github_Version/EthernetSSD-System-main/RX_receiveWriteReadRequest_genACK/hls/rocev2/../udp/../axi_utils.hpp:1434]   --->   Operation 48 'bitconcatenate' 'p_Result_3' <Predicate = (fsmState_load)> <Delay = 0.00>
ST_2 : Operation 49 [1/1] (1.83ns)   --->   "call void @_ssdm_op_Write.ap_fifo.volatile.i512P.i64P.i1P(i512* @rx_udp2ibFifo_V_data, i64* @rx_udp2ibFifo_V_keep, i1* @rx_udp2ibFifo_V_last, i512 %p_Result_2, i64 %p_Result_3, i1 true) nounwind" [/home/embed/Desktop/xkjiang/Github_Version/EthernetSSD-System-main/RX_receiveWriteReadRequest_genACK/hls/rocev2/../udp/../axi_utils.hpp:1439]   --->   Operation 49 'write' <Predicate = (fsmState_load)> <Delay = 1.83> <Core = "FIFO_SRL">   --->   Core 36 'FIFO_SRL' <Latency = 0> <II = 1> <Delay = 1.83> <Storage> <Opcode : 'read' 'write' 'nbread' 'nbwrite'> <Ports = 0> <Width = 512> <Depth = 0> <FIFO>
ST_2 : Operation 50 [1/1] (0.00ns)   --->   "br label %"udp_rshiftWordByOctet<net_axis<512>, 512, 2>.exit"" [/home/embed/Desktop/xkjiang/Github_Version/EthernetSSD-System-main/RX_receiveWriteReadRequest_genACK/hls/rocev2/../udp/../axi_utils.hpp:1441]   --->   Operation 50 'br' <Predicate = (fsmState_load)> <Delay = 0.00>
ST_2 : Operation 51 [1/1] (0.00ns)   --->   "ret void"   --->   Operation 51 'ret' <Predicate = true> <Delay = 0.00>


============================================================
+ Verbose Summary: Timing violations
============================================================
Target clock period: 8ns, clock uncertainty: 1ns.

 <State 1>: 3.63ns
The critical path consists of the following:
	fifo read on port 'rx_udp2shiftFifo_V_d' (/home/embed/Desktop/xkjiang/Github_Version/EthernetSSD-System-main/RX_receiveWriteReadRequest_genACK/hls/rocev2/../udp/../axi_utils.hpp:1394) [26]  (1.84 ns)
	'icmp' operation ('val', /home/embed/Desktop/xkjiang/Github_Version/EthernetSSD-System-main/RX_receiveWriteReadRequest_genACK/hls/rocev2/../udp/../axi_utils.hpp:1409) [40]  (1.14 ns)
	multiplexor before 'phi' operation ('sendWord.last.V') with incoming values : ('val', /home/embed/Desktop/xkjiang/Github_Version/EthernetSSD-System-main/RX_receiveWriteReadRequest_genACK/hls/rocev2/../udp/../axi_utils.hpp:1409) [44]  (0.656 ns)
	'phi' operation ('sendWord.last.V') with incoming values : ('val', /home/embed/Desktop/xkjiang/Github_Version/EthernetSSD-System-main/RX_receiveWriteReadRequest_genACK/hls/rocev2/../udp/../axi_utils.hpp:1409) [44]  (0 ns)

 <State 2>: 1.84ns
The critical path consists of the following:
	'load' operation ('__Val2__', /home/embed/Desktop/xkjiang/Github_Version/EthernetSSD-System-main/RX_receiveWriteReadRequest_genACK/hls/rocev2/../udp/../axi_utils.hpp:1403) on static variable 'prevWord_data_V_14' [19]  (0 ns)
	fifo write on port 'rx_udp2ibFifo_V_data' (/home/embed/Desktop/xkjiang/Github_Version/EthernetSSD-System-main/RX_receiveWriteReadRequest_genACK/hls/rocev2/../udp/../axi_utils.hpp:1439) [66]  (1.84 ns)


============================================================
+ Verbose Summary: Binding
============================================================
N/A
* FSMD analyzer results:
  - Output states:
 - Input state : 
  - Chain level:
	State 1
	State 2


============================================================
+ Verbose Summary: Datapath Resource usage 
============================================================
N/A
